TpTrace Verbose: 0 : 16352, 1, 2024/04/23, 17:32:42.763, 3685516292947, vstest.console.dll, Version: 17.9.0-release-24072-02 Current process architecture: X64
TpTrace Verbose: 0 : 16352, 1, 2024/04/23, 17:32:42.766, 3685516330161, vstest.console.dll, Runtime location: C:\Program Files\dotnet\shared\Microsoft.NETCore.App\8.0.4
TpTrace Verbose: 0 : 16352, 1, 2024/04/23, 17:32:42.769, 3685516352279, vstest.console.dll, ArtifactProcessingPostProcessModeProcessorExecutor.Initialize: ArtifactProcessingMode.Collect
TpTrace Verbose: 0 : 16352, 1, 2024/04/23, 17:32:42.769, 3685516353395, vstest.console.dll, TestSessionCorrelationIdProcessorModeProcessorExecutor.Initialize: TestSessionCorrelationId '24880_66fb9c07-fb29-4660-984b-ff1b1ba7b2c2'
TpTrace Information: 0 : 16352, 1, 2024/04/23, 17:32:42.775, 3685516421953, vstest.console.dll, FilePatternParser: The given file C:\Users\VC\Documents\Projects\Intern100\day 10 - Unit Testing, Constructor DI\EmployeeRequestTracker\EmployeeRequestTrackerTest\bin\Debug\net8.0\fine-code-coverage\build-output\EmployeeRequestTrackerTest.dll is a full path.
TpTrace Verbose: 0 : 16352, 1, 2024/04/23, 17:32:42.779, 3685516456282, vstest.console.dll, TestPluginCache.DiscoverTestExtensions: finding test extensions in assemblies ends with: RuntimeProvider.dll TPluginInfo: Microsoft.VisualStudio.TestPlatform.Common.ExtensionFramework.Utilities.TestRuntimePluginInformation TExtension: Microsoft.VisualStudio.TestPlatform.ObjectModel.Host.ITestRuntimeProvider
TpTrace Verbose: 0 : 16352, 1, 2024/04/23, 17:32:42.779, 3685516459253, vstest.console.dll, TestPluginCache.GetExtensionPaths: Filtered extension paths: 
TpTrace Verbose: 0 : 16352, 1, 2024/04/23, 17:32:42.779, 3685516459894, vstest.console.dll, TestPluginCache.GetExtensionPaths: Added default extension paths: C:\Program Files\dotnet\sdk\8.0.204\Extensions\Microsoft.Diagnostics.NETCore.Client.dll
C:\Program Files\dotnet\sdk\8.0.204\Extensions\Microsoft.TestPlatform.Extensions.BlameDataCollector.dll
C:\Program Files\dotnet\sdk\8.0.204\Extensions\Microsoft.TestPlatform.Extensions.EventLogCollector.dll
C:\Program Files\dotnet\sdk\8.0.204\Extensions\Microsoft.TestPlatform.TestHostRuntimeProvider.dll
C:\Program Files\dotnet\sdk\8.0.204\Extensions\Microsoft.VisualStudio.TestPlatform.Extensions.Html.TestLogger.dll
C:\Program Files\dotnet\sdk\8.0.204\Extensions\Microsoft.VisualStudio.TestPlatform.Extensions.Trx.TestLogger.dll
TpTrace Verbose: 0 : 16352, 1, 2024/04/23, 17:32:42.779, 3685516460158, vstest.console.dll, TestPluginCache.GetExtensionPaths: Added unfilterableExtensionPaths: 
TpTrace Information: 0 : 16352, 1, 2024/04/23, 17:32:42.780, 3685516464567, vstest.console.dll, AssemblyResolver.ctor: Creating AssemblyResolver with searchDirectories C:\Program Files\dotnet\sdk\8.0.204\Extensions,C:\Program Files\dotnet\sdk\8.0.204
TpTrace Verbose: 0 : 16352, 1, 2024/04/23, 17:32:42.781, 3685516475679, vstest.console.dll, TestPluginCache.DiscoverTestExtensions: Discovering the extensions using extension path.
TpTrace Verbose: 0 : 16352, 1, 2024/04/23, 17:32:42.781, 3685516476793, vstest.console.dll, TestPluginCache.GetExtensionPaths: Filtered extension paths: 
TpTrace Verbose: 0 : 16352, 1, 2024/04/23, 17:32:42.781, 3685516477207, vstest.console.dll, TestPluginCache.GetExtensionPaths: Added default extension paths: C:\Program Files\dotnet\sdk\8.0.204\Extensions\Microsoft.Diagnostics.NETCore.Client.dll
C:\Program Files\dotnet\sdk\8.0.204\Extensions\Microsoft.TestPlatform.Extensions.BlameDataCollector.dll
C:\Program Files\dotnet\sdk\8.0.204\Extensions\Microsoft.TestPlatform.Extensions.EventLogCollector.dll
C:\Program Files\dotnet\sdk\8.0.204\Extensions\Microsoft.TestPlatform.TestHostRuntimeProvider.dll
C:\Program Files\dotnet\sdk\8.0.204\Extensions\Microsoft.VisualStudio.TestPlatform.Extensions.Html.TestLogger.dll
C:\Program Files\dotnet\sdk\8.0.204\Extensions\Microsoft.VisualStudio.TestPlatform.Extensions.Trx.TestLogger.dll
TpTrace Verbose: 0 : 16352, 1, 2024/04/23, 17:32:42.781, 3685516477446, vstest.console.dll, TestPluginCache.GetExtensionPaths: Added unfilterableExtensionPaths: 
TpTrace Verbose: 0 : 16352, 1, 2024/04/23, 17:32:42.781, 3685516478445, vstest.console.dll, TestPluginCache.DiscoverTestExtensions: Discovering the extensions using allExtensionPaths: C:\Program Files\dotnet\sdk\8.0.204\Extensions\Microsoft.Diagnostics.NETCore.Client.dll
C:\Program Files\dotnet\sdk\8.0.204\Extensions\Microsoft.TestPlatform.Extensions.BlameDataCollector.dll
C:\Program Files\dotnet\sdk\8.0.204\Extensions\Microsoft.TestPlatform.Extensions.EventLogCollector.dll
C:\Program Files\dotnet\sdk\8.0.204\Extensions\Microsoft.TestPlatform.TestHostRuntimeProvider.dll
C:\Program Files\dotnet\sdk\8.0.204\Extensions\Microsoft.VisualStudio.TestPlatform.Extensions.Html.TestLogger.dll
C:\Program Files\dotnet\sdk\8.0.204\Extensions\Microsoft.VisualStudio.TestPlatform.Extensions.Trx.TestLogger.dll
TpTrace Information: 0 : 16352, 1, 2024/04/23, 17:32:42.781, 3685516479254, vstest.console.dll, AssemblyResolver.AddSearchDirectories: Adding more searchDirectories C:\Program Files\dotnet\sdk\8.0.204\Extensions,C:\Program Files\dotnet\sdk\8.0.204
TpTrace Information: 0 : 16352, 1, 2024/04/23, 17:32:42.781, 3685516479675, vstest.console.dll, AssemblyResolver.AddSearchDirectories: Adding more searchDirectories C:\Program Files\dotnet\sdk\8.0.204\Extensions,C:\Program Files\dotnet\sdk\8.0.204
TpTrace Information: 0 : 16352, 1, 2024/04/23, 17:32:42.781, 3685516479917, vstest.console.dll, AssemblyResolver.AddSearchDirectories: Adding more searchDirectories C:\Program Files\dotnet\sdk\8.0.204\Extensions,C:\Program Files\dotnet\sdk\8.0.204
TpTrace Information: 0 : 16352, 1, 2024/04/23, 17:32:42.781, 3685516480141, vstest.console.dll, AssemblyResolver.AddSearchDirectories: Adding more searchDirectories C:\Program Files\dotnet\sdk\8.0.204\Extensions,C:\Program Files\dotnet\sdk\8.0.204
TpTrace Information: 0 : 16352, 1, 2024/04/23, 17:32:42.781, 3685516480396, vstest.console.dll, AssemblyResolver.AddSearchDirectories: Adding more searchDirectories C:\Program Files\dotnet\sdk\8.0.204\Extensions,C:\Program Files\dotnet\sdk\8.0.204
TpTrace Information: 0 : 16352, 1, 2024/04/23, 17:32:42.781, 3685516480619, vstest.console.dll, AssemblyResolver.AddSearchDirectories: Adding more searchDirectories C:\Program Files\dotnet\sdk\8.0.204\Extensions,C:\Program Files\dotnet\sdk\8.0.204
TpTrace Information: 0 : 16352, 1, 2024/04/23, 17:32:42.782, 3685516484377, vstest.console.dll, AssemblyResolver.OnResolve: Microsoft.Diagnostics.NETCore.Client: Resolving assembly.
TpTrace Information: 0 : 16352, 1, 2024/04/23, 17:32:42.782, 3685516485002, vstest.console.dll, AssemblyResolver.OnResolve: Microsoft.Diagnostics.NETCore.Client: Searching in: 'C:\Program Files\dotnet\sdk\8.0.204\Extensions'.
TpTrace Information: 0 : 16352, 1, 2024/04/23, 17:32:42.787, 3685516535105, vstest.console.dll, AssemblyResolver.OnResolve: Microsoft.Diagnostics.NETCore.Client: Loading assembly 'C:\Program Files\dotnet\sdk\8.0.204\Extensions\Microsoft.Diagnostics.NETCore.Client.dll'.
TpTrace Information: 0 : 16352, 1, 2024/04/23, 17:32:42.787, 3685516540977, vstest.console.dll, AssemblyResolver.OnResolve: Resolved assembly: Microsoft.Diagnostics.NETCore.Client, from path: C:\Program Files\dotnet\sdk\8.0.204\Extensions\Microsoft.Diagnostics.NETCore.Client.dll
TpTrace Verbose: 0 : 16352, 1, 2024/04/23, 17:32:42.792, 3685516588037, vstest.console.dll, MetadataReaderExtensionsHelper: Discovering extensions inside assembly 'Microsoft.Diagnostics.NETCore.Client, Version=0.2.9.2401, Culture=neutral, PublicKeyToken=31bf3856ad364e35' file path 'C:\Program Files\dotnet\sdk\8.0.204\Extensions\Microsoft.Diagnostics.NETCore.Client.dll'
TpTrace Information: 0 : 16352, 1, 2024/04/23, 17:32:42.795, 3685516618591, vstest.console.dll, AssemblyResolver.OnResolve: Microsoft.Bcl.AsyncInterfaces: Resolving assembly.
TpTrace Information: 0 : 16352, 1, 2024/04/23, 17:32:42.795, 3685516619304, vstest.console.dll, AssemblyResolver.OnResolve: Microsoft.Bcl.AsyncInterfaces: Searching in: 'C:\Program Files\dotnet\sdk\8.0.204\Extensions'.
TpTrace Information: 0 : 16352, 1, 2024/04/23, 17:32:42.795, 3685516619994, vstest.console.dll, AssemblyResolver.OnResolve: Microsoft.Bcl.AsyncInterfaces: Assembly path does not exist: 'C:\Program Files\dotnet\sdk\8.0.204\Extensions\Microsoft.Bcl.AsyncInterfaces.dll', returning.
TpTrace Information: 0 : 16352, 1, 2024/04/23, 17:32:42.795, 3685516620784, vstest.console.dll, AssemblyResolver.OnResolve: Microsoft.Bcl.AsyncInterfaces: Assembly path does not exist: 'C:\Program Files\dotnet\sdk\8.0.204\Extensions\Microsoft.Bcl.AsyncInterfaces.exe', returning.
TpTrace Information: 0 : 16352, 1, 2024/04/23, 17:32:42.795, 3685516621047, vstest.console.dll, AssemblyResolver.OnResolve: Microsoft.Bcl.AsyncInterfaces: Searching in: 'C:\Program Files\dotnet\sdk\8.0.204'.
TpTrace Information: 0 : 16352, 1, 2024/04/23, 17:32:42.795, 3685516621541, vstest.console.dll, AssemblyResolver.OnResolve: Microsoft.Bcl.AsyncInterfaces: Assembly path does not exist: 'C:\Program Files\dotnet\sdk\8.0.204\Microsoft.Bcl.AsyncInterfaces.dll', returning.
TpTrace Information: 0 : 16352, 1, 2024/04/23, 17:32:42.795, 3685516621934, vstest.console.dll, AssemblyResolver.OnResolve: Microsoft.Bcl.AsyncInterfaces: Assembly path does not exist: 'C:\Program Files\dotnet\sdk\8.0.204\Microsoft.Bcl.AsyncInterfaces.exe', returning.
TpTrace Information: 0 : 16352, 1, 2024/04/23, 17:32:42.796, 3685516622156, vstest.console.dll, AssemblyResolver.OnResolve: Microsoft.Bcl.AsyncInterfaces: Failed to load assembly.
TpTrace Verbose: 0 : 16352, 1, 2024/04/23, 17:32:42.796, 3685516622444, vstest.console.dll, CurrentDomainAssemblyResolve: Resolving assembly 'Microsoft.Bcl.AsyncInterfaces'.
TpTrace Information: 0 : 16352, 1, 2024/04/23, 17:32:42.796, 3685516622842, vstest.console.dll, AssemblyResolver.OnResolve: Microsoft.Bcl.AsyncInterfaces: Resolving assembly.
TpTrace Information: 0 : 16352, 1, 2024/04/23, 17:32:42.796, 3685516623149, vstest.console.dll, AssemblyResolver.OnResolve: Microsoft.Bcl.AsyncInterfaces: Resolved from cache.
TpTrace Verbose: 0 : 16352, 1, 2024/04/23, 17:32:42.796, 3685516623367, vstest.console.dll, CurrentDomainAssemblyResolve: Resolving assembly 'Microsoft.Bcl.AsyncInterfaces'.
TpTrace Verbose: 0 : 16352, 1, 2024/04/23, 17:32:42.796, 3685516623619, vstest.console.dll, CurrentDomainAssemblyResolve: Failed to resolve assembly 'Microsoft.Bcl.AsyncInterfaces'.
TpTrace Verbose: 0 : 16352, 1, 2024/04/23, 17:32:42.796, 3685516628483, vstest.console.dll, CurrentDomainAssemblyResolve: Failed to resolve assembly 'Microsoft.Bcl.AsyncInterfaces'.
TpTrace Warning: 0 : 16352, 1, 2024/04/23, 17:32:42.804, 3685516706059, vstest.console.dll, TestPluginDiscoverer: Failed to get types from assembly 'Microsoft.Diagnostics.NETCore.Client, Version=0.2.9.2401, Culture=neutral, PublicKeyToken=31bf3856ad364e35'. Error: System.Reflection.ReflectionTypeLoadException: Unable to load one or more of the requested types.
Could not load file or assembly 'Microsoft.Bcl.AsyncInterfaces, Version=6.0.0.0, Culture=neutral, PublicKeyToken=cc7b13ffcd2ddd51'. The system cannot find the file specified.
   at System.Reflection.RuntimeModule.GetTypes(RuntimeModule module)
   at System.Reflection.RuntimeModule.GetTypes()
   at Microsoft.VisualStudio.TestPlatform.Common.ExtensionFramework.TestPluginDiscoverer.GetTestExtensionsFromAssembly[TPluginInfo,TExtension](Assembly assembly, Dictionary`2 pluginInfos, String filePath) in /_/src/Microsoft.TestPlatform.Common/ExtensionFramework/TestPluginDiscoverer.cs:line 158
System.IO.FileNotFoundException: Could not load file or assembly 'Microsoft.Bcl.AsyncInterfaces, Version=6.0.0.0, Culture=neutral, PublicKeyToken=cc7b13ffcd2ddd51'. The system cannot find the file specified.
File name: 'Microsoft.Bcl.AsyncInterfaces, Version=6.0.0.0, Culture=neutral, PublicKeyToken=cc7b13ffcd2ddd51'
 ---> System.IO.FileNotFoundException: Could not load file or assembly 'Microsoft.Bcl.AsyncInterfaces, Culture=neutral, PublicKeyToken=null'. The system cannot find the file specified.
File name: 'Microsoft.Bcl.AsyncInterfaces, Culture=neutral, PublicKeyToken=null'
   at System.Reflection.RuntimeAssembly.InternalLoad(AssemblyName assemblyName, StackCrawlMark& stackMark, AssemblyLoadContext assemblyLoadContext, RuntimeAssembly requestingAssembly, Boolean throwOnFileNotFound)
   at System.Reflection.Assembly.Load(AssemblyName assemblyRef)
   at Microsoft.VisualStudio.TestPlatform.Common.ExtensionFramework.TestPluginCache.CurrentDomainAssemblyResolve(Object sender, AssemblyResolveEventArgs args) in /_/src/Microsoft.TestPlatform.Common/ExtensionFramework/TestPluginCache.cs:line 513
   at System.Runtime.Loader.AssemblyLoadContext.GetFirstResolvedAssemblyFromResolvingEvent(AssemblyName assemblyName)
   at System.Runtime.Loader.AssemblyLoadContext.ResolveUsingEvent(AssemblyName assemblyName)
   at System.Runtime.Loader.AssemblyLoadContext.ResolveUsingResolvingEvent(IntPtr gchManagedAssemblyLoadContext, AssemblyName assemblyName)
TpTrace Warning: 0 : 16352, 1, 2024/04/23, 17:32:42.804, 3685516709086, vstest.console.dll, LoaderExceptions: System.IO.FileNotFoundException: Could not load file or assembly 'Microsoft.Bcl.AsyncInterfaces, Version=6.0.0.0, Culture=neutral, PublicKeyToken=cc7b13ffcd2ddd51'. The system cannot find the file specified.
File name: 'Microsoft.Bcl.AsyncInterfaces, Version=6.0.0.0, Culture=neutral, PublicKeyToken=cc7b13ffcd2ddd51'
 ---> System.IO.FileNotFoundException: Could not load file or assembly 'Microsoft.Bcl.AsyncInterfaces, Culture=neutral, PublicKeyToken=null'. The system cannot find the file specified.
File name: 'Microsoft.Bcl.AsyncInterfaces, Culture=neutral, PublicKeyToken=null'
   at System.Reflection.RuntimeAssembly.InternalLoad(AssemblyName assemblyName, StackCrawlMark& stackMark, AssemblyLoadContext assemblyLoadContext, RuntimeAssembly requestingAssembly, Boolean throwOnFileNotFound)
   at System.Reflection.Assembly.Load(AssemblyName assemblyRef)
   at Microsoft.VisualStudio.TestPlatform.Common.ExtensionFramework.TestPluginCache.CurrentDomainAssemblyResolve(Object sender, AssemblyResolveEventArgs args) in /_/src/Microsoft.TestPlatform.Common/ExtensionFramework/TestPluginCache.cs:line 513
   at System.Runtime.Loader.AssemblyLoadContext.GetFirstResolvedAssemblyFromResolvingEvent(AssemblyName assemblyName)
   at System.Runtime.Loader.AssemblyLoadContext.ResolveUsingEvent(AssemblyName assemblyName)
   at System.Runtime.Loader.AssemblyLoadContext.ResolveUsingResolvingEvent(IntPtr gchManagedAssemblyLoadContext, AssemblyName assemblyName)
TpTrace Information: 0 : 16352, 1, 2024/04/23, 17:32:42.804, 3685516710391, vstest.console.dll, AssemblyResolver.OnResolve: Microsoft.TestPlatform.Extensions.BlameDataCollector: Resolving assembly.
TpTrace Information: 0 : 16352, 1, 2024/04/23, 17:32:42.804, 3685516710754, vstest.console.dll, AssemblyResolver.OnResolve: Microsoft.TestPlatform.Extensions.BlameDataCollector: Searching in: 'C:\Program Files\dotnet\sdk\8.0.204\Extensions'.
TpTrace Information: 0 : 16352, 1, 2024/04/23, 17:32:42.805, 3685516713797, vstest.console.dll, AssemblyResolver.OnResolve: Microsoft.TestPlatform.Extensions.BlameDataCollector: Loading assembly 'C:\Program Files\dotnet\sdk\8.0.204\Extensions\Microsoft.TestPlatform.Extensions.BlameDataCollector.dll'.
TpTrace Information: 0 : 16352, 1, 2024/04/23, 17:32:42.805, 3685516718963, vstest.console.dll, AssemblyResolver.OnResolve: Resolved assembly: Microsoft.TestPlatform.Extensions.BlameDataCollector, from path: C:\Program Files\dotnet\sdk\8.0.204\Extensions\Microsoft.TestPlatform.Extensions.BlameDataCollector.dll
TpTrace Verbose: 0 : 16352, 1, 2024/04/23, 17:32:42.805, 3685516719664, vstest.console.dll, MetadataReaderExtensionsHelper: Discovering extensions inside assembly 'Microsoft.TestPlatform.Extensions.BlameDataCollector, Version=15.0.0.0, Culture=neutral, PublicKeyToken=b03f5f7f11d50a3a' file path 'C:\Program Files\dotnet\sdk\8.0.204\Extensions\Microsoft.TestPlatform.Extensions.BlameDataCollector.dll'
TpTrace Information: 0 : 16352, 1, 2024/04/23, 17:32:42.806, 3685516728798, vstest.console.dll, AssemblyResolver.OnResolve: Microsoft.TestPlatform.Extensions.EventLogCollector: Resolving assembly.
TpTrace Information: 0 : 16352, 1, 2024/04/23, 17:32:42.806, 3685516729724, vstest.console.dll, AssemblyResolver.OnResolve: Microsoft.TestPlatform.Extensions.EventLogCollector: Searching in: 'C:\Program Files\dotnet\sdk\8.0.204\Extensions'.
TpTrace Information: 0 : 16352, 1, 2024/04/23, 17:32:42.806, 3685516731695, vstest.console.dll, AssemblyResolver.OnResolve: Microsoft.TestPlatform.Extensions.EventLogCollector: Loading assembly 'C:\Program Files\dotnet\sdk\8.0.204\Extensions\Microsoft.TestPlatform.Extensions.EventLogCollector.dll'.
TpTrace Information: 0 : 16352, 1, 2024/04/23, 17:32:42.807, 3685516735811, vstest.console.dll, AssemblyResolver.OnResolve: Resolved assembly: Microsoft.TestPlatform.Extensions.EventLogCollector, from path: C:\Program Files\dotnet\sdk\8.0.204\Extensions\Microsoft.TestPlatform.Extensions.EventLogCollector.dll
TpTrace Verbose: 0 : 16352, 1, 2024/04/23, 17:32:42.807, 3685516736325, vstest.console.dll, MetadataReaderExtensionsHelper: Discovering extensions inside assembly 'Microsoft.TestPlatform.Extensions.EventLogCollector, Version=15.0.0.0, Culture=neutral, PublicKeyToken=b03f5f7f11d50a3a' file path 'C:\Program Files\dotnet\sdk\8.0.204\Extensions\Microsoft.TestPlatform.Extensions.EventLogCollector.dll'
TpTrace Information: 0 : 16352, 1, 2024/04/23, 17:32:42.808, 3685516751470, vstest.console.dll, AssemblyResolver.OnResolve: Microsoft.TestPlatform.TestHostRuntimeProvider: Resolving assembly.
TpTrace Information: 0 : 16352, 1, 2024/04/23, 17:32:42.808, 3685516751985, vstest.console.dll, AssemblyResolver.OnResolve: Microsoft.TestPlatform.TestHostRuntimeProvider: Searching in: 'C:\Program Files\dotnet\sdk\8.0.204\Extensions'.
TpTrace Information: 0 : 16352, 1, 2024/04/23, 17:32:42.809, 3685516753918, vstest.console.dll, AssemblyResolver.OnResolve: Microsoft.TestPlatform.TestHostRuntimeProvider: Loading assembly 'C:\Program Files\dotnet\sdk\8.0.204\Extensions\Microsoft.TestPlatform.TestHostRuntimeProvider.dll'.
TpTrace Information: 0 : 16352, 1, 2024/04/23, 17:32:42.809, 3685516757892, vstest.console.dll, AssemblyResolver.OnResolve: Resolved assembly: Microsoft.TestPlatform.TestHostRuntimeProvider, from path: C:\Program Files\dotnet\sdk\8.0.204\Extensions\Microsoft.TestPlatform.TestHostRuntimeProvider.dll
TpTrace Verbose: 0 : 16352, 1, 2024/04/23, 17:32:42.809, 3685516758381, vstest.console.dll, MetadataReaderExtensionsHelper: Discovering extensions inside assembly 'Microsoft.TestPlatform.TestHostRuntimeProvider, Version=15.0.0.0, Culture=neutral, PublicKeyToken=b03f5f7f11d50a3a' file path 'C:\Program Files\dotnet\sdk\8.0.204\Extensions\Microsoft.TestPlatform.TestHostRuntimeProvider.dll'
TpTrace Information: 0 : 16352, 1, 2024/04/23, 17:32:42.810, 3685516767912, vstest.console.dll, GetTestExtensionFromType: Register extension with identifier data 'HostProvider://DefaultTestHost' and type 'Microsoft.VisualStudio.TestPlatform.CrossPlatEngine.Hosting.DefaultTestHostManager, Microsoft.TestPlatform.TestHostRuntimeProvider, Version=15.0.0.0, Culture=neutral, PublicKeyToken=b03f5f7f11d50a3a' inside file 'C:\Program Files\dotnet\sdk\8.0.204\Extensions\Microsoft.TestPlatform.TestHostRuntimeProvider.dll'
TpTrace Information: 0 : 16352, 1, 2024/04/23, 17:32:42.810, 3685516769754, vstest.console.dll, GetTestExtensionFromType: Register extension with identifier data 'HostProvider://DotnetTestHost' and type 'Microsoft.VisualStudio.TestPlatform.CrossPlatEngine.Hosting.DotnetTestHostManager, Microsoft.TestPlatform.TestHostRuntimeProvider, Version=15.0.0.0, Culture=neutral, PublicKeyToken=b03f5f7f11d50a3a' inside file 'C:\Program Files\dotnet\sdk\8.0.204\Extensions\Microsoft.TestPlatform.TestHostRuntimeProvider.dll'
TpTrace Information: 0 : 16352, 1, 2024/04/23, 17:32:42.810, 3685516770336, vstest.console.dll, AssemblyResolver.OnResolve: Microsoft.VisualStudio.TestPlatform.Extensions.Html.TestLogger: Resolving assembly.
TpTrace Information: 0 : 16352, 1, 2024/04/23, 17:32:42.810, 3685516770601, vstest.console.dll, AssemblyResolver.OnResolve: Microsoft.VisualStudio.TestPlatform.Extensions.Html.TestLogger: Searching in: 'C:\Program Files\dotnet\sdk\8.0.204\Extensions'.
TpTrace Information: 0 : 16352, 1, 2024/04/23, 17:32:42.811, 3685516772991, vstest.console.dll, AssemblyResolver.OnResolve: Microsoft.VisualStudio.TestPlatform.Extensions.Html.TestLogger: Loading assembly 'C:\Program Files\dotnet\sdk\8.0.204\Extensions\Microsoft.VisualStudio.TestPlatform.Extensions.Html.TestLogger.dll'.
TpTrace Information: 0 : 16352, 1, 2024/04/23, 17:32:42.811, 3685516776979, vstest.console.dll, AssemblyResolver.OnResolve: Resolved assembly: Microsoft.VisualStudio.TestPlatform.Extensions.Html.TestLogger, from path: C:\Program Files\dotnet\sdk\8.0.204\Extensions\Microsoft.VisualStudio.TestPlatform.Extensions.Html.TestLogger.dll
TpTrace Verbose: 0 : 16352, 1, 2024/04/23, 17:32:42.811, 3685516777492, vstest.console.dll, MetadataReaderExtensionsHelper: Discovering extensions inside assembly 'Microsoft.VisualStudio.TestPlatform.Extensions.Html.TestLogger, Version=15.0.0.0, Culture=neutral, PublicKeyToken=b03f5f7f11d50a3a' file path 'C:\Program Files\dotnet\sdk\8.0.204\Extensions\Microsoft.VisualStudio.TestPlatform.Extensions.Html.TestLogger.dll'
TpTrace Information: 0 : 16352, 1, 2024/04/23, 17:32:42.811, 3685516782038, vstest.console.dll, AssemblyResolver.OnResolve: Microsoft.VisualStudio.TestPlatform.Extensions.Trx.TestLogger: Resolving assembly.
TpTrace Information: 0 : 16352, 1, 2024/04/23, 17:32:42.812, 3685516782497, vstest.console.dll, AssemblyResolver.OnResolve: Microsoft.VisualStudio.TestPlatform.Extensions.Trx.TestLogger: Searching in: 'C:\Program Files\dotnet\sdk\8.0.204\Extensions'.
TpTrace Information: 0 : 16352, 1, 2024/04/23, 17:32:42.812, 3685516784358, vstest.console.dll, AssemblyResolver.OnResolve: Microsoft.VisualStudio.TestPlatform.Extensions.Trx.TestLogger: Loading assembly 'C:\Program Files\dotnet\sdk\8.0.204\Extensions\Microsoft.VisualStudio.TestPlatform.Extensions.Trx.TestLogger.dll'.
TpTrace Information: 0 : 16352, 1, 2024/04/23, 17:32:42.812, 3685516788765, vstest.console.dll, AssemblyResolver.OnResolve: Resolved assembly: Microsoft.VisualStudio.TestPlatform.Extensions.Trx.TestLogger, from path: C:\Program Files\dotnet\sdk\8.0.204\Extensions\Microsoft.VisualStudio.TestPlatform.Extensions.Trx.TestLogger.dll
TpTrace Verbose: 0 : 16352, 1, 2024/04/23, 17:32:42.812, 3685516789248, vstest.console.dll, MetadataReaderExtensionsHelper: Discovering extensions inside assembly 'Microsoft.VisualStudio.TestPlatform.Extensions.Trx.TestLogger, Version=15.0.0.0, Culture=neutral, PublicKeyToken=b03f5f7f11d50a3a' file path 'C:\Program Files\dotnet\sdk\8.0.204\Extensions\Microsoft.VisualStudio.TestPlatform.Extensions.Trx.TestLogger.dll'
TpTrace Verbose: 0 : 16352, 1, 2024/04/23, 17:32:42.813, 3685516796257, vstest.console.dll, TestPluginCache: Discovered the extensions using extension path ''.
TpTrace Verbose: 0 : 16352, 1, 2024/04/23, 17:32:42.813, 3685516796864, vstest.console.dll, TestPluginCache: Discoverers are ''.
TpTrace Verbose: 0 : 16352, 1, 2024/04/23, 17:32:42.813, 3685516797114, vstest.console.dll, TestPluginCache: Executors are ''.
TpTrace Verbose: 0 : 16352, 1, 2024/04/23, 17:32:42.813, 3685516797337, vstest.console.dll, TestPluginCache: Executors2 are ''.
TpTrace Verbose: 0 : 16352, 1, 2024/04/23, 17:32:42.813, 3685516797558, vstest.console.dll, TestPluginCache: Setting providers are ''.
TpTrace Verbose: 0 : 16352, 1, 2024/04/23, 17:32:42.813, 3685516797777, vstest.console.dll, TestPluginCache: Loggers are ''.
TpTrace Verbose: 0 : 16352, 1, 2024/04/23, 17:32:42.813, 3685516798369, vstest.console.dll, TestPluginCache: TestHosts are 'HostProvider://DefaultTestHost,HostProvider://DotnetTestHost'.
TpTrace Verbose: 0 : 16352, 1, 2024/04/23, 17:32:42.813, 3685516798641, vstest.console.dll, TestPluginCache: DataCollectors are ''.
TpTrace Information: 0 : 16352, 1, 2024/04/23, 17:32:42.823, 3685516892412, vstest.console.dll, RunTestsArgumentProcessor:Execute: Test run is starting.
TpTrace Verbose: 0 : 16352, 1, 2024/04/23, 17:32:42.823, 3685516893426, vstest.console.dll, RunTestsArgumentProcessor:Execute: Queuing Test run.
TpTrace Information: 0 : 16352, 1, 2024/04/23, 17:32:42.823, 3685516895342, vstest.console.dll, TestRequestManager.RunTests: run tests started.
TpTrace Information: 0 : 16352, 1, 2024/04/23, 17:32:42.824, 3685516906108, vstest.console.dll, AssemblyMetadataProvider.GetFrameworkName: Determined framework:'.NETCoreApp,Version=v8.0' for source: 'C:\Users\VC\Documents\Projects\Intern100\day 10 - Unit Testing, Constructor DI\EmployeeRequestTracker\EmployeeRequestTrackerTest\bin\Debug\net8.0\fine-code-coverage\build-output\EmployeeRequestTrackerTest.dll'
TpTrace Information: 0 : 16352, 1, 2024/04/23, 17:32:42.824, 3685516907746, vstest.console.dll, Determined framework for all sources: .NETCoreApp,Version=v8.0
TpTrace Verbose: 0 : 16352, 1, 2024/04/23, 17:32:42.824, 3685516910468, vstest.console.dll, TestRequestManager.UpdateRunSettingsIfRequired: Default architecture: X64 IsDefaultTargetArchitecture: True, Current process architecture: X64 OperatingSystem: Windows.
TpTrace Information: 0 : 16352, 1, 2024/04/23, 17:32:42.826, 3685516922502, vstest.console.dll, AssemblyMetadataProvider.GetArchitecture: Determined architecture:AnyCPU info for assembly: C:\Users\VC\Documents\Projects\Intern100\day 10 - Unit Testing, Constructor DI\EmployeeRequestTracker\EmployeeRequestTrackerTest\bin\Debug\net8.0\fine-code-coverage\build-output\EmployeeRequestTrackerTest.dll
TpTrace Information: 0 : 16352, 1, 2024/04/23, 17:32:42.826, 3685516922990, vstest.console.dll, Determined platform for source 'C:\Users\VC\Documents\Projects\Intern100\day 10 - Unit Testing, Constructor DI\EmployeeRequestTracker\EmployeeRequestTrackerTest\bin\Debug\net8.0\fine-code-coverage\build-output\EmployeeRequestTrackerTest.dll' was AnyCPU and it will use the default plaform X64.
TpTrace Information: 0 : 16352, 1, 2024/04/23, 17:32:42.826, 3685516923217, vstest.console.dll, None of the sources provided any runnable platform, using the default platform: X64
TpTrace Information: 0 : 16352, 1, 2024/04/23, 17:32:42.826, 3685516923927, vstest.console.dll, Platform was updated to 'X64'.
TpTrace Information: 0 : 16352, 1, 2024/04/23, 17:32:42.828, 3685516946179, vstest.console.dll, InferRunSettingsHelper.IsTestSettingsEnabled: Unable to navigate to RunSettings/MSTest. Current node: RunSettings
TpTrace Information: 0 : 16352, 1, 2024/04/23, 17:32:42.828, 3685516950566, vstest.console.dll, AssemblyResolver.OnResolve: Microsoft.VisualStudio.TestPlatform.Fakes: Resolving assembly.
TpTrace Information: 0 : 16352, 1, 2024/04/23, 17:32:42.828, 3685516951090, vstest.console.dll, AssemblyResolver.OnResolve: Microsoft.VisualStudio.TestPlatform.Fakes: Searching in: 'C:\Program Files\dotnet\sdk\8.0.204\Extensions'.
TpTrace Information: 0 : 16352, 1, 2024/04/23, 17:32:42.828, 3685516951920, vstest.console.dll, AssemblyResolver.OnResolve: Microsoft.VisualStudio.TestPlatform.Fakes: Assembly path does not exist: 'C:\Program Files\dotnet\sdk\8.0.204\Extensions\Microsoft.VisualStudio.TestPlatform.Fakes.dll', returning.
TpTrace Information: 0 : 16352, 1, 2024/04/23, 17:32:42.829, 3685516952408, vstest.console.dll, AssemblyResolver.OnResolve: Microsoft.VisualStudio.TestPlatform.Fakes: Assembly path does not exist: 'C:\Program Files\dotnet\sdk\8.0.204\Extensions\Microsoft.VisualStudio.TestPlatform.Fakes.exe', returning.
TpTrace Information: 0 : 16352, 1, 2024/04/23, 17:32:42.829, 3685516952637, vstest.console.dll, AssemblyResolver.OnResolve: Microsoft.VisualStudio.TestPlatform.Fakes: Searching in: 'C:\Program Files\dotnet\sdk\8.0.204'.
TpTrace Information: 0 : 16352, 1, 2024/04/23, 17:32:42.829, 3685516953101, vstest.console.dll, AssemblyResolver.OnResolve: Microsoft.VisualStudio.TestPlatform.Fakes: Assembly path does not exist: 'C:\Program Files\dotnet\sdk\8.0.204\Microsoft.VisualStudio.TestPlatform.Fakes.dll', returning.
TpTrace Information: 0 : 16352, 1, 2024/04/23, 17:32:42.829, 3685516953530, vstest.console.dll, AssemblyResolver.OnResolve: Microsoft.VisualStudio.TestPlatform.Fakes: Assembly path does not exist: 'C:\Program Files\dotnet\sdk\8.0.204\Microsoft.VisualStudio.TestPlatform.Fakes.exe', returning.
TpTrace Information: 0 : 16352, 1, 2024/04/23, 17:32:42.829, 3685516953837, vstest.console.dll, AssemblyResolver.OnResolve: Microsoft.VisualStudio.TestPlatform.Fakes: Failed to load assembly.
TpTrace Information: 0 : 16352, 1, 2024/04/23, 17:32:42.829, 3685516955861, vstest.console.dll, Failed to load assembly Microsoft.VisualStudio.TestPlatform.Fakes, Version=17.0.0.0, Culture=neutral. Reason:System.IO.FileNotFoundException: Could not load file or assembly 'Microsoft.VisualStudio.TestPlatform.Fakes, Version=17.0.0.0, Culture=neutral, PublicKeyToken=null'. The system cannot find the file specified.
File name: 'Microsoft.VisualStudio.TestPlatform.Fakes, Version=17.0.0.0, Culture=neutral, PublicKeyToken=null'
   at System.Reflection.RuntimeAssembly.InternalLoad(AssemblyName assemblyName, StackCrawlMark& stackMark, AssemblyLoadContext assemblyLoadContext, RuntimeAssembly requestingAssembly, Boolean throwOnFileNotFound)
   at System.Reflection.Assembly.Load(AssemblyName assemblyRef)
   at Microsoft.VisualStudio.TestPlatform.Common.Utilities.FakesUtilities.LoadTestPlatformAssembly() in /_/src/Microsoft.TestPlatform.Common/Utilities/FakesUtilities.cs:line 272
TpTrace Verbose: 0 : 16352, 1, 2024/04/23, 17:32:42.831, 3685516981897, vstest.console.dll, TestPluginCache.DiscoverTestExtensions: finding test extensions in assemblies ends with: TestLogger.dll TPluginInfo: Microsoft.VisualStudio.TestPlatform.Common.ExtensionFramework.Utilities.TestLoggerPluginInformation TExtension: Microsoft.VisualStudio.TestPlatform.ObjectModel.Client.ITestLogger
TpTrace Verbose: 0 : 16352, 1, 2024/04/23, 17:32:42.832, 3685516982922, vstest.console.dll, TestPluginCache.GetExtensionPaths: Filtered extension paths: 
TpTrace Verbose: 0 : 16352, 1, 2024/04/23, 17:32:42.832, 3685516983218, vstest.console.dll, TestPluginCache.GetExtensionPaths: Added default extension paths: C:\Program Files\dotnet\sdk\8.0.204\Extensions\Microsoft.Diagnostics.NETCore.Client.dll
C:\Program Files\dotnet\sdk\8.0.204\Extensions\Microsoft.TestPlatform.Extensions.BlameDataCollector.dll
C:\Program Files\dotnet\sdk\8.0.204\Extensions\Microsoft.TestPlatform.Extensions.EventLogCollector.dll
C:\Program Files\dotnet\sdk\8.0.204\Extensions\Microsoft.TestPlatform.TestHostRuntimeProvider.dll
C:\Program Files\dotnet\sdk\8.0.204\Extensions\Microsoft.VisualStudio.TestPlatform.Extensions.Html.TestLogger.dll
C:\Program Files\dotnet\sdk\8.0.204\Extensions\Microsoft.VisualStudio.TestPlatform.Extensions.Trx.TestLogger.dll
TpTrace Verbose: 0 : 16352, 1, 2024/04/23, 17:32:42.832, 3685516983483, vstest.console.dll, TestPluginCache.GetExtensionPaths: Added unfilterableExtensionPaths: 
TpTrace Information: 0 : 16352, 1, 2024/04/23, 17:32:42.832, 3685516984700, vstest.console.dll, AssemblyResolver.AddSearchDirectories: Adding more searchDirectories C:\Program Files\dotnet\sdk\8.0.204\Extensions,C:\Program Files\dotnet\sdk\8.0.204
TpTrace Verbose: 0 : 16352, 1, 2024/04/23, 17:32:42.832, 3685516985076, vstest.console.dll, TestPluginCache.DiscoverTestExtensions: Discovering the extensions using extension path.
TpTrace Verbose: 0 : 16352, 1, 2024/04/23, 17:32:42.832, 3685516985367, vstest.console.dll, TestPluginCache.GetExtensionPaths: Filtered extension paths: 
TpTrace Verbose: 0 : 16352, 1, 2024/04/23, 17:32:42.832, 3685516985659, vstest.console.dll, TestPluginCache.GetExtensionPaths: Added default extension paths: C:\Program Files\dotnet\sdk\8.0.204\Extensions\Microsoft.Diagnostics.NETCore.Client.dll
C:\Program Files\dotnet\sdk\8.0.204\Extensions\Microsoft.TestPlatform.Extensions.BlameDataCollector.dll
C:\Program Files\dotnet\sdk\8.0.204\Extensions\Microsoft.TestPlatform.Extensions.EventLogCollector.dll
C:\Program Files\dotnet\sdk\8.0.204\Extensions\Microsoft.TestPlatform.TestHostRuntimeProvider.dll
C:\Program Files\dotnet\sdk\8.0.204\Extensions\Microsoft.VisualStudio.TestPlatform.Extensions.Html.TestLogger.dll
C:\Program Files\dotnet\sdk\8.0.204\Extensions\Microsoft.VisualStudio.TestPlatform.Extensions.Trx.TestLogger.dll
TpTrace Verbose: 0 : 16352, 1, 2024/04/23, 17:32:42.832, 3685516985964, vstest.console.dll, TestPluginCache.GetExtensionPaths: Added unfilterableExtensionPaths: 
TpTrace Verbose: 0 : 16352, 1, 2024/04/23, 17:32:42.832, 3685516986280, vstest.console.dll, TestPluginCache.DiscoverTestExtensions: Discovering the extensions using allExtensionPaths: C:\Program Files\dotnet\sdk\8.0.204\Extensions\Microsoft.Diagnostics.NETCore.Client.dll
C:\Program Files\dotnet\sdk\8.0.204\Extensions\Microsoft.TestPlatform.Extensions.BlameDataCollector.dll
C:\Program Files\dotnet\sdk\8.0.204\Extensions\Microsoft.TestPlatform.Extensions.EventLogCollector.dll
C:\Program Files\dotnet\sdk\8.0.204\Extensions\Microsoft.TestPlatform.TestHostRuntimeProvider.dll
C:\Program Files\dotnet\sdk\8.0.204\Extensions\Microsoft.VisualStudio.TestPlatform.Extensions.Html.TestLogger.dll
C:\Program Files\dotnet\sdk\8.0.204\Extensions\Microsoft.VisualStudio.TestPlatform.Extensions.Trx.TestLogger.dll
TpTrace Information: 0 : 16352, 1, 2024/04/23, 17:32:42.832, 3685516986646, vstest.console.dll, AssemblyResolver.AddSearchDirectories: Adding more searchDirectories C:\Program Files\dotnet\sdk\8.0.204\Extensions,C:\Program Files\dotnet\sdk\8.0.204
TpTrace Information: 0 : 16352, 1, 2024/04/23, 17:32:42.832, 3685516986956, vstest.console.dll, AssemblyResolver.AddSearchDirectories: Adding more searchDirectories C:\Program Files\dotnet\sdk\8.0.204\Extensions,C:\Program Files\dotnet\sdk\8.0.204
TpTrace Information: 0 : 16352, 1, 2024/04/23, 17:32:42.832, 3685516987212, vstest.console.dll, AssemblyResolver.AddSearchDirectories: Adding more searchDirectories C:\Program Files\dotnet\sdk\8.0.204\Extensions,C:\Program Files\dotnet\sdk\8.0.204
TpTrace Information: 0 : 16352, 1, 2024/04/23, 17:32:42.832, 3685516987465, vstest.console.dll, AssemblyResolver.AddSearchDirectories: Adding more searchDirectories C:\Program Files\dotnet\sdk\8.0.204\Extensions,C:\Program Files\dotnet\sdk\8.0.204
TpTrace Information: 0 : 16352, 1, 2024/04/23, 17:32:42.832, 3685516987719, vstest.console.dll, AssemblyResolver.AddSearchDirectories: Adding more searchDirectories C:\Program Files\dotnet\sdk\8.0.204\Extensions,C:\Program Files\dotnet\sdk\8.0.204
TpTrace Information: 0 : 16352, 1, 2024/04/23, 17:32:42.832, 3685516988013, vstest.console.dll, AssemblyResolver.AddSearchDirectories: Adding more searchDirectories C:\Program Files\dotnet\sdk\8.0.204\Extensions,C:\Program Files\dotnet\sdk\8.0.204
TpTrace Verbose: 0 : 16352, 1, 2024/04/23, 17:32:42.832, 3685516988817, vstest.console.dll, MetadataReaderExtensionsHelper: Discovering extensions inside assembly 'Microsoft.Diagnostics.NETCore.Client, Version=0.2.9.2401, Culture=neutral, PublicKeyToken=31bf3856ad364e35' file path 'C:\Program Files\dotnet\sdk\8.0.204\Extensions\Microsoft.Diagnostics.NETCore.Client.dll'
TpTrace Information: 0 : 16352, 1, 2024/04/23, 17:32:42.833, 3685516994484, vstest.console.dll, AssemblyResolver.OnResolve: Microsoft.Bcl.AsyncInterfaces: Resolving assembly.
TpTrace Information: 0 : 16352, 1, 2024/04/23, 17:32:42.833, 3685516995034, vstest.console.dll, AssemblyResolver.OnResolve: Microsoft.Bcl.AsyncInterfaces: Resolved from cache.
TpTrace Verbose: 0 : 16352, 1, 2024/04/23, 17:32:42.833, 3685516995269, vstest.console.dll, CurrentDomainAssemblyResolve: Resolving assembly 'Microsoft.Bcl.AsyncInterfaces'.
TpTrace Information: 0 : 16352, 1, 2024/04/23, 17:32:42.833, 3685516995784, vstest.console.dll, AssemblyResolver.OnResolve: Microsoft.Bcl.AsyncInterfaces: Resolving assembly.
TpTrace Information: 0 : 16352, 1, 2024/04/23, 17:32:42.833, 3685516996008, vstest.console.dll, AssemblyResolver.OnResolve: Microsoft.Bcl.AsyncInterfaces: Resolved from cache.
TpTrace Verbose: 0 : 16352, 1, 2024/04/23, 17:32:42.833, 3685516996215, vstest.console.dll, CurrentDomainAssemblyResolve: Resolving assembly 'Microsoft.Bcl.AsyncInterfaces'.
TpTrace Verbose: 0 : 16352, 1, 2024/04/23, 17:32:42.833, 3685516996421, vstest.console.dll, CurrentDomainAssemblyResolve: Failed to resolve assembly 'Microsoft.Bcl.AsyncInterfaces'.
TpTrace Verbose: 0 : 16352, 1, 2024/04/23, 17:32:42.833, 3685516997643, vstest.console.dll, CurrentDomainAssemblyResolve: Failed to resolve assembly 'Microsoft.Bcl.AsyncInterfaces'.
TpTrace Warning: 0 : 16352, 1, 2024/04/23, 17:32:42.833, 3685517000172, vstest.console.dll, TestPluginDiscoverer: Failed to get types from assembly 'Microsoft.Diagnostics.NETCore.Client, Version=0.2.9.2401, Culture=neutral, PublicKeyToken=31bf3856ad364e35'. Error: System.Reflection.ReflectionTypeLoadException: Unable to load one or more of the requested types.
Could not load file or assembly 'Microsoft.Bcl.AsyncInterfaces, Version=6.0.0.0, Culture=neutral, PublicKeyToken=cc7b13ffcd2ddd51'. The system cannot find the file specified.
   at System.Reflection.RuntimeModule.GetTypes(RuntimeModule module)
   at System.Reflection.RuntimeModule.GetTypes()
   at Microsoft.VisualStudio.TestPlatform.Common.ExtensionFramework.TestPluginDiscoverer.GetTestExtensionsFromAssembly[TPluginInfo,TExtension](Assembly assembly, Dictionary`2 pluginInfos, String filePath) in /_/src/Microsoft.TestPlatform.Common/ExtensionFramework/TestPluginDiscoverer.cs:line 158
System.IO.FileNotFoundException: Could not load file or assembly 'Microsoft.Bcl.AsyncInterfaces, Version=6.0.0.0, Culture=neutral, PublicKeyToken=cc7b13ffcd2ddd51'. The system cannot find the file specified.
File name: 'Microsoft.Bcl.AsyncInterfaces, Version=6.0.0.0, Culture=neutral, PublicKeyToken=cc7b13ffcd2ddd51'
 ---> System.IO.FileNotFoundException: Could not load file or assembly 'Microsoft.Bcl.AsyncInterfaces, Culture=neutral, PublicKeyToken=null'. The system cannot find the file specified.
File name: 'Microsoft.Bcl.AsyncInterfaces, Culture=neutral, PublicKeyToken=null'
   at System.Reflection.RuntimeAssembly.InternalLoad(AssemblyName assemblyName, StackCrawlMark& stackMark, AssemblyLoadContext assemblyLoadContext, RuntimeAssembly requestingAssembly, Boolean throwOnFileNotFound)
   at System.Reflection.Assembly.Load(AssemblyName assemblyRef)
   at Microsoft.VisualStudio.TestPlatform.Common.ExtensionFramework.TestPluginCache.CurrentDomainAssemblyResolve(Object sender, AssemblyResolveEventArgs args) in /_/src/Microsoft.TestPlatform.Common/ExtensionFramework/TestPluginCache.cs:line 513
   at System.Runtime.Loader.AssemblyLoadContext.GetFirstResolvedAssemblyFromResolvingEvent(AssemblyName assemblyName)
   at System.Runtime.Loader.AssemblyLoadContext.ResolveUsingEvent(AssemblyName assemblyName)
   at System.Runtime.Loader.AssemblyLoadContext.ResolveUsingResolvingEvent(IntPtr gchManagedAssemblyLoadContext, AssemblyName assemblyName)
TpTrace Warning: 0 : 16352, 1, 2024/04/23, 17:32:42.834, 3685517002487, vstest.console.dll, LoaderExceptions: System.IO.FileNotFoundException: Could not load file or assembly 'Microsoft.Bcl.AsyncInterfaces, Version=6.0.0.0, Culture=neutral, PublicKeyToken=cc7b13ffcd2ddd51'. The system cannot find the file specified.
File name: 'Microsoft.Bcl.AsyncInterfaces, Version=6.0.0.0, Culture=neutral, PublicKeyToken=cc7b13ffcd2ddd51'
 ---> System.IO.FileNotFoundException: Could not load file or assembly 'Microsoft.Bcl.AsyncInterfaces, Culture=neutral, PublicKeyToken=null'. The system cannot find the file specified.
File name: 'Microsoft.Bcl.AsyncInterfaces, Culture=neutral, PublicKeyToken=null'
   at System.Reflection.RuntimeAssembly.InternalLoad(AssemblyName assemblyName, StackCrawlMark& stackMark, AssemblyLoadContext assemblyLoadContext, RuntimeAssembly requestingAssembly, Boolean throwOnFileNotFound)
   at System.Reflection.Assembly.Load(AssemblyName assemblyRef)
   at Microsoft.VisualStudio.TestPlatform.Common.ExtensionFramework.TestPluginCache.CurrentDomainAssemblyResolve(Object sender, AssemblyResolveEventArgs args) in /_/src/Microsoft.TestPlatform.Common/ExtensionFramework/TestPluginCache.cs:line 513
   at System.Runtime.Loader.AssemblyLoadContext.GetFirstResolvedAssemblyFromResolvingEvent(AssemblyName assemblyName)
   at System.Runtime.Loader.AssemblyLoadContext.ResolveUsingEvent(AssemblyName assemblyName)
   at System.Runtime.Loader.AssemblyLoadContext.ResolveUsingResolvingEvent(IntPtr gchManagedAssemblyLoadContext, AssemblyName assemblyName)
TpTrace Verbose: 0 : 16352, 1, 2024/04/23, 17:32:42.834, 3685517003693, vstest.console.dll, MetadataReaderExtensionsHelper: Discovering extensions inside assembly 'Microsoft.TestPlatform.Extensions.BlameDataCollector, Version=15.0.0.0, Culture=neutral, PublicKeyToken=b03f5f7f11d50a3a' file path 'C:\Program Files\dotnet\sdk\8.0.204\Extensions\Microsoft.TestPlatform.Extensions.BlameDataCollector.dll'
TpTrace Information: 0 : 16352, 1, 2024/04/23, 17:32:42.834, 3685517009210, vstest.console.dll, GetTestExtensionFromType: Register extension with identifier data 'logger://Microsoft/TestPlatform/Extensions/Blame/v1' and type 'Microsoft.TestPlatform.Extensions.BlameDataCollector.BlameLogger, Microsoft.TestPlatform.Extensions.BlameDataCollector, Version=15.0.0.0, Culture=neutral, PublicKeyToken=b03f5f7f11d50a3a' inside file 'C:\Program Files\dotnet\sdk\8.0.204\Extensions\Microsoft.TestPlatform.Extensions.BlameDataCollector.dll'
TpTrace Verbose: 0 : 16352, 1, 2024/04/23, 17:32:42.834, 3685517010194, vstest.console.dll, MetadataReaderExtensionsHelper: Discovering extensions inside assembly 'Microsoft.TestPlatform.Extensions.EventLogCollector, Version=15.0.0.0, Culture=neutral, PublicKeyToken=b03f5f7f11d50a3a' file path 'C:\Program Files\dotnet\sdk\8.0.204\Extensions\Microsoft.TestPlatform.Extensions.EventLogCollector.dll'
TpTrace Verbose: 0 : 16352, 1, 2024/04/23, 17:32:42.835, 3685517013202, vstest.console.dll, MetadataReaderExtensionsHelper: Discovering extensions inside assembly 'Microsoft.TestPlatform.TestHostRuntimeProvider, Version=15.0.0.0, Culture=neutral, PublicKeyToken=b03f5f7f11d50a3a' file path 'C:\Program Files\dotnet\sdk\8.0.204\Extensions\Microsoft.TestPlatform.TestHostRuntimeProvider.dll'
TpTrace Verbose: 0 : 16352, 1, 2024/04/23, 17:32:42.835, 3685517016630, vstest.console.dll, MetadataReaderExtensionsHelper: Discovering extensions inside assembly 'Microsoft.VisualStudio.TestPlatform.Extensions.Html.TestLogger, Version=15.0.0.0, Culture=neutral, PublicKeyToken=b03f5f7f11d50a3a' file path 'C:\Program Files\dotnet\sdk\8.0.204\Extensions\Microsoft.VisualStudio.TestPlatform.Extensions.Html.TestLogger.dll'
TpTrace Information: 0 : 16352, 1, 2024/04/23, 17:32:42.835, 3685517020965, vstest.console.dll, GetTestExtensionFromType: Register extension with identifier data 'logger://Microsoft/TestPlatform/HtmlLogger/v1' and type 'Microsoft.VisualStudio.TestPlatform.Extensions.HtmlLogger.HtmlLogger, Microsoft.VisualStudio.TestPlatform.Extensions.Html.TestLogger, Version=15.0.0.0, Culture=neutral, PublicKeyToken=b03f5f7f11d50a3a' inside file 'C:\Program Files\dotnet\sdk\8.0.204\Extensions\Microsoft.VisualStudio.TestPlatform.Extensions.Html.TestLogger.dll'
TpTrace Verbose: 0 : 16352, 1, 2024/04/23, 17:32:42.835, 3685517021535, vstest.console.dll, MetadataReaderExtensionsHelper: Discovering extensions inside assembly 'Microsoft.VisualStudio.TestPlatform.Extensions.Trx.TestLogger, Version=15.0.0.0, Culture=neutral, PublicKeyToken=b03f5f7f11d50a3a' file path 'C:\Program Files\dotnet\sdk\8.0.204\Extensions\Microsoft.VisualStudio.TestPlatform.Extensions.Trx.TestLogger.dll'
TpTrace Information: 0 : 16352, 1, 2024/04/23, 17:32:42.836, 3685517024228, vstest.console.dll, GetTestExtensionFromType: Register extension with identifier data 'logger://Microsoft/TestPlatform/TrxLogger/v1' and type 'Microsoft.VisualStudio.TestPlatform.Extensions.TrxLogger.TrxLogger, Microsoft.VisualStudio.TestPlatform.Extensions.Trx.TestLogger, Version=15.0.0.0, Culture=neutral, PublicKeyToken=b03f5f7f11d50a3a' inside file 'C:\Program Files\dotnet\sdk\8.0.204\Extensions\Microsoft.VisualStudio.TestPlatform.Extensions.Trx.TestLogger.dll'
TpTrace Verbose: 0 : 16352, 1, 2024/04/23, 17:32:42.836, 3685517024777, vstest.console.dll, TestPluginCache: Discovered the extensions using extension path ''.
TpTrace Verbose: 0 : 16352, 1, 2024/04/23, 17:32:42.836, 3685517025069, vstest.console.dll, TestPluginCache: Discoverers are ''.
TpTrace Verbose: 0 : 16352, 1, 2024/04/23, 17:32:42.836, 3685517025291, vstest.console.dll, TestPluginCache: Executors are ''.
TpTrace Verbose: 0 : 16352, 1, 2024/04/23, 17:32:42.836, 3685517025533, vstest.console.dll, TestPluginCache: Executors2 are ''.
TpTrace Verbose: 0 : 16352, 1, 2024/04/23, 17:32:42.836, 3685517025758, vstest.console.dll, TestPluginCache: Setting providers are ''.
TpTrace Verbose: 0 : 16352, 1, 2024/04/23, 17:32:42.836, 3685517026283, vstest.console.dll, TestPluginCache: Loggers are 'logger://Microsoft/TestPlatform/Extensions/Blame/v1,logger://Microsoft/TestPlatform/HtmlLogger/v1,logger://Microsoft/TestPlatform/TrxLogger/v1'.
TpTrace Verbose: 0 : 16352, 1, 2024/04/23, 17:32:42.836, 3685517026551, vstest.console.dll, TestPluginCache: TestHosts are 'HostProvider://DefaultTestHost,HostProvider://DotnetTestHost'.
TpTrace Verbose: 0 : 16352, 1, 2024/04/23, 17:32:42.836, 3685517026805, vstest.console.dll, TestPluginCache: DataCollectors are ''.
TpTrace Information: 0 : 16352, 1, 2024/04/23, 17:32:42.837, 3685517032842, vstest.console.dll, TestPluginManager.CreateTestExtension: Attempting to load test extension: Microsoft.TestPlatform.Extensions.BlameDataCollector.BlameLogger
TpTrace Verbose: 0 : 16352, 1, 2024/04/23, 17:32:42.842, 3685517083703, vstest.console.dll, TestEngine: Initializing Parallel Execution as MaxCpuCount is set to: 1
TpTrace Information: 0 : 16352, 1, 2024/04/23, 17:32:42.843, 3685517093857, vstest.console.dll, TestPluginManager.CreateTestExtension: Attempting to load test extension: Microsoft.VisualStudio.TestPlatform.CrossPlatEngine.Hosting.DefaultTestHostManager
TpTrace Information: 0 : 16352, 1, 2024/04/23, 17:32:42.843, 3685517100826, vstest.console.dll, TestPluginManager.CreateTestExtension: Attempting to load test extension: Microsoft.VisualStudio.TestPlatform.CrossPlatEngine.Hosting.DotnetTestHostManager
TpTrace Information: 0 : 16352, 1, 2024/04/23, 17:32:42.844, 3685517105146, vstest.console.dll, InferRunSettingsHelper.IsTestSettingsEnabled: Unable to navigate to RunSettings/MSTest. Current node: RunSettings
TpTrace Verbose: 0 : 16352, 1, 2024/04/23, 17:32:42.845, 3685517112422, vstest.console.dll, ParallelOperationManager.ClearSlots: Clearing all slots. Slots should accept more work: True
TpTrace Verbose: 0 : 16352, 1, 2024/04/23, 17:32:42.845, 3685517116563, vstest.console.dll, ParallelOperationManager.SetOccupiedSlotCount: Setting slot counts AvailableSlotCount = 1, OccupiedSlotCount = 0.
TpTrace Verbose: 0 : 16352, 1, 2024/04/23, 17:32:42.845, 3685517118625, vstest.console.dll, Occupied slots:

TpTrace Verbose: 0 : 16352, 1, 2024/04/23, 17:32:42.848, 3685517142347, vstest.console.dll, TestEngine.GetExecutionManager: Chosen execution manager 'Microsoft.VisualStudio.TestPlatform.CrossPlatEngine.Client.Parallel.ParallelProxyExecutionManager, Microsoft.TestPlatform.CrossPlatEngine, Version=15.0.0.0, Culture=neutral, PublicKeyToken=b03f5f7f11d50a3a' ParallelLevel '1'.
TpTrace Verbose: 0 : 16352, 1, 2024/04/23, 17:32:42.848, 3685517143467, vstest.console.dll, TestRunRequest.ExecuteAsync: Creating test run request.
TpTrace Verbose: 0 : 16352, 1, 2024/04/23, 17:32:42.848, 3685517145019, vstest.console.dll, TestRunRequest.ExecuteAsync: Starting.
TpTrace Information: 0 : 16352, 1, 2024/04/23, 17:32:42.849, 3685517153077, vstest.console.dll, TestRunRequest.ExecuteAsync: Starting run with settings:TestRunCriteria:
   KeepAlive=False,FrequencyOfRunStatsChangeEvent=10,RunStatsChangeEventTimeout=00:00:01.5000000,TestCaseFilter=,TestExecutorLauncher=
   Settingsxml=<RunSettings>
  <RunConfiguration>
    <ResultsDirectory>C:\Users\VC\Documents\Projects\Intern100\day 10 - Unit Testing, Constructor DI\EmployeeRequestTracker\EmployeeRequestTrackerTest\bin\Debug\net8.0\fine-code-coverage\coverage-tool-output</ResultsDirectory>
    <TargetPlatform>X64</TargetPlatform>
    <TargetFrameworkVersion>.NETCoreApp,Version=v8.0</TargetFrameworkVersion>
    <DesignMode>False</DesignMode>
    <CollectSourceInformation>False</CollectSourceInformation>
  </RunConfiguration>
  <LoggerRunSettings>
    <Loggers>
      <Logger friendlyName="blame" enabled="True" />
      <Logger friendlyName="Console" uri="logger://microsoft/TestPlatform/ConsoleLogger/v1" assemblyQualifiedName="Microsoft.VisualStudio.TestPlatform.CommandLine.Internal.ConsoleLogger, vstest.console, Version=15.0.0.0, Culture=neutral, PublicKeyToken=b03f5f7f11d50a3a" codeBase="C:\Program Files\dotnet\sdk\8.0.204\vstest.console.dll" enabled="True" />
    </Loggers>
  </LoggerRunSettings>
  <DataCollectionRunSettings>
    <DataCollectors>
      <DataCollector friendlyName="blame" enabled="True">
        <Configuration>
          <ResultsDirectory>C:\Users\VC\Documents\Projects\Intern100\day 10 - Unit Testing, Constructor DI\EmployeeRequestTracker\EmployeeRequestTrackerTest\bin\Debug\net8.0\fine-code-coverage\coverage-tool-output</ResultsDirectory>
        </Configuration>
      </DataCollector>
    </DataCollectors>
  </DataCollectionRunSettings>
</RunSettings>

TpTrace Verbose: 0 : 16352, 1, 2024/04/23, 17:32:42.849, 3685517153632, vstest.console.dll, TestRunRequest.ExecuteAsync: Wait for the first run request is over.
TpTrace Verbose: 0 : 16352, 1, 2024/04/23, 17:32:42.849, 3685517158647, vstest.console.dll, MulticastDelegateUtilities.SafeInvoke: TestRun.TestRunStart: Invoking callbacks was skipped because there are no subscribers.
TpTrace Verbose: 0 : 16352, 5, 2024/04/23, 17:32:42.849, 3685517160838, vstest.console.dll, MulticastDelegateUtilities.SafeInvoke: InternalTestLoggerEvents.SendTestRunStart: Invoking callback 1/1 for Microsoft.VisualStudio.TestPlatform.CommandLine.Internal.ConsoleLogger., took 0 ms.
TpTrace Verbose: 0 : 16352, 1, 2024/04/23, 17:32:42.850, 3685517167635, vstest.console.dll, ParallelProxyExecutionManager: Start execution. Total sources: 1
TpTrace Verbose: 0 : 16352, 1, 2024/04/23, 17:32:42.850, 3685517170240, vstest.console.dll, ParallelOperationManager.StartWork: Starting adding 1 workloads.
TpTrace Verbose: 0 : 16352, 1, 2024/04/23, 17:32:42.850, 3685517170753, vstest.console.dll, ParallelOperationManager.ClearSlots: Clearing all slots. Slots should accept more work: True
TpTrace Verbose: 0 : 16352, 1, 2024/04/23, 17:32:42.850, 3685517171314, vstest.console.dll, ParallelOperationManager.SetOccupiedSlotCount: Setting slot counts AvailableSlotCount = 1, OccupiedSlotCount = 0.
TpTrace Verbose: 0 : 16352, 1, 2024/04/23, 17:32:42.850, 3685517171613, vstest.console.dll, Occupied slots:

TpTrace Verbose: 0 : 16352, 1, 2024/04/23, 17:32:42.851, 3685517181802, vstest.console.dll, TestRequestSender is acting as server.
TpTrace Verbose: 0 : 16352, 1, 2024/04/23, 17:32:42.853, 3685517193965, vstest.console.dll, ParallelOperationManager.RunWorkInParallel: Adding 1 workload to slot, remaining workloads 0.
TpTrace Verbose: 0 : 16352, 1, 2024/04/23, 17:32:42.853, 3685517194441, vstest.console.dll, ParallelOperationManager.SetOccupiedSlotCount: Setting slot counts AvailableSlotCount = 0, OccupiedSlotCount = 1.
TpTrace Verbose: 0 : 16352, 1, 2024/04/23, 17:32:42.853, 3685517195204, vstest.console.dll, Occupied slots:
0: C:\Users\VC\Documents\Projects\Intern100\day 10 - Unit Testing, Constructor DI\EmployeeRequestTracker\EmployeeRequestTrackerTest\bin\Debug\net8.0\fine-code-coverage\build-output\EmployeeRequestTrackerTest.dll
TpTrace Verbose: 0 : 16352, 1, 2024/04/23, 17:32:42.854, 3685517202372, vstest.console.dll, ParallelOperationManager.RunWorkInParallel: Started host in slot number 0 for work (source): C:\Users\VC\Documents\Projects\Intern100\day 10 - Unit Testing, Constructor DI\EmployeeRequestTracker\EmployeeRequestTrackerTest\bin\Debug\net8.0\fine-code-coverage\build-output\EmployeeRequestTrackerTest.dll.
TpTrace Verbose: 0 : 16352, 1, 2024/04/23, 17:32:42.855, 3685517213921, vstest.console.dll, ParallelOperationManager.RunWorkInParallel: We started 1 work items, which is the max parallel level. Won't start more work.
TpTrace Verbose: 0 : 16352, 1, 2024/04/23, 17:32:42.855, 3685517214624, vstest.console.dll, ParallelOperationManager.RunWorkInParallel: We started 1 work items in here, returning True.
TpTrace Verbose: 0 : 16352, 6, 2024/04/23, 17:32:42.855, 3685517214794, vstest.console.dll, ParallelProxyExecutionManager.StartTestRunOnConcurrentManager: Initializing uninitialized client. Started clients: 0
TpTrace Information: 0 : 16352, 1, 2024/04/23, 17:32:42.855, 3685517214922, vstest.console.dll, TestRunRequest.ExecuteAsync: Started.
TpTrace Verbose: 0 : 16352, 6, 2024/04/23, 17:32:42.855, 3685517216069, vstest.console.dll, DataCollectionRequestSender.InitializeCommunication : Initialize communication. 
TpTrace Verbose: 0 : 16352, 1, 2024/04/23, 17:32:42.855, 3685517220646, vstest.console.dll, TestRunRequest.WaitForCompletion: Waiting with timeout -1.
TpTrace Information: 0 : 16352, 6, 2024/04/23, 17:32:42.861, 3685517274043, vstest.console.dll, Listening on Endpoint : 127.0.0.1:53374
TpTrace Verbose: 0 : 16352, 6, 2024/04/23, 17:32:42.867, 3685517335959, vstest.console.dll, DotnetDataCollectionLauncher: Adding  --runtimeconfig "C:\Program Files\dotnet\sdk\8.0.204\datacollector.runtimeconfig.json" in args
TpTrace Verbose: 0 : 16352, 6, 2024/04/23, 17:32:42.867, 3685517337314, vstest.console.dll, DotnetDataCollectionLauncher: Adding  --depsfile "C:\Program Files\dotnet\sdk\8.0.204\datacollector.deps.json" in args
TpTrace Verbose: 0 : 16352, 6, 2024/04/23, 17:32:42.868, 3685517342464, vstest.console.dll, DotnetDataCollectionLauncher: Full path of dotnet.exe is C:\Program Files\dotnet\dotnet.exe
TpTrace Information: 0 : 16352, 6, 2024/04/23, 17:32:42.874, 3685517403989, vstest.console.dll, ProxyDataCollectionManager.Initialize: Launched datacollector processId: 12740 port: 53374
TpTrace Information: 0 : 16352, 6, 2024/04/23, 17:32:42.874, 3685517405405, vstest.console.dll, ProxyDataCollectionManager.Initialize: waiting for connection with timeout: 90 seconds
TpTrace Verbose: 0 : 16352, 6, 2024/04/23, 17:32:42.874, 3685517405899, vstest.console.dll, DataCollectionRequestSender.WaitForRequestHandlerConnection : Waiting for connection with timeout: 90000
TpTrace Information: 0 : 16352, 8, 2024/04/23, 17:32:43.054, 3685519210326, vstest.console.dll, Using the buffer size of 16384 bytes
TpTrace Information: 0 : 16352, 8, 2024/04/23, 17:32:43.054, 3685519211635, vstest.console.dll, Accepted Client request and set the flag
TpTrace Verbose: 0 : 16352, 6, 2024/04/23, 17:32:43.054, 3685519210699, vstest.console.dll, SocketCommunicationManager.WaitForClientConnection took: 180 ms, with 90000 ms timeout, and finished with True.
TpTrace Verbose: 0 : 16352, 6, 2024/04/23, 17:32:43.055, 3685519214372, vstest.console.dll, ProxyDataCollectionManager.InvokeDataCollectionServiceAction: Starting.
TpTrace Information: 0 : 16352, 6, 2024/04/23, 17:32:43.055, 3685519215930, vstest.console.dll, ProxyDataCollectionManager.BeforeTestRunStart: Get environment variable and port for datacollector processId: 12740 port: 53374
TpTrace Verbose: 0 : 16352, 6, 2024/04/23, 17:32:43.055, 3685519218116, vstest.console.dll, DataCollectionRequestSender.SendBeforeTestRunStartAndGetResult: Send BeforeTestRunStart message with settingsXml <RunSettings><RunConfiguration><ResultsDirectory>C:\Users\VC\Documents\Projects\Intern100\day 10 - Unit Testing, Constructor DI\EmployeeRequestTracker\EmployeeRequestTrackerTest\bin\Debug\net8.0\fine-code-coverage\coverage-tool-output</ResultsDirectory><TargetPlatform>X64</TargetPlatform><TargetFrameworkVersion>.NETCoreApp,Version=v8.0</TargetFrameworkVersion><DesignMode>False</DesignMode><CollectSourceInformation>False</CollectSourceInformation><TestAdaptersPaths>C:\Program Files\dotnet\sdk\8.0.204\Extensions</TestAdaptersPaths></RunConfiguration><LoggerRunSettings><Loggers><Logger friendlyName="blame" enabled="True" /><Logger friendlyName="Console" uri="logger://microsoft/TestPlatform/ConsoleLogger/v1" assemblyQualifiedName="Microsoft.VisualStudio.TestPlatform.CommandLine.Internal.ConsoleLogger, vstest.console, Version=15.0.0.0, Culture=neutral, PublicKeyToken=b03f5f7f11d50a3a" codeBase="C:\Program Files\dotnet\sdk\8.0.204\vstest.console.dll" enabled="True" /></Loggers></LoggerRunSettings><DataCollectionRunSettings><DataCollectors><DataCollector friendlyName="blame" enabled="True"><Configuration><ResultsDirectory>C:\Users\VC\Documents\Projects\Intern100\day 10 - Unit Testing, Constructor DI\EmployeeRequestTracker\EmployeeRequestTrackerTest\bin\Debug\net8.0\fine-code-coverage\coverage-tool-output</ResultsDirectory></Configuration></DataCollector></DataCollectors></DataCollectionRunSettings></RunSettings> and sources System.Collections.Generic.List`1[System.String]: 
TpTrace Verbose: 0 : 16352, 6, 2024/04/23, 17:32:43.098, 3685519648059, vstest.console.dll, DataCollectionRequestSender.SendBeforeTestRunStartAndGetResult: Received message: (DataCollection.SendMessage) -> {"MessageType":"DataCollection.SendMessage","Payload":{"FriendlyName":null,"Uri":null,"TestCaseId":"00000000-0000-0000-0000-000000000000","Message":"Logging DataCollector Diagnostics in file: C:\\Users\\VC\\Documents\\Projects\\Intern100\\day 10 - Unit Testing, Constructor DI\\EmployeeRequestTracker\\EmployeeRequestTrackerTest\\bin\\Debug\\net8.0\\fine-code-coverage\\coverage-tool-output\\diagnostics.datacollector.24-04-23_17-32-42_86705_6.log","Level":0}}
TpTrace Verbose: 0 : 16352, 6, 2024/04/23, 17:32:43.160, 3685520271996, vstest.console.dll, DataCollectionRequestSender.SendBeforeTestRunStartAndGetResult: Received message: (DataCollection.BeforeTestRunStartResult) -> {"MessageType":"DataCollection.BeforeTestRunStartResult","Payload":{"EnvironmentVariables":{},"DataCollectionEventsPort":53376}}
TpTrace Information: 0 : 16352, 6, 2024/04/23, 17:32:43.167, 3685520335617, vstest.console.dll, ProxyDataCollectionManager.BeforeTestRunStart: SendBeforeTestRunStartAndGetResult successful, env variable from datacollector:   and testhost port: 53376
TpTrace Information: 0 : 16352, 6, 2024/04/23, 17:32:43.167, 3685520336919, vstest.console.dll, ProxyDataCollectionManager.InvokeDataCollectionServiceAction: Completed.
TpTrace Verbose: 0 : 16352, 6, 2024/04/23, 17:32:43.167, 3685520337249, vstest.console.dll, ParallelProxyExecutionManager.StartTestRunOnConcurrentManager: Initializing test run. Started clients: 0
TpTrace Verbose: 0 : 16352, 6, 2024/04/23, 17:32:43.167, 3685520337881, vstest.console.dll, ProxyExecutionManager: Test host is always Lazy initialize.
TpTrace Verbose: 0 : 16352, 6, 2024/04/23, 17:32:43.167, 3685520339372, vstest.console.dll, TestRequestSender.InitializeCommunication: initialize communication. 
TpTrace Information: 0 : 16352, 6, 2024/04/23, 17:32:43.168, 3685520343188, vstest.console.dll, SocketServer.Start: Listening on endpoint : 127.0.0.1:53377
TpTrace Verbose: 0 : 16352, 6, 2024/04/23, 17:32:43.168, 3685520349104, vstest.console.dll, DotnetTestHostmanager.GetTestHostProcessStartInfo: Platform environment 'X64' target architecture 'X64' framework '.NETCoreApp,Version=v8.0' OS 'Windows'
TpTrace Verbose: 0 : 16352, 6, 2024/04/23, 17:32:43.168, 3685520351193, vstest.console.dll, DotnetTestHostmanager: Adding  --runtimeconfig "C:\Users\VC\Documents\Projects\Intern100\day 10 - Unit Testing, Constructor DI\EmployeeRequestTracker\EmployeeRequestTrackerTest\bin\Debug\net8.0\fine-code-coverage\build-output\EmployeeRequestTrackerTest.runtimeconfig.json" in args
TpTrace Verbose: 0 : 16352, 6, 2024/04/23, 17:32:43.168, 3685520352010, vstest.console.dll, DotnetTestHostmanager: Adding  --depsfile "C:\Users\VC\Documents\Projects\Intern100\day 10 - Unit Testing, Constructor DI\EmployeeRequestTracker\EmployeeRequestTrackerTest\bin\Debug\net8.0\fine-code-coverage\build-output\EmployeeRequestTrackerTest.deps.json" in args
TpTrace Verbose: 0 : 16352, 6, 2024/04/23, 17:32:43.169, 3685520353475, vstest.console.dll, DotnetTestHostmanager.IsWinOnArm: Current PROCESSOR_ARCHITECTURE from environment variable 'AMD64'
TpTrace Verbose: 0 : 16352, 6, 2024/04/23, 17:32:43.169, 3685520353940, vstest.console.dll, DotnetTestHostmanager.IsWinOnArm: Is Windows on ARM 'False'
TpTrace Verbose: 0 : 16352, 6, 2024/04/23, 17:32:43.169, 3685520354708, vstest.console.dll, DotnetTestHostManager: testhost.exe found at path: C:\Users\VC\Documents\Projects\Intern100\day 10 - Unit Testing, Constructor DI\EmployeeRequestTracker\EmployeeRequestTrackerTest\bin\Debug\net8.0\fine-code-coverage\build-output\testhost.exe
TpTrace Verbose: 0 : 16352, 6, 2024/04/23, 17:32:43.169, 3685520355084, vstest.console.dll, DotnetTestHostmanager: Full path of host exe is C:\Users\VC\Documents\Projects\Intern100\day 10 - Unit Testing, Constructor DI\EmployeeRequestTracker\EmployeeRequestTrackerTest\bin\Debug\net8.0\fine-code-coverage\build-output\testhost.exe
TpTrace Verbose: 0 : 16352, 6, 2024/04/23, 17:32:43.169, 3685520356087, vstest.console.dll, DotnetTestHostmanager.LaunchTestHostAsync: Found 'VSTEST_WINAPPHOST_DOTNET_ROOT' in env variables, value 'C:\Program Files\dotnet', forwarding to 'DOTNET_ROOT'
TpTrace Verbose: 0 : 16352, 6, 2024/04/23, 17:32:43.169, 3685520357029, vstest.console.dll, DotnetTestHostManager: Starting process 'C:\Users\VC\Documents\Projects\Intern100\day 10 - Unit Testing, Constructor DI\EmployeeRequestTracker\EmployeeRequestTrackerTest\bin\Debug\net8.0\fine-code-coverage\build-output\testhost.exe' with command line ' --runtimeconfig "C:\Users\VC\Documents\Projects\Intern100\day 10 - Unit Testing, Constructor DI\EmployeeRequestTracker\EmployeeRequestTrackerTest\bin\Debug\net8.0\fine-code-coverage\build-output\EmployeeRequestTrackerTest.runtimeconfig.json" --depsfile "C:\Users\VC\Documents\Projects\Intern100\day 10 - Unit Testing, Constructor DI\EmployeeRequestTracker\EmployeeRequestTrackerTest\bin\Debug\net8.0\fine-code-coverage\build-output\EmployeeRequestTrackerTest.deps.json" --port 53377 --endpoint 127.0.0.1:053377 --role client --parentprocessid 16352 --diag "C:\Users\VC\Documents\Projects\Intern100\day 10 - Unit Testing, Constructor DI\EmployeeRequestTracker\EmployeeRequestTrackerTest\bin\Debug\net8.0\fine-code-coverage\coverage-tool-output\diagnostics.host.24-04-23_17-32-43_16843_6.log" --tracelevel 4 --datacollectionport 53376 --telemetryoptedin false'
TpTrace Verbose: 0 : 16352, 6, 2024/04/23, 17:32:43.178, 3685520444347, vstest.console.dll, MulticastDelegateUtilities.SafeInvoke: HostProviderEvents.OnHostLaunched: Invoking callback 1/2 for Microsoft.VisualStudio.TestPlatform.CrossPlatEngine.Client.ProxyExecutionManagerWithDataCollection., took 0 ms.
TpTrace Verbose: 0 : 16352, 6, 2024/04/23, 17:32:43.178, 3685520447250, vstest.console.dll, Test Runtime launched
TpTrace Verbose: 0 : 16352, 6, 2024/04/23, 17:32:43.178, 3685520447830, vstest.console.dll, MulticastDelegateUtilities.SafeInvoke: HostProviderEvents.OnHostLaunched: Invoking callback 2/2 for Microsoft.VisualStudio.TestPlatform.CrossPlatEngine.Client.ProxyOperationManager., took 0 ms.
TpTrace Verbose: 0 : 16352, 6, 2024/04/23, 17:32:43.178, 3685520449035, vstest.console.dll, TestRequestSender.WaitForRequestHandlerConnection: waiting for connection with timeout: 90000.
TpTrace Verbose: 0 : 16352, 8, 2024/04/23, 17:32:43.392, 3685522583804, vstest.console.dll, MulticastDelegateUtilities.SafeInvoke: SocketServer: ClientConnected: Invoking callback 1/1 for Microsoft.VisualStudio.TestPlatform.CommunicationUtilities.TestRequestSender., took 0 ms.
TpTrace Verbose: 0 : 16352, 6, 2024/04/23, 17:32:43.392, 3685522583819, vstest.console.dll, TestRequestSender.WaitForRequestHandlerConnection: waiting took 213 ms, with timeout 90000 ms, and result 0, which is success.
TpTrace Verbose: 0 : 16352, 8, 2024/04/23, 17:32:43.392, 3685522585304, vstest.console.dll, SocketServer.OnClientConnected: Client connected for endPoint: 127.0.0.1:53377, starting MessageLoopAsync:
TpTrace Verbose: 0 : 16352, 14, 2024/04/23, 17:32:43.393, 3685522592119, vstest.console.dll, TcpClientExtensions.MessageLoopAsync: Polling on remoteEndPoint: 127.0.0.1:53378 localEndPoint: 127.0.0.1:53377 after 0 ms
TpTrace Verbose: 0 : 16352, 6, 2024/04/23, 17:32:43.393, 3685522593919, vstest.console.dll, TestRequestSender.CheckVersionWithTestHost: Sending check version message: {"MessageType":"ProtocolVersion","Payload":7}
TpTrace Verbose: 0 : 16352, 14, 2024/04/23, 17:32:43.469, 3685523352377, vstest.console.dll, TcpClientExtensions.MessageLoopAsync: NotifyDataAvailable remoteEndPoint: 127.0.0.1:53378 localEndPoint: 127.0.0.1:53377
TpTrace Verbose: 0 : 16352, 14, 2024/04/23, 17:32:43.469, 3685523355292, vstest.console.dll, TestRequestSender.CheckVersionWithTestHost: onMessageReceived received message: (ProtocolVersion) -> {"MessageType":"ProtocolVersion","Payload":7}
TpTrace Verbose: 0 : 16352, 14, 2024/04/23, 17:32:43.469, 3685523359945, vstest.console.dll, MulticastDelegateUtilities.SafeInvoke: LengthPrefixCommunicationChannel: MessageReceived: Invoking callback 1/1 for Microsoft.VisualStudio.TestPlatform.CommunicationUtilities.TestRequestSender+<>c__DisplayClass29_0., took 0 ms.
TpTrace Verbose: 0 : 16352, 14, 2024/04/23, 17:32:43.469, 3685523360777, vstest.console.dll, TcpClientExtensions.MessageLoopAsync: Polling on remoteEndPoint: 127.0.0.1:53378 localEndPoint: 127.0.0.1:53377 after 76 ms
TpTrace Verbose: 0 : 16352, 6, 2024/04/23, 17:32:43.469, 3685523361150, vstest.console.dll, TestPluginCache.GetExtensionPaths: Filtered extension paths: 
TpTrace Verbose: 0 : 16352, 6, 2024/04/23, 17:32:43.469, 3685523361932, vstest.console.dll, TestPluginCache.GetExtensionPaths: Added default extension paths: C:\Program Files\dotnet\sdk\8.0.204\Extensions\Microsoft.Diagnostics.NETCore.Client.dll
C:\Program Files\dotnet\sdk\8.0.204\Extensions\Microsoft.TestPlatform.Extensions.BlameDataCollector.dll
C:\Program Files\dotnet\sdk\8.0.204\Extensions\Microsoft.TestPlatform.Extensions.EventLogCollector.dll
C:\Program Files\dotnet\sdk\8.0.204\Extensions\Microsoft.TestPlatform.TestHostRuntimeProvider.dll
C:\Program Files\dotnet\sdk\8.0.204\Extensions\Microsoft.VisualStudio.TestPlatform.Extensions.Html.TestLogger.dll
C:\Program Files\dotnet\sdk\8.0.204\Extensions\Microsoft.VisualStudio.TestPlatform.Extensions.Trx.TestLogger.dll
TpTrace Verbose: 0 : 16352, 6, 2024/04/23, 17:32:43.470, 3685523362251, vstest.console.dll, TestPluginCache.GetExtensionPaths: Added unfilterableExtensionPaths: 
TpTrace Verbose: 0 : 16352, 6, 2024/04/23, 17:32:43.472, 3685523383903, vstest.console.dll, TestRequestSender.InitializeExecution: Sending initialize execution with message: {"Version":7,"MessageType":"TestExecution.Initialize","Payload":["C:\\Users\\VC\\Documents\\Projects\\Intern100\\day 10 - Unit Testing, Constructor DI\\EmployeeRequestTracker\\EmployeeRequestTrackerTest\\bin\\Debug\\net8.0\\fine-code-coverage\\build-output\\NUnit3.TestAdapter.dll"]}
TpTrace Verbose: 0 : 16352, 6, 2024/04/23, 17:32:43.472, 3685523385759, vstest.console.dll, ParallelProxyExecutionManager.StartTestRunOnConcurrentManager: Execution starting. Started clients: 1
TpTrace Verbose: 0 : 16352, 6, 2024/04/23, 17:32:43.472, 3685523387744, vstest.console.dll, TestRunRequest:SendTestRunMessage: Starting.
TpTrace Verbose: 0 : 16352, 6, 2024/04/23, 17:32:43.472, 3685523389089, vstest.console.dll, MulticastDelegateUtilities.SafeInvoke: TestRun.LogMessages: Invoking callback 1/1 for Microsoft.VisualStudio.TestPlatform.CommandLine.TestRunResultAggregator., took 0 ms.
TpTrace Information: 0 : 16352, 6, 2024/04/23, 17:32:43.472, 3685523389404, vstest.console.dll, TestRunRequest:SendTestRunMessage: Completed.
TpTrace Verbose: 0 : 16352, 5, 2024/04/23, 17:32:43.472, 3685523391483, vstest.console.dll, MulticastDelegateUtilities.SafeInvoke: InternalTestLoggerEvents.SendTestRunMessage: Invoking callback 1/1 for Microsoft.VisualStudio.TestPlatform.CommandLine.Internal.ConsoleLogger., took 0 ms.
TpTrace Warning: 0 : 16352, 6, 2024/04/23, 17:32:43.472, 3685523391951, vstest.console.dll, InferRunSettingsHelper.MakeRunsettingsCompatible: Removing the following settings: TargetPlatform from RunSettings file. To use those settings please move to latest version of Microsoft.NET.Test.Sdk
TpTrace Verbose: 0 : 16352, 14, 2024/04/23, 17:32:43.473, 3685523394614, vstest.console.dll, TcpClientExtensions.MessageLoopAsync: NotifyDataAvailable remoteEndPoint: 127.0.0.1:53378 localEndPoint: 127.0.0.1:53377
TpTrace Verbose: 0 : 16352, 14, 2024/04/23, 17:32:43.473, 3685523397719, vstest.console.dll, TestRequestSender.OnExecutionMessageReceived: Received message: {"Version":7,"MessageType":"TestSession.Message","Payload":{"MessageLevel":0,"Message":"Logging TestHost Diagnostics in file: C:\\Users\\VC\\Documents\\Projects\\Intern100\\day 10 - Unit Testing, Constructor DI\\EmployeeRequestTracker\\EmployeeRequestTrackerTest\\bin\\Debug\\net8.0\\fine-code-coverage\\coverage-tool-output\\diagnostics.host.24-04-23_17-32-43_16843_6.log"}}
TpTrace Verbose: 0 : 16352, 14, 2024/04/23, 17:32:43.475, 3685523412938, vstest.console.dll, TestRunRequest:SendTestRunMessage: Starting.
TpTrace Verbose: 0 : 16352, 14, 2024/04/23, 17:32:43.475, 3685523414139, vstest.console.dll, MulticastDelegateUtilities.SafeInvoke: TestRun.LogMessages: Invoking callback 1/1 for Microsoft.VisualStudio.TestPlatform.CommandLine.TestRunResultAggregator., took 0 ms.
TpTrace Information: 0 : 16352, 14, 2024/04/23, 17:32:43.475, 3685523414425, vstest.console.dll, TestRunRequest:SendTestRunMessage: Completed.
TpTrace Verbose: 0 : 16352, 14, 2024/04/23, 17:32:43.475, 3685523414721, vstest.console.dll, MulticastDelegateUtilities.SafeInvoke: LengthPrefixCommunicationChannel: MessageReceived: Invoking callback 1/1 for Microsoft.VisualStudio.TestPlatform.CommunicationUtilities.TestRequestSender+<>c__DisplayClass34_0., took 1 ms.
TpTrace Verbose: 0 : 16352, 14, 2024/04/23, 17:32:43.475, 3685523415020, vstest.console.dll, TcpClientExtensions.MessageLoopAsync: Polling on remoteEndPoint: 127.0.0.1:53378 localEndPoint: 127.0.0.1:53377 after 5 ms
TpTrace Verbose: 0 : 16352, 5, 2024/04/23, 17:32:43.475, 3685523415512, vstest.console.dll, MulticastDelegateUtilities.SafeInvoke: InternalTestLoggerEvents.SendTestRunMessage: Invoking callback 1/1 for Microsoft.VisualStudio.TestPlatform.CommandLine.Internal.ConsoleLogger., took 0 ms.
TpTrace Verbose: 0 : 16352, 6, 2024/04/23, 17:32:43.476, 3685523430211, vstest.console.dll, TestRequestSender.StartTestRun: Sending test run with message: {"Version":7,"MessageType":"TestExecution.StartWithSources","Payload":{"AdapterSourceMap":{"_none_":["C:\\Users\\VC\\Documents\\Projects\\Intern100\\day 10 - Unit Testing, Constructor DI\\EmployeeRequestTracker\\EmployeeRequestTrackerTest\\bin\\Debug\\net8.0\\fine-code-coverage\\build-output\\EmployeeRequestTrackerTest.dll"]},"RunSettings":"<RunSettings>\r\n  <RunConfiguration>\r\n    <ResultsDirectory>C:\\Users\\VC\\Documents\\Projects\\Intern100\\day 10 - Unit Testing, Constructor DI\\EmployeeRequestTracker\\EmployeeRequestTrackerTest\\bin\\Debug\\net8.0\\fine-code-coverage\\coverage-tool-output</ResultsDirectory>\r\n    <TargetFrameworkVersion>.NETCoreApp,Version=v8.0</TargetFrameworkVersion>\r\n    <DesignMode>False</DesignMode>\r\n    <CollectSourceInformation>False</CollectSourceInformation>\r\n  </RunConfiguration>\r\n  <LoggerRunSettings>\r\n    <Loggers>\r\n      <Logger friendlyName=\"blame\" enabled=\"True\" />\r\n      <Logger friendlyName=\"Console\" uri=\"logger://microsoft/TestPlatform/ConsoleLogger/v1\" assemblyQualifiedName=\"Microsoft.VisualStudio.TestPlatform.CommandLine.Internal.ConsoleLogger, vstest.console, Version=15.0.0.0, Culture=neutral, PublicKeyToken=b03f5f7f11d50a3a\" codeBase=\"C:\\Program Files\\dotnet\\sdk\\8.0.204\\vstest.console.dll\" enabled=\"True\" />\r\n    </Loggers>\r\n  </LoggerRunSettings>\r\n  <DataCollectionRunSettings>\r\n    <DataCollectors>\r\n      <DataCollector friendlyName=\"blame\" enabled=\"True\">\r\n        <Configuration>\r\n          <ResultsDirectory>C:\\Users\\VC\\Documents\\Projects\\Intern100\\day 10 - Unit Testing, Constructor DI\\EmployeeRequestTracker\\EmployeeRequestTrackerTest\\bin\\Debug\\net8.0\\fine-code-coverage\\coverage-tool-output</ResultsDirectory>\r\n        </Configuration>\r\n      </DataCollector>\r\n    </DataCollectors>\r\n  </DataCollectionRunSettings>\r\n</RunSettings>","TestExecutionContext":{"FrequencyOfRunStatsChangeEvent":10,"RunStatsChangeEventTimeout":"00:00:01.5000000","InIsolation":false,"KeepAlive":false,"AreTestCaseLevelEventsRequired":false,"IsDebug":false,"TestCaseFilter":null,"FilterOptions":null},"Package":null}}
TpTrace Verbose: 0 : 16352, 6, 2024/04/23, 17:32:43.476, 3685523431632, vstest.console.dll, ParallelProxyExecutionManager.StartTestRunOnConcurrentManager: Execution started. Started clients: 1
TpTrace Verbose: 0 : 16352, 14, 2024/04/23, 17:32:43.589, 3685524557890, vstest.console.dll, TcpClientExtensions.MessageLoopAsync: NotifyDataAvailable remoteEndPoint: 127.0.0.1:53378 localEndPoint: 127.0.0.1:53377
TpTrace Verbose: 0 : 16352, 14, 2024/04/23, 17:32:43.589, 3685524559545, vstest.console.dll, TestRequestSender.OnExecutionMessageReceived: Received message: {"Version":7,"MessageType":"TestSession.Message","Payload":{"MessageLevel":0,"Message":"NUnit Adapter 4.5.0.0: Test execution started"}}
TpTrace Verbose: 0 : 16352, 14, 2024/04/23, 17:32:43.589, 3685524561070, vstest.console.dll, TestRunRequest:SendTestRunMessage: Starting.
TpTrace Verbose: 0 : 16352, 14, 2024/04/23, 17:32:43.589, 3685524561574, vstest.console.dll, MulticastDelegateUtilities.SafeInvoke: TestRun.LogMessages: Invoking callback 1/1 for Microsoft.VisualStudio.TestPlatform.CommandLine.TestRunResultAggregator., took 0 ms.
TpTrace Information: 0 : 16352, 14, 2024/04/23, 17:32:43.589, 3685524561832, vstest.console.dll, TestRunRequest:SendTestRunMessage: Completed.
TpTrace Verbose: 0 : 16352, 5, 2024/04/23, 17:32:43.589, 3685524561965, vstest.console.dll, MulticastDelegateUtilities.SafeInvoke: InternalTestLoggerEvents.SendTestRunMessage: Invoking callback 1/1 for Microsoft.VisualStudio.TestPlatform.CommandLine.Internal.ConsoleLogger., took 0 ms.
TpTrace Verbose: 0 : 16352, 14, 2024/04/23, 17:32:43.589, 3685524562072, vstest.console.dll, MulticastDelegateUtilities.SafeInvoke: LengthPrefixCommunicationChannel: MessageReceived: Invoking callback 1/1 for Microsoft.VisualStudio.TestPlatform.CommunicationUtilities.TestRequestSender+<>c__DisplayClass34_0., took 0 ms.
TpTrace Verbose: 0 : 16352, 14, 2024/04/23, 17:32:43.590, 3685524563566, vstest.console.dll, TcpClientExtensions.MessageLoopAsync: Polling on remoteEndPoint: 127.0.0.1:53378 localEndPoint: 127.0.0.1:53377 after 114 ms
TpTrace Verbose: 0 : 16352, 14, 2024/04/23, 17:32:43.611, 3685524781935, vstest.console.dll, TcpClientExtensions.MessageLoopAsync: NotifyDataAvailable remoteEndPoint: 127.0.0.1:53378 localEndPoint: 127.0.0.1:53377
TpTrace Verbose: 0 : 16352, 14, 2024/04/23, 17:32:43.613, 3685524798477, vstest.console.dll, TestRequestSender.OnExecutionMessageReceived: Received message: {"Version":7,"MessageType":"TestSession.Message","Payload":{"MessageLevel":0,"Message":"Running all tests in C:\\Users\\VC\\Documents\\Projects\\Intern100\\day 10 - Unit Testing, Constructor DI\\EmployeeRequestTracker\\EmployeeRequestTrackerTest\\bin\\Debug\\net8.0\\fine-code-coverage\\build-output\\EmployeeRequestTrackerTest.dll"}}
TpTrace Verbose: 0 : 16352, 14, 2024/04/23, 17:32:43.613, 3685524800384, vstest.console.dll, TestRunRequest:SendTestRunMessage: Starting.
TpTrace Verbose: 0 : 16352, 14, 2024/04/23, 17:32:43.613, 3685524801242, vstest.console.dll, MulticastDelegateUtilities.SafeInvoke: TestRun.LogMessages: Invoking callback 1/1 for Microsoft.VisualStudio.TestPlatform.CommandLine.TestRunResultAggregator., took 0 ms.
TpTrace Information: 0 : 16352, 14, 2024/04/23, 17:32:43.613, 3685524801664, vstest.console.dll, TestRunRequest:SendTestRunMessage: Completed.
TpTrace Verbose: 0 : 16352, 5, 2024/04/23, 17:32:43.613, 3685524801724, vstest.console.dll, MulticastDelegateUtilities.SafeInvoke: InternalTestLoggerEvents.SendTestRunMessage: Invoking callback 1/1 for Microsoft.VisualStudio.TestPlatform.CommandLine.Internal.ConsoleLogger., took 0 ms.
TpTrace Verbose: 0 : 16352, 14, 2024/04/23, 17:32:43.614, 3685524802375, vstest.console.dll, MulticastDelegateUtilities.SafeInvoke: LengthPrefixCommunicationChannel: MessageReceived: Invoking callback 1/1 for Microsoft.VisualStudio.TestPlatform.CommunicationUtilities.TestRequestSender+<>c__DisplayClass34_0., took 0 ms.
TpTrace Verbose: 0 : 16352, 14, 2024/04/23, 17:32:43.614, 3685524804052, vstest.console.dll, TcpClientExtensions.MessageLoopAsync: Polling on remoteEndPoint: 127.0.0.1:53378 localEndPoint: 127.0.0.1:53377 after 24 ms
TpTrace Verbose: 0 : 16352, 14, 2024/04/23, 17:32:43.698, 3685525650867, vstest.console.dll, TcpClientExtensions.MessageLoopAsync: NotifyDataAvailable remoteEndPoint: 127.0.0.1:53378 localEndPoint: 127.0.0.1:53377
TpTrace Verbose: 0 : 16352, 14, 2024/04/23, 17:32:43.699, 3685525653008, vstest.console.dll, TestRequestSender.OnExecutionMessageReceived: Received message: {"Version":7,"MessageType":"TestSession.Message","Payload":{"MessageLevel":0,"Message":"   NUnit3TestExecutor discovered 5 of 5 NUnit test cases using Current Discovery mode, Non-Explicit run"}}
TpTrace Verbose: 0 : 16352, 14, 2024/04/23, 17:32:43.699, 3685525654278, vstest.console.dll, TestRunRequest:SendTestRunMessage: Starting.
TpTrace Verbose: 0 : 16352, 14, 2024/04/23, 17:32:43.699, 3685525654861, vstest.console.dll, MulticastDelegateUtilities.SafeInvoke: TestRun.LogMessages: Invoking callback 1/1 for Microsoft.VisualStudio.TestPlatform.CommandLine.TestRunResultAggregator., took 0 ms.
TpTrace Information: 0 : 16352, 14, 2024/04/23, 17:32:43.699, 3685525655146, vstest.console.dll, TestRunRequest:SendTestRunMessage: Completed.
TpTrace Verbose: 0 : 16352, 14, 2024/04/23, 17:32:43.699, 3685525655483, vstest.console.dll, MulticastDelegateUtilities.SafeInvoke: LengthPrefixCommunicationChannel: MessageReceived: Invoking callback 1/1 for Microsoft.VisualStudio.TestPlatform.CommunicationUtilities.TestRequestSender+<>c__DisplayClass34_0., took 0 ms.
TpTrace Verbose: 0 : 16352, 14, 2024/04/23, 17:32:43.699, 3685525655822, vstest.console.dll, TcpClientExtensions.MessageLoopAsync: Polling on remoteEndPoint: 127.0.0.1:53378 localEndPoint: 127.0.0.1:53377 after 85 ms
TpTrace Verbose: 0 : 16352, 5, 2024/04/23, 17:32:43.699, 3685525656086, vstest.console.dll, MulticastDelegateUtilities.SafeInvoke: InternalTestLoggerEvents.SendTestRunMessage: Invoking callback 1/1 for Microsoft.VisualStudio.TestPlatform.CommandLine.Internal.ConsoleLogger., took 0 ms.
TpTrace Verbose: 0 : 16352, 14, 2024/04/23, 17:32:43.832, 3685526988272, vstest.console.dll, TcpClientExtensions.MessageLoopAsync: NotifyDataAvailable remoteEndPoint: 127.0.0.1:53378 localEndPoint: 127.0.0.1:53377
TpTrace Verbose: 0 : 16352, 14, 2024/04/23, 17:32:43.832, 3685526990356, vstest.console.dll, TestRequestSender.OnExecutionMessageReceived: Received message: {"Version":7,"MessageType":"TestSession.Message","Payload":{"MessageLevel":0,"Message":"NUnit Adapter 4.5.0.0: Test execution complete"}}
TpTrace Verbose: 0 : 16352, 14, 2024/04/23, 17:32:43.833, 3685526992186, vstest.console.dll, TestRunRequest:SendTestRunMessage: Starting.
TpTrace Verbose: 0 : 16352, 14, 2024/04/23, 17:32:43.833, 3685526993209, vstest.console.dll, MulticastDelegateUtilities.SafeInvoke: TestRun.LogMessages: Invoking callback 1/1 for Microsoft.VisualStudio.TestPlatform.CommandLine.TestRunResultAggregator., took 0 ms.
TpTrace Information: 0 : 16352, 14, 2024/04/23, 17:32:43.833, 3685526993701, vstest.console.dll, TestRunRequest:SendTestRunMessage: Completed.
TpTrace Verbose: 0 : 16352, 5, 2024/04/23, 17:32:43.833, 3685526993753, vstest.console.dll, MulticastDelegateUtilities.SafeInvoke: InternalTestLoggerEvents.SendTestRunMessage: Invoking callback 1/1 for Microsoft.VisualStudio.TestPlatform.CommandLine.Internal.ConsoleLogger., took 0 ms.
TpTrace Verbose: 0 : 16352, 14, 2024/04/23, 17:32:43.833, 3685526994240, vstest.console.dll, MulticastDelegateUtilities.SafeInvoke: LengthPrefixCommunicationChannel: MessageReceived: Invoking callback 1/1 for Microsoft.VisualStudio.TestPlatform.CommunicationUtilities.TestRequestSender+<>c__DisplayClass34_0., took 0 ms.
TpTrace Verbose: 0 : 16352, 14, 2024/04/23, 17:32:43.833, 3685526995656, vstest.console.dll, TcpClientExtensions.MessageLoopAsync: Polling on remoteEndPoint: 127.0.0.1:53378 localEndPoint: 127.0.0.1:53377 after 133 ms
TpTrace Verbose: 0 : 16352, 14, 2024/04/23, 17:32:43.871, 3685527377178, vstest.console.dll, TcpClientExtensions.MessageLoopAsync: NotifyDataAvailable remoteEndPoint: 127.0.0.1:53378 localEndPoint: 127.0.0.1:53377
TpTrace Verbose: 0 : 16352, 14, 2024/04/23, 17:32:43.871, 3685527381386, vstest.console.dll, TestRequestSender.OnExecutionMessageReceived: Received message: {"Version":7,"MessageType":"TestExecution.Completed","Payload":{"TestRunCompleteArgs":{"TestRunStatistics":{"ExecutedTests":5,"Stats":{"Passed":4,"Failed":1}},"IsCanceled":false,"IsAborted":false,"Error":null,"AttachmentSets":[],"InvokedDataCollectors":[],"ElapsedTimeInRunningTests":"00:00:00.2646321","Metrics":{},"DiscoveredExtensions":{"TestDiscoverers":["NUnit.VisualStudio.TestAdapter.NUnit3TestDiscoverer, NUnit3.TestAdapter, Version=4.5.0.0, Culture=neutral, PublicKeyToken=4cb40d35494691ac"],"TestExecutors":["executor://NUnit3TestExecutor"],"TestExecutors2":[],"TestSettingsProviders":[]}},"LastRunTests":{"NewTestResults":[{"TestCase":{"Id":"b4814f77-f23c-707a-0e88-7d31d93c5f3a","FullyQualifiedName":"EmployeeRequestTrackerTest.Tests.AddDepartmentFailTest","DisplayName":"AddDepartmentFailTest","ExecutorUri":"executor://NUnit3TestExecutor","Source":"C:\\Users\\VC\\Documents\\Projects\\Intern100\\day 10 - Unit Testing, Constructor DI\\EmployeeRequestTracker\\EmployeeRequestTrackerTest\\bin\\Debug\\net8.0\\fine-code-coverage\\build-output\\EmployeeRequestTrackerTest.dll","CodeFilePath":null,"LineNumber":0,"Properties":[{"Key":{"Id":"NUnit.Seed","Label":"Seed","Category":"","Description":"","Attributes":0,"ValueType":"System.String"},"Value":"30147712"},{"Key":{"Id":"NUnit.TestCategory","Label":"TestCategory","Category":"","Description":"","Attributes":5,"ValueType":"System.String[]"},"Value":["DepartmentCategory"]}]},"Attachments":[],"Outcome":1,"ErrorMessage":null,"ErrorStackTrace":null,"DisplayName":"AddDepartmentFailTest","Messages":[],"ComputerName":"C0RBBX3","Duration":"00:00:00.0085159","StartTime":"2024-04-23T12:02:43.7234865+00:00","EndTime":"2024-04-23T12:02:43.7319471+00:00","Properties":[{"Key":{"Id":"NUnit.Seed","Label":"Seed","Category":"","Description":"","Attributes":0,"ValueType":"System.String"},"Value":"30147712"}]},{"TestCase":{"Id":"eff4f9ad-d182-d78b-2d20-a153da04fe20","FullyQualifiedName":"EmployeeRequestTrackerTest.Tests.AddDepartmentSuccessTest","DisplayName":"AddDepartmentSuccessTest","ExecutorUri":"executor://NUnit3TestExecutor","Source":"C:\\Users\\VC\\Documents\\Projects\\Intern100\\day 10 - Unit Testing, Constructor DI\\EmployeeRequestTracker\\EmployeeRequestTrackerTest\\bin\\Debug\\net8.0\\fine-code-coverage\\build-output\\EmployeeRequestTrackerTest.dll","CodeFilePath":null,"LineNumber":0,"Properties":[{"Key":{"Id":"NUnit.Seed","Label":"Seed","Category":"","Description":"","Attributes":0,"ValueType":"System.String"},"Value":"779789591"},{"Key":{"Id":"NUnit.TestCategory","Label":"TestCategory","Category":"","Description":"","Attributes":5,"ValueType":"System.String[]"},"Value":["DepartmentCategory"]}]},"Attachments":[],"Outcome":1,"ErrorMessage":null,"ErrorStackTrace":null,"DisplayName":"AddDepartmentSuccessTest","Messages":[],"ComputerName":"C0RBBX3","Duration":"00:00:00.0068120","StartTime":"2024-04-23T12:02:43.7332734+00:00","EndTime":"2024-04-23T12:02:43.7400848+00:00","Properties":[{"Key":{"Id":"NUnit.Seed","Label":"Seed","Category":"","Description":"","Attributes":0,"ValueType":"System.String"},"Value":"779789591"}]},{"TestCase":{"Id":"973921f5-7fa7-00b0-66db-86e83e8a5190","FullyQualifiedName":"EmployeeRequestTrackerTest.Tests.GetAllDepartmentPassTest","DisplayName":"GetAllDepartmentPassTest","ExecutorUri":"executor://NUnit3TestExecutor","Source":"C:\\Users\\VC\\Documents\\Projects\\Intern100\\day 10 - Unit Testing, Constructor DI\\EmployeeRequestTracker\\EmployeeRequestTrackerTest\\bin\\Debug\\net8.0\\fine-code-coverage\\build-output\\EmployeeRequestTrackerTest.dll","CodeFilePath":null,"LineNumber":0,"Properties":[{"Key":{"Id":"NUnit.Seed","Label":"Seed","Category":"","Description":"","Attributes":0,"ValueType":"System.String"},"Value":"547747208"}]},"Attachments":[],"Outcome":1,"ErrorMessage":null,"ErrorStackTrace":null,"DisplayName":"GetAllDepartmentPassTest","Messages":[],"ComputerName":"C0RBBX3","Duration":"00:00:00.0124490","StartTime":"2024-04-23T12:02:43.7401365+00:00","EndTime":"2024-04-23T12:02:43.7525843+00:00","Properties":[{"Key":{"Id":"NUnit.Seed","Label":"Seed","Category":"","Description":"","Attributes":0,"ValueType":"System.String"},"Value":"547747208"}]},{"TestCase":{"Id":"4f70da5d-90eb-4849-a631-6972add1a347","FullyQualifiedName":"EmployeeRequestTrackerTest.Tests.GetPassTest(1,\"Hr\",101)","DisplayName":"GetPassTest(1,\"Hr\",101)","ExecutorUri":"executor://NUnit3TestExecutor","Source":"C:\\Users\\VC\\Documents\\Projects\\Intern100\\day 10 - Unit Testing, Constructor DI\\EmployeeRequestTracker\\EmployeeRequestTrackerTest\\bin\\Debug\\net8.0\\fine-code-coverage\\build-output\\EmployeeRequestTrackerTest.dll","CodeFilePath":null,"LineNumber":0,"Properties":[{"Key":{"Id":"NUnit.Seed","Label":"Seed","Category":"","Description":"","Attributes":0,"ValueType":"System.String"},"Value":"1159560567"}]},"Attachments":[],"Outcome":1,"ErrorMessage":null,"ErrorStackTrace":null,"DisplayName":"GetPassTest(1,\"Hr\",101)","Messages":[],"ComputerName":"C0RBBX3","Duration":"00:00:00.0007900","StartTime":"2024-04-23T12:02:43.7526534+00:00","EndTime":"2024-04-23T12:02:43.7534436+00:00","Properties":[{"Key":{"Id":"NUnit.Seed","Label":"Seed","Category":"","Description":"","Attributes":0,"ValueType":"System.String"},"Value":"1159560567"}]},{"TestCase":{"Id":"79029bc9-ec42-2147-a39c-4fa6cd80bdc5","FullyQualifiedName":"EmployeeRequestTrackerTest.Tests.GetPassTest(2,\"Admin\",101)","DisplayName":"GetPassTest(2,\"Admin\",101)","ExecutorUri":"executor://NUnit3TestExecutor","Source":"C:\\Users\\VC\\Documents\\Projects\\Intern100\\day 10 - Unit Testing, Constructor DI\\EmployeeRequestTracker\\EmployeeRequestTrackerTest\\bin\\Debug\\net8.0\\fine-code-coverage\\build-output\\EmployeeRequestTrackerTest.dll","CodeFilePath":null,"LineNumber":0,"Properties":[{"Key":{"Id":"NUnit.Seed","Label":"Seed","Category":"","Description":"","Attributes":0,"ValueType":"System.String"},"Value":"96050612"}]},"Attachments":[],"Outcome":2,"ErrorMessage":"  Expected: not null\r\n  But was:  null\r\n","ErrorStackTrace":"   at EmployeeRequestTrackerTest.Tests.GetPassTest(Int32 id, String name, Int32 hid) in C:\\Users\\VC\\Documents\\Projects\\Intern100\\day 10 - Unit Testing, Constructor DI\\EmployeeRequestTracker\\EmployeeRequestTrackerTest\\UnitTest1.cs:line 78\r\n   at InvokeStub_Tests.GetPassTest(Object, Span`1)\r\n\n1)    at EmployeeRequestTrackerTest.Tests.GetPassTest(Int32 id, String name, Int32 hid) in C:\\Users\\VC\\Documents\\Projects\\Intern100\\day 10 - Unit Testing, Constructor DI\\EmployeeRequestTracker\\EmployeeRequestTrackerTest\\UnitTest1.cs:line 78\r\n   at InvokeStub_Tests.GetPassTest(Object, Span`1)\r\n\n","DisplayName":"GetPassTest(2,\"Admin\",101)","Messages":[],"ComputerName":"C0RBBX3","Duration":"00:00:00.0222389","StartTime":"2024-04-23T12:02:43.7534629+00:00","EndTime":"2024-04-23T12:02:43.7757008+00:00","Properties":[{"Key":{"Id":"NUnit.Seed","Label":"Seed","Category":"","Description":"","Attributes":0,"ValueType":"System.String"},"Value":"96050612"}]}],"TestRunStatistics":{"ExecutedTests":5,"Stats":{"Passed":4,"Failed":1}},"ActiveTests":[]},"RunAttachments":[],"ExecutorUris":["executor://nunit3testexecutor/"]}}
TpTrace Verbose: 0 : 16352, 14, 2024/04/23, 17:32:43.872, 3685527383040, vstest.console.dll, TestRequestSender.EndSession: Sending end session.
TpTrace Verbose: 0 : 16352, 14, 2024/04/23, 17:32:43.872, 3685527384739, vstest.console.dll, ProxyOperationManager.Close: waiting for test host to exit for 100 ms
TpTrace Verbose: 0 : 16352, 13, 2024/04/23, 17:32:43.885, 3685527517217, vstest.console.dll, TestHostManagerCallbacks.ctor: Experimental forwarding output is disabled.
TpTrace Warning: 0 : 16352, 13, 2024/04/23, 17:32:43.885, 3685527518719, vstest.console.dll, TestHostManagerCallbacks.ErrorReceivedCallback Test host standard error line: 
TpTrace Verbose: 0 : 16352, 13, 2024/04/23, 17:32:43.893, 3685527600504, vstest.console.dll, TestHostProvider.ExitCallBack: Host exited starting callback.
TpTrace Information: 0 : 16352, 13, 2024/04/23, 17:32:43.894, 3685527602373, vstest.console.dll, TestHostManagerCallbacks.ExitCallBack: Testhost processId: 34224 exited with exitcode: 0 error: ''
TpTrace Verbose: 0 : 16352, 13, 2024/04/23, 17:32:43.894, 3685527602797, vstest.console.dll, DotnetTestHostManager.OnHostExited: invoking OnHostExited callback
TpTrace Verbose: 0 : 16352, 13, 2024/04/23, 17:32:43.894, 3685527603301, vstest.console.dll, CrossPlatEngine.TestHostManagerHostExited: calling on client process exit callback.
TpTrace Information: 0 : 16352, 13, 2024/04/23, 17:32:43.894, 3685527603864, vstest.console.dll, TestRequestSender.OnClientProcessExit: Test host process exited. Standard error: 
TpTrace Information: 0 : 16352, 13, 2024/04/23, 17:32:43.894, 3685527604221, vstest.console.dll, SocketServer.Stop: Stop server endPoint: 127.0.0.1:53377
TpTrace Information: 0 : 16352, 13, 2024/04/23, 17:32:43.894, 3685527604473, vstest.console.dll, SocketServer.Stop: Cancellation requested. Stopping message loop.
TpTrace Information: 0 : 16352, 14, 2024/04/23, 17:32:43.894, 3685527604520, vstest.console.dll, SocketServer.Stop: Stop server endPoint: 127.0.0.1:53377
TpTrace Verbose: 0 : 16352, 13, 2024/04/23, 17:32:43.894, 3685527605323, vstest.console.dll, MulticastDelegateUtilities.SafeInvoke: HostProviderEvents.OnHostExited: Invoking callback 1/1 for Microsoft.VisualStudio.TestPlatform.CrossPlatEngine.Client.ProxyOperationManager., took 0 ms.
TpTrace Information: 0 : 16352, 14, 2024/04/23, 17:32:43.894, 3685527605466, vstest.console.dll, SocketServer.Stop: Cancellation requested. Stopping message loop.
TpTrace Information: 0 : 16352, 14, 2024/04/23, 17:32:43.894, 3685527607082, vstest.console.dll, Closing the connection
TpTrace Verbose: 0 : 16352, 14, 2024/04/23, 17:32:43.894, 3685527608830, vstest.console.dll, ProxyDataCollectionManager.InvokeDataCollectionServiceAction: Starting.
TpTrace Information: 0 : 16352, 14, 2024/04/23, 17:32:43.894, 3685527609238, vstest.console.dll, ProxyDataCollectionManager.AfterTestRunEnd: Get attachment set and invoked data collectors processId: 12740 port: 53374
TpTrace Verbose: 0 : 16352, 14, 2024/04/23, 17:32:43.894, 3685527609750, vstest.console.dll, DataCollectionRequestSender.SendAfterTestRunStartAndGetResult: Send AfterTestRunEnd message with isCancelled: False
TpTrace Verbose: 0 : 16352, 14, 2024/04/23, 17:32:43.903, 3685527694628, vstest.console.dll, DataCollectionRequestSender.SendAfterTestRunStartAndGetResult: Received message: (DataCollection.AfterTestRunEndResult) -> {"MessageType":"DataCollection.AfterTestRunEndResult","Payload":{"AttachmentSets":[],"InvokedDataCollectors":[{"Uri":"datacollector://Microsoft/TestPlatform/Extensions/Blame/v1","FriendlyName":"Blame","AssemblyQualifiedName":"Microsoft.TestPlatform.Extensions.BlameDataCollector.BlameCollector, Microsoft.TestPlatform.Extensions.BlameDataCollector, Version=15.0.0.0, Culture=neutral, PublicKeyToken=b03f5f7f11d50a3a","FilePath":"C:\\Program Files\\dotnet\\sdk\\8.0.204\\Extensions\\Microsoft.TestPlatform.Extensions.BlameDataCollector.dll","HasAttachmentProcessor":false}],"Metrics":{}}}
TpTrace Information: 0 : 16352, 14, 2024/04/23, 17:32:43.908, 3685527745249, vstest.console.dll, ProxyDataCollectionManager.InvokeDataCollectionServiceAction: Completed.
TpTrace Warning: 0 : 16352, 11, 2024/04/23, 17:32:43.908, 3685527748126, vstest.console.dll, DataCollectionLauncher.ErrorReceivedCallback datacollector standard error line: 
TpTrace Information: 0 : 16352, 11, 2024/04/23, 17:32:43.914, 3685527808549, vstest.console.dll, DataCollectionLauncher.ExitCallBack: Data collector exited with exitcode: 0 error: ''
TpTrace Verbose: 0 : 16352, 14, 2024/04/23, 17:32:43.963, 3685528293183, vstest.console.dll, TestRunRequest:SendTestRunStatsChange: Starting.
TpTrace Verbose: 0 : 16352, 14, 2024/04/23, 17:32:43.963, 3685528295769, vstest.console.dll, MulticastDelegateUtilities.SafeInvoke: TestRun.RunStatsChanged: Invoking callbacks was skipped because there are no subscribers.
TpTrace Information: 0 : 16352, 14, 2024/04/23, 17:32:43.963, 3685528296224, vstest.console.dll, TestRunRequest:SendTestRunStatsChange: Completed.
TpTrace Verbose: 0 : 16352, 14, 2024/04/23, 17:32:43.963, 3685528298730, vstest.console.dll, ParallelProxyExecutionManager: HandlePartialRunComplete: Total workloads = 1, Total started clients = 1 Total completed clients = 1, Run complete = True, Run canceled: False.
TpTrace Verbose: 0 : 16352, 14, 2024/04/23, 17:32:43.963, 3685528299280, vstest.console.dll, ParallelProxyExecutionManager: HandlePartialRunComplete: All runs completed stopping all managers.
TpTrace Verbose: 0 : 16352, 14, 2024/04/23, 17:32:43.963, 3685528299619, vstest.console.dll, ParallelOperationManager.StopAllManagers: Stopping all managers.
TpTrace Verbose: 0 : 16352, 14, 2024/04/23, 17:32:43.963, 3685528299977, vstest.console.dll, ParallelOperationManager.ClearSlots: Clearing all slots. Slots should accept more work: False
TpTrace Verbose: 0 : 16352, 14, 2024/04/23, 17:32:43.963, 3685528300315, vstest.console.dll, ParallelOperationManager.SetOccupiedSlotCount: Setting slot counts AvailableSlotCount = 1, OccupiedSlotCount = 0.
TpTrace Verbose: 0 : 16352, 14, 2024/04/23, 17:32:43.963, 3685528300617, vstest.console.dll, Occupied slots:

TpTrace Verbose: 0 : 16352, 5, 2024/04/23, 17:32:43.964, 3685528309952, vstest.console.dll, MulticastDelegateUtilities.SafeInvoke: InternalTestLoggerEvents.SendTestResult: Invoking callback 1/1 for Microsoft.VisualStudio.TestPlatform.CommandLine.Internal.ConsoleLogger., took 1 ms.
TpTrace Verbose: 0 : 16352, 5, 2024/04/23, 17:32:43.965, 3685528312699, vstest.console.dll, MulticastDelegateUtilities.SafeInvoke: InternalTestLoggerEvents.SendTestResult: Invoking callback 1/1 for Microsoft.VisualStudio.TestPlatform.CommandLine.Internal.ConsoleLogger., took 0 ms.
TpTrace Verbose: 0 : 16352, 5, 2024/04/23, 17:32:43.965, 3685528313371, vstest.console.dll, MulticastDelegateUtilities.SafeInvoke: InternalTestLoggerEvents.SendTestResult: Invoking callback 1/1 for Microsoft.VisualStudio.TestPlatform.CommandLine.Internal.ConsoleLogger., took 0 ms.
TpTrace Verbose: 0 : 16352, 5, 2024/04/23, 17:32:43.965, 3685528313755, vstest.console.dll, MulticastDelegateUtilities.SafeInvoke: InternalTestLoggerEvents.SendTestResult: Invoking callback 1/1 for Microsoft.VisualStudio.TestPlatform.CommandLine.Internal.ConsoleLogger., took 0 ms.
TpTrace Verbose: 0 : 16352, 5, 2024/04/23, 17:32:43.965, 3685528319744, vstest.console.dll, MulticastDelegateUtilities.SafeInvoke: InternalTestLoggerEvents.SendTestResult: Invoking callback 1/1 for Microsoft.VisualStudio.TestPlatform.CommandLine.Internal.ConsoleLogger., took 0 ms.
TpTrace Verbose: 0 : 16352, 5, 2024/04/23, 17:32:43.970, 3685528363458, vstest.console.dll, MulticastDelegateUtilities.SafeInvoke: InternalTestLoggerEvents.SendTestRunComplete: Invoking callback 1/2 for Microsoft.TestPlatform.Extensions.BlameDataCollector.BlameLogger., took 0 ms.
TpTrace Verbose: 0 : 16352, 5, 2024/04/23, 17:32:43.973, 3685528400167, vstest.console.dll, MulticastDelegateUtilities.SafeInvoke: InternalTestLoggerEvents.SendTestRunComplete: Invoking callback 2/2 for Microsoft.VisualStudio.TestPlatform.CommandLine.Internal.ConsoleLogger., took 3 ms.
TpTrace Verbose: 0 : 16352, 14, 2024/04/23, 17:32:43.974, 3685528405035, vstest.console.dll, TestRunRequest:TestRunComplete: Starting. IsAborted:False IsCanceled:False.
TpTrace Verbose: 0 : 16352, 14, 2024/04/23, 17:32:43.974, 3685528406544, vstest.console.dll, ParallelOperationManager.DoActionOnAllManagers: Calling an action on all managers.
TpTrace Verbose: 0 : 16352, 14, 2024/04/23, 17:32:43.975, 3685528415635, vstest.console.dll, TestLoggerManager.HandleTestRunComplete: Ignoring as the object is disposed.
TpTrace Verbose: 0 : 16352, 14, 2024/04/23, 17:32:43.975, 3685528417444, vstest.console.dll, MulticastDelegateUtilities.SafeInvoke: TestRun.TestRunComplete: Invoking callback 1/2 for Microsoft.VisualStudio.TestPlatform.CommandLine.TestRunResultAggregator., took 0 ms.
TpTrace Verbose: 0 : 16352, 14, 2024/04/23, 17:32:43.975, 3685528418506, vstest.console.dll, MulticastDelegateUtilities.SafeInvoke: TestRun.TestRunComplete: Invoking callback 2/2 for Microsoft.VisualStudio.TestPlatform.CommandLine.Processors.RunTestsArgumentExecutor+TestRunRequestEventsRegistrar., took 0 ms.
TpTrace Information: 0 : 16352, 14, 2024/04/23, 17:32:43.975, 3685528419606, vstest.console.dll, TestRunRequest:TestRunComplete: Completed.
TpTrace Verbose: 0 : 16352, 14, 2024/04/23, 17:32:43.975, 3685528419990, vstest.console.dll, TestRequestSender.SetOperationComplete: Setting operation complete.
TpTrace Verbose: 0 : 16352, 1, 2024/04/23, 17:32:43.975, 3685528420116, vstest.console.dll, TestRunRequest.Dispose: Starting.
TpTrace Information: 0 : 16352, 1, 2024/04/23, 17:32:43.975, 3685528421125, vstest.console.dll, TestRunRequest.Dispose: Completed.
TpTrace Information: 0 : 16352, 1, 2024/04/23, 17:32:43.975, 3685528421520, vstest.console.dll, TestRequestManager.RunTests: run tests completed.
TpTrace Information: 0 : 16352, 14, 2024/04/23, 17:32:43.975, 3685528420273, vstest.console.dll, SocketServer.Stop: Stop server endPoint: 127.0.0.1:53377
TpTrace Information: 0 : 16352, 14, 2024/04/23, 17:32:43.976, 3685528422477, vstest.console.dll, SocketServer.Stop: Cancellation requested. Stopping message loop.
TpTrace Information: 0 : 16352, 1, 2024/04/23, 17:32:43.976, 3685528422166, vstest.console.dll, RunTestsArgumentProcessor:Execute: Test run is completed.
TpTrace Verbose: 0 : 16352, 14, 2024/04/23, 17:32:43.976, 3685528422878, vstest.console.dll, MulticastDelegateUtilities.SafeInvoke: LengthPrefixCommunicationChannel: MessageReceived: Invoking callback 1/1 for Microsoft.VisualStudio.TestPlatform.CommunicationUtilities.TestRequestSender+<>c__DisplayClass34_0., took 104 ms.
TpTrace Information: 0 : 16352, 14, 2024/04/23, 17:32:43.976, 3685528424612, vstest.console.dll, SocketServer.PrivateStop: Stopping server endPoint: 127.0.0.1:53377 error: 
TpTrace Verbose: 0 : 16352, 1, 2024/04/23, 17:32:43.976, 3685528425105, vstest.console.dll, Executor.Execute: Exiting with exit code of 1
TpTrace Verbose: 0 : 16352, 14, 2024/04/23, 17:32:43.976, 3685528429348, vstest.console.dll, LengthPrefixCommunicationChannel.Dispose: Dispose reader and writer.
