TpTrace Verbose: 0 : 728, 1, 2024/05/26, 16:49:11.182, 5815758589344, vstest.console.dll, Version: 17.9.0-release-24072-02 Current process architecture: X64
TpTrace Verbose: 0 : 728, 1, 2024/05/26, 16:49:11.187, 5815758640346, vstest.console.dll, Runtime location: C:\Program Files\dotnet\shared\Microsoft.NETCore.App\8.0.4
TpTrace Verbose: 0 : 728, 1, 2024/05/26, 16:49:11.192, 5815758691273, vstest.console.dll, ArtifactProcessingPostProcessModeProcessorExecutor.Initialize: ArtifactProcessingMode.Collect
TpTrace Verbose: 0 : 728, 1, 2024/05/26, 16:49:11.192, 5815758693599, vstest.console.dll, TestSessionCorrelationIdProcessorModeProcessorExecutor.Initialize: TestSessionCorrelationId '5988_d42799f3-b848-4c23-8a94-2341fc639b01'
TpTrace Information: 0 : 728, 1, 2024/05/26, 16:49:11.201, 5815758780935, vstest.console.dll, FilePatternParser: The given file C:\Users\VC\Documents\Projects\Intern100\day 25 Regions, Auth, DTOs, Error Models, API documentations\RequestTracker\RequestTrackerTesting\bin\Debug\net8.0\fine-code-coverage\build-output\RequestTrackerTesting.dll is a full path.
TpTrace Verbose: 0 : 728, 1, 2024/05/26, 16:49:11.214, 5815758913123, vstest.console.dll, TestPluginCache.DiscoverTestExtensions: finding test extensions in assemblies ends with: RuntimeProvider.dll TPluginInfo: Microsoft.VisualStudio.TestPlatform.Common.ExtensionFramework.Utilities.TestRuntimePluginInformation TExtension: Microsoft.VisualStudio.TestPlatform.ObjectModel.Host.ITestRuntimeProvider
TpTrace Verbose: 0 : 728, 1, 2024/05/26, 16:49:11.215, 5815758918254, vstest.console.dll, TestPluginCache.GetExtensionPaths: Filtered extension paths: 
TpTrace Verbose: 0 : 728, 1, 2024/05/26, 16:49:11.215, 5815758919853, vstest.console.dll, TestPluginCache.GetExtensionPaths: Added default extension paths: C:\Program Files\dotnet\sdk\8.0.204\Extensions\Microsoft.Diagnostics.NETCore.Client.dll
C:\Program Files\dotnet\sdk\8.0.204\Extensions\Microsoft.TestPlatform.Extensions.BlameDataCollector.dll
C:\Program Files\dotnet\sdk\8.0.204\Extensions\Microsoft.TestPlatform.Extensions.EventLogCollector.dll
C:\Program Files\dotnet\sdk\8.0.204\Extensions\Microsoft.TestPlatform.TestHostRuntimeProvider.dll
C:\Program Files\dotnet\sdk\8.0.204\Extensions\Microsoft.VisualStudio.TestPlatform.Extensions.Html.TestLogger.dll
C:\Program Files\dotnet\sdk\8.0.204\Extensions\Microsoft.VisualStudio.TestPlatform.Extensions.Trx.TestLogger.dll
TpTrace Verbose: 0 : 728, 1, 2024/05/26, 16:49:11.215, 5815758920304, vstest.console.dll, TestPluginCache.GetExtensionPaths: Added unfilterableExtensionPaths: 
TpTrace Information: 0 : 728, 1, 2024/05/26, 16:49:11.216, 5815758930559, vstest.console.dll, AssemblyResolver.ctor: Creating AssemblyResolver with searchDirectories C:\Program Files\dotnet\sdk\8.0.204\Extensions,C:\Program Files\dotnet\sdk\8.0.204
TpTrace Verbose: 0 : 728, 1, 2024/05/26, 16:49:11.219, 5815758957463, vstest.console.dll, TestPluginCache.DiscoverTestExtensions: Discovering the extensions using extension path.
TpTrace Verbose: 0 : 728, 1, 2024/05/26, 16:49:11.219, 5815758960415, vstest.console.dll, TestPluginCache.GetExtensionPaths: Filtered extension paths: 
TpTrace Verbose: 0 : 728, 1, 2024/05/26, 16:49:11.219, 5815758961436, vstest.console.dll, TestPluginCache.GetExtensionPaths: Added default extension paths: C:\Program Files\dotnet\sdk\8.0.204\Extensions\Microsoft.Diagnostics.NETCore.Client.dll
C:\Program Files\dotnet\sdk\8.0.204\Extensions\Microsoft.TestPlatform.Extensions.BlameDataCollector.dll
C:\Program Files\dotnet\sdk\8.0.204\Extensions\Microsoft.TestPlatform.Extensions.EventLogCollector.dll
C:\Program Files\dotnet\sdk\8.0.204\Extensions\Microsoft.TestPlatform.TestHostRuntimeProvider.dll
C:\Program Files\dotnet\sdk\8.0.204\Extensions\Microsoft.VisualStudio.TestPlatform.Extensions.Html.TestLogger.dll
C:\Program Files\dotnet\sdk\8.0.204\Extensions\Microsoft.VisualStudio.TestPlatform.Extensions.Trx.TestLogger.dll
TpTrace Verbose: 0 : 728, 1, 2024/05/26, 16:49:11.219, 5815758961848, vstest.console.dll, TestPluginCache.GetExtensionPaths: Added unfilterableExtensionPaths: 
TpTrace Verbose: 0 : 728, 1, 2024/05/26, 16:49:11.219, 5815758963298, vstest.console.dll, TestPluginCache.DiscoverTestExtensions: Discovering the extensions using allExtensionPaths: C:\Program Files\dotnet\sdk\8.0.204\Extensions\Microsoft.Diagnostics.NETCore.Client.dll
C:\Program Files\dotnet\sdk\8.0.204\Extensions\Microsoft.TestPlatform.Extensions.BlameDataCollector.dll
C:\Program Files\dotnet\sdk\8.0.204\Extensions\Microsoft.TestPlatform.Extensions.EventLogCollector.dll
C:\Program Files\dotnet\sdk\8.0.204\Extensions\Microsoft.TestPlatform.TestHostRuntimeProvider.dll
C:\Program Files\dotnet\sdk\8.0.204\Extensions\Microsoft.VisualStudio.TestPlatform.Extensions.Html.TestLogger.dll
C:\Program Files\dotnet\sdk\8.0.204\Extensions\Microsoft.VisualStudio.TestPlatform.Extensions.Trx.TestLogger.dll
TpTrace Information: 0 : 728, 1, 2024/05/26, 16:49:11.219, 5815758964921, vstest.console.dll, AssemblyResolver.AddSearchDirectories: Adding more searchDirectories C:\Program Files\dotnet\sdk\8.0.204\Extensions,C:\Program Files\dotnet\sdk\8.0.204
TpTrace Information: 0 : 728, 1, 2024/05/26, 16:49:11.219, 5815758965783, vstest.console.dll, AssemblyResolver.AddSearchDirectories: Adding more searchDirectories C:\Program Files\dotnet\sdk\8.0.204\Extensions,C:\Program Files\dotnet\sdk\8.0.204
TpTrace Information: 0 : 728, 1, 2024/05/26, 16:49:11.219, 5815758966644, vstest.console.dll, AssemblyResolver.AddSearchDirectories: Adding more searchDirectories C:\Program Files\dotnet\sdk\8.0.204\Extensions,C:\Program Files\dotnet\sdk\8.0.204
TpTrace Information: 0 : 728, 1, 2024/05/26, 16:49:11.219, 5815758967017, vstest.console.dll, AssemblyResolver.AddSearchDirectories: Adding more searchDirectories C:\Program Files\dotnet\sdk\8.0.204\Extensions,C:\Program Files\dotnet\sdk\8.0.204
TpTrace Information: 0 : 728, 1, 2024/05/26, 16:49:11.220, 5815758967385, vstest.console.dll, AssemblyResolver.AddSearchDirectories: Adding more searchDirectories C:\Program Files\dotnet\sdk\8.0.204\Extensions,C:\Program Files\dotnet\sdk\8.0.204
TpTrace Information: 0 : 728, 1, 2024/05/26, 16:49:11.220, 5815758968003, vstest.console.dll, AssemblyResolver.AddSearchDirectories: Adding more searchDirectories C:\Program Files\dotnet\sdk\8.0.204\Extensions,C:\Program Files\dotnet\sdk\8.0.204
TpTrace Information: 0 : 728, 1, 2024/05/26, 16:49:11.220, 5815758974630, vstest.console.dll, AssemblyResolver.OnResolve: Microsoft.Diagnostics.NETCore.Client: Resolving assembly.
TpTrace Information: 0 : 728, 1, 2024/05/26, 16:49:11.220, 5815758976107, vstest.console.dll, AssemblyResolver.OnResolve: Microsoft.Diagnostics.NETCore.Client: Searching in: 'C:\Program Files\dotnet\sdk\8.0.204\Extensions'.
TpTrace Information: 0 : 728, 1, 2024/05/26, 16:49:11.230, 5815759076059, vstest.console.dll, AssemblyResolver.OnResolve: Microsoft.Diagnostics.NETCore.Client: Loading assembly 'C:\Program Files\dotnet\sdk\8.0.204\Extensions\Microsoft.Diagnostics.NETCore.Client.dll'.
TpTrace Information: 0 : 728, 1, 2024/05/26, 16:49:11.233, 5815759106739, vstest.console.dll, AssemblyResolver.OnResolve: Resolved assembly: Microsoft.Diagnostics.NETCore.Client, from path: C:\Program Files\dotnet\sdk\8.0.204\Extensions\Microsoft.Diagnostics.NETCore.Client.dll
TpTrace Verbose: 0 : 728, 1, 2024/05/26, 16:49:11.239, 5815759160418, vstest.console.dll, MetadataReaderExtensionsHelper: Discovering extensions inside assembly 'Microsoft.Diagnostics.NETCore.Client, Version=0.2.9.2401, Culture=neutral, PublicKeyToken=31bf3856ad364e35' file path 'C:\Program Files\dotnet\sdk\8.0.204\Extensions\Microsoft.Diagnostics.NETCore.Client.dll'
TpTrace Information: 0 : 728, 1, 2024/05/26, 16:49:11.245, 5815759219470, vstest.console.dll, AssemblyResolver.OnResolve: Microsoft.Bcl.AsyncInterfaces: Resolving assembly.
TpTrace Information: 0 : 728, 1, 2024/05/26, 16:49:11.245, 5815759221044, vstest.console.dll, AssemblyResolver.OnResolve: Microsoft.Bcl.AsyncInterfaces: Searching in: 'C:\Program Files\dotnet\sdk\8.0.204\Extensions'.
TpTrace Information: 0 : 728, 1, 2024/05/26, 16:49:11.245, 5815759222314, vstest.console.dll, AssemblyResolver.OnResolve: Microsoft.Bcl.AsyncInterfaces: Assembly path does not exist: 'C:\Program Files\dotnet\sdk\8.0.204\Extensions\Microsoft.Bcl.AsyncInterfaces.dll', returning.
TpTrace Information: 0 : 728, 1, 2024/05/26, 16:49:11.245, 5815759223991, vstest.console.dll, AssemblyResolver.OnResolve: Microsoft.Bcl.AsyncInterfaces: Assembly path does not exist: 'C:\Program Files\dotnet\sdk\8.0.204\Extensions\Microsoft.Bcl.AsyncInterfaces.exe', returning.
TpTrace Information: 0 : 728, 1, 2024/05/26, 16:49:11.245, 5815759224540, vstest.console.dll, AssemblyResolver.OnResolve: Microsoft.Bcl.AsyncInterfaces: Searching in: 'C:\Program Files\dotnet\sdk\8.0.204'.
TpTrace Information: 0 : 728, 1, 2024/05/26, 16:49:11.245, 5815759225446, vstest.console.dll, AssemblyResolver.OnResolve: Microsoft.Bcl.AsyncInterfaces: Assembly path does not exist: 'C:\Program Files\dotnet\sdk\8.0.204\Microsoft.Bcl.AsyncInterfaces.dll', returning.
TpTrace Information: 0 : 728, 1, 2024/05/26, 16:49:11.245, 5815759226217, vstest.console.dll, AssemblyResolver.OnResolve: Microsoft.Bcl.AsyncInterfaces: Assembly path does not exist: 'C:\Program Files\dotnet\sdk\8.0.204\Microsoft.Bcl.AsyncInterfaces.exe', returning.
TpTrace Information: 0 : 728, 1, 2024/05/26, 16:49:11.245, 5815759226665, vstest.console.dll, AssemblyResolver.OnResolve: Microsoft.Bcl.AsyncInterfaces: Failed to load assembly.
TpTrace Verbose: 0 : 728, 1, 2024/05/26, 16:49:11.246, 5815759227334, vstest.console.dll, CurrentDomainAssemblyResolve: Resolving assembly 'Microsoft.Bcl.AsyncInterfaces'.
TpTrace Information: 0 : 728, 1, 2024/05/26, 16:49:11.246, 5815759228150, vstest.console.dll, AssemblyResolver.OnResolve: Microsoft.Bcl.AsyncInterfaces: Resolving assembly.
TpTrace Information: 0 : 728, 1, 2024/05/26, 16:49:11.246, 5815759228809, vstest.console.dll, AssemblyResolver.OnResolve: Microsoft.Bcl.AsyncInterfaces: Resolved from cache.
TpTrace Verbose: 0 : 728, 1, 2024/05/26, 16:49:11.246, 5815759229222, vstest.console.dll, CurrentDomainAssemblyResolve: Resolving assembly 'Microsoft.Bcl.AsyncInterfaces'.
TpTrace Verbose: 0 : 728, 1, 2024/05/26, 16:49:11.246, 5815759229728, vstest.console.dll, CurrentDomainAssemblyResolve: Failed to resolve assembly 'Microsoft.Bcl.AsyncInterfaces'.
TpTrace Verbose: 0 : 728, 1, 2024/05/26, 16:49:11.249, 5815759259968, vstest.console.dll, CurrentDomainAssemblyResolve: Failed to resolve assembly 'Microsoft.Bcl.AsyncInterfaces'.
TpTrace Warning: 0 : 728, 1, 2024/05/26, 16:49:11.268, 5815759447962, vstest.console.dll, TestPluginDiscoverer: Failed to get types from assembly 'Microsoft.Diagnostics.NETCore.Client, Version=0.2.9.2401, Culture=neutral, PublicKeyToken=31bf3856ad364e35'. Error: System.Reflection.ReflectionTypeLoadException: Unable to load one or more of the requested types.
Could not load file or assembly 'Microsoft.Bcl.AsyncInterfaces, Version=6.0.0.0, Culture=neutral, PublicKeyToken=cc7b13ffcd2ddd51'. The system cannot find the file specified.
   at System.Reflection.RuntimeModule.GetTypes(RuntimeModule module)
   at System.Reflection.RuntimeModule.GetTypes()
   at Microsoft.VisualStudio.TestPlatform.Common.ExtensionFramework.TestPluginDiscoverer.GetTestExtensionsFromAssembly[TPluginInfo,TExtension](Assembly assembly, Dictionary`2 pluginInfos, String filePath) in /_/src/Microsoft.TestPlatform.Common/ExtensionFramework/TestPluginDiscoverer.cs:line 158
System.IO.FileNotFoundException: Could not load file or assembly 'Microsoft.Bcl.AsyncInterfaces, Version=6.0.0.0, Culture=neutral, PublicKeyToken=cc7b13ffcd2ddd51'. The system cannot find the file specified.
File name: 'Microsoft.Bcl.AsyncInterfaces, Version=6.0.0.0, Culture=neutral, PublicKeyToken=cc7b13ffcd2ddd51'
 ---> System.IO.FileNotFoundException: Could not load file or assembly 'Microsoft.Bcl.AsyncInterfaces, Culture=neutral, PublicKeyToken=null'. The system cannot find the file specified.
File name: 'Microsoft.Bcl.AsyncInterfaces, Culture=neutral, PublicKeyToken=null'
   at System.Reflection.RuntimeAssembly.InternalLoad(AssemblyName assemblyName, StackCrawlMark& stackMark, AssemblyLoadContext assemblyLoadContext, RuntimeAssembly requestingAssembly, Boolean throwOnFileNotFound)
   at System.Reflection.Assembly.Load(AssemblyName assemblyRef)
   at Microsoft.VisualStudio.TestPlatform.Common.ExtensionFramework.TestPluginCache.CurrentDomainAssemblyResolve(Object sender, AssemblyResolveEventArgs args) in /_/src/Microsoft.TestPlatform.Common/ExtensionFramework/TestPluginCache.cs:line 513
   at System.Runtime.Loader.AssemblyLoadContext.GetFirstResolvedAssemblyFromResolvingEvent(AssemblyName assemblyName)
   at System.Runtime.Loader.AssemblyLoadContext.ResolveUsingEvent(AssemblyName assemblyName)
   at System.Runtime.Loader.AssemblyLoadContext.ResolveUsingResolvingEvent(IntPtr gchManagedAssemblyLoadContext, AssemblyName assemblyName)
TpTrace Warning: 0 : 728, 1, 2024/05/26, 16:49:11.268, 5815759452316, vstest.console.dll, LoaderExceptions: System.IO.FileNotFoundException: Could not load file or assembly 'Microsoft.Bcl.AsyncInterfaces, Version=6.0.0.0, Culture=neutral, PublicKeyToken=cc7b13ffcd2ddd51'. The system cannot find the file specified.
File name: 'Microsoft.Bcl.AsyncInterfaces, Version=6.0.0.0, Culture=neutral, PublicKeyToken=cc7b13ffcd2ddd51'
 ---> System.IO.FileNotFoundException: Could not load file or assembly 'Microsoft.Bcl.AsyncInterfaces, Culture=neutral, PublicKeyToken=null'. The system cannot find the file specified.
File name: 'Microsoft.Bcl.AsyncInterfaces, Culture=neutral, PublicKeyToken=null'
   at System.Reflection.RuntimeAssembly.InternalLoad(AssemblyName assemblyName, StackCrawlMark& stackMark, AssemblyLoadContext assemblyLoadContext, RuntimeAssembly requestingAssembly, Boolean throwOnFileNotFound)
   at System.Reflection.Assembly.Load(AssemblyName assemblyRef)
   at Microsoft.VisualStudio.TestPlatform.Common.ExtensionFramework.TestPluginCache.CurrentDomainAssemblyResolve(Object sender, AssemblyResolveEventArgs args) in /_/src/Microsoft.TestPlatform.Common/ExtensionFramework/TestPluginCache.cs:line 513
   at System.Runtime.Loader.AssemblyLoadContext.GetFirstResolvedAssemblyFromResolvingEvent(AssemblyName assemblyName)
   at System.Runtime.Loader.AssemblyLoadContext.ResolveUsingEvent(AssemblyName assemblyName)
   at System.Runtime.Loader.AssemblyLoadContext.ResolveUsingResolvingEvent(IntPtr gchManagedAssemblyLoadContext, AssemblyName assemblyName)
TpTrace Information: 0 : 728, 1, 2024/05/26, 16:49:11.268, 5815759454157, vstest.console.dll, AssemblyResolver.OnResolve: Microsoft.TestPlatform.Extensions.BlameDataCollector: Resolving assembly.
TpTrace Information: 0 : 728, 1, 2024/05/26, 16:49:11.268, 5815759454654, vstest.console.dll, AssemblyResolver.OnResolve: Microsoft.TestPlatform.Extensions.BlameDataCollector: Searching in: 'C:\Program Files\dotnet\sdk\8.0.204\Extensions'.
TpTrace Information: 0 : 728, 1, 2024/05/26, 16:49:11.269, 5815759462308, vstest.console.dll, AssemblyResolver.OnResolve: Microsoft.TestPlatform.Extensions.BlameDataCollector: Loading assembly 'C:\Program Files\dotnet\sdk\8.0.204\Extensions\Microsoft.TestPlatform.Extensions.BlameDataCollector.dll'.
TpTrace Information: 0 : 728, 1, 2024/05/26, 16:49:11.270, 5815759476044, vstest.console.dll, AssemblyResolver.OnResolve: Resolved assembly: Microsoft.TestPlatform.Extensions.BlameDataCollector, from path: C:\Program Files\dotnet\sdk\8.0.204\Extensions\Microsoft.TestPlatform.Extensions.BlameDataCollector.dll
TpTrace Verbose: 0 : 728, 1, 2024/05/26, 16:49:11.270, 5815759477207, vstest.console.dll, MetadataReaderExtensionsHelper: Discovering extensions inside assembly 'Microsoft.TestPlatform.Extensions.BlameDataCollector, Version=15.0.0.0, Culture=neutral, PublicKeyToken=b03f5f7f11d50a3a' file path 'C:\Program Files\dotnet\sdk\8.0.204\Extensions\Microsoft.TestPlatform.Extensions.BlameDataCollector.dll'
TpTrace Information: 0 : 728, 1, 2024/05/26, 16:49:11.273, 5815759500051, vstest.console.dll, AssemblyResolver.OnResolve: Microsoft.TestPlatform.Extensions.EventLogCollector: Resolving assembly.
TpTrace Information: 0 : 728, 1, 2024/05/26, 16:49:11.273, 5815759501265, vstest.console.dll, AssemblyResolver.OnResolve: Microsoft.TestPlatform.Extensions.EventLogCollector: Searching in: 'C:\Program Files\dotnet\sdk\8.0.204\Extensions'.
TpTrace Information: 0 : 728, 1, 2024/05/26, 16:49:11.274, 5815759509436, vstest.console.dll, AssemblyResolver.OnResolve: Microsoft.TestPlatform.Extensions.EventLogCollector: Loading assembly 'C:\Program Files\dotnet\sdk\8.0.204\Extensions\Microsoft.TestPlatform.Extensions.EventLogCollector.dll'.
TpTrace Information: 0 : 728, 1, 2024/05/26, 16:49:11.275, 5815759518238, vstest.console.dll, AssemblyResolver.OnResolve: Resolved assembly: Microsoft.TestPlatform.Extensions.EventLogCollector, from path: C:\Program Files\dotnet\sdk\8.0.204\Extensions\Microsoft.TestPlatform.Extensions.EventLogCollector.dll
TpTrace Verbose: 0 : 728, 1, 2024/05/26, 16:49:11.275, 5815759519394, vstest.console.dll, MetadataReaderExtensionsHelper: Discovering extensions inside assembly 'Microsoft.TestPlatform.Extensions.EventLogCollector, Version=15.0.0.0, Culture=neutral, PublicKeyToken=b03f5f7f11d50a3a' file path 'C:\Program Files\dotnet\sdk\8.0.204\Extensions\Microsoft.TestPlatform.Extensions.EventLogCollector.dll'
TpTrace Information: 0 : 728, 1, 2024/05/26, 16:49:11.279, 5815759557572, vstest.console.dll, AssemblyResolver.OnResolve: Microsoft.TestPlatform.TestHostRuntimeProvider: Resolving assembly.
TpTrace Information: 0 : 728, 1, 2024/05/26, 16:49:11.279, 5815759559038, vstest.console.dll, AssemblyResolver.OnResolve: Microsoft.TestPlatform.TestHostRuntimeProvider: Searching in: 'C:\Program Files\dotnet\sdk\8.0.204\Extensions'.
TpTrace Information: 0 : 728, 1, 2024/05/26, 16:49:11.279, 5815759566840, vstest.console.dll, AssemblyResolver.OnResolve: Microsoft.TestPlatform.TestHostRuntimeProvider: Loading assembly 'C:\Program Files\dotnet\sdk\8.0.204\Extensions\Microsoft.TestPlatform.TestHostRuntimeProvider.dll'.
TpTrace Information: 0 : 728, 1, 2024/05/26, 16:49:11.281, 5815759580816, vstest.console.dll, AssemblyResolver.OnResolve: Resolved assembly: Microsoft.TestPlatform.TestHostRuntimeProvider, from path: C:\Program Files\dotnet\sdk\8.0.204\Extensions\Microsoft.TestPlatform.TestHostRuntimeProvider.dll
TpTrace Verbose: 0 : 728, 1, 2024/05/26, 16:49:11.281, 5815759582050, vstest.console.dll, MetadataReaderExtensionsHelper: Discovering extensions inside assembly 'Microsoft.TestPlatform.TestHostRuntimeProvider, Version=15.0.0.0, Culture=neutral, PublicKeyToken=b03f5f7f11d50a3a' file path 'C:\Program Files\dotnet\sdk\8.0.204\Extensions\Microsoft.TestPlatform.TestHostRuntimeProvider.dll'
TpTrace Information: 0 : 728, 1, 2024/05/26, 16:49:11.283, 5815759602606, vstest.console.dll, GetTestExtensionFromType: Register extension with identifier data 'HostProvider://DefaultTestHost' and type 'Microsoft.VisualStudio.TestPlatform.CrossPlatEngine.Hosting.DefaultTestHostManager, Microsoft.TestPlatform.TestHostRuntimeProvider, Version=15.0.0.0, Culture=neutral, PublicKeyToken=b03f5f7f11d50a3a' inside file 'C:\Program Files\dotnet\sdk\8.0.204\Extensions\Microsoft.TestPlatform.TestHostRuntimeProvider.dll'
TpTrace Information: 0 : 728, 1, 2024/05/26, 16:49:11.283, 5815759605561, vstest.console.dll, GetTestExtensionFromType: Register extension with identifier data 'HostProvider://DotnetTestHost' and type 'Microsoft.VisualStudio.TestPlatform.CrossPlatEngine.Hosting.DotnetTestHostManager, Microsoft.TestPlatform.TestHostRuntimeProvider, Version=15.0.0.0, Culture=neutral, PublicKeyToken=b03f5f7f11d50a3a' inside file 'C:\Program Files\dotnet\sdk\8.0.204\Extensions\Microsoft.TestPlatform.TestHostRuntimeProvider.dll'
TpTrace Information: 0 : 728, 1, 2024/05/26, 16:49:11.283, 5815759606566, vstest.console.dll, AssemblyResolver.OnResolve: Microsoft.VisualStudio.TestPlatform.Extensions.Html.TestLogger: Resolving assembly.
TpTrace Information: 0 : 728, 1, 2024/05/26, 16:49:11.283, 5815759606949, vstest.console.dll, AssemblyResolver.OnResolve: Microsoft.VisualStudio.TestPlatform.Extensions.Html.TestLogger: Searching in: 'C:\Program Files\dotnet\sdk\8.0.204\Extensions'.
TpTrace Information: 0 : 728, 1, 2024/05/26, 16:49:11.284, 5815759612160, vstest.console.dll, AssemblyResolver.OnResolve: Microsoft.VisualStudio.TestPlatform.Extensions.Html.TestLogger: Loading assembly 'C:\Program Files\dotnet\sdk\8.0.204\Extensions\Microsoft.VisualStudio.TestPlatform.Extensions.Html.TestLogger.dll'.
TpTrace Information: 0 : 728, 1, 2024/05/26, 16:49:11.285, 5815759621779, vstest.console.dll, AssemblyResolver.OnResolve: Resolved assembly: Microsoft.VisualStudio.TestPlatform.Extensions.Html.TestLogger, from path: C:\Program Files\dotnet\sdk\8.0.204\Extensions\Microsoft.VisualStudio.TestPlatform.Extensions.Html.TestLogger.dll
TpTrace Verbose: 0 : 728, 1, 2024/05/26, 16:49:11.285, 5815759622727, vstest.console.dll, MetadataReaderExtensionsHelper: Discovering extensions inside assembly 'Microsoft.VisualStudio.TestPlatform.Extensions.Html.TestLogger, Version=15.0.0.0, Culture=neutral, PublicKeyToken=b03f5f7f11d50a3a' file path 'C:\Program Files\dotnet\sdk\8.0.204\Extensions\Microsoft.VisualStudio.TestPlatform.Extensions.Html.TestLogger.dll'
TpTrace Information: 0 : 728, 1, 2024/05/26, 16:49:11.286, 5815759631393, vstest.console.dll, AssemblyResolver.OnResolve: Microsoft.VisualStudio.TestPlatform.Extensions.Trx.TestLogger: Resolving assembly.
TpTrace Information: 0 : 728, 1, 2024/05/26, 16:49:11.286, 5815759632046, vstest.console.dll, AssemblyResolver.OnResolve: Microsoft.VisualStudio.TestPlatform.Extensions.Trx.TestLogger: Searching in: 'C:\Program Files\dotnet\sdk\8.0.204\Extensions'.
TpTrace Information: 0 : 728, 1, 2024/05/26, 16:49:11.287, 5815759638583, vstest.console.dll, AssemblyResolver.OnResolve: Microsoft.VisualStudio.TestPlatform.Extensions.Trx.TestLogger: Loading assembly 'C:\Program Files\dotnet\sdk\8.0.204\Extensions\Microsoft.VisualStudio.TestPlatform.Extensions.Trx.TestLogger.dll'.
TpTrace Information: 0 : 728, 1, 2024/05/26, 16:49:11.288, 5815759651789, vstest.console.dll, AssemblyResolver.OnResolve: Resolved assembly: Microsoft.VisualStudio.TestPlatform.Extensions.Trx.TestLogger, from path: C:\Program Files\dotnet\sdk\8.0.204\Extensions\Microsoft.VisualStudio.TestPlatform.Extensions.Trx.TestLogger.dll
TpTrace Verbose: 0 : 728, 1, 2024/05/26, 16:49:11.288, 5815759652581, vstest.console.dll, MetadataReaderExtensionsHelper: Discovering extensions inside assembly 'Microsoft.VisualStudio.TestPlatform.Extensions.Trx.TestLogger, Version=15.0.0.0, Culture=neutral, PublicKeyToken=b03f5f7f11d50a3a' file path 'C:\Program Files\dotnet\sdk\8.0.204\Extensions\Microsoft.VisualStudio.TestPlatform.Extensions.Trx.TestLogger.dll'
TpTrace Verbose: 0 : 728, 1, 2024/05/26, 16:49:11.289, 5815759667097, vstest.console.dll, TestPluginCache: Discovered the extensions using extension path ''.
TpTrace Verbose: 0 : 728, 1, 2024/05/26, 16:49:11.290, 5815759668106, vstest.console.dll, TestPluginCache: Discoverers are ''.
TpTrace Verbose: 0 : 728, 1, 2024/05/26, 16:49:11.290, 5815759668472, vstest.console.dll, TestPluginCache: Executors are ''.
TpTrace Verbose: 0 : 728, 1, 2024/05/26, 16:49:11.290, 5815759668852, vstest.console.dll, TestPluginCache: Executors2 are ''.
TpTrace Verbose: 0 : 728, 1, 2024/05/26, 16:49:11.290, 5815759669140, vstest.console.dll, TestPluginCache: Setting providers are ''.
TpTrace Verbose: 0 : 728, 1, 2024/05/26, 16:49:11.290, 5815759669407, vstest.console.dll, TestPluginCache: Loggers are ''.
TpTrace Verbose: 0 : 728, 1, 2024/05/26, 16:49:11.290, 5815759671154, vstest.console.dll, TestPluginCache: TestHosts are 'HostProvider://DefaultTestHost,HostProvider://DotnetTestHost'.
TpTrace Verbose: 0 : 728, 1, 2024/05/26, 16:49:11.290, 5815759671571, vstest.console.dll, TestPluginCache: DataCollectors are ''.
TpTrace Information: 0 : 728, 1, 2024/05/26, 16:49:11.317, 5815759940028, vstest.console.dll, RunTestsArgumentProcessor:Execute: Test run is starting.
TpTrace Verbose: 0 : 728, 1, 2024/05/26, 16:49:11.317, 5815759941561, vstest.console.dll, RunTestsArgumentProcessor:Execute: Queuing Test run.
TpTrace Information: 0 : 728, 1, 2024/05/26, 16:49:11.317, 5815759947104, vstest.console.dll, TestRequestManager.RunTests: run tests started.
TpTrace Information: 0 : 728, 1, 2024/05/26, 16:49:11.319, 5815759965562, vstest.console.dll, AssemblyMetadataProvider.GetFrameworkName: Determined framework:'.NETCoreApp,Version=v8.0' for source: 'C:\Users\VC\Documents\Projects\Intern100\day 25 Regions, Auth, DTOs, Error Models, API documentations\RequestTracker\RequestTrackerTesting\bin\Debug\net8.0\fine-code-coverage\build-output\RequestTrackerTesting.dll'
TpTrace Information: 0 : 728, 1, 2024/05/26, 16:49:11.320, 5815759967992, vstest.console.dll, Determined framework for all sources: .NETCoreApp,Version=v8.0
TpTrace Verbose: 0 : 728, 1, 2024/05/26, 16:49:11.320, 5815759972986, vstest.console.dll, TestRequestManager.UpdateRunSettingsIfRequired: Default architecture: X64 IsDefaultTargetArchitecture: True, Current process architecture: X64 OperatingSystem: Windows.
TpTrace Information: 0 : 728, 1, 2024/05/26, 16:49:11.323, 5815759998520, vstest.console.dll, AssemblyMetadataProvider.GetArchitecture: Determined architecture:AnyCPU info for assembly: C:\Users\VC\Documents\Projects\Intern100\day 25 Regions, Auth, DTOs, Error Models, API documentations\RequestTracker\RequestTrackerTesting\bin\Debug\net8.0\fine-code-coverage\build-output\RequestTrackerTesting.dll
TpTrace Information: 0 : 728, 1, 2024/05/26, 16:49:11.323, 5815759999458, vstest.console.dll, Determined platform for source 'C:\Users\VC\Documents\Projects\Intern100\day 25 Regions, Auth, DTOs, Error Models, API documentations\RequestTracker\RequestTrackerTesting\bin\Debug\net8.0\fine-code-coverage\build-output\RequestTrackerTesting.dll' was AnyCPU and it will use the default plaform X64.
TpTrace Information: 0 : 728, 1, 2024/05/26, 16:49:11.323, 5815759999918, vstest.console.dll, None of the sources provided any runnable platform, using the default platform: X64
TpTrace Information: 0 : 728, 1, 2024/05/26, 16:49:11.323, 5815760001296, vstest.console.dll, Platform was updated to 'X64'.
TpTrace Information: 0 : 728, 1, 2024/05/26, 16:49:11.329, 5815760062877, vstest.console.dll, InferRunSettingsHelper.IsTestSettingsEnabled: Unable to navigate to RunSettings/MSTest. Current node: RunSettings
TpTrace Information: 0 : 728, 1, 2024/05/26, 16:49:11.330, 5815760073631, vstest.console.dll, AssemblyResolver.OnResolve: Microsoft.VisualStudio.TestPlatform.Fakes: Resolving assembly.
TpTrace Information: 0 : 728, 1, 2024/05/26, 16:49:11.330, 5815760075054, vstest.console.dll, AssemblyResolver.OnResolve: Microsoft.VisualStudio.TestPlatform.Fakes: Searching in: 'C:\Program Files\dotnet\sdk\8.0.204\Extensions'.
TpTrace Information: 0 : 728, 1, 2024/05/26, 16:49:11.330, 5815760076861, vstest.console.dll, AssemblyResolver.OnResolve: Microsoft.VisualStudio.TestPlatform.Fakes: Assembly path does not exist: 'C:\Program Files\dotnet\sdk\8.0.204\Extensions\Microsoft.VisualStudio.TestPlatform.Fakes.dll', returning.
TpTrace Information: 0 : 728, 1, 2024/05/26, 16:49:11.331, 5815760078265, vstest.console.dll, AssemblyResolver.OnResolve: Microsoft.VisualStudio.TestPlatform.Fakes: Assembly path does not exist: 'C:\Program Files\dotnet\sdk\8.0.204\Extensions\Microsoft.VisualStudio.TestPlatform.Fakes.exe', returning.
TpTrace Information: 0 : 728, 1, 2024/05/26, 16:49:11.331, 5815760078786, vstest.console.dll, AssemblyResolver.OnResolve: Microsoft.VisualStudio.TestPlatform.Fakes: Searching in: 'C:\Program Files\dotnet\sdk\8.0.204'.
TpTrace Information: 0 : 728, 1, 2024/05/26, 16:49:11.331, 5815760079800, vstest.console.dll, AssemblyResolver.OnResolve: Microsoft.VisualStudio.TestPlatform.Fakes: Assembly path does not exist: 'C:\Program Files\dotnet\sdk\8.0.204\Microsoft.VisualStudio.TestPlatform.Fakes.dll', returning.
TpTrace Information: 0 : 728, 1, 2024/05/26, 16:49:11.331, 5815760080726, vstest.console.dll, AssemblyResolver.OnResolve: Microsoft.VisualStudio.TestPlatform.Fakes: Assembly path does not exist: 'C:\Program Files\dotnet\sdk\8.0.204\Microsoft.VisualStudio.TestPlatform.Fakes.exe', returning.
TpTrace Information: 0 : 728, 1, 2024/05/26, 16:49:11.331, 5815760081333, vstest.console.dll, AssemblyResolver.OnResolve: Microsoft.VisualStudio.TestPlatform.Fakes: Failed to load assembly.
TpTrace Information: 0 : 728, 1, 2024/05/26, 16:49:11.331, 5815760086236, vstest.console.dll, Failed to load assembly Microsoft.VisualStudio.TestPlatform.Fakes, Version=17.0.0.0, Culture=neutral. Reason:System.IO.FileNotFoundException: Could not load file or assembly 'Microsoft.VisualStudio.TestPlatform.Fakes, Version=17.0.0.0, Culture=neutral, PublicKeyToken=null'. The system cannot find the file specified.
File name: 'Microsoft.VisualStudio.TestPlatform.Fakes, Version=17.0.0.0, Culture=neutral, PublicKeyToken=null'
   at System.Reflection.RuntimeAssembly.InternalLoad(AssemblyName assemblyName, StackCrawlMark& stackMark, AssemblyLoadContext assemblyLoadContext, RuntimeAssembly requestingAssembly, Boolean throwOnFileNotFound)
   at System.Reflection.Assembly.Load(AssemblyName assemblyRef)
   at Microsoft.VisualStudio.TestPlatform.Common.Utilities.FakesUtilities.LoadTestPlatformAssembly() in /_/src/Microsoft.TestPlatform.Common/Utilities/FakesUtilities.cs:line 272
TpTrace Verbose: 0 : 728, 1, 2024/05/26, 16:49:11.337, 5815760140262, vstest.console.dll, TestPluginCache.DiscoverTestExtensions: finding test extensions in assemblies ends with: TestLogger.dll TPluginInfo: Microsoft.VisualStudio.TestPlatform.Common.ExtensionFramework.Utilities.TestLoggerPluginInformation TExtension: Microsoft.VisualStudio.TestPlatform.ObjectModel.Client.ITestLogger
TpTrace Verbose: 0 : 728, 1, 2024/05/26, 16:49:11.337, 5815760142244, vstest.console.dll, TestPluginCache.GetExtensionPaths: Filtered extension paths: 
TpTrace Verbose: 0 : 728, 1, 2024/05/26, 16:49:11.337, 5815760142932, vstest.console.dll, TestPluginCache.GetExtensionPaths: Added default extension paths: C:\Program Files\dotnet\sdk\8.0.204\Extensions\Microsoft.Diagnostics.NETCore.Client.dll
C:\Program Files\dotnet\sdk\8.0.204\Extensions\Microsoft.TestPlatform.Extensions.BlameDataCollector.dll
C:\Program Files\dotnet\sdk\8.0.204\Extensions\Microsoft.TestPlatform.Extensions.EventLogCollector.dll
C:\Program Files\dotnet\sdk\8.0.204\Extensions\Microsoft.TestPlatform.TestHostRuntimeProvider.dll
C:\Program Files\dotnet\sdk\8.0.204\Extensions\Microsoft.VisualStudio.TestPlatform.Extensions.Html.TestLogger.dll
C:\Program Files\dotnet\sdk\8.0.204\Extensions\Microsoft.VisualStudio.TestPlatform.Extensions.Trx.TestLogger.dll
TpTrace Verbose: 0 : 728, 1, 2024/05/26, 16:49:11.337, 5815760143415, vstest.console.dll, TestPluginCache.GetExtensionPaths: Added unfilterableExtensionPaths: 
TpTrace Information: 0 : 728, 1, 2024/05/26, 16:49:11.337, 5815760146031, vstest.console.dll, AssemblyResolver.AddSearchDirectories: Adding more searchDirectories C:\Program Files\dotnet\sdk\8.0.204\Extensions,C:\Program Files\dotnet\sdk\8.0.204
TpTrace Verbose: 0 : 728, 1, 2024/05/26, 16:49:11.337, 5815760147061, vstest.console.dll, TestPluginCache.DiscoverTestExtensions: Discovering the extensions using extension path.
TpTrace Verbose: 0 : 728, 1, 2024/05/26, 16:49:11.338, 5815760147673, vstest.console.dll, TestPluginCache.GetExtensionPaths: Filtered extension paths: 
TpTrace Verbose: 0 : 728, 1, 2024/05/26, 16:49:11.338, 5815760148303, vstest.console.dll, TestPluginCache.GetExtensionPaths: Added default extension paths: C:\Program Files\dotnet\sdk\8.0.204\Extensions\Microsoft.Diagnostics.NETCore.Client.dll
C:\Program Files\dotnet\sdk\8.0.204\Extensions\Microsoft.TestPlatform.Extensions.BlameDataCollector.dll
C:\Program Files\dotnet\sdk\8.0.204\Extensions\Microsoft.TestPlatform.Extensions.EventLogCollector.dll
C:\Program Files\dotnet\sdk\8.0.204\Extensions\Microsoft.TestPlatform.TestHostRuntimeProvider.dll
C:\Program Files\dotnet\sdk\8.0.204\Extensions\Microsoft.VisualStudio.TestPlatform.Extensions.Html.TestLogger.dll
C:\Program Files\dotnet\sdk\8.0.204\Extensions\Microsoft.VisualStudio.TestPlatform.Extensions.Trx.TestLogger.dll
TpTrace Verbose: 0 : 728, 1, 2024/05/26, 16:49:11.338, 5815760148784, vstest.console.dll, TestPluginCache.GetExtensionPaths: Added unfilterableExtensionPaths: 
TpTrace Verbose: 0 : 728, 1, 2024/05/26, 16:49:11.338, 5815760149345, vstest.console.dll, TestPluginCache.DiscoverTestExtensions: Discovering the extensions using allExtensionPaths: C:\Program Files\dotnet\sdk\8.0.204\Extensions\Microsoft.Diagnostics.NETCore.Client.dll
C:\Program Files\dotnet\sdk\8.0.204\Extensions\Microsoft.TestPlatform.Extensions.BlameDataCollector.dll
C:\Program Files\dotnet\sdk\8.0.204\Extensions\Microsoft.TestPlatform.Extensions.EventLogCollector.dll
C:\Program Files\dotnet\sdk\8.0.204\Extensions\Microsoft.TestPlatform.TestHostRuntimeProvider.dll
C:\Program Files\dotnet\sdk\8.0.204\Extensions\Microsoft.VisualStudio.TestPlatform.Extensions.Html.TestLogger.dll
C:\Program Files\dotnet\sdk\8.0.204\Extensions\Microsoft.VisualStudio.TestPlatform.Extensions.Trx.TestLogger.dll
TpTrace Information: 0 : 728, 1, 2024/05/26, 16:49:11.338, 5815760150220, vstest.console.dll, AssemblyResolver.AddSearchDirectories: Adding more searchDirectories C:\Program Files\dotnet\sdk\8.0.204\Extensions,C:\Program Files\dotnet\sdk\8.0.204
TpTrace Information: 0 : 728, 1, 2024/05/26, 16:49:11.338, 5815760150770, vstest.console.dll, AssemblyResolver.AddSearchDirectories: Adding more searchDirectories C:\Program Files\dotnet\sdk\8.0.204\Extensions,C:\Program Files\dotnet\sdk\8.0.204
TpTrace Information: 0 : 728, 1, 2024/05/26, 16:49:11.338, 5815760151090, vstest.console.dll, AssemblyResolver.AddSearchDirectories: Adding more searchDirectories C:\Program Files\dotnet\sdk\8.0.204\Extensions,C:\Program Files\dotnet\sdk\8.0.204
TpTrace Information: 0 : 728, 1, 2024/05/26, 16:49:11.338, 5815760151392, vstest.console.dll, AssemblyResolver.AddSearchDirectories: Adding more searchDirectories C:\Program Files\dotnet\sdk\8.0.204\Extensions,C:\Program Files\dotnet\sdk\8.0.204
TpTrace Information: 0 : 728, 1, 2024/05/26, 16:49:11.338, 5815760151751, vstest.console.dll, AssemblyResolver.AddSearchDirectories: Adding more searchDirectories C:\Program Files\dotnet\sdk\8.0.204\Extensions,C:\Program Files\dotnet\sdk\8.0.204
TpTrace Information: 0 : 728, 1, 2024/05/26, 16:49:11.338, 5815760152200, vstest.console.dll, AssemblyResolver.AddSearchDirectories: Adding more searchDirectories C:\Program Files\dotnet\sdk\8.0.204\Extensions,C:\Program Files\dotnet\sdk\8.0.204
TpTrace Verbose: 0 : 728, 1, 2024/05/26, 16:49:11.338, 5815760153894, vstest.console.dll, MetadataReaderExtensionsHelper: Discovering extensions inside assembly 'Microsoft.Diagnostics.NETCore.Client, Version=0.2.9.2401, Culture=neutral, PublicKeyToken=31bf3856ad364e35' file path 'C:\Program Files\dotnet\sdk\8.0.204\Extensions\Microsoft.Diagnostics.NETCore.Client.dll'
TpTrace Information: 0 : 728, 1, 2024/05/26, 16:49:11.339, 5815760164147, vstest.console.dll, AssemblyResolver.OnResolve: Microsoft.Bcl.AsyncInterfaces: Resolving assembly.
TpTrace Information: 0 : 728, 1, 2024/05/26, 16:49:11.339, 5815760165397, vstest.console.dll, AssemblyResolver.OnResolve: Microsoft.Bcl.AsyncInterfaces: Resolved from cache.
TpTrace Verbose: 0 : 728, 1, 2024/05/26, 16:49:11.339, 5815760166146, vstest.console.dll, CurrentDomainAssemblyResolve: Resolving assembly 'Microsoft.Bcl.AsyncInterfaces'.
TpTrace Information: 0 : 728, 1, 2024/05/26, 16:49:11.339, 5815760166902, vstest.console.dll, AssemblyResolver.OnResolve: Microsoft.Bcl.AsyncInterfaces: Resolving assembly.
TpTrace Information: 0 : 728, 1, 2024/05/26, 16:49:11.340, 5815760167366, vstest.console.dll, AssemblyResolver.OnResolve: Microsoft.Bcl.AsyncInterfaces: Resolved from cache.
TpTrace Verbose: 0 : 728, 1, 2024/05/26, 16:49:11.340, 5815760167851, vstest.console.dll, CurrentDomainAssemblyResolve: Resolving assembly 'Microsoft.Bcl.AsyncInterfaces'.
TpTrace Verbose: 0 : 728, 1, 2024/05/26, 16:49:11.340, 5815760168275, vstest.console.dll, CurrentDomainAssemblyResolve: Failed to resolve assembly 'Microsoft.Bcl.AsyncInterfaces'.
TpTrace Verbose: 0 : 728, 1, 2024/05/26, 16:49:11.341, 5815760186238, vstest.console.dll, CurrentDomainAssemblyResolve: Failed to resolve assembly 'Microsoft.Bcl.AsyncInterfaces'.
TpTrace Warning: 0 : 728, 1, 2024/05/26, 16:49:11.342, 5815760193036, vstest.console.dll, TestPluginDiscoverer: Failed to get types from assembly 'Microsoft.Diagnostics.NETCore.Client, Version=0.2.9.2401, Culture=neutral, PublicKeyToken=31bf3856ad364e35'. Error: System.Reflection.ReflectionTypeLoadException: Unable to load one or more of the requested types.
Could not load file or assembly 'Microsoft.Bcl.AsyncInterfaces, Version=6.0.0.0, Culture=neutral, PublicKeyToken=cc7b13ffcd2ddd51'. The system cannot find the file specified.
   at System.Reflection.RuntimeModule.GetTypes(RuntimeModule module)
   at System.Reflection.RuntimeModule.GetTypes()
   at Microsoft.VisualStudio.TestPlatform.Common.ExtensionFramework.TestPluginDiscoverer.GetTestExtensionsFromAssembly[TPluginInfo,TExtension](Assembly assembly, Dictionary`2 pluginInfos, String filePath) in /_/src/Microsoft.TestPlatform.Common/ExtensionFramework/TestPluginDiscoverer.cs:line 158
System.IO.FileNotFoundException: Could not load file or assembly 'Microsoft.Bcl.AsyncInterfaces, Version=6.0.0.0, Culture=neutral, PublicKeyToken=cc7b13ffcd2ddd51'. The system cannot find the file specified.
File name: 'Microsoft.Bcl.AsyncInterfaces, Version=6.0.0.0, Culture=neutral, PublicKeyToken=cc7b13ffcd2ddd51'
 ---> System.IO.FileNotFoundException: Could not load file or assembly 'Microsoft.Bcl.AsyncInterfaces, Culture=neutral, PublicKeyToken=null'. The system cannot find the file specified.
File name: 'Microsoft.Bcl.AsyncInterfaces, Culture=neutral, PublicKeyToken=null'
   at System.Reflection.RuntimeAssembly.InternalLoad(AssemblyName assemblyName, StackCrawlMark& stackMark, AssemblyLoadContext assemblyLoadContext, RuntimeAssembly requestingAssembly, Boolean throwOnFileNotFound)
   at System.Reflection.Assembly.Load(AssemblyName assemblyRef)
   at Microsoft.VisualStudio.TestPlatform.Common.ExtensionFramework.TestPluginCache.CurrentDomainAssemblyResolve(Object sender, AssemblyResolveEventArgs args) in /_/src/Microsoft.TestPlatform.Common/ExtensionFramework/TestPluginCache.cs:line 513
   at System.Runtime.Loader.AssemblyLoadContext.GetFirstResolvedAssemblyFromResolvingEvent(AssemblyName assemblyName)
   at System.Runtime.Loader.AssemblyLoadContext.ResolveUsingEvent(AssemblyName assemblyName)
   at System.Runtime.Loader.AssemblyLoadContext.ResolveUsingResolvingEvent(IntPtr gchManagedAssemblyLoadContext, AssemblyName assemblyName)
TpTrace Warning: 0 : 728, 1, 2024/05/26, 16:49:11.342, 5815760196152, vstest.console.dll, LoaderExceptions: System.IO.FileNotFoundException: Could not load file or assembly 'Microsoft.Bcl.AsyncInterfaces, Version=6.0.0.0, Culture=neutral, PublicKeyToken=cc7b13ffcd2ddd51'. The system cannot find the file specified.
File name: 'Microsoft.Bcl.AsyncInterfaces, Version=6.0.0.0, Culture=neutral, PublicKeyToken=cc7b13ffcd2ddd51'
 ---> System.IO.FileNotFoundException: Could not load file or assembly 'Microsoft.Bcl.AsyncInterfaces, Culture=neutral, PublicKeyToken=null'. The system cannot find the file specified.
File name: 'Microsoft.Bcl.AsyncInterfaces, Culture=neutral, PublicKeyToken=null'
   at System.Reflection.RuntimeAssembly.InternalLoad(AssemblyName assemblyName, StackCrawlMark& stackMark, AssemblyLoadContext assemblyLoadContext, RuntimeAssembly requestingAssembly, Boolean throwOnFileNotFound)
   at System.Reflection.Assembly.Load(AssemblyName assemblyRef)
   at Microsoft.VisualStudio.TestPlatform.Common.ExtensionFramework.TestPluginCache.CurrentDomainAssemblyResolve(Object sender, AssemblyResolveEventArgs args) in /_/src/Microsoft.TestPlatform.Common/ExtensionFramework/TestPluginCache.cs:line 513
   at System.Runtime.Loader.AssemblyLoadContext.GetFirstResolvedAssemblyFromResolvingEvent(AssemblyName assemblyName)
   at System.Runtime.Loader.AssemblyLoadContext.ResolveUsingEvent(AssemblyName assemblyName)
   at System.Runtime.Loader.AssemblyLoadContext.ResolveUsingResolvingEvent(IntPtr gchManagedAssemblyLoadContext, AssemblyName assemblyName)
TpTrace Verbose: 0 : 728, 1, 2024/05/26, 16:49:11.343, 5815760197798, vstest.console.dll, MetadataReaderExtensionsHelper: Discovering extensions inside assembly 'Microsoft.TestPlatform.Extensions.BlameDataCollector, Version=15.0.0.0, Culture=neutral, PublicKeyToken=b03f5f7f11d50a3a' file path 'C:\Program Files\dotnet\sdk\8.0.204\Extensions\Microsoft.TestPlatform.Extensions.BlameDataCollector.dll'
TpTrace Information: 0 : 728, 1, 2024/05/26, 16:49:11.343, 5815760206368, vstest.console.dll, GetTestExtensionFromType: Register extension with identifier data 'logger://Microsoft/TestPlatform/Extensions/Blame/v1' and type 'Microsoft.TestPlatform.Extensions.BlameDataCollector.BlameLogger, Microsoft.TestPlatform.Extensions.BlameDataCollector, Version=15.0.0.0, Culture=neutral, PublicKeyToken=b03f5f7f11d50a3a' inside file 'C:\Program Files\dotnet\sdk\8.0.204\Extensions\Microsoft.TestPlatform.Extensions.BlameDataCollector.dll'
TpTrace Verbose: 0 : 728, 1, 2024/05/26, 16:49:11.344, 5815760207467, vstest.console.dll, MetadataReaderExtensionsHelper: Discovering extensions inside assembly 'Microsoft.TestPlatform.Extensions.EventLogCollector, Version=15.0.0.0, Culture=neutral, PublicKeyToken=b03f5f7f11d50a3a' file path 'C:\Program Files\dotnet\sdk\8.0.204\Extensions\Microsoft.TestPlatform.Extensions.EventLogCollector.dll'
TpTrace Verbose: 0 : 728, 1, 2024/05/26, 16:49:11.344, 5815760211324, vstest.console.dll, MetadataReaderExtensionsHelper: Discovering extensions inside assembly 'Microsoft.TestPlatform.TestHostRuntimeProvider, Version=15.0.0.0, Culture=neutral, PublicKeyToken=b03f5f7f11d50a3a' file path 'C:\Program Files\dotnet\sdk\8.0.204\Extensions\Microsoft.TestPlatform.TestHostRuntimeProvider.dll'
TpTrace Verbose: 0 : 728, 1, 2024/05/26, 16:49:11.344, 5815760214974, vstest.console.dll, MetadataReaderExtensionsHelper: Discovering extensions inside assembly 'Microsoft.VisualStudio.TestPlatform.Extensions.Html.TestLogger, Version=15.0.0.0, Culture=neutral, PublicKeyToken=b03f5f7f11d50a3a' file path 'C:\Program Files\dotnet\sdk\8.0.204\Extensions\Microsoft.VisualStudio.TestPlatform.Extensions.Html.TestLogger.dll'
TpTrace Information: 0 : 728, 1, 2024/05/26, 16:49:11.345, 5815760222283, vstest.console.dll, GetTestExtensionFromType: Register extension with identifier data 'logger://Microsoft/TestPlatform/HtmlLogger/v1' and type 'Microsoft.VisualStudio.TestPlatform.Extensions.HtmlLogger.HtmlLogger, Microsoft.VisualStudio.TestPlatform.Extensions.Html.TestLogger, Version=15.0.0.0, Culture=neutral, PublicKeyToken=b03f5f7f11d50a3a' inside file 'C:\Program Files\dotnet\sdk\8.0.204\Extensions\Microsoft.VisualStudio.TestPlatform.Extensions.Html.TestLogger.dll'
TpTrace Verbose: 0 : 728, 1, 2024/05/26, 16:49:11.345, 5815760223352, vstest.console.dll, MetadataReaderExtensionsHelper: Discovering extensions inside assembly 'Microsoft.VisualStudio.TestPlatform.Extensions.Trx.TestLogger, Version=15.0.0.0, Culture=neutral, PublicKeyToken=b03f5f7f11d50a3a' file path 'C:\Program Files\dotnet\sdk\8.0.204\Extensions\Microsoft.VisualStudio.TestPlatform.Extensions.Trx.TestLogger.dll'
TpTrace Information: 0 : 728, 1, 2024/05/26, 16:49:11.346, 5815760227740, vstest.console.dll, GetTestExtensionFromType: Register extension with identifier data 'logger://Microsoft/TestPlatform/TrxLogger/v1' and type 'Microsoft.VisualStudio.TestPlatform.Extensions.TrxLogger.TrxLogger, Microsoft.VisualStudio.TestPlatform.Extensions.Trx.TestLogger, Version=15.0.0.0, Culture=neutral, PublicKeyToken=b03f5f7f11d50a3a' inside file 'C:\Program Files\dotnet\sdk\8.0.204\Extensions\Microsoft.VisualStudio.TestPlatform.Extensions.Trx.TestLogger.dll'
TpTrace Verbose: 0 : 728, 1, 2024/05/26, 16:49:11.346, 5815760228731, vstest.console.dll, TestPluginCache: Discovered the extensions using extension path ''.
TpTrace Verbose: 0 : 728, 1, 2024/05/26, 16:49:11.346, 5815760229206, vstest.console.dll, TestPluginCache: Discoverers are ''.
TpTrace Verbose: 0 : 728, 1, 2024/05/26, 16:49:11.346, 5815760229622, vstest.console.dll, TestPluginCache: Executors are ''.
TpTrace Verbose: 0 : 728, 1, 2024/05/26, 16:49:11.346, 5815760229977, vstest.console.dll, TestPluginCache: Executors2 are ''.
TpTrace Verbose: 0 : 728, 1, 2024/05/26, 16:49:11.346, 5815760230366, vstest.console.dll, TestPluginCache: Setting providers are ''.
TpTrace Verbose: 0 : 728, 1, 2024/05/26, 16:49:11.346, 5815760231613, vstest.console.dll, TestPluginCache: Loggers are 'logger://Microsoft/TestPlatform/Extensions/Blame/v1,logger://Microsoft/TestPlatform/HtmlLogger/v1,logger://Microsoft/TestPlatform/TrxLogger/v1'.
TpTrace Verbose: 0 : 728, 1, 2024/05/26, 16:49:11.346, 5815760232214, vstest.console.dll, TestPluginCache: TestHosts are 'HostProvider://DefaultTestHost,HostProvider://DotnetTestHost'.
TpTrace Verbose: 0 : 728, 1, 2024/05/26, 16:49:11.346, 5815760232591, vstest.console.dll, TestPluginCache: DataCollectors are ''.
TpTrace Information: 0 : 728, 1, 2024/05/26, 16:49:11.347, 5815760243105, vstest.console.dll, TestPluginManager.CreateTestExtension: Attempting to load test extension: Microsoft.TestPlatform.Extensions.BlameDataCollector.BlameLogger
TpTrace Verbose: 0 : 728, 1, 2024/05/26, 16:49:11.374, 5815760508085, vstest.console.dll, TestEngine: Initializing Parallel Execution as MaxCpuCount is set to: 1
TpTrace Information: 0 : 728, 1, 2024/05/26, 16:49:11.376, 5815760536859, vstest.console.dll, TestPluginManager.CreateTestExtension: Attempting to load test extension: Microsoft.VisualStudio.TestPlatform.CrossPlatEngine.Hosting.DefaultTestHostManager
TpTrace Information: 0 : 728, 1, 2024/05/26, 16:49:11.378, 5815760553462, vstest.console.dll, TestPluginManager.CreateTestExtension: Attempting to load test extension: Microsoft.VisualStudio.TestPlatform.CrossPlatEngine.Hosting.DotnetTestHostManager
TpTrace Information: 0 : 728, 1, 2024/05/26, 16:49:11.379, 5815760562860, vstest.console.dll, InferRunSettingsHelper.IsTestSettingsEnabled: Unable to navigate to RunSettings/MSTest. Current node: RunSettings
TpTrace Verbose: 0 : 728, 1, 2024/05/26, 16:49:11.381, 5815760579988, vstest.console.dll, ParallelOperationManager.ClearSlots: Clearing all slots. Slots should accept more work: True
TpTrace Verbose: 0 : 728, 1, 2024/05/26, 16:49:11.382, 5815760590537, vstest.console.dll, ParallelOperationManager.SetOccupiedSlotCount: Setting slot counts AvailableSlotCount = 1, OccupiedSlotCount = 0.
TpTrace Verbose: 0 : 728, 1, 2024/05/26, 16:49:11.382, 5815760595002, vstest.console.dll, Occupied slots:

TpTrace Verbose: 0 : 728, 1, 2024/05/26, 16:49:11.387, 5815760645255, vstest.console.dll, TestEngine.GetExecutionManager: Chosen execution manager 'Microsoft.VisualStudio.TestPlatform.CrossPlatEngine.Client.Parallel.ParallelProxyExecutionManager, Microsoft.TestPlatform.CrossPlatEngine, Version=15.0.0.0, Culture=neutral, PublicKeyToken=b03f5f7f11d50a3a' ParallelLevel '1'.
TpTrace Verbose: 0 : 728, 1, 2024/05/26, 16:49:11.388, 5815760648044, vstest.console.dll, TestRunRequest.ExecuteAsync: Creating test run request.
TpTrace Verbose: 0 : 728, 1, 2024/05/26, 16:49:11.388, 5815760651791, vstest.console.dll, TestRunRequest.ExecuteAsync: Starting.
TpTrace Information: 0 : 728, 1, 2024/05/26, 16:49:11.391, 5815760677300, vstest.console.dll, TestRunRequest.ExecuteAsync: Starting run with settings:TestRunCriteria:
   KeepAlive=False,FrequencyOfRunStatsChangeEvent=10,RunStatsChangeEventTimeout=00:00:01.5000000,TestCaseFilter=,TestExecutorLauncher=
   Settingsxml=<RunSettings>
  <RunConfiguration>
    <ResultsDirectory>C:\Users\VC\Documents\Projects\Intern100\day 25 Regions, Auth, DTOs, Error Models, API documentations\RequestTracker\RequestTrackerTesting\bin\Debug\net8.0\fine-code-coverage\coverage-tool-output</ResultsDirectory>
    <TargetPlatform>X64</TargetPlatform>
    <TargetFrameworkVersion>.NETCoreApp,Version=v8.0</TargetFrameworkVersion>
    <DesignMode>False</DesignMode>
    <CollectSourceInformation>False</CollectSourceInformation>
  </RunConfiguration>
  <LoggerRunSettings>
    <Loggers>
      <Logger friendlyName="blame" enabled="True" />
      <Logger friendlyName="Console" uri="logger://microsoft/TestPlatform/ConsoleLogger/v1" assemblyQualifiedName="Microsoft.VisualStudio.TestPlatform.CommandLine.Internal.ConsoleLogger, vstest.console, Version=15.0.0.0, Culture=neutral, PublicKeyToken=b03f5f7f11d50a3a" codeBase="C:\Program Files\dotnet\sdk\8.0.204\vstest.console.dll" enabled="True" />
    </Loggers>
  </LoggerRunSettings>
  <DataCollectionRunSettings>
    <DataCollectors>
      <DataCollector friendlyName="blame" enabled="True">
        <Configuration>
          <ResultsDirectory>C:\Users\VC\Documents\Projects\Intern100\day 25 Regions, Auth, DTOs, Error Models, API documentations\RequestTracker\RequestTrackerTesting\bin\Debug\net8.0\fine-code-coverage\coverage-tool-output</ResultsDirectory>
        </Configuration>
      </DataCollector>
    </DataCollectors>
  </DataCollectionRunSettings>
</RunSettings>

TpTrace Verbose: 0 : 728, 1, 2024/05/26, 16:49:11.391, 5815760678826, vstest.console.dll, TestRunRequest.ExecuteAsync: Wait for the first run request is over.
TpTrace Verbose: 0 : 728, 1, 2024/05/26, 16:49:11.391, 5815760683927, vstest.console.dll, MulticastDelegateUtilities.SafeInvoke: TestRun.TestRunStart: Invoking callbacks was skipped because there are no subscribers.
TpTrace Verbose: 0 : 728, 4, 2024/05/26, 16:49:11.391, 5815760687165, vstest.console.dll, MulticastDelegateUtilities.SafeInvoke: InternalTestLoggerEvents.SendTestRunStart: Invoking callback 1/1 for Microsoft.VisualStudio.TestPlatform.CommandLine.Internal.ConsoleLogger., took 0 ms.
TpTrace Verbose: 0 : 728, 1, 2024/05/26, 16:49:11.393, 5815760700681, vstest.console.dll, ParallelProxyExecutionManager: Start execution. Total sources: 1
TpTrace Verbose: 0 : 728, 1, 2024/05/26, 16:49:11.393, 5815760706243, vstest.console.dll, ParallelOperationManager.StartWork: Starting adding 1 workloads.
TpTrace Verbose: 0 : 728, 1, 2024/05/26, 16:49:11.394, 5815760707464, vstest.console.dll, ParallelOperationManager.ClearSlots: Clearing all slots. Slots should accept more work: True
TpTrace Verbose: 0 : 728, 1, 2024/05/26, 16:49:11.394, 5815760708621, vstest.console.dll, ParallelOperationManager.SetOccupiedSlotCount: Setting slot counts AvailableSlotCount = 1, OccupiedSlotCount = 0.
TpTrace Verbose: 0 : 728, 1, 2024/05/26, 16:49:11.394, 5815760709164, vstest.console.dll, Occupied slots:

TpTrace Verbose: 0 : 728, 1, 2024/05/26, 16:49:11.395, 5815760725361, vstest.console.dll, TestRequestSender is acting as server.
TpTrace Verbose: 0 : 728, 1, 2024/05/26, 16:49:11.398, 5815760752949, vstest.console.dll, ParallelOperationManager.RunWorkInParallel: Adding 1 workload to slot, remaining workloads 0.
TpTrace Verbose: 0 : 728, 1, 2024/05/26, 16:49:11.398, 5815760754200, vstest.console.dll, ParallelOperationManager.SetOccupiedSlotCount: Setting slot counts AvailableSlotCount = 0, OccupiedSlotCount = 1.
TpTrace Verbose: 0 : 728, 1, 2024/05/26, 16:49:11.398, 5815760755612, vstest.console.dll, Occupied slots:
0: C:\Users\VC\Documents\Projects\Intern100\day 25 Regions, Auth, DTOs, Error Models, API documentations\RequestTracker\RequestTrackerTesting\bin\Debug\net8.0\fine-code-coverage\build-output\RequestTrackerTesting.dll
TpTrace Verbose: 0 : 728, 1, 2024/05/26, 16:49:11.400, 5815760767822, vstest.console.dll, ParallelOperationManager.RunWorkInParallel: Started host in slot number 0 for work (source): C:\Users\VC\Documents\Projects\Intern100\day 25 Regions, Auth, DTOs, Error Models, API documentations\RequestTracker\RequestTrackerTesting\bin\Debug\net8.0\fine-code-coverage\build-output\RequestTrackerTesting.dll.
TpTrace Verbose: 0 : 728, 1, 2024/05/26, 16:49:11.401, 5815760781489, vstest.console.dll, ParallelOperationManager.RunWorkInParallel: We started 1 work items, which is the max parallel level. Won't start more work.
TpTrace Verbose: 0 : 728, 1, 2024/05/26, 16:49:11.401, 5815760783094, vstest.console.dll, ParallelOperationManager.RunWorkInParallel: We started 1 work items in here, returning True.
TpTrace Information: 0 : 728, 1, 2024/05/26, 16:49:11.401, 5815760783822, vstest.console.dll, TestRunRequest.ExecuteAsync: Started.
TpTrace Verbose: 0 : 728, 5, 2024/05/26, 16:49:11.401, 5815760783962, vstest.console.dll, ParallelProxyExecutionManager.StartTestRunOnConcurrentManager: Initializing uninitialized client. Started clients: 0
TpTrace Verbose: 0 : 728, 5, 2024/05/26, 16:49:11.402, 5815760787725, vstest.console.dll, DataCollectionRequestSender.InitializeCommunication : Initialize communication. 
TpTrace Verbose: 0 : 728, 1, 2024/05/26, 16:49:11.402, 5815760794833, vstest.console.dll, TestRunRequest.WaitForCompletion: Waiting with timeout -1.
TpTrace Information: 0 : 728, 5, 2024/05/26, 16:49:11.414, 5815760915296, vstest.console.dll, Listening on Endpoint : 127.0.0.1:62713
TpTrace Verbose: 0 : 728, 5, 2024/05/26, 16:49:11.424, 5815761009962, vstest.console.dll, DotnetDataCollectionLauncher: Adding  --runtimeconfig "C:\Program Files\dotnet\sdk\8.0.204\datacollector.runtimeconfig.json" in args
TpTrace Verbose: 0 : 728, 5, 2024/05/26, 16:49:11.424, 5815761012226, vstest.console.dll, DotnetDataCollectionLauncher: Adding  --depsfile "C:\Program Files\dotnet\sdk\8.0.204\datacollector.deps.json" in args
TpTrace Verbose: 0 : 728, 5, 2024/05/26, 16:49:11.425, 5815761021867, vstest.console.dll, DotnetDataCollectionLauncher: Full path of dotnet.exe is C:\Program Files\dotnet\dotnet.exe
TpTrace Information: 0 : 728, 5, 2024/05/26, 16:49:11.434, 5815761110662, vstest.console.dll, ProxyDataCollectionManager.Initialize: Launched datacollector processId: 28920 port: 62713
TpTrace Information: 0 : 728, 5, 2024/05/26, 16:49:11.434, 5815761113036, vstest.console.dll, ProxyDataCollectionManager.Initialize: waiting for connection with timeout: 90 seconds
TpTrace Verbose: 0 : 728, 5, 2024/05/26, 16:49:11.434, 5815761113920, vstest.console.dll, DataCollectionRequestSender.WaitForRequestHandlerConnection : Waiting for connection with timeout: 90000
TpTrace Information: 0 : 728, 11, 2024/05/26, 16:49:11.709, 5815763862253, vstest.console.dll, Using the buffer size of 16384 bytes
TpTrace Verbose: 0 : 728, 5, 2024/05/26, 16:49:11.709, 5815763862366, vstest.console.dll, SocketCommunicationManager.WaitForClientConnection took: 274 ms, with 90000 ms timeout, and finished with True.
TpTrace Information: 0 : 728, 11, 2024/05/26, 16:49:11.709, 5815763864893, vstest.console.dll, Accepted Client request and set the flag
TpTrace Verbose: 0 : 728, 5, 2024/05/26, 16:49:11.709, 5815763865615, vstest.console.dll, ProxyDataCollectionManager.InvokeDataCollectionServiceAction: Starting.
TpTrace Information: 0 : 728, 5, 2024/05/26, 16:49:11.709, 5815763867004, vstest.console.dll, ProxyDataCollectionManager.BeforeTestRunStart: Get environment variable and port for datacollector processId: 28920 port: 62713
TpTrace Verbose: 0 : 728, 5, 2024/05/26, 16:49:11.710, 5815763868811, vstest.console.dll, DataCollectionRequestSender.SendBeforeTestRunStartAndGetResult: Send BeforeTestRunStart message with settingsXml <RunSettings><RunConfiguration><ResultsDirectory>C:\Users\VC\Documents\Projects\Intern100\day 25 Regions, Auth, DTOs, Error Models, API documentations\RequestTracker\RequestTrackerTesting\bin\Debug\net8.0\fine-code-coverage\coverage-tool-output</ResultsDirectory><TargetPlatform>X64</TargetPlatform><TargetFrameworkVersion>.NETCoreApp,Version=v8.0</TargetFrameworkVersion><DesignMode>False</DesignMode><CollectSourceInformation>False</CollectSourceInformation><TestAdaptersPaths>C:\Program Files\dotnet\sdk\8.0.204\Extensions</TestAdaptersPaths></RunConfiguration><LoggerRunSettings><Loggers><Logger friendlyName="blame" enabled="True" /><Logger friendlyName="Console" uri="logger://microsoft/TestPlatform/ConsoleLogger/v1" assemblyQualifiedName="Microsoft.VisualStudio.TestPlatform.CommandLine.Internal.ConsoleLogger, vstest.console, Version=15.0.0.0, Culture=neutral, PublicKeyToken=b03f5f7f11d50a3a" codeBase="C:\Program Files\dotnet\sdk\8.0.204\vstest.console.dll" enabled="True" /></Loggers></LoggerRunSettings><DataCollectionRunSettings><DataCollectors><DataCollector friendlyName="blame" enabled="True"><Configuration><ResultsDirectory>C:\Users\VC\Documents\Projects\Intern100\day 25 Regions, Auth, DTOs, Error Models, API documentations\RequestTracker\RequestTrackerTesting\bin\Debug\net8.0\fine-code-coverage\coverage-tool-output</ResultsDirectory></Configuration></DataCollector></DataCollectors></DataCollectionRunSettings></RunSettings> and sources System.Collections.Generic.List`1[System.String]: 
TpTrace Verbose: 0 : 728, 5, 2024/05/26, 16:49:11.781, 5815764582946, vstest.console.dll, DataCollectionRequestSender.SendBeforeTestRunStartAndGetResult: Received message: (DataCollection.SendMessage) -> {"MessageType":"DataCollection.SendMessage","Payload":{"FriendlyName":null,"Uri":null,"TestCaseId":"00000000-0000-0000-0000-000000000000","Message":"Logging DataCollector Diagnostics in file: C:\\Users\\VC\\Documents\\Projects\\Intern100\\day 25 Regions, Auth, DTOs, Error Models, API documentations\\RequestTracker\\RequestTrackerTesting\\bin\\Debug\\net8.0\\fine-code-coverage\\coverage-tool-output\\diagnostics.datacollector.24-05-26_16-49-11_42369_5.log","Level":0}}
TpTrace Verbose: 0 : 728, 5, 2024/05/26, 16:49:11.894, 5815765711591, vstest.console.dll, DataCollectionRequestSender.SendBeforeTestRunStartAndGetResult: Received message: (DataCollection.BeforeTestRunStartResult) -> {"MessageType":"DataCollection.BeforeTestRunStartResult","Payload":{"EnvironmentVariables":{},"DataCollectionEventsPort":62715}}
TpTrace Information: 0 : 728, 5, 2024/05/26, 16:49:11.899, 5815765760299, vstest.console.dll, ProxyDataCollectionManager.BeforeTestRunStart: SendBeforeTestRunStartAndGetResult successful, env variable from datacollector:   and testhost port: 62715
TpTrace Information: 0 : 728, 5, 2024/05/26, 16:49:11.899, 5815765762006, vstest.console.dll, ProxyDataCollectionManager.InvokeDataCollectionServiceAction: Completed.
TpTrace Verbose: 0 : 728, 5, 2024/05/26, 16:49:11.899, 5815765762538, vstest.console.dll, ParallelProxyExecutionManager.StartTestRunOnConcurrentManager: Initializing test run. Started clients: 0
TpTrace Verbose: 0 : 728, 5, 2024/05/26, 16:49:11.899, 5815765763535, vstest.console.dll, ProxyExecutionManager: Test host is always Lazy initialize.
TpTrace Verbose: 0 : 728, 5, 2024/05/26, 16:49:11.899, 5815765765924, vstest.console.dll, TestRequestSender.InitializeCommunication: initialize communication. 
TpTrace Information: 0 : 728, 5, 2024/05/26, 16:49:11.900, 5815765772125, vstest.console.dll, SocketServer.Start: Listening on endpoint : 127.0.0.1:62716
TpTrace Verbose: 0 : 728, 5, 2024/05/26, 16:49:11.901, 5815765781538, vstest.console.dll, DotnetTestHostmanager.GetTestHostProcessStartInfo: Platform environment 'X64' target architecture 'X64' framework '.NETCoreApp,Version=v8.0' OS 'Windows'
TpTrace Verbose: 0 : 728, 5, 2024/05/26, 16:49:11.902, 5815765789866, vstest.console.dll, DotnetTestHostmanager: Adding  --runtimeconfig "C:\Users\VC\Documents\Projects\Intern100\day 25 Regions, Auth, DTOs, Error Models, API documentations\RequestTracker\RequestTrackerTesting\bin\Debug\net8.0\fine-code-coverage\build-output\RequestTrackerTesting.runtimeconfig.json" in args
TpTrace Verbose: 0 : 728, 5, 2024/05/26, 16:49:11.902, 5815765793411, vstest.console.dll, DotnetTestHostmanager: Adding  --depsfile "C:\Users\VC\Documents\Projects\Intern100\day 25 Regions, Auth, DTOs, Error Models, API documentations\RequestTracker\RequestTrackerTesting\bin\Debug\net8.0\fine-code-coverage\build-output\RequestTrackerTesting.deps.json" in args
TpTrace Verbose: 0 : 728, 5, 2024/05/26, 16:49:11.902, 5815765797132, vstest.console.dll, DotnetTestHostmanager.IsWinOnArm: Current PROCESSOR_ARCHITECTURE from environment variable 'AMD64'
TpTrace Verbose: 0 : 728, 5, 2024/05/26, 16:49:11.903, 5815765797924, vstest.console.dll, DotnetTestHostmanager.IsWinOnArm: Is Windows on ARM 'False'
TpTrace Verbose: 0 : 728, 5, 2024/05/26, 16:49:11.903, 5815765799042, vstest.console.dll, DotnetTestHostManager: testhost.exe found at path: C:\Users\VC\Documents\Projects\Intern100\day 25 Regions, Auth, DTOs, Error Models, API documentations\RequestTracker\RequestTrackerTesting\bin\Debug\net8.0\fine-code-coverage\build-output\testhost.exe
TpTrace Verbose: 0 : 728, 5, 2024/05/26, 16:49:11.903, 5815765799514, vstest.console.dll, DotnetTestHostmanager: Full path of host exe is C:\Users\VC\Documents\Projects\Intern100\day 25 Regions, Auth, DTOs, Error Models, API documentations\RequestTracker\RequestTrackerTesting\bin\Debug\net8.0\fine-code-coverage\build-output\testhost.exe
TpTrace Verbose: 0 : 728, 5, 2024/05/26, 16:49:11.903, 5815765800955, vstest.console.dll, DotnetTestHostmanager.LaunchTestHostAsync: Found 'VSTEST_WINAPPHOST_DOTNET_ROOT' in env variables, value 'C:\Program Files\dotnet', forwarding to 'DOTNET_ROOT'
TpTrace Verbose: 0 : 728, 5, 2024/05/26, 16:49:11.903, 5815765802616, vstest.console.dll, DotnetTestHostManager: Starting process 'C:\Users\VC\Documents\Projects\Intern100\day 25 Regions, Auth, DTOs, Error Models, API documentations\RequestTracker\RequestTrackerTesting\bin\Debug\net8.0\fine-code-coverage\build-output\testhost.exe' with command line ' --runtimeconfig "C:\Users\VC\Documents\Projects\Intern100\day 25 Regions, Auth, DTOs, Error Models, API documentations\RequestTracker\RequestTrackerTesting\bin\Debug\net8.0\fine-code-coverage\build-output\RequestTrackerTesting.runtimeconfig.json" --depsfile "C:\Users\VC\Documents\Projects\Intern100\day 25 Regions, Auth, DTOs, Error Models, API documentations\RequestTracker\RequestTrackerTesting\bin\Debug\net8.0\fine-code-coverage\build-output\RequestTrackerTesting.deps.json" --port 62716 --endpoint 127.0.0.1:062716 --role client --parentprocessid 728 --diag "C:\Users\VC\Documents\Projects\Intern100\day 25 Regions, Auth, DTOs, Error Models, API documentations\RequestTracker\RequestTrackerTesting\bin\Debug\net8.0\fine-code-coverage\coverage-tool-output\diagnostics.host.24-05-26_16-49-11_90097_5.log" --tracelevel 4 --datacollectionport 62715 --telemetryoptedin false'
TpTrace Verbose: 0 : 728, 5, 2024/05/26, 16:49:11.912, 5815765888689, vstest.console.dll, MulticastDelegateUtilities.SafeInvoke: HostProviderEvents.OnHostLaunched: Invoking callback 1/2 for Microsoft.VisualStudio.TestPlatform.CrossPlatEngine.Client.ProxyExecutionManagerWithDataCollection., took 1 ms.
TpTrace Verbose: 0 : 728, 5, 2024/05/26, 16:49:11.912, 5815765892714, vstest.console.dll, Test Runtime launched
TpTrace Verbose: 0 : 728, 5, 2024/05/26, 16:49:11.912, 5815765893760, vstest.console.dll, MulticastDelegateUtilities.SafeInvoke: HostProviderEvents.OnHostLaunched: Invoking callback 2/2 for Microsoft.VisualStudio.TestPlatform.CrossPlatEngine.Client.ProxyOperationManager., took 0 ms.
TpTrace Verbose: 0 : 728, 5, 2024/05/26, 16:49:11.912, 5815765895604, vstest.console.dll, TestRequestSender.WaitForRequestHandlerConnection: waiting for connection with timeout: 90000.
TpTrace Verbose: 0 : 728, 11, 2024/05/26, 16:49:12.204, 5815768814831, vstest.console.dll, MulticastDelegateUtilities.SafeInvoke: SocketServer: ClientConnected: Invoking callback 1/1 for Microsoft.VisualStudio.TestPlatform.CommunicationUtilities.TestRequestSender., took 0 ms.
TpTrace Verbose: 0 : 728, 5, 2024/05/26, 16:49:12.204, 5815768814831, vstest.console.dll, TestRequestSender.WaitForRequestHandlerConnection: waiting took 291 ms, with timeout 90000 ms, and result 0, which is success.
TpTrace Verbose: 0 : 728, 11, 2024/05/26, 16:49:12.205, 5815768817379, vstest.console.dll, SocketServer.OnClientConnected: Client connected for endPoint: 127.0.0.1:62716, starting MessageLoopAsync:
TpTrace Verbose: 0 : 728, 11, 2024/05/26, 16:49:12.205, 5815768825970, vstest.console.dll, TcpClientExtensions.MessageLoopAsync: Polling on remoteEndPoint: 127.0.0.1:62717 localEndPoint: 127.0.0.1:62716 after 0 ms
TpTrace Verbose: 0 : 728, 5, 2024/05/26, 16:49:12.206, 5815768835694, vstest.console.dll, TestRequestSender.CheckVersionWithTestHost: Sending check version message: {"MessageType":"ProtocolVersion","Payload":7}
TpTrace Verbose: 0 : 728, 11, 2024/05/26, 16:49:12.344, 5815770210084, vstest.console.dll, TcpClientExtensions.MessageLoopAsync: NotifyDataAvailable remoteEndPoint: 127.0.0.1:62717 localEndPoint: 127.0.0.1:62716
TpTrace Verbose: 0 : 728, 11, 2024/05/26, 16:49:12.344, 5815770214194, vstest.console.dll, TestRequestSender.CheckVersionWithTestHost: onMessageReceived received message: (ProtocolVersion) -> {"MessageType":"ProtocolVersion","Payload":7}
TpTrace Verbose: 0 : 728, 11, 2024/05/26, 16:49:12.345, 5815770223939, vstest.console.dll, MulticastDelegateUtilities.SafeInvoke: LengthPrefixCommunicationChannel: MessageReceived: Invoking callback 1/1 for Microsoft.VisualStudio.TestPlatform.CommunicationUtilities.TestRequestSender+<>c__DisplayClass29_0., took 1 ms.
TpTrace Verbose: 0 : 728, 5, 2024/05/26, 16:49:12.345, 5815770225238, vstest.console.dll, TestPluginCache.GetExtensionPaths: Filtered extension paths: 
TpTrace Verbose: 0 : 728, 11, 2024/05/26, 16:49:12.345, 5815770226276, vstest.console.dll, TcpClientExtensions.MessageLoopAsync: Polling on remoteEndPoint: 127.0.0.1:62717 localEndPoint: 127.0.0.1:62716 after 139 ms
TpTrace Verbose: 0 : 728, 5, 2024/05/26, 16:49:12.346, 5815770228024, vstest.console.dll, TestPluginCache.GetExtensionPaths: Added default extension paths: C:\Program Files\dotnet\sdk\8.0.204\Extensions\Microsoft.Diagnostics.NETCore.Client.dll
C:\Program Files\dotnet\sdk\8.0.204\Extensions\Microsoft.TestPlatform.Extensions.BlameDataCollector.dll
C:\Program Files\dotnet\sdk\8.0.204\Extensions\Microsoft.TestPlatform.Extensions.EventLogCollector.dll
C:\Program Files\dotnet\sdk\8.0.204\Extensions\Microsoft.TestPlatform.TestHostRuntimeProvider.dll
C:\Program Files\dotnet\sdk\8.0.204\Extensions\Microsoft.VisualStudio.TestPlatform.Extensions.Html.TestLogger.dll
C:\Program Files\dotnet\sdk\8.0.204\Extensions\Microsoft.VisualStudio.TestPlatform.Extensions.Trx.TestLogger.dll
TpTrace Verbose: 0 : 728, 5, 2024/05/26, 16:49:12.346, 5815770229152, vstest.console.dll, TestPluginCache.GetExtensionPaths: Added unfilterableExtensionPaths: 
TpTrace Verbose: 0 : 728, 5, 2024/05/26, 16:49:12.350, 5815770271978, vstest.console.dll, TestRequestSender.InitializeExecution: Sending initialize execution with message: {"Version":7,"MessageType":"TestExecution.Initialize","Payload":["C:\\Users\\VC\\Documents\\Projects\\Intern100\\day 25 Regions, Auth, DTOs, Error Models, API documentations\\RequestTracker\\RequestTrackerTesting\\bin\\Debug\\net8.0\\fine-code-coverage\\build-output\\NUnit3.TestAdapter.dll"]}
TpTrace Verbose: 0 : 728, 5, 2024/05/26, 16:49:12.350, 5815770275826, vstest.console.dll, ParallelProxyExecutionManager.StartTestRunOnConcurrentManager: Execution starting. Started clients: 1
TpTrace Verbose: 0 : 728, 5, 2024/05/26, 16:49:12.351, 5815770280039, vstest.console.dll, TestRunRequest:SendTestRunMessage: Starting.
TpTrace Verbose: 0 : 728, 5, 2024/05/26, 16:49:12.351, 5815770282674, vstest.console.dll, MulticastDelegateUtilities.SafeInvoke: TestRun.LogMessages: Invoking callback 1/1 for Microsoft.VisualStudio.TestPlatform.CommandLine.TestRunResultAggregator., took 0 ms.
TpTrace Information: 0 : 728, 5, 2024/05/26, 16:49:12.351, 5815770283446, vstest.console.dll, TestRunRequest:SendTestRunMessage: Completed.
TpTrace Verbose: 0 : 728, 4, 2024/05/26, 16:49:12.351, 5815770285375, vstest.console.dll, MulticastDelegateUtilities.SafeInvoke: InternalTestLoggerEvents.SendTestRunMessage: Invoking callback 1/1 for Microsoft.VisualStudio.TestPlatform.CommandLine.Internal.ConsoleLogger., took 0 ms.
TpTrace Warning: 0 : 728, 5, 2024/05/26, 16:49:12.352, 5815770289508, vstest.console.dll, InferRunSettingsHelper.MakeRunsettingsCompatible: Removing the following settings: TargetPlatform from RunSettings file. To use those settings please move to latest version of Microsoft.NET.Test.Sdk
TpTrace Verbose: 0 : 728, 11, 2024/05/26, 16:49:12.352, 5815770296714, vstest.console.dll, TcpClientExtensions.MessageLoopAsync: NotifyDataAvailable remoteEndPoint: 127.0.0.1:62717 localEndPoint: 127.0.0.1:62716
TpTrace Verbose: 0 : 728, 11, 2024/05/26, 16:49:12.353, 5815770301131, vstest.console.dll, TestRequestSender.OnExecutionMessageReceived: Received message: {"Version":7,"MessageType":"TestSession.Message","Payload":{"MessageLevel":0,"Message":"Logging TestHost Diagnostics in file: C:\\Users\\VC\\Documents\\Projects\\Intern100\\day 25 Regions, Auth, DTOs, Error Models, API documentations\\RequestTracker\\RequestTrackerTesting\\bin\\Debug\\net8.0\\fine-code-coverage\\coverage-tool-output\\diagnostics.host.24-05-26_16-49-11_90097_5.log"}}
TpTrace Verbose: 0 : 728, 11, 2024/05/26, 16:49:12.355, 5815770327266, vstest.console.dll, TestRunRequest:SendTestRunMessage: Starting.
TpTrace Verbose: 0 : 728, 11, 2024/05/26, 16:49:12.356, 5815770328758, vstest.console.dll, MulticastDelegateUtilities.SafeInvoke: TestRun.LogMessages: Invoking callback 1/1 for Microsoft.VisualStudio.TestPlatform.CommandLine.TestRunResultAggregator., took 0 ms.
TpTrace Verbose: 0 : 728, 4, 2024/05/26, 16:49:12.356, 5815770329024, vstest.console.dll, MulticastDelegateUtilities.SafeInvoke: InternalTestLoggerEvents.SendTestRunMessage: Invoking callback 1/1 for Microsoft.VisualStudio.TestPlatform.CommandLine.Internal.ConsoleLogger., took 0 ms.
TpTrace Information: 0 : 728, 11, 2024/05/26, 16:49:12.356, 5815770329138, vstest.console.dll, TestRunRequest:SendTestRunMessage: Completed.
TpTrace Verbose: 0 : 728, 11, 2024/05/26, 16:49:12.356, 5815770330423, vstest.console.dll, MulticastDelegateUtilities.SafeInvoke: LengthPrefixCommunicationChannel: MessageReceived: Invoking callback 1/1 for Microsoft.VisualStudio.TestPlatform.CommunicationUtilities.TestRequestSender+<>c__DisplayClass34_0., took 3 ms.
TpTrace Verbose: 0 : 728, 11, 2024/05/26, 16:49:12.356, 5815770330886, vstest.console.dll, TcpClientExtensions.MessageLoopAsync: Polling on remoteEndPoint: 127.0.0.1:62717 localEndPoint: 127.0.0.1:62716 after 10 ms
TpTrace Verbose: 0 : 728, 5, 2024/05/26, 16:49:12.374, 5815770512941, vstest.console.dll, TestRequestSender.StartTestRun: Sending test run with message: {"Version":7,"MessageType":"TestExecution.StartWithSources","Payload":{"AdapterSourceMap":{"_none_":["C:\\Users\\VC\\Documents\\Projects\\Intern100\\day 25 Regions, Auth, DTOs, Error Models, API documentations\\RequestTracker\\RequestTrackerTesting\\bin\\Debug\\net8.0\\fine-code-coverage\\build-output\\RequestTrackerTesting.dll"]},"RunSettings":"<RunSettings>\r\n  <RunConfiguration>\r\n    <ResultsDirectory>C:\\Users\\VC\\Documents\\Projects\\Intern100\\day 25 Regions, Auth, DTOs, Error Models, API documentations\\RequestTracker\\RequestTrackerTesting\\bin\\Debug\\net8.0\\fine-code-coverage\\coverage-tool-output</ResultsDirectory>\r\n    <TargetFrameworkVersion>.NETCoreApp,Version=v8.0</TargetFrameworkVersion>\r\n    <DesignMode>False</DesignMode>\r\n    <CollectSourceInformation>False</CollectSourceInformation>\r\n  </RunConfiguration>\r\n  <LoggerRunSettings>\r\n    <Loggers>\r\n      <Logger friendlyName=\"blame\" enabled=\"True\" />\r\n      <Logger friendlyName=\"Console\" uri=\"logger://microsoft/TestPlatform/ConsoleLogger/v1\" assemblyQualifiedName=\"Microsoft.VisualStudio.TestPlatform.CommandLine.Internal.ConsoleLogger, vstest.console, Version=15.0.0.0, Culture=neutral, PublicKeyToken=b03f5f7f11d50a3a\" codeBase=\"C:\\Program Files\\dotnet\\sdk\\8.0.204\\vstest.console.dll\" enabled=\"True\" />\r\n    </Loggers>\r\n  </LoggerRunSettings>\r\n  <DataCollectionRunSettings>\r\n    <DataCollectors>\r\n      <DataCollector friendlyName=\"blame\" enabled=\"True\">\r\n        <Configuration>\r\n          <ResultsDirectory>C:\\Users\\VC\\Documents\\Projects\\Intern100\\day 25 Regions, Auth, DTOs, Error Models, API documentations\\RequestTracker\\RequestTrackerTesting\\bin\\Debug\\net8.0\\fine-code-coverage\\coverage-tool-output</ResultsDirectory>\r\n        </Configuration>\r\n      </DataCollector>\r\n    </DataCollectors>\r\n  </DataCollectionRunSettings>\r\n</RunSettings>","TestExecutionContext":{"FrequencyOfRunStatsChangeEvent":10,"RunStatsChangeEventTimeout":"00:00:01.5000000","InIsolation":false,"KeepAlive":false,"AreTestCaseLevelEventsRequired":false,"IsDebug":false,"TestCaseFilter":null,"FilterOptions":null},"Package":null}}
TpTrace Verbose: 0 : 728, 5, 2024/05/26, 16:49:12.374, 5815770516613, vstest.console.dll, ParallelProxyExecutionManager.StartTestRunOnConcurrentManager: Execution started. Started clients: 1
TpTrace Verbose: 0 : 728, 11, 2024/05/26, 16:49:12.546, 5815772230525, vstest.console.dll, TcpClientExtensions.MessageLoopAsync: NotifyDataAvailable remoteEndPoint: 127.0.0.1:62717 localEndPoint: 127.0.0.1:62716
TpTrace Verbose: 0 : 728, 11, 2024/05/26, 16:49:12.546, 5815772232855, vstest.console.dll, TestRequestSender.OnExecutionMessageReceived: Received message: {"Version":7,"MessageType":"TestSession.Message","Payload":{"MessageLevel":0,"Message":"NUnit Adapter 4.5.0.0: Test execution started"}}
TpTrace Verbose: 0 : 728, 11, 2024/05/26, 16:49:12.546, 5815772235280, vstest.console.dll, TestRunRequest:SendTestRunMessage: Starting.
TpTrace Verbose: 0 : 728, 11, 2024/05/26, 16:49:12.546, 5815772236303, vstest.console.dll, MulticastDelegateUtilities.SafeInvoke: TestRun.LogMessages: Invoking callback 1/1 for Microsoft.VisualStudio.TestPlatform.CommandLine.TestRunResultAggregator., took 0 ms.
TpTrace Information: 0 : 728, 11, 2024/05/26, 16:49:12.546, 5815772236803, vstest.console.dll, TestRunRequest:SendTestRunMessage: Completed.
TpTrace Verbose: 0 : 728, 4, 2024/05/26, 16:49:12.546, 5815772236796, vstest.console.dll, MulticastDelegateUtilities.SafeInvoke: InternalTestLoggerEvents.SendTestRunMessage: Invoking callback 1/1 for Microsoft.VisualStudio.TestPlatform.CommandLine.Internal.ConsoleLogger., took 0 ms.
TpTrace Verbose: 0 : 728, 11, 2024/05/26, 16:49:12.547, 5815772237400, vstest.console.dll, MulticastDelegateUtilities.SafeInvoke: LengthPrefixCommunicationChannel: MessageReceived: Invoking callback 1/1 for Microsoft.VisualStudio.TestPlatform.CommunicationUtilities.TestRequestSender+<>c__DisplayClass34_0., took 0 ms.
TpTrace Verbose: 0 : 728, 11, 2024/05/26, 16:49:12.547, 5815772238823, vstest.console.dll, TcpClientExtensions.MessageLoopAsync: Polling on remoteEndPoint: 127.0.0.1:62717 localEndPoint: 127.0.0.1:62716 after 190 ms
TpTrace Verbose: 0 : 728, 11, 2024/05/26, 16:49:12.579, 5815772557850, vstest.console.dll, TcpClientExtensions.MessageLoopAsync: NotifyDataAvailable remoteEndPoint: 127.0.0.1:62717 localEndPoint: 127.0.0.1:62716
TpTrace Verbose: 0 : 728, 11, 2024/05/26, 16:49:12.579, 5815772560281, vstest.console.dll, TestRequestSender.OnExecutionMessageReceived: Received message: {"Version":7,"MessageType":"TestSession.Message","Payload":{"MessageLevel":0,"Message":"Running all tests in C:\\Users\\VC\\Documents\\Projects\\Intern100\\day 25 Regions, Auth, DTOs, Error Models, API documentations\\RequestTracker\\RequestTrackerTesting\\bin\\Debug\\net8.0\\fine-code-coverage\\build-output\\RequestTrackerTesting.dll"}}
TpTrace Verbose: 0 : 728, 11, 2024/05/26, 16:49:12.579, 5815772562346, vstest.console.dll, TestRunRequest:SendTestRunMessage: Starting.
TpTrace Verbose: 0 : 728, 11, 2024/05/26, 16:49:12.579, 5815772563549, vstest.console.dll, MulticastDelegateUtilities.SafeInvoke: TestRun.LogMessages: Invoking callback 1/1 for Microsoft.VisualStudio.TestPlatform.CommandLine.TestRunResultAggregator., took 0 ms.
TpTrace Verbose: 0 : 728, 4, 2024/05/26, 16:49:12.579, 5815772563953, vstest.console.dll, MulticastDelegateUtilities.SafeInvoke: InternalTestLoggerEvents.SendTestRunMessage: Invoking callback 1/1 for Microsoft.VisualStudio.TestPlatform.CommandLine.Internal.ConsoleLogger., took 0 ms.
TpTrace Information: 0 : 728, 11, 2024/05/26, 16:49:12.579, 5815772564194, vstest.console.dll, TestRunRequest:SendTestRunMessage: Completed.
TpTrace Verbose: 0 : 728, 11, 2024/05/26, 16:49:12.579, 5815772565697, vstest.console.dll, MulticastDelegateUtilities.SafeInvoke: LengthPrefixCommunicationChannel: MessageReceived: Invoking callback 1/1 for Microsoft.VisualStudio.TestPlatform.CommunicationUtilities.TestRequestSender+<>c__DisplayClass34_0., took 0 ms.
TpTrace Verbose: 0 : 728, 11, 2024/05/26, 16:49:12.579, 5815772566293, vstest.console.dll, TcpClientExtensions.MessageLoopAsync: Polling on remoteEndPoint: 127.0.0.1:62717 localEndPoint: 127.0.0.1:62716 after 32 ms
TpTrace Verbose: 0 : 728, 11, 2024/05/26, 16:49:12.706, 5815773828099, vstest.console.dll, TcpClientExtensions.MessageLoopAsync: NotifyDataAvailable remoteEndPoint: 127.0.0.1:62717 localEndPoint: 127.0.0.1:62716
TpTrace Verbose: 0 : 728, 11, 2024/05/26, 16:49:12.706, 5815773830889, vstest.console.dll, TestRequestSender.OnExecutionMessageReceived: Received message: {"Version":7,"MessageType":"TestSession.Message","Payload":{"MessageLevel":0,"Message":"   NUnit3TestExecutor discovered 2 of 2 NUnit test cases using Current Discovery mode, Non-Explicit run"}}
TpTrace Verbose: 0 : 728, 11, 2024/05/26, 16:49:12.706, 5815773832958, vstest.console.dll, TestRunRequest:SendTestRunMessage: Starting.
TpTrace Verbose: 0 : 728, 11, 2024/05/26, 16:49:12.706, 5815773834100, vstest.console.dll, MulticastDelegateUtilities.SafeInvoke: TestRun.LogMessages: Invoking callback 1/1 for Microsoft.VisualStudio.TestPlatform.CommandLine.TestRunResultAggregator., took 0 ms.
TpTrace Verbose: 0 : 728, 4, 2024/05/26, 16:49:12.706, 5815773834458, vstest.console.dll, MulticastDelegateUtilities.SafeInvoke: InternalTestLoggerEvents.SendTestRunMessage: Invoking callback 1/1 for Microsoft.VisualStudio.TestPlatform.CommandLine.Internal.ConsoleLogger., took 0 ms.
TpTrace Information: 0 : 728, 11, 2024/05/26, 16:49:12.706, 5815773835046, vstest.console.dll, TestRunRequest:SendTestRunMessage: Completed.
TpTrace Verbose: 0 : 728, 11, 2024/05/26, 16:49:12.706, 5815773837264, vstest.console.dll, MulticastDelegateUtilities.SafeInvoke: LengthPrefixCommunicationChannel: MessageReceived: Invoking callback 1/1 for Microsoft.VisualStudio.TestPlatform.CommunicationUtilities.TestRequestSender+<>c__DisplayClass34_0., took 0 ms.
TpTrace Verbose: 0 : 728, 11, 2024/05/26, 16:49:12.707, 5815773837969, vstest.console.dll, TcpClientExtensions.MessageLoopAsync: Polling on remoteEndPoint: 127.0.0.1:62717 localEndPoint: 127.0.0.1:62716 after 127 ms
TpTrace Verbose: 0 : 728, 11, 2024/05/26, 16:49:13.712, 5815783896990, vstest.console.dll, TcpClientExtensions.MessageLoopAsync: Polling on remoteEndPoint: 127.0.0.1:62717 localEndPoint: 127.0.0.1:62716 after 1005 ms
TpTrace Verbose: 0 : 728, 11, 2024/05/26, 16:49:13.997, 5815786743721, vstest.console.dll, TcpClientExtensions.MessageLoopAsync: NotifyDataAvailable remoteEndPoint: 127.0.0.1:62717 localEndPoint: 127.0.0.1:62716
TpTrace Verbose: 0 : 728, 11, 2024/05/26, 16:49:13.998, 5815786748369, vstest.console.dll, TestRequestSender.OnExecutionMessageReceived: Received message: {"Version":7,"MessageType":"TestExecution.StatsChange","Payload":{"NewTestResults":[{"TestCase":{"Id":"ddbb42f9-4b66-2e20-99d0-1b2867afa1ba","FullyQualifiedName":"RequestTrackerTesting.EmployeeTest.Test1","DisplayName":"Test1","ExecutorUri":"executor://NUnit3TestExecutor","Source":"C:\\Users\\VC\\Documents\\Projects\\Intern100\\day 25 Regions, Auth, DTOs, Error Models, API documentations\\RequestTracker\\RequestTrackerTesting\\bin\\Debug\\net8.0\\fine-code-coverage\\build-output\\RequestTrackerTesting.dll","CodeFilePath":null,"LineNumber":0,"Properties":[{"Key":{"Id":"NUnit.Seed","Label":"Seed","Category":"","Description":"","Attributes":0,"ValueType":"System.String"},"Value":"1480488504"}]},"Attachments":[],"Outcome":1,"ErrorMessage":null,"ErrorStackTrace":null,"DisplayName":"Test1","Messages":[],"ComputerName":"C0RBBX3","Duration":"00:00:01.1211230","StartTime":"2024-05-26T11:19:12.7392498+00:00","EndTime":"2024-05-26T11:19:13.8602679+00:00","Properties":[{"Key":{"Id":"NUnit.Seed","Label":"Seed","Category":"","Description":"","Attributes":0,"ValueType":"System.String"},"Value":"1480488504"}]}],"TestRunStatistics":{"ExecutedTests":1,"Stats":{"Passed":1}},"ActiveTests":[{"Id":"34248450-2918-05a0-6759-8511889f3cc9","FullyQualifiedName":"RequestTrackerTesting.Tests.Test1","DisplayName":"Test1","ExecutorUri":"executor://NUnit3TestExecutor","Source":"C:\\Users\\VC\\Documents\\Projects\\Intern100\\day 25 Regions, Auth, DTOs, Error Models, API documentations\\RequestTracker\\RequestTrackerTesting\\bin\\Debug\\net8.0\\fine-code-coverage\\build-output\\RequestTrackerTesting.dll","CodeFilePath":null,"LineNumber":0,"Properties":[{"Key":{"Id":"NUnit.Seed","Label":"Seed","Category":"","Description":"","Attributes":0,"ValueType":"System.String"},"Value":"634096469"}]}]}}
TpTrace Verbose: 0 : 728, 11, 2024/05/26, 16:49:14.036, 5815787129238, vstest.console.dll, TestRunRequest:SendTestRunStatsChange: Starting.
TpTrace Verbose: 0 : 728, 11, 2024/05/26, 16:49:14.036, 5815787131593, vstest.console.dll, InProgress is Test1
TpTrace Verbose: 0 : 728, 11, 2024/05/26, 16:49:14.036, 5815787134149, vstest.console.dll, MulticastDelegateUtilities.SafeInvoke: TestRun.RunStatsChanged: Invoking callbacks was skipped because there are no subscribers.
TpTrace Information: 0 : 728, 11, 2024/05/26, 16:49:14.036, 5815787134829, vstest.console.dll, TestRunRequest:SendTestRunStatsChange: Completed.
TpTrace Verbose: 0 : 728, 11, 2024/05/26, 16:49:14.036, 5815787135261, vstest.console.dll, MulticastDelegateUtilities.SafeInvoke: LengthPrefixCommunicationChannel: MessageReceived: Invoking callback 1/1 for Microsoft.VisualStudio.TestPlatform.CommunicationUtilities.TestRequestSender+<>c__DisplayClass34_0., took 38 ms.
TpTrace Verbose: 0 : 728, 11, 2024/05/26, 16:49:14.036, 5815787135711, vstest.console.dll, TcpClientExtensions.MessageLoopAsync: Polling on remoteEndPoint: 127.0.0.1:62717 localEndPoint: 127.0.0.1:62716 after 323 ms
TpTrace Verbose: 0 : 728, 11, 2024/05/26, 16:49:14.036, 5815787136338, vstest.console.dll, TcpClientExtensions.MessageLoopAsync: NotifyDataAvailable remoteEndPoint: 127.0.0.1:62717 localEndPoint: 127.0.0.1:62716
TpTrace Verbose: 0 : 728, 11, 2024/05/26, 16:49:14.037, 5815787137431, vstest.console.dll, TestRequestSender.OnExecutionMessageReceived: Received message: {"Version":7,"MessageType":"TestSession.Message","Payload":{"MessageLevel":0,"Message":"NUnit Adapter 4.5.0.0: Test execution complete"}}
TpTrace Verbose: 0 : 728, 11, 2024/05/26, 16:49:14.037, 5815787139442, vstest.console.dll, TestRunRequest:SendTestRunMessage: Starting.
TpTrace Verbose: 0 : 728, 11, 2024/05/26, 16:49:14.037, 5815787140355, vstest.console.dll, MulticastDelegateUtilities.SafeInvoke: TestRun.LogMessages: Invoking callback 1/1 for Microsoft.VisualStudio.TestPlatform.CommandLine.TestRunResultAggregator., took 0 ms.
TpTrace Information: 0 : 728, 11, 2024/05/26, 16:49:14.037, 5815787140799, vstest.console.dll, TestRunRequest:SendTestRunMessage: Completed.
TpTrace Verbose: 0 : 728, 11, 2024/05/26, 16:49:14.037, 5815787141255, vstest.console.dll, MulticastDelegateUtilities.SafeInvoke: LengthPrefixCommunicationChannel: MessageReceived: Invoking callback 1/1 for Microsoft.VisualStudio.TestPlatform.CommunicationUtilities.TestRequestSender+<>c__DisplayClass34_0., took 0 ms.
TpTrace Verbose: 0 : 728, 11, 2024/05/26, 16:49:14.037, 5815787141715, vstest.console.dll, TcpClientExtensions.MessageLoopAsync: Polling on remoteEndPoint: 127.0.0.1:62717 localEndPoint: 127.0.0.1:62716 after 0 ms
TpTrace Verbose: 0 : 728, 4, 2024/05/26, 16:49:14.039, 5815787160761, vstest.console.dll, MulticastDelegateUtilities.SafeInvoke: InternalTestLoggerEvents.SendTestResult: Invoking callback 1/1 for Microsoft.VisualStudio.TestPlatform.CommandLine.Internal.ConsoleLogger., took 2 ms.
TpTrace Verbose: 0 : 728, 4, 2024/05/26, 16:49:14.039, 5815787162626, vstest.console.dll, MulticastDelegateUtilities.SafeInvoke: InternalTestLoggerEvents.SendTestRunMessage: Invoking callback 1/1 for Microsoft.VisualStudio.TestPlatform.CommandLine.Internal.ConsoleLogger., took 0 ms.
TpTrace Verbose: 0 : 728, 11, 2024/05/26, 16:49:14.048, 5815787248028, vstest.console.dll, TcpClientExtensions.MessageLoopAsync: NotifyDataAvailable remoteEndPoint: 127.0.0.1:62717 localEndPoint: 127.0.0.1:62716
TpTrace Verbose: 0 : 728, 11, 2024/05/26, 16:49:14.048, 5815787250538, vstest.console.dll, TestRequestSender.OnExecutionMessageReceived: Received message: {"Version":7,"MessageType":"TestExecution.Completed","Payload":{"TestRunCompleteArgs":{"TestRunStatistics":{"ExecutedTests":2,"Stats":{"Passed":2}},"IsCanceled":false,"IsAborted":false,"Error":null,"AttachmentSets":[],"InvokedDataCollectors":[],"ElapsedTimeInRunningTests":"00:00:01.5076927","Metrics":{},"DiscoveredExtensions":{"TestDiscoverers":["NUnit.VisualStudio.TestAdapter.NUnit3TestDiscoverer, NUnit3.TestAdapter, Version=4.5.0.0, Culture=neutral, PublicKeyToken=4cb40d35494691ac"],"TestExecutors":["executor://NUnit3TestExecutor"],"TestExecutors2":[],"TestSettingsProviders":[]}},"LastRunTests":{"NewTestResults":[{"TestCase":{"Id":"34248450-2918-05a0-6759-8511889f3cc9","FullyQualifiedName":"RequestTrackerTesting.Tests.Test1","DisplayName":"Test1","ExecutorUri":"executor://NUnit3TestExecutor","Source":"C:\\Users\\VC\\Documents\\Projects\\Intern100\\day 25 Regions, Auth, DTOs, Error Models, API documentations\\RequestTracker\\RequestTrackerTesting\\bin\\Debug\\net8.0\\fine-code-coverage\\build-output\\RequestTrackerTesting.dll","CodeFilePath":null,"LineNumber":0,"Properties":[{"Key":{"Id":"NUnit.Seed","Label":"Seed","Category":"","Description":"","Attributes":0,"ValueType":"System.String"},"Value":"634096469"}]},"Attachments":[],"Outcome":1,"ErrorMessage":null,"ErrorStackTrace":null,"DisplayName":"Test1","Messages":[],"ComputerName":"C0RBBX3","Duration":"00:00:00.1288920","StartTime":"2024-05-26T11:19:13.8651913+00:00","EndTime":"2024-05-26T11:19:13.9940823+00:00","Properties":[{"Key":{"Id":"NUnit.Seed","Label":"Seed","Category":"","Description":"","Attributes":0,"ValueType":"System.String"},"Value":"634096469"}]}],"TestRunStatistics":{"ExecutedTests":2,"Stats":{"Passed":2}},"ActiveTests":[]},"RunAttachments":[],"ExecutorUris":["executor://nunit3testexecutor/"]}}
TpTrace Verbose: 0 : 728, 11, 2024/05/26, 16:49:14.048, 5815787251587, vstest.console.dll, TestRequestSender.EndSession: Sending end session.
TpTrace Verbose: 0 : 728, 11, 2024/05/26, 16:49:14.048, 5815787253701, vstest.console.dll, ProxyOperationManager.Close: waiting for test host to exit for 100 ms
TpTrace Verbose: 0 : 728, 7, 2024/05/26, 16:49:14.064, 5815787415089, vstest.console.dll, TestHostManagerCallbacks.ctor: Experimental forwarding output is disabled.
TpTrace Warning: 0 : 728, 7, 2024/05/26, 16:49:14.064, 5815787416911, vstest.console.dll, TestHostManagerCallbacks.ErrorReceivedCallback Test host standard error line: 
TpTrace Verbose: 0 : 728, 7, 2024/05/26, 16:49:14.080, 5815787567497, vstest.console.dll, TestHostProvider.ExitCallBack: Host exited starting callback.
TpTrace Information: 0 : 728, 7, 2024/05/26, 16:49:14.080, 5815787569539, vstest.console.dll, TestHostManagerCallbacks.ExitCallBack: Testhost processId: 21820 exited with exitcode: 0 error: ''
TpTrace Verbose: 0 : 728, 7, 2024/05/26, 16:49:14.080, 5815787570147, vstest.console.dll, DotnetTestHostManager.OnHostExited: invoking OnHostExited callback
TpTrace Verbose: 0 : 728, 7, 2024/05/26, 16:49:14.080, 5815787570820, vstest.console.dll, CrossPlatEngine.TestHostManagerHostExited: calling on client process exit callback.
TpTrace Information: 0 : 728, 7, 2024/05/26, 16:49:14.080, 5815787571515, vstest.console.dll, TestRequestSender.OnClientProcessExit: Test host process exited. Standard error: 
TpTrace Information: 0 : 728, 7, 2024/05/26, 16:49:14.080, 5815787572051, vstest.console.dll, SocketServer.Stop: Stop server endPoint: 127.0.0.1:62716
TpTrace Information: 0 : 728, 11, 2024/05/26, 16:49:14.080, 5815787572232, vstest.console.dll, SocketServer.Stop: Stop server endPoint: 127.0.0.1:62716
TpTrace Information: 0 : 728, 7, 2024/05/26, 16:49:14.080, 5815787572528, vstest.console.dll, SocketServer.Stop: Cancellation requested. Stopping message loop.
TpTrace Information: 0 : 728, 11, 2024/05/26, 16:49:14.080, 5815787573398, vstest.console.dll, SocketServer.Stop: Cancellation requested. Stopping message loop.
TpTrace Information: 0 : 728, 11, 2024/05/26, 16:49:14.080, 5815787574676, vstest.console.dll, Closing the connection
TpTrace Verbose: 0 : 728, 7, 2024/05/26, 16:49:14.080, 5815787574990, vstest.console.dll, MulticastDelegateUtilities.SafeInvoke: HostProviderEvents.OnHostExited: Invoking callback 1/1 for Microsoft.VisualStudio.TestPlatform.CrossPlatEngine.Client.ProxyOperationManager., took 0 ms.
TpTrace Verbose: 0 : 728, 11, 2024/05/26, 16:49:14.081, 5815787577557, vstest.console.dll, ProxyDataCollectionManager.InvokeDataCollectionServiceAction: Starting.
TpTrace Information: 0 : 728, 11, 2024/05/26, 16:49:14.081, 5815787578178, vstest.console.dll, ProxyDataCollectionManager.AfterTestRunEnd: Get attachment set and invoked data collectors processId: 28920 port: 62713
TpTrace Verbose: 0 : 728, 11, 2024/05/26, 16:49:14.081, 5815787578874, vstest.console.dll, DataCollectionRequestSender.SendAfterTestRunStartAndGetResult: Send AfterTestRunEnd message with isCancelled: False
TpTrace Verbose: 0 : 728, 11, 2024/05/26, 16:49:14.089, 5815787665864, vstest.console.dll, DataCollectionRequestSender.SendAfterTestRunStartAndGetResult: Received message: (DataCollection.AfterTestRunEndResult) -> {"MessageType":"DataCollection.AfterTestRunEndResult","Payload":{"AttachmentSets":[],"InvokedDataCollectors":[{"Uri":"datacollector://Microsoft/TestPlatform/Extensions/Blame/v1","FriendlyName":"Blame","AssemblyQualifiedName":"Microsoft.TestPlatform.Extensions.BlameDataCollector.BlameCollector, Microsoft.TestPlatform.Extensions.BlameDataCollector, Version=15.0.0.0, Culture=neutral, PublicKeyToken=b03f5f7f11d50a3a","FilePath":"C:\\Program Files\\dotnet\\sdk\\8.0.204\\Extensions\\Microsoft.TestPlatform.Extensions.BlameDataCollector.dll","HasAttachmentProcessor":false}],"Metrics":{}}}
TpTrace Information: 0 : 728, 11, 2024/05/26, 16:49:14.096, 5815787734876, vstest.console.dll, ProxyDataCollectionManager.InvokeDataCollectionServiceAction: Completed.
TpTrace Warning: 0 : 728, 10, 2024/05/26, 16:49:14.097, 5815787740806, vstest.console.dll, DataCollectionLauncher.ErrorReceivedCallback datacollector standard error line: 
TpTrace Information: 0 : 728, 10, 2024/05/26, 16:49:14.106, 5815787830880, vstest.console.dll, DataCollectionLauncher.ExitCallBack: Data collector exited with exitcode: 0 error: ''
TpTrace Verbose: 0 : 728, 11, 2024/05/26, 16:49:14.135, 5815788122324, vstest.console.dll, TestRunRequest:SendTestRunStatsChange: Starting.
TpTrace Verbose: 0 : 728, 11, 2024/05/26, 16:49:14.135, 5815788124374, vstest.console.dll, MulticastDelegateUtilities.SafeInvoke: TestRun.RunStatsChanged: Invoking callbacks was skipped because there are no subscribers.
TpTrace Information: 0 : 728, 11, 2024/05/26, 16:49:14.135, 5815788125029, vstest.console.dll, TestRunRequest:SendTestRunStatsChange: Completed.
TpTrace Verbose: 0 : 728, 4, 2024/05/26, 16:49:14.136, 5815788128348, vstest.console.dll, MulticastDelegateUtilities.SafeInvoke: InternalTestLoggerEvents.SendTestResult: Invoking callback 1/1 for Microsoft.VisualStudio.TestPlatform.CommandLine.Internal.ConsoleLogger., took 0 ms.
TpTrace Verbose: 0 : 728, 11, 2024/05/26, 16:49:14.136, 5815788130237, vstest.console.dll, ParallelProxyExecutionManager: HandlePartialRunComplete: Total workloads = 1, Total started clients = 1 Total completed clients = 1, Run complete = True, Run canceled: False.
TpTrace Verbose: 0 : 728, 11, 2024/05/26, 16:49:14.136, 5815788131049, vstest.console.dll, ParallelProxyExecutionManager: HandlePartialRunComplete: All runs completed stopping all managers.
TpTrace Verbose: 0 : 728, 11, 2024/05/26, 16:49:14.136, 5815788131677, vstest.console.dll, ParallelOperationManager.StopAllManagers: Stopping all managers.
TpTrace Verbose: 0 : 728, 11, 2024/05/26, 16:49:14.136, 5815788132211, vstest.console.dll, ParallelOperationManager.ClearSlots: Clearing all slots. Slots should accept more work: False
TpTrace Verbose: 0 : 728, 11, 2024/05/26, 16:49:14.136, 5815788132991, vstest.console.dll, ParallelOperationManager.SetOccupiedSlotCount: Setting slot counts AvailableSlotCount = 1, OccupiedSlotCount = 0.
TpTrace Verbose: 0 : 728, 11, 2024/05/26, 16:49:14.136, 5815788133842, vstest.console.dll, Occupied slots:

TpTrace Verbose: 0 : 728, 4, 2024/05/26, 16:49:14.147, 5815788243237, vstest.console.dll, MulticastDelegateUtilities.SafeInvoke: InternalTestLoggerEvents.SendTestRunComplete: Invoking callback 1/2 for Microsoft.TestPlatform.Extensions.BlameDataCollector.BlameLogger., took 0 ms.
TpTrace Verbose: 0 : 728, 4, 2024/05/26, 16:49:14.156, 5815788329707, vstest.console.dll, MulticastDelegateUtilities.SafeInvoke: InternalTestLoggerEvents.SendTestRunComplete: Invoking callback 2/2 for Microsoft.VisualStudio.TestPlatform.CommandLine.Internal.ConsoleLogger., took 8 ms.
TpTrace Verbose: 0 : 728, 11, 2024/05/26, 16:49:14.156, 5815788334498, vstest.console.dll, TestRunRequest:TestRunComplete: Starting. IsAborted:False IsCanceled:False.
TpTrace Verbose: 0 : 728, 11, 2024/05/26, 16:49:14.157, 5815788337985, vstest.console.dll, ParallelOperationManager.DoActionOnAllManagers: Calling an action on all managers.
TpTrace Verbose: 0 : 728, 11, 2024/05/26, 16:49:14.160, 5815788372354, vstest.console.dll, TestLoggerManager.HandleTestRunComplete: Ignoring as the object is disposed.
TpTrace Verbose: 0 : 728, 11, 2024/05/26, 16:49:14.161, 5815788378283, vstest.console.dll, MulticastDelegateUtilities.SafeInvoke: TestRun.TestRunComplete: Invoking callback 1/2 for Microsoft.VisualStudio.TestPlatform.CommandLine.TestRunResultAggregator., took 0 ms.
TpTrace Verbose: 0 : 728, 11, 2024/05/26, 16:49:14.161, 5815788381077, vstest.console.dll, MulticastDelegateUtilities.SafeInvoke: TestRun.TestRunComplete: Invoking callback 2/2 for Microsoft.VisualStudio.TestPlatform.CommandLine.Processors.RunTestsArgumentExecutor+TestRunRequestEventsRegistrar., took 0 ms.
TpTrace Information: 0 : 728, 11, 2024/05/26, 16:49:14.161, 5815788383154, vstest.console.dll, TestRunRequest:TestRunComplete: Completed.
TpTrace Verbose: 0 : 728, 11, 2024/05/26, 16:49:14.161, 5815788384090, vstest.console.dll, TestRequestSender.SetOperationComplete: Setting operation complete.
TpTrace Information: 0 : 728, 11, 2024/05/26, 16:49:14.161, 5815788384815, vstest.console.dll, SocketServer.Stop: Stop server endPoint: 127.0.0.1:62716
TpTrace Information: 0 : 728, 11, 2024/05/26, 16:49:14.161, 5815788385512, vstest.console.dll, SocketServer.Stop: Cancellation requested. Stopping message loop.
TpTrace Verbose: 0 : 728, 1, 2024/05/26, 16:49:14.161, 5815788386316, vstest.console.dll, TestRunRequest.Dispose: Starting.
TpTrace Information: 0 : 728, 1, 2024/05/26, 16:49:14.162, 5815788387805, vstest.console.dll, TestRunRequest.Dispose: Completed.
TpTrace Verbose: 0 : 728, 11, 2024/05/26, 16:49:14.161, 5815788386465, vstest.console.dll, MulticastDelegateUtilities.SafeInvoke: LengthPrefixCommunicationChannel: MessageReceived: Invoking callback 1/1 for Microsoft.VisualStudio.TestPlatform.CommunicationUtilities.TestRequestSender+<>c__DisplayClass34_0., took 113 ms.
TpTrace Information: 0 : 728, 1, 2024/05/26, 16:49:14.162, 5815788388626, vstest.console.dll, TestRequestManager.RunTests: run tests completed.
TpTrace Information: 0 : 728, 11, 2024/05/26, 16:49:14.162, 5815788389575, vstest.console.dll, SocketServer.PrivateStop: Stopping server endPoint: 127.0.0.1:62716 error: 
TpTrace Information: 0 : 728, 1, 2024/05/26, 16:49:14.162, 5815788390926, vstest.console.dll, RunTestsArgumentProcessor:Execute: Test run is completed.
TpTrace Verbose: 0 : 728, 1, 2024/05/26, 16:49:14.162, 5815788395116, vstest.console.dll, Executor.Execute: Exiting with exit code of 0
TpTrace Verbose: 0 : 728, 11, 2024/05/26, 16:49:14.162, 5815788396955, vstest.console.dll, LengthPrefixCommunicationChannel.Dispose: Dispose reader and writer.
TpTrace Information: 0 : 728, 11, 2024/05/26, 16:49:14.163, 5815788398064, vstest.console.dll, SocketServer.Stop: Raise disconnected event endPoint: 127.0.0.1:62716 error: 
TpTrace Verbose: 0 : 728, 11, 2024/05/26, 16:49:14.163, 5815788399428, vstest.console.dll, TestRequestSender: OnTestRunAbort: Operation is already complete. Skip error message.
TpTrace Verbose: 0 : 728, 11, 2024/05/26, 16:49:14.163, 5815788400182, vstest.console.dll, MulticastDelegateUtilities.SafeInvoke: SocketServer: ClientDisconnected: Invoking callback 1/1 for Microsoft.VisualStudio.TestPlatform.CommunicationUtilities.TestRequestSender., took 0 ms.
TpTrace Verbose: 0 : 728, 11, 2024/05/26, 16:49:14.163, 5815788400703, vstest.console.dll, TcpClientExtensions.MessageLoopAsync: exiting MessageLoopAsync remoteEndPoint: 127.0.0.1:62717 localEndPoint: 127.0.0.1:62716
