TpTrace Verbose: 0 : 34376, 1, 2024/04/25, 12:56:04.671, 5247595221684, vstest.console.dll, Version: 17.9.0-release-24072-02 Current process architecture: X64
TpTrace Verbose: 0 : 34376, 1, 2024/04/25, 12:56:04.674, 5247595250393, vstest.console.dll, Runtime location: C:\Program Files\dotnet\shared\Microsoft.NETCore.App\8.0.4
TpTrace Verbose: 0 : 34376, 1, 2024/04/25, 12:56:04.676, 5247595268895, vstest.console.dll, ArtifactProcessingPostProcessModeProcessorExecutor.Initialize: ArtifactProcessingMode.Collect
TpTrace Verbose: 0 : 34376, 1, 2024/04/25, 12:56:04.676, 5247595270946, vstest.console.dll, TestSessionCorrelationIdProcessorModeProcessorExecutor.Initialize: TestSessionCorrelationId '23756_10a52cb1-8b2d-4bba-8ecf-4e03ced6ffb0'
TpTrace Information: 0 : 34376, 1, 2024/04/25, 12:56:04.685, 5247595362782, vstest.console.dll, FilePatternParser: The given file C:\Users\VC\Documents\Projects\Intern100\day 11\ShoppingSLN\CustomerBLTests\bin\Debug\net8.0\fine-code-coverage\build-output\CustomerBLTests.dll is a full path.
TpTrace Verbose: 0 : 34376, 1, 2024/04/25, 12:56:04.690, 5247595417264, vstest.console.dll, TestPluginCache.DiscoverTestExtensions: finding test extensions in assemblies ends with: RuntimeProvider.dll TPluginInfo: Microsoft.VisualStudio.TestPlatform.Common.ExtensionFramework.Utilities.TestRuntimePluginInformation TExtension: Microsoft.VisualStudio.TestPlatform.ObjectModel.Host.ITestRuntimeProvider
TpTrace Verbose: 0 : 34376, 1, 2024/04/25, 12:56:04.691, 5247595420947, vstest.console.dll, TestPluginCache.GetExtensionPaths: Filtered extension paths: 
TpTrace Verbose: 0 : 34376, 1, 2024/04/25, 12:56:04.691, 5247595421755, vstest.console.dll, TestPluginCache.GetExtensionPaths: Added default extension paths: C:\Program Files\dotnet\sdk\8.0.204\Extensions\Microsoft.Diagnostics.NETCore.Client.dll
C:\Program Files\dotnet\sdk\8.0.204\Extensions\Microsoft.TestPlatform.Extensions.BlameDataCollector.dll
C:\Program Files\dotnet\sdk\8.0.204\Extensions\Microsoft.TestPlatform.Extensions.EventLogCollector.dll
C:\Program Files\dotnet\sdk\8.0.204\Extensions\Microsoft.TestPlatform.TestHostRuntimeProvider.dll
C:\Program Files\dotnet\sdk\8.0.204\Extensions\Microsoft.VisualStudio.TestPlatform.Extensions.Html.TestLogger.dll
C:\Program Files\dotnet\sdk\8.0.204\Extensions\Microsoft.VisualStudio.TestPlatform.Extensions.Trx.TestLogger.dll
TpTrace Verbose: 0 : 34376, 1, 2024/04/25, 12:56:04.691, 5247595422064, vstest.console.dll, TestPluginCache.GetExtensionPaths: Added unfilterableExtensionPaths: 
TpTrace Information: 0 : 34376, 1, 2024/04/25, 12:56:04.691, 5247595427539, vstest.console.dll, AssemblyResolver.ctor: Creating AssemblyResolver with searchDirectories C:\Program Files\dotnet\sdk\8.0.204\Extensions,C:\Program Files\dotnet\sdk\8.0.204
TpTrace Verbose: 0 : 34376, 1, 2024/04/25, 12:56:04.693, 5247595442284, vstest.console.dll, TestPluginCache.DiscoverTestExtensions: Discovering the extensions using extension path.
TpTrace Verbose: 0 : 34376, 1, 2024/04/25, 12:56:04.693, 5247595443979, vstest.console.dll, TestPluginCache.GetExtensionPaths: Filtered extension paths: 
TpTrace Verbose: 0 : 34376, 1, 2024/04/25, 12:56:04.693, 5247595444479, vstest.console.dll, TestPluginCache.GetExtensionPaths: Added default extension paths: C:\Program Files\dotnet\sdk\8.0.204\Extensions\Microsoft.Diagnostics.NETCore.Client.dll
C:\Program Files\dotnet\sdk\8.0.204\Extensions\Microsoft.TestPlatform.Extensions.BlameDataCollector.dll
C:\Program Files\dotnet\sdk\8.0.204\Extensions\Microsoft.TestPlatform.Extensions.EventLogCollector.dll
C:\Program Files\dotnet\sdk\8.0.204\Extensions\Microsoft.TestPlatform.TestHostRuntimeProvider.dll
C:\Program Files\dotnet\sdk\8.0.204\Extensions\Microsoft.VisualStudio.TestPlatform.Extensions.Html.TestLogger.dll
C:\Program Files\dotnet\sdk\8.0.204\Extensions\Microsoft.VisualStudio.TestPlatform.Extensions.Trx.TestLogger.dll
TpTrace Verbose: 0 : 34376, 1, 2024/04/25, 12:56:04.693, 5247595444795, vstest.console.dll, TestPluginCache.GetExtensionPaths: Added unfilterableExtensionPaths: 
TpTrace Verbose: 0 : 34376, 1, 2024/04/25, 12:56:04.693, 5247595445469, vstest.console.dll, TestPluginCache.DiscoverTestExtensions: Discovering the extensions using allExtensionPaths: C:\Program Files\dotnet\sdk\8.0.204\Extensions\Microsoft.Diagnostics.NETCore.Client.dll
C:\Program Files\dotnet\sdk\8.0.204\Extensions\Microsoft.TestPlatform.Extensions.BlameDataCollector.dll
C:\Program Files\dotnet\sdk\8.0.204\Extensions\Microsoft.TestPlatform.Extensions.EventLogCollector.dll
C:\Program Files\dotnet\sdk\8.0.204\Extensions\Microsoft.TestPlatform.TestHostRuntimeProvider.dll
C:\Program Files\dotnet\sdk\8.0.204\Extensions\Microsoft.VisualStudio.TestPlatform.Extensions.Html.TestLogger.dll
C:\Program Files\dotnet\sdk\8.0.204\Extensions\Microsoft.VisualStudio.TestPlatform.Extensions.Trx.TestLogger.dll
TpTrace Information: 0 : 34376, 1, 2024/04/25, 12:56:04.693, 5247595447205, vstest.console.dll, AssemblyResolver.AddSearchDirectories: Adding more searchDirectories C:\Program Files\dotnet\sdk\8.0.204\Extensions,C:\Program Files\dotnet\sdk\8.0.204
TpTrace Information: 0 : 34376, 1, 2024/04/25, 12:56:04.693, 5247595447859, vstest.console.dll, AssemblyResolver.AddSearchDirectories: Adding more searchDirectories C:\Program Files\dotnet\sdk\8.0.204\Extensions,C:\Program Files\dotnet\sdk\8.0.204
TpTrace Information: 0 : 34376, 1, 2024/04/25, 12:56:04.693, 5247595448191, vstest.console.dll, AssemblyResolver.AddSearchDirectories: Adding more searchDirectories C:\Program Files\dotnet\sdk\8.0.204\Extensions,C:\Program Files\dotnet\sdk\8.0.204
TpTrace Information: 0 : 34376, 1, 2024/04/25, 12:56:04.693, 5247595448489, vstest.console.dll, AssemblyResolver.AddSearchDirectories: Adding more searchDirectories C:\Program Files\dotnet\sdk\8.0.204\Extensions,C:\Program Files\dotnet\sdk\8.0.204
TpTrace Information: 0 : 34376, 1, 2024/04/25, 12:56:04.694, 5247595448835, vstest.console.dll, AssemblyResolver.AddSearchDirectories: Adding more searchDirectories C:\Program Files\dotnet\sdk\8.0.204\Extensions,C:\Program Files\dotnet\sdk\8.0.204
TpTrace Information: 0 : 34376, 1, 2024/04/25, 12:56:04.694, 5247595449138, vstest.console.dll, AssemblyResolver.AddSearchDirectories: Adding more searchDirectories C:\Program Files\dotnet\sdk\8.0.204\Extensions,C:\Program Files\dotnet\sdk\8.0.204
TpTrace Information: 0 : 34376, 1, 2024/04/25, 12:56:04.694, 5247595455146, vstest.console.dll, AssemblyResolver.OnResolve: Microsoft.Diagnostics.NETCore.Client: Resolving assembly.
TpTrace Information: 0 : 34376, 1, 2024/04/25, 12:56:04.694, 5247595456070, vstest.console.dll, AssemblyResolver.OnResolve: Microsoft.Diagnostics.NETCore.Client: Searching in: 'C:\Program Files\dotnet\sdk\8.0.204\Extensions'.
TpTrace Information: 0 : 34376, 1, 2024/04/25, 12:56:04.703, 5247595546496, vstest.console.dll, AssemblyResolver.OnResolve: Microsoft.Diagnostics.NETCore.Client: Loading assembly 'C:\Program Files\dotnet\sdk\8.0.204\Extensions\Microsoft.Diagnostics.NETCore.Client.dll'.
TpTrace Information: 0 : 34376, 1, 2024/04/25, 12:56:04.705, 5247595558754, vstest.console.dll, AssemblyResolver.OnResolve: Resolved assembly: Microsoft.Diagnostics.NETCore.Client, from path: C:\Program Files\dotnet\sdk\8.0.204\Extensions\Microsoft.Diagnostics.NETCore.Client.dll
TpTrace Verbose: 0 : 34376, 1, 2024/04/25, 12:56:04.710, 5247595609323, vstest.console.dll, MetadataReaderExtensionsHelper: Discovering extensions inside assembly 'Microsoft.Diagnostics.NETCore.Client, Version=0.2.9.2401, Culture=neutral, PublicKeyToken=31bf3856ad364e35' file path 'C:\Program Files\dotnet\sdk\8.0.204\Extensions\Microsoft.Diagnostics.NETCore.Client.dll'
TpTrace Information: 0 : 34376, 1, 2024/04/25, 12:56:04.714, 5247595655522, vstest.console.dll, AssemblyResolver.OnResolve: Microsoft.Bcl.AsyncInterfaces: Resolving assembly.
TpTrace Information: 0 : 34376, 1, 2024/04/25, 12:56:04.714, 5247595656793, vstest.console.dll, AssemblyResolver.OnResolve: Microsoft.Bcl.AsyncInterfaces: Searching in: 'C:\Program Files\dotnet\sdk\8.0.204\Extensions'.
TpTrace Information: 0 : 34376, 1, 2024/04/25, 12:56:04.714, 5247595657793, vstest.console.dll, AssemblyResolver.OnResolve: Microsoft.Bcl.AsyncInterfaces: Assembly path does not exist: 'C:\Program Files\dotnet\sdk\8.0.204\Extensions\Microsoft.Bcl.AsyncInterfaces.dll', returning.
TpTrace Information: 0 : 34376, 1, 2024/04/25, 12:56:04.715, 5247595659013, vstest.console.dll, AssemblyResolver.OnResolve: Microsoft.Bcl.AsyncInterfaces: Assembly path does not exist: 'C:\Program Files\dotnet\sdk\8.0.204\Extensions\Microsoft.Bcl.AsyncInterfaces.exe', returning.
TpTrace Information: 0 : 34376, 1, 2024/04/25, 12:56:04.715, 5247595659436, vstest.console.dll, AssemblyResolver.OnResolve: Microsoft.Bcl.AsyncInterfaces: Searching in: 'C:\Program Files\dotnet\sdk\8.0.204'.
TpTrace Information: 0 : 34376, 1, 2024/04/25, 12:56:04.715, 5247595660139, vstest.console.dll, AssemblyResolver.OnResolve: Microsoft.Bcl.AsyncInterfaces: Assembly path does not exist: 'C:\Program Files\dotnet\sdk\8.0.204\Microsoft.Bcl.AsyncInterfaces.dll', returning.
TpTrace Information: 0 : 34376, 1, 2024/04/25, 12:56:04.715, 5247595660716, vstest.console.dll, AssemblyResolver.OnResolve: Microsoft.Bcl.AsyncInterfaces: Assembly path does not exist: 'C:\Program Files\dotnet\sdk\8.0.204\Microsoft.Bcl.AsyncInterfaces.exe', returning.
TpTrace Information: 0 : 34376, 1, 2024/04/25, 12:56:04.715, 5247595661041, vstest.console.dll, AssemblyResolver.OnResolve: Microsoft.Bcl.AsyncInterfaces: Failed to load assembly.
TpTrace Verbose: 0 : 34376, 1, 2024/04/25, 12:56:04.715, 5247595661622, vstest.console.dll, CurrentDomainAssemblyResolve: Resolving assembly 'Microsoft.Bcl.AsyncInterfaces'.
TpTrace Information: 0 : 34376, 1, 2024/04/25, 12:56:04.715, 5247595662230, vstest.console.dll, AssemblyResolver.OnResolve: Microsoft.Bcl.AsyncInterfaces: Resolving assembly.
TpTrace Information: 0 : 34376, 1, 2024/04/25, 12:56:04.715, 5247595662654, vstest.console.dll, AssemblyResolver.OnResolve: Microsoft.Bcl.AsyncInterfaces: Resolved from cache.
TpTrace Verbose: 0 : 34376, 1, 2024/04/25, 12:56:04.715, 5247595662969, vstest.console.dll, CurrentDomainAssemblyResolve: Resolving assembly 'Microsoft.Bcl.AsyncInterfaces'.
TpTrace Verbose: 0 : 34376, 1, 2024/04/25, 12:56:04.715, 5247595663345, vstest.console.dll, CurrentDomainAssemblyResolve: Failed to resolve assembly 'Microsoft.Bcl.AsyncInterfaces'.
TpTrace Verbose: 0 : 34376, 1, 2024/04/25, 12:56:04.716, 5247595670910, vstest.console.dll, CurrentDomainAssemblyResolve: Failed to resolve assembly 'Microsoft.Bcl.AsyncInterfaces'.
TpTrace Warning: 0 : 34376, 1, 2024/04/25, 12:56:04.729, 5247595798645, vstest.console.dll, TestPluginDiscoverer: Failed to get types from assembly 'Microsoft.Diagnostics.NETCore.Client, Version=0.2.9.2401, Culture=neutral, PublicKeyToken=31bf3856ad364e35'. Error: System.Reflection.ReflectionTypeLoadException: Unable to load one or more of the requested types.
Could not load file or assembly 'Microsoft.Bcl.AsyncInterfaces, Version=6.0.0.0, Culture=neutral, PublicKeyToken=cc7b13ffcd2ddd51'. The system cannot find the file specified.
   at System.Reflection.RuntimeModule.GetTypes(RuntimeModule module)
   at System.Reflection.RuntimeModule.GetTypes()
   at Microsoft.VisualStudio.TestPlatform.Common.ExtensionFramework.TestPluginDiscoverer.GetTestExtensionsFromAssembly[TPluginInfo,TExtension](Assembly assembly, Dictionary`2 pluginInfos, String filePath) in /_/src/Microsoft.TestPlatform.Common/ExtensionFramework/TestPluginDiscoverer.cs:line 158
System.IO.FileNotFoundException: Could not load file or assembly 'Microsoft.Bcl.AsyncInterfaces, Version=6.0.0.0, Culture=neutral, PublicKeyToken=cc7b13ffcd2ddd51'. The system cannot find the file specified.
File name: 'Microsoft.Bcl.AsyncInterfaces, Version=6.0.0.0, Culture=neutral, PublicKeyToken=cc7b13ffcd2ddd51'
 ---> System.IO.FileNotFoundException: Could not load file or assembly 'Microsoft.Bcl.AsyncInterfaces, Culture=neutral, PublicKeyToken=null'. The system cannot find the file specified.
File name: 'Microsoft.Bcl.AsyncInterfaces, Culture=neutral, PublicKeyToken=null'
   at System.Reflection.RuntimeAssembly.InternalLoad(AssemblyName assemblyName, StackCrawlMark& stackMark, AssemblyLoadContext assemblyLoadContext, RuntimeAssembly requestingAssembly, Boolean throwOnFileNotFound)
   at System.Reflection.Assembly.Load(AssemblyName assemblyRef)
   at Microsoft.VisualStudio.TestPlatform.Common.ExtensionFramework.TestPluginCache.CurrentDomainAssemblyResolve(Object sender, AssemblyResolveEventArgs args) in /_/src/Microsoft.TestPlatform.Common/ExtensionFramework/TestPluginCache.cs:line 513
   at System.Runtime.Loader.AssemblyLoadContext.GetFirstResolvedAssemblyFromResolvingEvent(AssemblyName assemblyName)
   at System.Runtime.Loader.AssemblyLoadContext.ResolveUsingEvent(AssemblyName assemblyName)
   at System.Runtime.Loader.AssemblyLoadContext.ResolveUsingResolvingEvent(IntPtr gchManagedAssemblyLoadContext, AssemblyName assemblyName)
TpTrace Warning: 0 : 34376, 1, 2024/04/25, 12:56:04.729, 5247595804982, vstest.console.dll, LoaderExceptions: System.IO.FileNotFoundException: Could not load file or assembly 'Microsoft.Bcl.AsyncInterfaces, Version=6.0.0.0, Culture=neutral, PublicKeyToken=cc7b13ffcd2ddd51'. The system cannot find the file specified.
File name: 'Microsoft.Bcl.AsyncInterfaces, Version=6.0.0.0, Culture=neutral, PublicKeyToken=cc7b13ffcd2ddd51'
 ---> System.IO.FileNotFoundException: Could not load file or assembly 'Microsoft.Bcl.AsyncInterfaces, Culture=neutral, PublicKeyToken=null'. The system cannot find the file specified.
File name: 'Microsoft.Bcl.AsyncInterfaces, Culture=neutral, PublicKeyToken=null'
   at System.Reflection.RuntimeAssembly.InternalLoad(AssemblyName assemblyName, StackCrawlMark& stackMark, AssemblyLoadContext assemblyLoadContext, RuntimeAssembly requestingAssembly, Boolean throwOnFileNotFound)
   at System.Reflection.Assembly.Load(AssemblyName assemblyRef)
   at Microsoft.VisualStudio.TestPlatform.Common.ExtensionFramework.TestPluginCache.CurrentDomainAssemblyResolve(Object sender, AssemblyResolveEventArgs args) in /_/src/Microsoft.TestPlatform.Common/ExtensionFramework/TestPluginCache.cs:line 513
   at System.Runtime.Loader.AssemblyLoadContext.GetFirstResolvedAssemblyFromResolvingEvent(AssemblyName assemblyName)
   at System.Runtime.Loader.AssemblyLoadContext.ResolveUsingEvent(AssemblyName assemblyName)
   at System.Runtime.Loader.AssemblyLoadContext.ResolveUsingResolvingEvent(IntPtr gchManagedAssemblyLoadContext, AssemblyName assemblyName)
TpTrace Information: 0 : 34376, 1, 2024/04/25, 12:56:04.729, 5247595807562, vstest.console.dll, AssemblyResolver.OnResolve: Microsoft.TestPlatform.Extensions.BlameDataCollector: Resolving assembly.
TpTrace Information: 0 : 34376, 1, 2024/04/25, 12:56:04.729, 5247595808227, vstest.console.dll, AssemblyResolver.OnResolve: Microsoft.TestPlatform.Extensions.BlameDataCollector: Searching in: 'C:\Program Files\dotnet\sdk\8.0.204\Extensions'.
TpTrace Information: 0 : 34376, 1, 2024/04/25, 12:56:04.730, 5247595812572, vstest.console.dll, AssemblyResolver.OnResolve: Microsoft.TestPlatform.Extensions.BlameDataCollector: Loading assembly 'C:\Program Files\dotnet\sdk\8.0.204\Extensions\Microsoft.TestPlatform.Extensions.BlameDataCollector.dll'.
TpTrace Information: 0 : 34376, 1, 2024/04/25, 12:56:04.731, 5247595820504, vstest.console.dll, AssemblyResolver.OnResolve: Resolved assembly: Microsoft.TestPlatform.Extensions.BlameDataCollector, from path: C:\Program Files\dotnet\sdk\8.0.204\Extensions\Microsoft.TestPlatform.Extensions.BlameDataCollector.dll
TpTrace Verbose: 0 : 34376, 1, 2024/04/25, 12:56:04.731, 5247595821534, vstest.console.dll, MetadataReaderExtensionsHelper: Discovering extensions inside assembly 'Microsoft.TestPlatform.Extensions.BlameDataCollector, Version=15.0.0.0, Culture=neutral, PublicKeyToken=b03f5f7f11d50a3a' file path 'C:\Program Files\dotnet\sdk\8.0.204\Extensions\Microsoft.TestPlatform.Extensions.BlameDataCollector.dll'
TpTrace Information: 0 : 34376, 1, 2024/04/25, 12:56:04.732, 5247595837101, vstest.console.dll, AssemblyResolver.OnResolve: Microsoft.TestPlatform.Extensions.EventLogCollector: Resolving assembly.
TpTrace Information: 0 : 34376, 1, 2024/04/25, 12:56:04.732, 5247595837703, vstest.console.dll, AssemblyResolver.OnResolve: Microsoft.TestPlatform.Extensions.EventLogCollector: Searching in: 'C:\Program Files\dotnet\sdk\8.0.204\Extensions'.
TpTrace Information: 0 : 34376, 1, 2024/04/25, 12:56:04.733, 5247595840117, vstest.console.dll, AssemblyResolver.OnResolve: Microsoft.TestPlatform.Extensions.EventLogCollector: Loading assembly 'C:\Program Files\dotnet\sdk\8.0.204\Extensions\Microsoft.TestPlatform.Extensions.EventLogCollector.dll'.
TpTrace Information: 0 : 34376, 1, 2024/04/25, 12:56:04.733, 5247595844732, vstest.console.dll, AssemblyResolver.OnResolve: Resolved assembly: Microsoft.TestPlatform.Extensions.EventLogCollector, from path: C:\Program Files\dotnet\sdk\8.0.204\Extensions\Microsoft.TestPlatform.Extensions.EventLogCollector.dll
TpTrace Verbose: 0 : 34376, 1, 2024/04/25, 12:56:04.733, 5247595845388, vstest.console.dll, MetadataReaderExtensionsHelper: Discovering extensions inside assembly 'Microsoft.TestPlatform.Extensions.EventLogCollector, Version=15.0.0.0, Culture=neutral, PublicKeyToken=b03f5f7f11d50a3a' file path 'C:\Program Files\dotnet\sdk\8.0.204\Extensions\Microsoft.TestPlatform.Extensions.EventLogCollector.dll'
TpTrace Information: 0 : 34376, 1, 2024/04/25, 12:56:04.735, 5247595865621, vstest.console.dll, AssemblyResolver.OnResolve: Microsoft.TestPlatform.TestHostRuntimeProvider: Resolving assembly.
TpTrace Information: 0 : 34376, 1, 2024/04/25, 12:56:04.735, 5247595866945, vstest.console.dll, AssemblyResolver.OnResolve: Microsoft.TestPlatform.TestHostRuntimeProvider: Searching in: 'C:\Program Files\dotnet\sdk\8.0.204\Extensions'.
TpTrace Information: 0 : 34376, 1, 2024/04/25, 12:56:04.736, 5247595871277, vstest.console.dll, AssemblyResolver.OnResolve: Microsoft.TestPlatform.TestHostRuntimeProvider: Loading assembly 'C:\Program Files\dotnet\sdk\8.0.204\Extensions\Microsoft.TestPlatform.TestHostRuntimeProvider.dll'.
TpTrace Information: 0 : 34376, 1, 2024/04/25, 12:56:04.737, 5247595878582, vstest.console.dll, AssemblyResolver.OnResolve: Resolved assembly: Microsoft.TestPlatform.TestHostRuntimeProvider, from path: C:\Program Files\dotnet\sdk\8.0.204\Extensions\Microsoft.TestPlatform.TestHostRuntimeProvider.dll
TpTrace Verbose: 0 : 34376, 1, 2024/04/25, 12:56:04.737, 5247595879544, vstest.console.dll, MetadataReaderExtensionsHelper: Discovering extensions inside assembly 'Microsoft.TestPlatform.TestHostRuntimeProvider, Version=15.0.0.0, Culture=neutral, PublicKeyToken=b03f5f7f11d50a3a' file path 'C:\Program Files\dotnet\sdk\8.0.204\Extensions\Microsoft.TestPlatform.TestHostRuntimeProvider.dll'
TpTrace Information: 0 : 34376, 1, 2024/04/25, 12:56:04.738, 5247595895786, vstest.console.dll, GetTestExtensionFromType: Register extension with identifier data 'HostProvider://DefaultTestHost' and type 'Microsoft.VisualStudio.TestPlatform.CrossPlatEngine.Hosting.DefaultTestHostManager, Microsoft.TestPlatform.TestHostRuntimeProvider, Version=15.0.0.0, Culture=neutral, PublicKeyToken=b03f5f7f11d50a3a' inside file 'C:\Program Files\dotnet\sdk\8.0.204\Extensions\Microsoft.TestPlatform.TestHostRuntimeProvider.dll'
TpTrace Information: 0 : 34376, 1, 2024/04/25, 12:56:04.739, 5247595898637, vstest.console.dll, GetTestExtensionFromType: Register extension with identifier data 'HostProvider://DotnetTestHost' and type 'Microsoft.VisualStudio.TestPlatform.CrossPlatEngine.Hosting.DotnetTestHostManager, Microsoft.TestPlatform.TestHostRuntimeProvider, Version=15.0.0.0, Culture=neutral, PublicKeyToken=b03f5f7f11d50a3a' inside file 'C:\Program Files\dotnet\sdk\8.0.204\Extensions\Microsoft.TestPlatform.TestHostRuntimeProvider.dll'
TpTrace Information: 0 : 34376, 1, 2024/04/25, 12:56:04.739, 5247595899486, vstest.console.dll, AssemblyResolver.OnResolve: Microsoft.VisualStudio.TestPlatform.Extensions.Html.TestLogger: Resolving assembly.
TpTrace Information: 0 : 34376, 1, 2024/04/25, 12:56:04.739, 5247595899809, vstest.console.dll, AssemblyResolver.OnResolve: Microsoft.VisualStudio.TestPlatform.Extensions.Html.TestLogger: Searching in: 'C:\Program Files\dotnet\sdk\8.0.204\Extensions'.
TpTrace Information: 0 : 34376, 1, 2024/04/25, 12:56:04.739, 5247595903116, vstest.console.dll, AssemblyResolver.OnResolve: Microsoft.VisualStudio.TestPlatform.Extensions.Html.TestLogger: Loading assembly 'C:\Program Files\dotnet\sdk\8.0.204\Extensions\Microsoft.VisualStudio.TestPlatform.Extensions.Html.TestLogger.dll'.
TpTrace Information: 0 : 34376, 1, 2024/04/25, 12:56:04.740, 5247595908587, vstest.console.dll, AssemblyResolver.OnResolve: Resolved assembly: Microsoft.VisualStudio.TestPlatform.Extensions.Html.TestLogger, from path: C:\Program Files\dotnet\sdk\8.0.204\Extensions\Microsoft.VisualStudio.TestPlatform.Extensions.Html.TestLogger.dll
TpTrace Verbose: 0 : 34376, 1, 2024/04/25, 12:56:04.740, 5247595909406, vstest.console.dll, MetadataReaderExtensionsHelper: Discovering extensions inside assembly 'Microsoft.VisualStudio.TestPlatform.Extensions.Html.TestLogger, Version=15.0.0.0, Culture=neutral, PublicKeyToken=b03f5f7f11d50a3a' file path 'C:\Program Files\dotnet\sdk\8.0.204\Extensions\Microsoft.VisualStudio.TestPlatform.Extensions.Html.TestLogger.dll'
TpTrace Information: 0 : 34376, 1, 2024/04/25, 12:56:04.740, 5247595916107, vstest.console.dll, AssemblyResolver.OnResolve: Microsoft.VisualStudio.TestPlatform.Extensions.Trx.TestLogger: Resolving assembly.
TpTrace Information: 0 : 34376, 1, 2024/04/25, 12:56:04.740, 5247595916647, vstest.console.dll, AssemblyResolver.OnResolve: Microsoft.VisualStudio.TestPlatform.Extensions.Trx.TestLogger: Searching in: 'C:\Program Files\dotnet\sdk\8.0.204\Extensions'.
TpTrace Information: 0 : 34376, 1, 2024/04/25, 12:56:04.741, 5247595918825, vstest.console.dll, AssemblyResolver.OnResolve: Microsoft.VisualStudio.TestPlatform.Extensions.Trx.TestLogger: Loading assembly 'C:\Program Files\dotnet\sdk\8.0.204\Extensions\Microsoft.VisualStudio.TestPlatform.Extensions.Trx.TestLogger.dll'.
TpTrace Information: 0 : 34376, 1, 2024/04/25, 12:56:04.741, 5247595923671, vstest.console.dll, AssemblyResolver.OnResolve: Resolved assembly: Microsoft.VisualStudio.TestPlatform.Extensions.Trx.TestLogger, from path: C:\Program Files\dotnet\sdk\8.0.204\Extensions\Microsoft.VisualStudio.TestPlatform.Extensions.Trx.TestLogger.dll
TpTrace Verbose: 0 : 34376, 1, 2024/04/25, 12:56:04.741, 5247595924240, vstest.console.dll, MetadataReaderExtensionsHelper: Discovering extensions inside assembly 'Microsoft.VisualStudio.TestPlatform.Extensions.Trx.TestLogger, Version=15.0.0.0, Culture=neutral, PublicKeyToken=b03f5f7f11d50a3a' file path 'C:\Program Files\dotnet\sdk\8.0.204\Extensions\Microsoft.VisualStudio.TestPlatform.Extensions.Trx.TestLogger.dll'
TpTrace Verbose: 0 : 34376, 1, 2024/04/25, 12:56:04.742, 5247595932595, vstest.console.dll, TestPluginCache: Discovered the extensions using extension path ''.
TpTrace Verbose: 0 : 34376, 1, 2024/04/25, 12:56:04.742, 5247595933916, vstest.console.dll, TestPluginCache: Discoverers are ''.
TpTrace Verbose: 0 : 34376, 1, 2024/04/25, 12:56:04.742, 5247595934261, vstest.console.dll, TestPluginCache: Executors are ''.
TpTrace Verbose: 0 : 34376, 1, 2024/04/25, 12:56:04.742, 5247595934483, vstest.console.dll, TestPluginCache: Executors2 are ''.
TpTrace Verbose: 0 : 34376, 1, 2024/04/25, 12:56:04.742, 5247595934707, vstest.console.dll, TestPluginCache: Setting providers are ''.
TpTrace Verbose: 0 : 34376, 1, 2024/04/25, 12:56:04.742, 5247595934954, vstest.console.dll, TestPluginCache: Loggers are ''.
TpTrace Verbose: 0 : 34376, 1, 2024/04/25, 12:56:04.742, 5247595936513, vstest.console.dll, TestPluginCache: TestHosts are 'HostProvider://DefaultTestHost,HostProvider://DotnetTestHost'.
TpTrace Verbose: 0 : 34376, 1, 2024/04/25, 12:56:04.742, 5247595936863, vstest.console.dll, TestPluginCache: DataCollectors are ''.
TpTrace Information: 0 : 34376, 1, 2024/04/25, 12:56:04.754, 5247596054232, vstest.console.dll, RunTestsArgumentProcessor:Execute: Test run is starting.
TpTrace Verbose: 0 : 34376, 1, 2024/04/25, 12:56:04.754, 5247596055398, vstest.console.dll, RunTestsArgumentProcessor:Execute: Queuing Test run.
TpTrace Information: 0 : 34376, 1, 2024/04/25, 12:56:04.754, 5247596058283, vstest.console.dll, TestRequestManager.RunTests: run tests started.
TpTrace Information: 0 : 34376, 1, 2024/04/25, 12:56:04.756, 5247596073029, vstest.console.dll, AssemblyMetadataProvider.GetFrameworkName: Determined framework:'.NETCoreApp,Version=v8.0' for source: 'C:\Users\VC\Documents\Projects\Intern100\day 11\ShoppingSLN\CustomerBLTests\bin\Debug\net8.0\fine-code-coverage\build-output\CustomerBLTests.dll'
TpTrace Information: 0 : 34376, 1, 2024/04/25, 12:56:04.756, 5247596075000, vstest.console.dll, Determined framework for all sources: .NETCoreApp,Version=v8.0
TpTrace Verbose: 0 : 34376, 1, 2024/04/25, 12:56:04.756, 5247596078383, vstest.console.dll, TestRequestManager.UpdateRunSettingsIfRequired: Default architecture: X64 IsDefaultTargetArchitecture: True, Current process architecture: X64 OperatingSystem: Windows.
TpTrace Information: 0 : 34376, 1, 2024/04/25, 12:56:04.759, 5247596100509, vstest.console.dll, AssemblyMetadataProvider.GetArchitecture: Determined architecture:AnyCPU info for assembly: C:\Users\VC\Documents\Projects\Intern100\day 11\ShoppingSLN\CustomerBLTests\bin\Debug\net8.0\fine-code-coverage\build-output\CustomerBLTests.dll
TpTrace Information: 0 : 34376, 1, 2024/04/25, 12:56:04.759, 5247596104279, vstest.console.dll, Determined platform for source 'C:\Users\VC\Documents\Projects\Intern100\day 11\ShoppingSLN\CustomerBLTests\bin\Debug\net8.0\fine-code-coverage\build-output\CustomerBLTests.dll' was AnyCPU and it will use the default plaform X64.
TpTrace Information: 0 : 34376, 1, 2024/04/25, 12:56:04.759, 5247596105399, vstest.console.dll, None of the sources provided any runnable platform, using the default platform: X64
TpTrace Information: 0 : 34376, 1, 2024/04/25, 12:56:04.760, 5247596108619, vstest.console.dll, Platform was updated to 'X64'.
TpTrace Information: 0 : 34376, 1, 2024/04/25, 12:56:04.765, 5247596168052, vstest.console.dll, InferRunSettingsHelper.IsTestSettingsEnabled: Unable to navigate to RunSettings/MSTest. Current node: RunSettings
TpTrace Information: 0 : 34376, 1, 2024/04/25, 12:56:04.767, 5247596180571, vstest.console.dll, AssemblyResolver.OnResolve: Microsoft.VisualStudio.TestPlatform.Fakes: Resolving assembly.
TpTrace Information: 0 : 34376, 1, 2024/04/25, 12:56:04.767, 5247596181960, vstest.console.dll, AssemblyResolver.OnResolve: Microsoft.VisualStudio.TestPlatform.Fakes: Searching in: 'C:\Program Files\dotnet\sdk\8.0.204\Extensions'.
TpTrace Information: 0 : 34376, 1, 2024/04/25, 12:56:04.767, 5247596182904, vstest.console.dll, AssemblyResolver.OnResolve: Microsoft.VisualStudio.TestPlatform.Fakes: Assembly path does not exist: 'C:\Program Files\dotnet\sdk\8.0.204\Extensions\Microsoft.VisualStudio.TestPlatform.Fakes.dll', returning.
TpTrace Information: 0 : 34376, 1, 2024/04/25, 12:56:04.767, 5247596183449, vstest.console.dll, AssemblyResolver.OnResolve: Microsoft.VisualStudio.TestPlatform.Fakes: Assembly path does not exist: 'C:\Program Files\dotnet\sdk\8.0.204\Extensions\Microsoft.VisualStudio.TestPlatform.Fakes.exe', returning.
TpTrace Information: 0 : 34376, 1, 2024/04/25, 12:56:04.767, 5247596183982, vstest.console.dll, AssemblyResolver.OnResolve: Microsoft.VisualStudio.TestPlatform.Fakes: Searching in: 'C:\Program Files\dotnet\sdk\8.0.204'.
TpTrace Information: 0 : 34376, 1, 2024/04/25, 12:56:04.767, 5247596184736, vstest.console.dll, AssemblyResolver.OnResolve: Microsoft.VisualStudio.TestPlatform.Fakes: Assembly path does not exist: 'C:\Program Files\dotnet\sdk\8.0.204\Microsoft.VisualStudio.TestPlatform.Fakes.dll', returning.
TpTrace Information: 0 : 34376, 1, 2024/04/25, 12:56:04.767, 5247596185194, vstest.console.dll, AssemblyResolver.OnResolve: Microsoft.VisualStudio.TestPlatform.Fakes: Assembly path does not exist: 'C:\Program Files\dotnet\sdk\8.0.204\Microsoft.VisualStudio.TestPlatform.Fakes.exe', returning.
TpTrace Information: 0 : 34376, 1, 2024/04/25, 12:56:04.767, 5247596185506, vstest.console.dll, AssemblyResolver.OnResolve: Microsoft.VisualStudio.TestPlatform.Fakes: Failed to load assembly.
TpTrace Information: 0 : 34376, 1, 2024/04/25, 12:56:04.767, 5247596188214, vstest.console.dll, Failed to load assembly Microsoft.VisualStudio.TestPlatform.Fakes, Version=17.0.0.0, Culture=neutral. Reason:System.IO.FileNotFoundException: Could not load file or assembly 'Microsoft.VisualStudio.TestPlatform.Fakes, Version=17.0.0.0, Culture=neutral, PublicKeyToken=null'. The system cannot find the file specified.
File name: 'Microsoft.VisualStudio.TestPlatform.Fakes, Version=17.0.0.0, Culture=neutral, PublicKeyToken=null'
   at System.Reflection.RuntimeAssembly.InternalLoad(AssemblyName assemblyName, StackCrawlMark& stackMark, AssemblyLoadContext assemblyLoadContext, RuntimeAssembly requestingAssembly, Boolean throwOnFileNotFound)
   at System.Reflection.Assembly.Load(AssemblyName assemblyRef)
   at Microsoft.VisualStudio.TestPlatform.Common.Utilities.FakesUtilities.LoadTestPlatformAssembly() in /_/src/Microsoft.TestPlatform.Common/Utilities/FakesUtilities.cs:line 272
TpTrace Verbose: 0 : 34376, 1, 2024/04/25, 12:56:04.772, 5247596233100, vstest.console.dll, TestPluginCache.DiscoverTestExtensions: finding test extensions in assemblies ends with: TestLogger.dll TPluginInfo: Microsoft.VisualStudio.TestPlatform.Common.ExtensionFramework.Utilities.TestLoggerPluginInformation TExtension: Microsoft.VisualStudio.TestPlatform.ObjectModel.Client.ITestLogger
TpTrace Verbose: 0 : 34376, 1, 2024/04/25, 12:56:04.772, 5247596235155, vstest.console.dll, TestPluginCache.GetExtensionPaths: Filtered extension paths: 
TpTrace Verbose: 0 : 34376, 1, 2024/04/25, 12:56:04.772, 5247596235650, vstest.console.dll, TestPluginCache.GetExtensionPaths: Added default extension paths: C:\Program Files\dotnet\sdk\8.0.204\Extensions\Microsoft.Diagnostics.NETCore.Client.dll
C:\Program Files\dotnet\sdk\8.0.204\Extensions\Microsoft.TestPlatform.Extensions.BlameDataCollector.dll
C:\Program Files\dotnet\sdk\8.0.204\Extensions\Microsoft.TestPlatform.Extensions.EventLogCollector.dll
C:\Program Files\dotnet\sdk\8.0.204\Extensions\Microsoft.TestPlatform.TestHostRuntimeProvider.dll
C:\Program Files\dotnet\sdk\8.0.204\Extensions\Microsoft.VisualStudio.TestPlatform.Extensions.Html.TestLogger.dll
C:\Program Files\dotnet\sdk\8.0.204\Extensions\Microsoft.VisualStudio.TestPlatform.Extensions.Trx.TestLogger.dll
TpTrace Verbose: 0 : 34376, 1, 2024/04/25, 12:56:04.772, 5247596236124, vstest.console.dll, TestPluginCache.GetExtensionPaths: Added unfilterableExtensionPaths: 
TpTrace Information: 0 : 34376, 1, 2024/04/25, 12:56:04.772, 5247596238396, vstest.console.dll, AssemblyResolver.AddSearchDirectories: Adding more searchDirectories C:\Program Files\dotnet\sdk\8.0.204\Extensions,C:\Program Files\dotnet\sdk\8.0.204
TpTrace Verbose: 0 : 34376, 1, 2024/04/25, 12:56:04.773, 5247596239067, vstest.console.dll, TestPluginCache.DiscoverTestExtensions: Discovering the extensions using extension path.
TpTrace Verbose: 0 : 34376, 1, 2024/04/25, 12:56:04.773, 5247596239539, vstest.console.dll, TestPluginCache.GetExtensionPaths: Filtered extension paths: 
TpTrace Verbose: 0 : 34376, 1, 2024/04/25, 12:56:04.773, 5247596239996, vstest.console.dll, TestPluginCache.GetExtensionPaths: Added default extension paths: C:\Program Files\dotnet\sdk\8.0.204\Extensions\Microsoft.Diagnostics.NETCore.Client.dll
C:\Program Files\dotnet\sdk\8.0.204\Extensions\Microsoft.TestPlatform.Extensions.BlameDataCollector.dll
C:\Program Files\dotnet\sdk\8.0.204\Extensions\Microsoft.TestPlatform.Extensions.EventLogCollector.dll
C:\Program Files\dotnet\sdk\8.0.204\Extensions\Microsoft.TestPlatform.TestHostRuntimeProvider.dll
C:\Program Files\dotnet\sdk\8.0.204\Extensions\Microsoft.VisualStudio.TestPlatform.Extensions.Html.TestLogger.dll
C:\Program Files\dotnet\sdk\8.0.204\Extensions\Microsoft.VisualStudio.TestPlatform.Extensions.Trx.TestLogger.dll
TpTrace Verbose: 0 : 34376, 1, 2024/04/25, 12:56:04.773, 5247596240375, vstest.console.dll, TestPluginCache.GetExtensionPaths: Added unfilterableExtensionPaths: 
TpTrace Verbose: 0 : 34376, 1, 2024/04/25, 12:56:04.773, 5247596240798, vstest.console.dll, TestPluginCache.DiscoverTestExtensions: Discovering the extensions using allExtensionPaths: C:\Program Files\dotnet\sdk\8.0.204\Extensions\Microsoft.Diagnostics.NETCore.Client.dll
C:\Program Files\dotnet\sdk\8.0.204\Extensions\Microsoft.TestPlatform.Extensions.BlameDataCollector.dll
C:\Program Files\dotnet\sdk\8.0.204\Extensions\Microsoft.TestPlatform.Extensions.EventLogCollector.dll
C:\Program Files\dotnet\sdk\8.0.204\Extensions\Microsoft.TestPlatform.TestHostRuntimeProvider.dll
C:\Program Files\dotnet\sdk\8.0.204\Extensions\Microsoft.VisualStudio.TestPlatform.Extensions.Html.TestLogger.dll
C:\Program Files\dotnet\sdk\8.0.204\Extensions\Microsoft.VisualStudio.TestPlatform.Extensions.Trx.TestLogger.dll
TpTrace Information: 0 : 34376, 1, 2024/04/25, 12:56:04.773, 5247596242362, vstest.console.dll, AssemblyResolver.AddSearchDirectories: Adding more searchDirectories C:\Program Files\dotnet\sdk\8.0.204\Extensions,C:\Program Files\dotnet\sdk\8.0.204
TpTrace Information: 0 : 34376, 1, 2024/04/25, 12:56:04.773, 5247596242886, vstest.console.dll, AssemblyResolver.AddSearchDirectories: Adding more searchDirectories C:\Program Files\dotnet\sdk\8.0.204\Extensions,C:\Program Files\dotnet\sdk\8.0.204
TpTrace Information: 0 : 34376, 1, 2024/04/25, 12:56:04.773, 5247596243269, vstest.console.dll, AssemblyResolver.AddSearchDirectories: Adding more searchDirectories C:\Program Files\dotnet\sdk\8.0.204\Extensions,C:\Program Files\dotnet\sdk\8.0.204
TpTrace Information: 0 : 34376, 1, 2024/04/25, 12:56:04.773, 5247596243644, vstest.console.dll, AssemblyResolver.AddSearchDirectories: Adding more searchDirectories C:\Program Files\dotnet\sdk\8.0.204\Extensions,C:\Program Files\dotnet\sdk\8.0.204
TpTrace Information: 0 : 34376, 1, 2024/04/25, 12:56:04.773, 5247596244022, vstest.console.dll, AssemblyResolver.AddSearchDirectories: Adding more searchDirectories C:\Program Files\dotnet\sdk\8.0.204\Extensions,C:\Program Files\dotnet\sdk\8.0.204
TpTrace Information: 0 : 34376, 1, 2024/04/25, 12:56:04.773, 5247596244270, vstest.console.dll, AssemblyResolver.AddSearchDirectories: Adding more searchDirectories C:\Program Files\dotnet\sdk\8.0.204\Extensions,C:\Program Files\dotnet\sdk\8.0.204
TpTrace Verbose: 0 : 34376, 1, 2024/04/25, 12:56:04.773, 5247596245592, vstest.console.dll, MetadataReaderExtensionsHelper: Discovering extensions inside assembly 'Microsoft.Diagnostics.NETCore.Client, Version=0.2.9.2401, Culture=neutral, PublicKeyToken=31bf3856ad364e35' file path 'C:\Program Files\dotnet\sdk\8.0.204\Extensions\Microsoft.Diagnostics.NETCore.Client.dll'
TpTrace Information: 0 : 34376, 1, 2024/04/25, 12:56:04.774, 5247596256281, vstest.console.dll, AssemblyResolver.OnResolve: Microsoft.Bcl.AsyncInterfaces: Resolving assembly.
TpTrace Information: 0 : 34376, 1, 2024/04/25, 12:56:04.774, 5247596257442, vstest.console.dll, AssemblyResolver.OnResolve: Microsoft.Bcl.AsyncInterfaces: Resolved from cache.
TpTrace Verbose: 0 : 34376, 1, 2024/04/25, 12:56:04.774, 5247596257849, vstest.console.dll, CurrentDomainAssemblyResolve: Resolving assembly 'Microsoft.Bcl.AsyncInterfaces'.
TpTrace Information: 0 : 34376, 1, 2024/04/25, 12:56:04.774, 5247596258462, vstest.console.dll, AssemblyResolver.OnResolve: Microsoft.Bcl.AsyncInterfaces: Resolving assembly.
TpTrace Information: 0 : 34376, 1, 2024/04/25, 12:56:04.775, 5247596258984, vstest.console.dll, AssemblyResolver.OnResolve: Microsoft.Bcl.AsyncInterfaces: Resolved from cache.
TpTrace Verbose: 0 : 34376, 1, 2024/04/25, 12:56:04.775, 5247596259346, vstest.console.dll, CurrentDomainAssemblyResolve: Resolving assembly 'Microsoft.Bcl.AsyncInterfaces'.
TpTrace Verbose: 0 : 34376, 1, 2024/04/25, 12:56:04.775, 5247596259691, vstest.console.dll, CurrentDomainAssemblyResolve: Failed to resolve assembly 'Microsoft.Bcl.AsyncInterfaces'.
TpTrace Verbose: 0 : 34376, 1, 2024/04/25, 12:56:04.775, 5247596262515, vstest.console.dll, CurrentDomainAssemblyResolve: Failed to resolve assembly 'Microsoft.Bcl.AsyncInterfaces'.
TpTrace Warning: 0 : 34376, 1, 2024/04/25, 12:56:04.775, 5247596267200, vstest.console.dll, TestPluginDiscoverer: Failed to get types from assembly 'Microsoft.Diagnostics.NETCore.Client, Version=0.2.9.2401, Culture=neutral, PublicKeyToken=31bf3856ad364e35'. Error: System.Reflection.ReflectionTypeLoadException: Unable to load one or more of the requested types.
Could not load file or assembly 'Microsoft.Bcl.AsyncInterfaces, Version=6.0.0.0, Culture=neutral, PublicKeyToken=cc7b13ffcd2ddd51'. The system cannot find the file specified.
   at System.Reflection.RuntimeModule.GetTypes(RuntimeModule module)
   at System.Reflection.RuntimeModule.GetTypes()
   at Microsoft.VisualStudio.TestPlatform.Common.ExtensionFramework.TestPluginDiscoverer.GetTestExtensionsFromAssembly[TPluginInfo,TExtension](Assembly assembly, Dictionary`2 pluginInfos, String filePath) in /_/src/Microsoft.TestPlatform.Common/ExtensionFramework/TestPluginDiscoverer.cs:line 158
System.IO.FileNotFoundException: Could not load file or assembly 'Microsoft.Bcl.AsyncInterfaces, Version=6.0.0.0, Culture=neutral, PublicKeyToken=cc7b13ffcd2ddd51'. The system cannot find the file specified.
File name: 'Microsoft.Bcl.AsyncInterfaces, Version=6.0.0.0, Culture=neutral, PublicKeyToken=cc7b13ffcd2ddd51'
 ---> System.IO.FileNotFoundException: Could not load file or assembly 'Microsoft.Bcl.AsyncInterfaces, Culture=neutral, PublicKeyToken=null'. The system cannot find the file specified.
File name: 'Microsoft.Bcl.AsyncInterfaces, Culture=neutral, PublicKeyToken=null'
   at System.Reflection.RuntimeAssembly.InternalLoad(AssemblyName assemblyName, StackCrawlMark& stackMark, AssemblyLoadContext assemblyLoadContext, RuntimeAssembly requestingAssembly, Boolean throwOnFileNotFound)
   at System.Reflection.Assembly.Load(AssemblyName assemblyRef)
   at Microsoft.VisualStudio.TestPlatform.Common.ExtensionFramework.TestPluginCache.CurrentDomainAssemblyResolve(Object sender, AssemblyResolveEventArgs args) in /_/src/Microsoft.TestPlatform.Common/ExtensionFramework/TestPluginCache.cs:line 513
   at System.Runtime.Loader.AssemblyLoadContext.GetFirstResolvedAssemblyFromResolvingEvent(AssemblyName assemblyName)
   at System.Runtime.Loader.AssemblyLoadContext.ResolveUsingEvent(AssemblyName assemblyName)
   at System.Runtime.Loader.AssemblyLoadContext.ResolveUsingResolvingEvent(IntPtr gchManagedAssemblyLoadContext, AssemblyName assemblyName)
TpTrace Warning: 0 : 34376, 1, 2024/04/25, 12:56:04.776, 5247596269748, vstest.console.dll, LoaderExceptions: System.IO.FileNotFoundException: Could not load file or assembly 'Microsoft.Bcl.AsyncInterfaces, Version=6.0.0.0, Culture=neutral, PublicKeyToken=cc7b13ffcd2ddd51'. The system cannot find the file specified.
File name: 'Microsoft.Bcl.AsyncInterfaces, Version=6.0.0.0, Culture=neutral, PublicKeyToken=cc7b13ffcd2ddd51'
 ---> System.IO.FileNotFoundException: Could not load file or assembly 'Microsoft.Bcl.AsyncInterfaces, Culture=neutral, PublicKeyToken=null'. The system cannot find the file specified.
File name: 'Microsoft.Bcl.AsyncInterfaces, Culture=neutral, PublicKeyToken=null'
   at System.Reflection.RuntimeAssembly.InternalLoad(AssemblyName assemblyName, StackCrawlMark& stackMark, AssemblyLoadContext assemblyLoadContext, RuntimeAssembly requestingAssembly, Boolean throwOnFileNotFound)
   at System.Reflection.Assembly.Load(AssemblyName assemblyRef)
   at Microsoft.VisualStudio.TestPlatform.Common.ExtensionFramework.TestPluginCache.CurrentDomainAssemblyResolve(Object sender, AssemblyResolveEventArgs args) in /_/src/Microsoft.TestPlatform.Common/ExtensionFramework/TestPluginCache.cs:line 513
   at System.Runtime.Loader.AssemblyLoadContext.GetFirstResolvedAssemblyFromResolvingEvent(AssemblyName assemblyName)
   at System.Runtime.Loader.AssemblyLoadContext.ResolveUsingEvent(AssemblyName assemblyName)
   at System.Runtime.Loader.AssemblyLoadContext.ResolveUsingResolvingEvent(IntPtr gchManagedAssemblyLoadContext, AssemblyName assemblyName)
TpTrace Verbose: 0 : 34376, 1, 2024/04/25, 12:56:04.776, 5247596270858, vstest.console.dll, MetadataReaderExtensionsHelper: Discovering extensions inside assembly 'Microsoft.TestPlatform.Extensions.BlameDataCollector, Version=15.0.0.0, Culture=neutral, PublicKeyToken=b03f5f7f11d50a3a' file path 'C:\Program Files\dotnet\sdk\8.0.204\Extensions\Microsoft.TestPlatform.Extensions.BlameDataCollector.dll'
TpTrace Information: 0 : 34376, 1, 2024/04/25, 12:56:04.776, 5247596277077, vstest.console.dll, GetTestExtensionFromType: Register extension with identifier data 'logger://Microsoft/TestPlatform/Extensions/Blame/v1' and type 'Microsoft.TestPlatform.Extensions.BlameDataCollector.BlameLogger, Microsoft.TestPlatform.Extensions.BlameDataCollector, Version=15.0.0.0, Culture=neutral, PublicKeyToken=b03f5f7f11d50a3a' inside file 'C:\Program Files\dotnet\sdk\8.0.204\Extensions\Microsoft.TestPlatform.Extensions.BlameDataCollector.dll'
TpTrace Verbose: 0 : 34376, 1, 2024/04/25, 12:56:04.776, 5247596278155, vstest.console.dll, MetadataReaderExtensionsHelper: Discovering extensions inside assembly 'Microsoft.TestPlatform.Extensions.EventLogCollector, Version=15.0.0.0, Culture=neutral, PublicKeyToken=b03f5f7f11d50a3a' file path 'C:\Program Files\dotnet\sdk\8.0.204\Extensions\Microsoft.TestPlatform.Extensions.EventLogCollector.dll'
TpTrace Verbose: 0 : 34376, 1, 2024/04/25, 12:56:04.777, 5247596282103, vstest.console.dll, MetadataReaderExtensionsHelper: Discovering extensions inside assembly 'Microsoft.TestPlatform.TestHostRuntimeProvider, Version=15.0.0.0, Culture=neutral, PublicKeyToken=b03f5f7f11d50a3a' file path 'C:\Program Files\dotnet\sdk\8.0.204\Extensions\Microsoft.TestPlatform.TestHostRuntimeProvider.dll'
TpTrace Verbose: 0 : 34376, 1, 2024/04/25, 12:56:04.777, 5247596286610, vstest.console.dll, MetadataReaderExtensionsHelper: Discovering extensions inside assembly 'Microsoft.VisualStudio.TestPlatform.Extensions.Html.TestLogger, Version=15.0.0.0, Culture=neutral, PublicKeyToken=b03f5f7f11d50a3a' file path 'C:\Program Files\dotnet\sdk\8.0.204\Extensions\Microsoft.VisualStudio.TestPlatform.Extensions.Html.TestLogger.dll'
TpTrace Information: 0 : 34376, 1, 2024/04/25, 12:56:04.778, 5247596294909, vstest.console.dll, GetTestExtensionFromType: Register extension with identifier data 'logger://Microsoft/TestPlatform/HtmlLogger/v1' and type 'Microsoft.VisualStudio.TestPlatform.Extensions.HtmlLogger.HtmlLogger, Microsoft.VisualStudio.TestPlatform.Extensions.Html.TestLogger, Version=15.0.0.0, Culture=neutral, PublicKeyToken=b03f5f7f11d50a3a' inside file 'C:\Program Files\dotnet\sdk\8.0.204\Extensions\Microsoft.VisualStudio.TestPlatform.Extensions.Html.TestLogger.dll'
TpTrace Verbose: 0 : 34376, 1, 2024/04/25, 12:56:04.778, 5247596296060, vstest.console.dll, MetadataReaderExtensionsHelper: Discovering extensions inside assembly 'Microsoft.VisualStudio.TestPlatform.Extensions.Trx.TestLogger, Version=15.0.0.0, Culture=neutral, PublicKeyToken=b03f5f7f11d50a3a' file path 'C:\Program Files\dotnet\sdk\8.0.204\Extensions\Microsoft.VisualStudio.TestPlatform.Extensions.Trx.TestLogger.dll'
TpTrace Information: 0 : 34376, 1, 2024/04/25, 12:56:04.779, 5247596300284, vstest.console.dll, GetTestExtensionFromType: Register extension with identifier data 'logger://Microsoft/TestPlatform/TrxLogger/v1' and type 'Microsoft.VisualStudio.TestPlatform.Extensions.TrxLogger.TrxLogger, Microsoft.VisualStudio.TestPlatform.Extensions.Trx.TestLogger, Version=15.0.0.0, Culture=neutral, PublicKeyToken=b03f5f7f11d50a3a' inside file 'C:\Program Files\dotnet\sdk\8.0.204\Extensions\Microsoft.VisualStudio.TestPlatform.Extensions.Trx.TestLogger.dll'
TpTrace Verbose: 0 : 34376, 1, 2024/04/25, 12:56:04.779, 5247596301189, vstest.console.dll, TestPluginCache: Discovered the extensions using extension path ''.
TpTrace Verbose: 0 : 34376, 1, 2024/04/25, 12:56:04.779, 5247596301596, vstest.console.dll, TestPluginCache: Discoverers are ''.
TpTrace Verbose: 0 : 34376, 1, 2024/04/25, 12:56:04.779, 5247596301939, vstest.console.dll, TestPluginCache: Executors are ''.
TpTrace Verbose: 0 : 34376, 1, 2024/04/25, 12:56:04.779, 5247596302236, vstest.console.dll, TestPluginCache: Executors2 are ''.
TpTrace Verbose: 0 : 34376, 1, 2024/04/25, 12:56:04.779, 5247596302529, vstest.console.dll, TestPluginCache: Setting providers are ''.
TpTrace Verbose: 0 : 34376, 1, 2024/04/25, 12:56:04.779, 5247596303660, vstest.console.dll, TestPluginCache: Loggers are 'logger://Microsoft/TestPlatform/Extensions/Blame/v1,logger://Microsoft/TestPlatform/HtmlLogger/v1,logger://Microsoft/TestPlatform/TrxLogger/v1'.
TpTrace Verbose: 0 : 34376, 1, 2024/04/25, 12:56:04.779, 5247596304300, vstest.console.dll, TestPluginCache: TestHosts are 'HostProvider://DefaultTestHost,HostProvider://DotnetTestHost'.
TpTrace Verbose: 0 : 34376, 1, 2024/04/25, 12:56:04.779, 5247596304681, vstest.console.dll, TestPluginCache: DataCollectors are ''.
TpTrace Information: 0 : 34376, 1, 2024/04/25, 12:56:04.781, 5247596320872, vstest.console.dll, TestPluginManager.CreateTestExtension: Attempting to load test extension: Microsoft.TestPlatform.Extensions.BlameDataCollector.BlameLogger
TpTrace Verbose: 0 : 34376, 1, 2024/04/25, 12:56:04.790, 5247596408968, vstest.console.dll, TestEngine: Initializing Parallel Execution as MaxCpuCount is set to: 1
TpTrace Information: 0 : 34376, 1, 2024/04/25, 12:56:04.791, 5247596422366, vstest.console.dll, TestPluginManager.CreateTestExtension: Attempting to load test extension: Microsoft.VisualStudio.TestPlatform.CrossPlatEngine.Hosting.DefaultTestHostManager
TpTrace Information: 0 : 34376, 1, 2024/04/25, 12:56:04.792, 5247596432763, vstest.console.dll, TestPluginManager.CreateTestExtension: Attempting to load test extension: Microsoft.VisualStudio.TestPlatform.CrossPlatEngine.Hosting.DotnetTestHostManager
TpTrace Information: 0 : 34376, 1, 2024/04/25, 12:56:04.792, 5247596437691, vstest.console.dll, InferRunSettingsHelper.IsTestSettingsEnabled: Unable to navigate to RunSettings/MSTest. Current node: RunSettings
TpTrace Verbose: 0 : 34376, 1, 2024/04/25, 12:56:04.793, 5247596446135, vstest.console.dll, ParallelOperationManager.ClearSlots: Clearing all slots. Slots should accept more work: True
TpTrace Verbose: 0 : 34376, 1, 2024/04/25, 12:56:04.794, 5247596451360, vstest.console.dll, ParallelOperationManager.SetOccupiedSlotCount: Setting slot counts AvailableSlotCount = 1, OccupiedSlotCount = 0.
TpTrace Verbose: 0 : 34376, 1, 2024/04/25, 12:56:04.794, 5247596453855, vstest.console.dll, Occupied slots:

TpTrace Verbose: 0 : 34376, 1, 2024/04/25, 12:56:04.797, 5247596480059, vstest.console.dll, TestEngine.GetExecutionManager: Chosen execution manager 'Microsoft.VisualStudio.TestPlatform.CrossPlatEngine.Client.Parallel.ParallelProxyExecutionManager, Microsoft.TestPlatform.CrossPlatEngine, Version=15.0.0.0, Culture=neutral, PublicKeyToken=b03f5f7f11d50a3a' ParallelLevel '1'.
TpTrace Verbose: 0 : 34376, 1, 2024/04/25, 12:56:04.797, 5247596481808, vstest.console.dll, TestRunRequest.ExecuteAsync: Creating test run request.
TpTrace Verbose: 0 : 34376, 1, 2024/04/25, 12:56:04.797, 5247596484292, vstest.console.dll, TestRunRequest.ExecuteAsync: Starting.
TpTrace Information: 0 : 34376, 1, 2024/04/25, 12:56:04.798, 5247596495119, vstest.console.dll, TestRunRequest.ExecuteAsync: Starting run with settings:TestRunCriteria:
   KeepAlive=False,FrequencyOfRunStatsChangeEvent=10,RunStatsChangeEventTimeout=00:00:01.5000000,TestCaseFilter=,TestExecutorLauncher=
   Settingsxml=<RunSettings>
  <RunConfiguration>
    <ResultsDirectory>C:\Users\VC\Documents\Projects\Intern100\day 11\ShoppingSLN\CustomerBLTests\bin\Debug\net8.0\fine-code-coverage\coverage-tool-output</ResultsDirectory>
    <TargetPlatform>X64</TargetPlatform>
    <TargetFrameworkVersion>.NETCoreApp,Version=v8.0</TargetFrameworkVersion>
    <DesignMode>False</DesignMode>
    <CollectSourceInformation>False</CollectSourceInformation>
  </RunConfiguration>
  <LoggerRunSettings>
    <Loggers>
      <Logger friendlyName="blame" enabled="True" />
      <Logger friendlyName="Console" uri="logger://microsoft/TestPlatform/ConsoleLogger/v1" assemblyQualifiedName="Microsoft.VisualStudio.TestPlatform.CommandLine.Internal.ConsoleLogger, vstest.console, Version=15.0.0.0, Culture=neutral, PublicKeyToken=b03f5f7f11d50a3a" codeBase="C:\Program Files\dotnet\sdk\8.0.204\vstest.console.dll" enabled="True" />
    </Loggers>
  </LoggerRunSettings>
  <DataCollectionRunSettings>
    <DataCollectors>
      <DataCollector friendlyName="blame" enabled="True">
        <Configuration>
          <ResultsDirectory>C:\Users\VC\Documents\Projects\Intern100\day 11\ShoppingSLN\CustomerBLTests\bin\Debug\net8.0\fine-code-coverage\coverage-tool-output</ResultsDirectory>
        </Configuration>
      </DataCollector>
    </DataCollectors>
  </DataCollectionRunSettings>
</RunSettings>

TpTrace Verbose: 0 : 34376, 1, 2024/04/25, 12:56:04.798, 5247596496013, vstest.console.dll, TestRunRequest.ExecuteAsync: Wait for the first run request is over.
TpTrace Verbose: 0 : 34376, 1, 2024/04/25, 12:56:04.799, 5247596500555, vstest.console.dll, MulticastDelegateUtilities.SafeInvoke: TestRun.TestRunStart: Invoking callbacks was skipped because there are no subscribers.
TpTrace Verbose: 0 : 34376, 4, 2024/04/25, 12:56:04.799, 5247596504007, vstest.console.dll, MulticastDelegateUtilities.SafeInvoke: InternalTestLoggerEvents.SendTestRunStart: Invoking callback 1/1 for Microsoft.VisualStudio.TestPlatform.CommandLine.Internal.ConsoleLogger., took 0 ms.
TpTrace Verbose: 0 : 34376, 1, 2024/04/25, 12:56:04.800, 5247596513895, vstest.console.dll, ParallelProxyExecutionManager: Start execution. Total sources: 1
TpTrace Verbose: 0 : 34376, 1, 2024/04/25, 12:56:04.801, 5247596519224, vstest.console.dll, ParallelOperationManager.StartWork: Starting adding 1 workloads.
TpTrace Verbose: 0 : 34376, 1, 2024/04/25, 12:56:04.801, 5247596520461, vstest.console.dll, ParallelOperationManager.ClearSlots: Clearing all slots. Slots should accept more work: True
TpTrace Verbose: 0 : 34376, 1, 2024/04/25, 12:56:04.801, 5247596521326, vstest.console.dll, ParallelOperationManager.SetOccupiedSlotCount: Setting slot counts AvailableSlotCount = 1, OccupiedSlotCount = 0.
TpTrace Verbose: 0 : 34376, 1, 2024/04/25, 12:56:04.801, 5247596521708, vstest.console.dll, Occupied slots:

TpTrace Verbose: 0 : 34376, 1, 2024/04/25, 12:56:04.802, 5247596536813, vstest.console.dll, TestRequestSender is acting as server.
TpTrace Verbose: 0 : 34376, 1, 2024/04/25, 12:56:04.804, 5247596555346, vstest.console.dll, ParallelOperationManager.RunWorkInParallel: Adding 1 workload to slot, remaining workloads 0.
TpTrace Verbose: 0 : 34376, 1, 2024/04/25, 12:56:04.804, 5247596556291, vstest.console.dll, ParallelOperationManager.SetOccupiedSlotCount: Setting slot counts AvailableSlotCount = 0, OccupiedSlotCount = 1.
TpTrace Verbose: 0 : 34376, 1, 2024/04/25, 12:56:04.804, 5247596557321, vstest.console.dll, Occupied slots:
0: C:\Users\VC\Documents\Projects\Intern100\day 11\ShoppingSLN\CustomerBLTests\bin\Debug\net8.0\fine-code-coverage\build-output\CustomerBLTests.dll
TpTrace Verbose: 0 : 34376, 1, 2024/04/25, 12:56:04.805, 5247596567304, vstest.console.dll, ParallelOperationManager.RunWorkInParallel: Started host in slot number 0 for work (source): C:\Users\VC\Documents\Projects\Intern100\day 11\ShoppingSLN\CustomerBLTests\bin\Debug\net8.0\fine-code-coverage\build-output\CustomerBLTests.dll.
TpTrace Verbose: 0 : 34376, 1, 2024/04/25, 12:56:04.806, 5247596577579, vstest.console.dll, ParallelOperationManager.RunWorkInParallel: We started 1 work items, which is the max parallel level. Won't start more work.
TpTrace Verbose: 0 : 34376, 5, 2024/04/25, 12:56:04.807, 5247596578633, vstest.console.dll, ParallelProxyExecutionManager.StartTestRunOnConcurrentManager: Initializing uninitialized client. Started clients: 0
TpTrace Verbose: 0 : 34376, 1, 2024/04/25, 12:56:04.807, 5247596578676, vstest.console.dll, ParallelOperationManager.RunWorkInParallel: We started 1 work items in here, returning True.
TpTrace Information: 0 : 34376, 1, 2024/04/25, 12:56:04.807, 5247596579673, vstest.console.dll, TestRunRequest.ExecuteAsync: Started.
TpTrace Verbose: 0 : 34376, 5, 2024/04/25, 12:56:04.807, 5247596580198, vstest.console.dll, DataCollectionRequestSender.InitializeCommunication : Initialize communication. 
TpTrace Verbose: 0 : 34376, 1, 2024/04/25, 12:56:04.807, 5247596586674, vstest.console.dll, TestRunRequest.WaitForCompletion: Waiting with timeout -1.
TpTrace Information: 0 : 34376, 5, 2024/04/25, 12:56:04.814, 5247596658321, vstest.console.dll, Listening on Endpoint : 127.0.0.1:53299
TpTrace Verbose: 0 : 34376, 5, 2024/04/25, 12:56:04.823, 5247596743969, vstest.console.dll, DotnetDataCollectionLauncher: Adding  --runtimeconfig "C:\Program Files\dotnet\sdk\8.0.204\datacollector.runtimeconfig.json" in args
TpTrace Verbose: 0 : 34376, 5, 2024/04/25, 12:56:04.823, 5247596745832, vstest.console.dll, DotnetDataCollectionLauncher: Adding  --depsfile "C:\Program Files\dotnet\sdk\8.0.204\datacollector.deps.json" in args
TpTrace Verbose: 0 : 34376, 5, 2024/04/25, 12:56:04.824, 5247596752066, vstest.console.dll, DotnetDataCollectionLauncher: Full path of dotnet.exe is C:\Program Files\dotnet\dotnet.exe
TpTrace Information: 0 : 34376, 5, 2024/04/25, 12:56:04.831, 5247596819001, vstest.console.dll, ProxyDataCollectionManager.Initialize: Launched datacollector processId: 21976 port: 53299
TpTrace Information: 0 : 34376, 5, 2024/04/25, 12:56:04.831, 5247596820990, vstest.console.dll, ProxyDataCollectionManager.Initialize: waiting for connection with timeout: 90 seconds
TpTrace Verbose: 0 : 34376, 5, 2024/04/25, 12:56:04.831, 5247596821442, vstest.console.dll, DataCollectionRequestSender.WaitForRequestHandlerConnection : Waiting for connection with timeout: 90000
TpTrace Information: 0 : 34376, 7, 2024/04/25, 12:56:05.044, 5247598949185, vstest.console.dll, Using the buffer size of 16384 bytes
TpTrace Verbose: 0 : 34376, 5, 2024/04/25, 12:56:05.044, 5247598949573, vstest.console.dll, SocketCommunicationManager.WaitForClientConnection took: 212 ms, with 90000 ms timeout, and finished with True.
TpTrace Information: 0 : 34376, 7, 2024/04/25, 12:56:05.044, 5247598950852, vstest.console.dll, Accepted Client request and set the flag
TpTrace Verbose: 0 : 34376, 5, 2024/04/25, 12:56:05.044, 5247598952206, vstest.console.dll, ProxyDataCollectionManager.InvokeDataCollectionServiceAction: Starting.
TpTrace Information: 0 : 34376, 5, 2024/04/25, 12:56:05.044, 5247598953130, vstest.console.dll, ProxyDataCollectionManager.BeforeTestRunStart: Get environment variable and port for datacollector processId: 21976 port: 53299
TpTrace Verbose: 0 : 34376, 5, 2024/04/25, 12:56:05.044, 5247598954563, vstest.console.dll, DataCollectionRequestSender.SendBeforeTestRunStartAndGetResult: Send BeforeTestRunStart message with settingsXml <RunSettings><RunConfiguration><ResultsDirectory>C:\Users\VC\Documents\Projects\Intern100\day 11\ShoppingSLN\CustomerBLTests\bin\Debug\net8.0\fine-code-coverage\coverage-tool-output</ResultsDirectory><TargetPlatform>X64</TargetPlatform><TargetFrameworkVersion>.NETCoreApp,Version=v8.0</TargetFrameworkVersion><DesignMode>False</DesignMode><CollectSourceInformation>False</CollectSourceInformation><TestAdaptersPaths>C:\Program Files\dotnet\sdk\8.0.204\Extensions</TestAdaptersPaths></RunConfiguration><LoggerRunSettings><Loggers><Logger friendlyName="blame" enabled="True" /><Logger friendlyName="Console" uri="logger://microsoft/TestPlatform/ConsoleLogger/v1" assemblyQualifiedName="Microsoft.VisualStudio.TestPlatform.CommandLine.Internal.ConsoleLogger, vstest.console, Version=15.0.0.0, Culture=neutral, PublicKeyToken=b03f5f7f11d50a3a" codeBase="C:\Program Files\dotnet\sdk\8.0.204\vstest.console.dll" enabled="True" /></Loggers></LoggerRunSettings><DataCollectionRunSettings><DataCollectors><DataCollector friendlyName="blame" enabled="True"><Configuration><ResultsDirectory>C:\Users\VC\Documents\Projects\Intern100\day 11\ShoppingSLN\CustomerBLTests\bin\Debug\net8.0\fine-code-coverage\coverage-tool-output</ResultsDirectory></Configuration></DataCollector></DataCollectors></DataCollectionRunSettings></RunSettings> and sources System.Collections.Generic.List`1[System.String]: 
TpTrace Verbose: 0 : 34376, 5, 2024/04/25, 12:56:05.097, 5247599479101, vstest.console.dll, DataCollectionRequestSender.SendBeforeTestRunStartAndGetResult: Received message: (DataCollection.SendMessage) -> {"MessageType":"DataCollection.SendMessage","Payload":{"FriendlyName":null,"Uri":null,"TestCaseId":"00000000-0000-0000-0000-000000000000","Message":"Logging DataCollector Diagnostics in file: C:\\Users\\VC\\Documents\\Projects\\Intern100\\day 11\\ShoppingSLN\\CustomerBLTests\\bin\\Debug\\net8.0\\fine-code-coverage\\coverage-tool-output\\diagnostics.datacollector.24-04-25_12-56-04_82324_5.log","Level":0}}
TpTrace Verbose: 0 : 34376, 5, 2024/04/25, 12:56:05.175, 5247600259039, vstest.console.dll, DataCollectionRequestSender.SendBeforeTestRunStartAndGetResult: Received message: (DataCollection.BeforeTestRunStartResult) -> {"MessageType":"DataCollection.BeforeTestRunStartResult","Payload":{"EnvironmentVariables":{},"DataCollectionEventsPort":53301}}
TpTrace Information: 0 : 34376, 5, 2024/04/25, 12:56:05.179, 5247600302834, vstest.console.dll, ProxyDataCollectionManager.BeforeTestRunStart: SendBeforeTestRunStartAndGetResult successful, env variable from datacollector:   and testhost port: 53301
TpTrace Information: 0 : 34376, 5, 2024/04/25, 12:56:05.179, 5247600304246, vstest.console.dll, ProxyDataCollectionManager.InvokeDataCollectionServiceAction: Completed.
TpTrace Verbose: 0 : 34376, 5, 2024/04/25, 12:56:05.179, 5247600304633, vstest.console.dll, ParallelProxyExecutionManager.StartTestRunOnConcurrentManager: Initializing test run. Started clients: 0
TpTrace Verbose: 0 : 34376, 5, 2024/04/25, 12:56:05.179, 5247600305415, vstest.console.dll, ProxyExecutionManager: Test host is always Lazy initialize.
TpTrace Verbose: 0 : 34376, 5, 2024/04/25, 12:56:05.179, 5247600307223, vstest.console.dll, TestRequestSender.InitializeCommunication: initialize communication. 
TpTrace Information: 0 : 34376, 5, 2024/04/25, 12:56:05.180, 5247600311853, vstest.console.dll, SocketServer.Start: Listening on endpoint : 127.0.0.1:53302
TpTrace Verbose: 0 : 34376, 5, 2024/04/25, 12:56:05.180, 5247600318543, vstest.console.dll, DotnetTestHostmanager.GetTestHostProcessStartInfo: Platform environment 'X64' target architecture 'X64' framework '.NETCoreApp,Version=v8.0' OS 'Windows'
TpTrace Verbose: 0 : 34376, 5, 2024/04/25, 12:56:05.181, 5247600320836, vstest.console.dll, DotnetTestHostmanager: Adding  --runtimeconfig "C:\Users\VC\Documents\Projects\Intern100\day 11\ShoppingSLN\CustomerBLTests\bin\Debug\net8.0\fine-code-coverage\build-output\CustomerBLTests.runtimeconfig.json" in args
TpTrace Verbose: 0 : 34376, 5, 2024/04/25, 12:56:05.181, 5247600321828, vstest.console.dll, DotnetTestHostmanager: Adding  --depsfile "C:\Users\VC\Documents\Projects\Intern100\day 11\ShoppingSLN\CustomerBLTests\bin\Debug\net8.0\fine-code-coverage\build-output\CustomerBLTests.deps.json" in args
TpTrace Verbose: 0 : 34376, 5, 2024/04/25, 12:56:05.181, 5247600324242, vstest.console.dll, DotnetTestHostmanager.IsWinOnArm: Current PROCESSOR_ARCHITECTURE from environment variable 'AMD64'
TpTrace Verbose: 0 : 34376, 5, 2024/04/25, 12:56:05.181, 5247600324935, vstest.console.dll, DotnetTestHostmanager.IsWinOnArm: Is Windows on ARM 'False'
TpTrace Verbose: 0 : 34376, 5, 2024/04/25, 12:56:05.181, 5247600325972, vstest.console.dll, DotnetTestHostManager: testhost.exe found at path: C:\Users\VC\Documents\Projects\Intern100\day 11\ShoppingSLN\CustomerBLTests\bin\Debug\net8.0\fine-code-coverage\build-output\testhost.exe
TpTrace Verbose: 0 : 34376, 5, 2024/04/25, 12:56:05.181, 5247600326400, vstest.console.dll, DotnetTestHostmanager: Full path of host exe is C:\Users\VC\Documents\Projects\Intern100\day 11\ShoppingSLN\CustomerBLTests\bin\Debug\net8.0\fine-code-coverage\build-output\testhost.exe
TpTrace Verbose: 0 : 34376, 5, 2024/04/25, 12:56:05.181, 5247600327547, vstest.console.dll, DotnetTestHostmanager.LaunchTestHostAsync: Found 'VSTEST_WINAPPHOST_DOTNET_ROOT' in env variables, value 'C:\Program Files\dotnet', forwarding to 'DOTNET_ROOT'
TpTrace Verbose: 0 : 34376, 5, 2024/04/25, 12:56:05.182, 5247600328619, vstest.console.dll, DotnetTestHostManager: Starting process 'C:\Users\VC\Documents\Projects\Intern100\day 11\ShoppingSLN\CustomerBLTests\bin\Debug\net8.0\fine-code-coverage\build-output\testhost.exe' with command line ' --runtimeconfig "C:\Users\VC\Documents\Projects\Intern100\day 11\ShoppingSLN\CustomerBLTests\bin\Debug\net8.0\fine-code-coverage\build-output\CustomerBLTests.runtimeconfig.json" --depsfile "C:\Users\VC\Documents\Projects\Intern100\day 11\ShoppingSLN\CustomerBLTests\bin\Debug\net8.0\fine-code-coverage\build-output\CustomerBLTests.deps.json" --port 53302 --endpoint 127.0.0.1:053302 --role client --parentprocessid 34376 --diag "C:\Users\VC\Documents\Projects\Intern100\day 11\ShoppingSLN\CustomerBLTests\bin\Debug\net8.0\fine-code-coverage\coverage-tool-output\diagnostics.host.24-04-25_12-56-05_18068_5.log" --tracelevel 4 --datacollectionport 53301 --telemetryoptedin false'
TpTrace Verbose: 0 : 34376, 5, 2024/04/25, 12:56:05.189, 5247600398834, vstest.console.dll, MulticastDelegateUtilities.SafeInvoke: HostProviderEvents.OnHostLaunched: Invoking callback 1/2 for Microsoft.VisualStudio.TestPlatform.CrossPlatEngine.Client.ProxyExecutionManagerWithDataCollection., took 1 ms.
TpTrace Verbose: 0 : 34376, 5, 2024/04/25, 12:56:05.190, 5247600410115, vstest.console.dll, Test Runtime launched
TpTrace Verbose: 0 : 34376, 5, 2024/04/25, 12:56:05.190, 5247600411297, vstest.console.dll, MulticastDelegateUtilities.SafeInvoke: HostProviderEvents.OnHostLaunched: Invoking callback 2/2 for Microsoft.VisualStudio.TestPlatform.CrossPlatEngine.Client.ProxyOperationManager., took 0 ms.
TpTrace Verbose: 0 : 34376, 5, 2024/04/25, 12:56:05.190, 5247600412985, vstest.console.dll, TestRequestSender.WaitForRequestHandlerConnection: waiting for connection with timeout: 90000.
TpTrace Verbose: 0 : 34376, 7, 2024/04/25, 12:56:05.455, 5247603064528, vstest.console.dll, MulticastDelegateUtilities.SafeInvoke: SocketServer: ClientConnected: Invoking callback 1/1 for Microsoft.VisualStudio.TestPlatform.CommunicationUtilities.TestRequestSender., took 0 ms.
TpTrace Verbose: 0 : 34376, 5, 2024/04/25, 12:56:05.455, 5247603064463, vstest.console.dll, TestRequestSender.WaitForRequestHandlerConnection: waiting took 265 ms, with timeout 90000 ms, and result 0, which is success.
TpTrace Verbose: 0 : 34376, 7, 2024/04/25, 12:56:05.455, 5247603065986, vstest.console.dll, SocketServer.OnClientConnected: Client connected for endPoint: 127.0.0.1:53302, starting MessageLoopAsync:
TpTrace Verbose: 0 : 34376, 7, 2024/04/25, 12:56:05.456, 5247603073142, vstest.console.dll, TcpClientExtensions.MessageLoopAsync: Polling on remoteEndPoint: 127.0.0.1:53303 localEndPoint: 127.0.0.1:53302 after 0 ms
TpTrace Verbose: 0 : 34376, 5, 2024/04/25, 12:56:05.456, 5247603075812, vstest.console.dll, TestRequestSender.CheckVersionWithTestHost: Sending check version message: {"MessageType":"ProtocolVersion","Payload":7}
TpTrace Verbose: 0 : 34376, 7, 2024/04/25, 12:56:05.553, 5247604043229, vstest.console.dll, TcpClientExtensions.MessageLoopAsync: NotifyDataAvailable remoteEndPoint: 127.0.0.1:53303 localEndPoint: 127.0.0.1:53302
TpTrace Verbose: 0 : 34376, 7, 2024/04/25, 12:56:05.553, 5247604046669, vstest.console.dll, TestRequestSender.CheckVersionWithTestHost: onMessageReceived received message: (ProtocolVersion) -> {"MessageType":"ProtocolVersion","Payload":7}
TpTrace Verbose: 0 : 34376, 7, 2024/04/25, 12:56:05.554, 5247604053212, vstest.console.dll, MulticastDelegateUtilities.SafeInvoke: LengthPrefixCommunicationChannel: MessageReceived: Invoking callback 1/1 for Microsoft.VisualStudio.TestPlatform.CommunicationUtilities.TestRequestSender+<>c__DisplayClass29_0., took 0 ms.
TpTrace Verbose: 0 : 34376, 7, 2024/04/25, 12:56:05.554, 5247604054650, vstest.console.dll, TcpClientExtensions.MessageLoopAsync: Polling on remoteEndPoint: 127.0.0.1:53303 localEndPoint: 127.0.0.1:53302 after 98 ms
TpTrace Verbose: 0 : 34376, 5, 2024/04/25, 12:56:05.554, 5247604054647, vstest.console.dll, TestPluginCache.GetExtensionPaths: Filtered extension paths: 
TpTrace Verbose: 0 : 34376, 5, 2024/04/25, 12:56:05.554, 5247604056122, vstest.console.dll, TestPluginCache.GetExtensionPaths: Added default extension paths: C:\Program Files\dotnet\sdk\8.0.204\Extensions\Microsoft.Diagnostics.NETCore.Client.dll
C:\Program Files\dotnet\sdk\8.0.204\Extensions\Microsoft.TestPlatform.Extensions.BlameDataCollector.dll
C:\Program Files\dotnet\sdk\8.0.204\Extensions\Microsoft.TestPlatform.Extensions.EventLogCollector.dll
C:\Program Files\dotnet\sdk\8.0.204\Extensions\Microsoft.TestPlatform.TestHostRuntimeProvider.dll
C:\Program Files\dotnet\sdk\8.0.204\Extensions\Microsoft.VisualStudio.TestPlatform.Extensions.Html.TestLogger.dll
C:\Program Files\dotnet\sdk\8.0.204\Extensions\Microsoft.VisualStudio.TestPlatform.Extensions.Trx.TestLogger.dll
TpTrace Verbose: 0 : 34376, 5, 2024/04/25, 12:56:05.554, 5247604057357, vstest.console.dll, TestPluginCache.GetExtensionPaths: Added unfilterableExtensionPaths: 
TpTrace Verbose: 0 : 34376, 5, 2024/04/25, 12:56:05.559, 5247604108131, vstest.console.dll, TestRequestSender.InitializeExecution: Sending initialize execution with message: {"Version":7,"MessageType":"TestExecution.Initialize","Payload":["C:\\Users\\VC\\Documents\\Projects\\Intern100\\day 11\\ShoppingSLN\\CustomerBLTests\\bin\\Debug\\net8.0\\fine-code-coverage\\build-output\\NUnit3.TestAdapter.dll"]}
TpTrace Verbose: 0 : 34376, 5, 2024/04/25, 12:56:05.560, 5247604112248, vstest.console.dll, ParallelProxyExecutionManager.StartTestRunOnConcurrentManager: Execution starting. Started clients: 1
TpTrace Verbose: 0 : 34376, 5, 2024/04/25, 12:56:05.560, 5247604116215, vstest.console.dll, TestRunRequest:SendTestRunMessage: Starting.
TpTrace Verbose: 0 : 34376, 5, 2024/04/25, 12:56:05.561, 5247604119097, vstest.console.dll, MulticastDelegateUtilities.SafeInvoke: TestRun.LogMessages: Invoking callback 1/1 for Microsoft.VisualStudio.TestPlatform.CommandLine.TestRunResultAggregator., took 0 ms.
TpTrace Information: 0 : 34376, 5, 2024/04/25, 12:56:05.561, 5247604120155, vstest.console.dll, TestRunRequest:SendTestRunMessage: Completed.
TpTrace Verbose: 0 : 34376, 4, 2024/04/25, 12:56:05.561, 5247604121236, vstest.console.dll, MulticastDelegateUtilities.SafeInvoke: InternalTestLoggerEvents.SendTestRunMessage: Invoking callback 1/1 for Microsoft.VisualStudio.TestPlatform.CommandLine.Internal.ConsoleLogger., took 0 ms.
TpTrace Warning: 0 : 34376, 5, 2024/04/25, 12:56:05.561, 5247604127140, vstest.console.dll, InferRunSettingsHelper.MakeRunsettingsCompatible: Removing the following settings: TargetPlatform from RunSettings file. To use those settings please move to latest version of Microsoft.NET.Test.Sdk
TpTrace Verbose: 0 : 34376, 7, 2024/04/25, 12:56:05.563, 5247604140399, vstest.console.dll, TcpClientExtensions.MessageLoopAsync: NotifyDataAvailable remoteEndPoint: 127.0.0.1:53303 localEndPoint: 127.0.0.1:53302
TpTrace Verbose: 0 : 34376, 7, 2024/04/25, 12:56:05.563, 5247604145036, vstest.console.dll, TestRequestSender.OnExecutionMessageReceived: Received message: {"Version":7,"MessageType":"TestSession.Message","Payload":{"MessageLevel":0,"Message":"Logging TestHost Diagnostics in file: C:\\Users\\VC\\Documents\\Projects\\Intern100\\day 11\\ShoppingSLN\\CustomerBLTests\\bin\\Debug\\net8.0\\fine-code-coverage\\coverage-tool-output\\diagnostics.host.24-04-25_12-56-05_18068_5.log"}}
TpTrace Verbose: 0 : 34376, 7, 2024/04/25, 12:56:05.566, 5247604172359, vstest.console.dll, TestRunRequest:SendTestRunMessage: Starting.
TpTrace Verbose: 0 : 34376, 7, 2024/04/25, 12:56:05.566, 5247604176098, vstest.console.dll, MulticastDelegateUtilities.SafeInvoke: TestRun.LogMessages: Invoking callback 1/1 for Microsoft.VisualStudio.TestPlatform.CommandLine.TestRunResultAggregator., took 0 ms.
TpTrace Information: 0 : 34376, 7, 2024/04/25, 12:56:05.566, 5247604177147, vstest.console.dll, TestRunRequest:SendTestRunMessage: Completed.
TpTrace Verbose: 0 : 34376, 4, 2024/04/25, 12:56:05.566, 5247604176098, vstest.console.dll, MulticastDelegateUtilities.SafeInvoke: InternalTestLoggerEvents.SendTestRunMessage: Invoking callback 1/1 for Microsoft.VisualStudio.TestPlatform.CommandLine.Internal.ConsoleLogger., took 0 ms.
TpTrace Verbose: 0 : 34376, 7, 2024/04/25, 12:56:05.567, 5247604178561, vstest.console.dll, MulticastDelegateUtilities.SafeInvoke: LengthPrefixCommunicationChannel: MessageReceived: Invoking callback 1/1 for Microsoft.VisualStudio.TestPlatform.CommunicationUtilities.TestRequestSender+<>c__DisplayClass34_0., took 3 ms.
TpTrace Verbose: 0 : 34376, 7, 2024/04/25, 12:56:05.567, 5247604180773, vstest.console.dll, TcpClientExtensions.MessageLoopAsync: Polling on remoteEndPoint: 127.0.0.1:53303 localEndPoint: 127.0.0.1:53302 after 12 ms
TpTrace Verbose: 0 : 34376, 5, 2024/04/25, 12:56:05.574, 5247604251813, vstest.console.dll, TestRequestSender.StartTestRun: Sending test run with message: {"Version":7,"MessageType":"TestExecution.StartWithSources","Payload":{"AdapterSourceMap":{"_none_":["C:\\Users\\VC\\Documents\\Projects\\Intern100\\day 11\\ShoppingSLN\\CustomerBLTests\\bin\\Debug\\net8.0\\fine-code-coverage\\build-output\\CustomerBLTests.dll"]},"RunSettings":"<RunSettings>\r\n  <RunConfiguration>\r\n    <ResultsDirectory>C:\\Users\\VC\\Documents\\Projects\\Intern100\\day 11\\ShoppingSLN\\CustomerBLTests\\bin\\Debug\\net8.0\\fine-code-coverage\\coverage-tool-output</ResultsDirectory>\r\n    <TargetFrameworkVersion>.NETCoreApp,Version=v8.0</TargetFrameworkVersion>\r\n    <DesignMode>False</DesignMode>\r\n    <CollectSourceInformation>False</CollectSourceInformation>\r\n  </RunConfiguration>\r\n  <LoggerRunSettings>\r\n    <Loggers>\r\n      <Logger friendlyName=\"blame\" enabled=\"True\" />\r\n      <Logger friendlyName=\"Console\" uri=\"logger://microsoft/TestPlatform/ConsoleLogger/v1\" assemblyQualifiedName=\"Microsoft.VisualStudio.TestPlatform.CommandLine.Internal.ConsoleLogger, vstest.console, Version=15.0.0.0, Culture=neutral, PublicKeyToken=b03f5f7f11d50a3a\" codeBase=\"C:\\Program Files\\dotnet\\sdk\\8.0.204\\vstest.console.dll\" enabled=\"True\" />\r\n    </Loggers>\r\n  </LoggerRunSettings>\r\n  <DataCollectionRunSettings>\r\n    <DataCollectors>\r\n      <DataCollector friendlyName=\"blame\" enabled=\"True\">\r\n        <Configuration>\r\n          <ResultsDirectory>C:\\Users\\VC\\Documents\\Projects\\Intern100\\day 11\\ShoppingSLN\\CustomerBLTests\\bin\\Debug\\net8.0\\fine-code-coverage\\coverage-tool-output</ResultsDirectory>\r\n        </Configuration>\r\n      </DataCollector>\r\n    </DataCollectors>\r\n  </DataCollectionRunSettings>\r\n</RunSettings>","TestExecutionContext":{"FrequencyOfRunStatsChangeEvent":10,"RunStatsChangeEventTimeout":"00:00:01.5000000","InIsolation":false,"KeepAlive":false,"AreTestCaseLevelEventsRequired":false,"IsDebug":false,"TestCaseFilter":null,"FilterOptions":null},"Package":null}}
TpTrace Verbose: 0 : 34376, 5, 2024/04/25, 12:56:05.574, 5247604254769, vstest.console.dll, ParallelProxyExecutionManager.StartTestRunOnConcurrentManager: Execution started. Started clients: 1
TpTrace Verbose: 0 : 34376, 7, 2024/04/25, 12:56:05.700, 5247605517051, vstest.console.dll, TcpClientExtensions.MessageLoopAsync: NotifyDataAvailable remoteEndPoint: 127.0.0.1:53303 localEndPoint: 127.0.0.1:53302
TpTrace Verbose: 0 : 34376, 7, 2024/04/25, 12:56:05.701, 5247605518853, vstest.console.dll, TestRequestSender.OnExecutionMessageReceived: Received message: {"Version":7,"MessageType":"TestSession.Message","Payload":{"MessageLevel":0,"Message":"NUnit Adapter 4.5.0.0: Test execution started"}}
TpTrace Verbose: 0 : 34376, 7, 2024/04/25, 12:56:05.701, 5247605522478, vstest.console.dll, TestRunRequest:SendTestRunMessage: Starting.
TpTrace Verbose: 0 : 34376, 7, 2024/04/25, 12:56:05.701, 5247605523292, vstest.console.dll, MulticastDelegateUtilities.SafeInvoke: TestRun.LogMessages: Invoking callback 1/1 for Microsoft.VisualStudio.TestPlatform.CommandLine.TestRunResultAggregator., took 0 ms.
TpTrace Information: 0 : 34376, 7, 2024/04/25, 12:56:05.701, 5247605523570, vstest.console.dll, TestRunRequest:SendTestRunMessage: Completed.
TpTrace Verbose: 0 : 34376, 7, 2024/04/25, 12:56:05.701, 5247605523838, vstest.console.dll, MulticastDelegateUtilities.SafeInvoke: LengthPrefixCommunicationChannel: MessageReceived: Invoking callback 1/1 for Microsoft.VisualStudio.TestPlatform.CommunicationUtilities.TestRequestSender+<>c__DisplayClass34_0., took 0 ms.
TpTrace Verbose: 0 : 34376, 7, 2024/04/25, 12:56:05.701, 5247605524243, vstest.console.dll, TcpClientExtensions.MessageLoopAsync: Polling on remoteEndPoint: 127.0.0.1:53303 localEndPoint: 127.0.0.1:53302 after 134 ms
TpTrace Verbose: 0 : 34376, 4, 2024/04/25, 12:56:05.701, 5247605524392, vstest.console.dll, MulticastDelegateUtilities.SafeInvoke: InternalTestLoggerEvents.SendTestRunMessage: Invoking callback 1/1 for Microsoft.VisualStudio.TestPlatform.CommandLine.Internal.ConsoleLogger., took 0 ms.
TpTrace Verbose: 0 : 34376, 7, 2024/04/25, 12:56:05.720, 5247605709375, vstest.console.dll, TcpClientExtensions.MessageLoopAsync: NotifyDataAvailable remoteEndPoint: 127.0.0.1:53303 localEndPoint: 127.0.0.1:53302
TpTrace Verbose: 0 : 34376, 7, 2024/04/25, 12:56:05.720, 5247605711192, vstest.console.dll, TestRequestSender.OnExecutionMessageReceived: Received message: {"Version":7,"MessageType":"TestSession.Message","Payload":{"MessageLevel":0,"Message":"Running all tests in C:\\Users\\VC\\Documents\\Projects\\Intern100\\day 11\\ShoppingSLN\\CustomerBLTests\\bin\\Debug\\net8.0\\fine-code-coverage\\build-output\\CustomerBLTests.dll"}}
TpTrace Verbose: 0 : 34376, 7, 2024/04/25, 12:56:05.720, 5247605712490, vstest.console.dll, TestRunRequest:SendTestRunMessage: Starting.
TpTrace Verbose: 0 : 34376, 7, 2024/04/25, 12:56:05.720, 5247605713075, vstest.console.dll, MulticastDelegateUtilities.SafeInvoke: TestRun.LogMessages: Invoking callback 1/1 for Microsoft.VisualStudio.TestPlatform.CommandLine.TestRunResultAggregator., took 0 ms.
TpTrace Information: 0 : 34376, 7, 2024/04/25, 12:56:05.720, 5247605713364, vstest.console.dll, TestRunRequest:SendTestRunMessage: Completed.
TpTrace Verbose: 0 : 34376, 4, 2024/04/25, 12:56:05.720, 5247605713542, vstest.console.dll, MulticastDelegateUtilities.SafeInvoke: InternalTestLoggerEvents.SendTestRunMessage: Invoking callback 1/1 for Microsoft.VisualStudio.TestPlatform.CommandLine.Internal.ConsoleLogger., took 0 ms.
TpTrace Verbose: 0 : 34376, 7, 2024/04/25, 12:56:05.720, 5247605713670, vstest.console.dll, MulticastDelegateUtilities.SafeInvoke: LengthPrefixCommunicationChannel: MessageReceived: Invoking callback 1/1 for Microsoft.VisualStudio.TestPlatform.CommunicationUtilities.TestRequestSender+<>c__DisplayClass34_0., took 0 ms.
TpTrace Verbose: 0 : 34376, 7, 2024/04/25, 12:56:05.720, 5247605714776, vstest.console.dll, TcpClientExtensions.MessageLoopAsync: Polling on remoteEndPoint: 127.0.0.1:53303 localEndPoint: 127.0.0.1:53302 after 19 ms
TpTrace Verbose: 0 : 34376, 7, 2024/04/25, 12:56:05.816, 5247606670544, vstest.console.dll, TcpClientExtensions.MessageLoopAsync: NotifyDataAvailable remoteEndPoint: 127.0.0.1:53303 localEndPoint: 127.0.0.1:53302
TpTrace Verbose: 0 : 34376, 7, 2024/04/25, 12:56:05.816, 5247606672573, vstest.console.dll, TestRequestSender.OnExecutionMessageReceived: Received message: {"Version":7,"MessageType":"TestSession.Message","Payload":{"MessageLevel":0,"Message":"   NUnit3TestExecutor discovered 7 of 7 NUnit test cases using Current Discovery mode, Non-Explicit run"}}
TpTrace Verbose: 0 : 34376, 7, 2024/04/25, 12:56:05.816, 5247606674005, vstest.console.dll, TestRunRequest:SendTestRunMessage: Starting.
TpTrace Verbose: 0 : 34376, 7, 2024/04/25, 12:56:05.816, 5247606674667, vstest.console.dll, MulticastDelegateUtilities.SafeInvoke: TestRun.LogMessages: Invoking callback 1/1 for Microsoft.VisualStudio.TestPlatform.CommandLine.TestRunResultAggregator., took 0 ms.
TpTrace Information: 0 : 34376, 7, 2024/04/25, 12:56:05.816, 5247606674963, vstest.console.dll, TestRunRequest:SendTestRunMessage: Completed.
TpTrace Verbose: 0 : 34376, 7, 2024/04/25, 12:56:05.816, 5247606675450, vstest.console.dll, MulticastDelegateUtilities.SafeInvoke: LengthPrefixCommunicationChannel: MessageReceived: Invoking callback 1/1 for Microsoft.VisualStudio.TestPlatform.CommunicationUtilities.TestRequestSender+<>c__DisplayClass34_0., took 0 ms.
TpTrace Verbose: 0 : 34376, 7, 2024/04/25, 12:56:05.816, 5247606675787, vstest.console.dll, TcpClientExtensions.MessageLoopAsync: Polling on remoteEndPoint: 127.0.0.1:53303 localEndPoint: 127.0.0.1:53302 after 96 ms
TpTrace Verbose: 0 : 34376, 4, 2024/04/25, 12:56:05.816, 5247606676590, vstest.console.dll, MulticastDelegateUtilities.SafeInvoke: InternalTestLoggerEvents.SendTestRunMessage: Invoking callback 1/1 for Microsoft.VisualStudio.TestPlatform.CommandLine.Internal.ConsoleLogger., took 0 ms.
TpTrace Verbose: 0 : 34376, 7, 2024/04/25, 12:56:05.949, 5247608005397, vstest.console.dll, TcpClientExtensions.MessageLoopAsync: NotifyDataAvailable remoteEndPoint: 127.0.0.1:53303 localEndPoint: 127.0.0.1:53302
TpTrace Verbose: 0 : 34376, 7, 2024/04/25, 12:56:05.949, 5247608008357, vstest.console.dll, TestRequestSender.OnExecutionMessageReceived: Received message: {"Version":7,"MessageType":"TestSession.Message","Payload":{"MessageLevel":0,"Message":"NUnit Adapter 4.5.0.0: Test execution complete"}}
TpTrace Verbose: 0 : 34376, 7, 2024/04/25, 12:56:05.950, 5247608012042, vstest.console.dll, TestRunRequest:SendTestRunMessage: Starting.
TpTrace Verbose: 0 : 34376, 7, 2024/04/25, 12:56:05.950, 5247608012921, vstest.console.dll, MulticastDelegateUtilities.SafeInvoke: TestRun.LogMessages: Invoking callback 1/1 for Microsoft.VisualStudio.TestPlatform.CommandLine.TestRunResultAggregator., took 0 ms.
TpTrace Information: 0 : 34376, 7, 2024/04/25, 12:56:05.950, 5247608013357, vstest.console.dll, TestRunRequest:SendTestRunMessage: Completed.
TpTrace Verbose: 0 : 34376, 4, 2024/04/25, 12:56:05.950, 5247608013330, vstest.console.dll, MulticastDelegateUtilities.SafeInvoke: InternalTestLoggerEvents.SendTestRunMessage: Invoking callback 1/1 for Microsoft.VisualStudio.TestPlatform.CommandLine.Internal.ConsoleLogger., took 0 ms.
TpTrace Verbose: 0 : 34376, 7, 2024/04/25, 12:56:05.950, 5247608013858, vstest.console.dll, MulticastDelegateUtilities.SafeInvoke: LengthPrefixCommunicationChannel: MessageReceived: Invoking callback 1/1 for Microsoft.VisualStudio.TestPlatform.CommunicationUtilities.TestRequestSender+<>c__DisplayClass34_0., took 0 ms.
TpTrace Verbose: 0 : 34376, 7, 2024/04/25, 12:56:05.950, 5247608015542, vstest.console.dll, TcpClientExtensions.MessageLoopAsync: Polling on remoteEndPoint: 127.0.0.1:53303 localEndPoint: 127.0.0.1:53302 after 133 ms
TpTrace Verbose: 0 : 34376, 7, 2024/04/25, 12:56:05.988, 5247608397617, vstest.console.dll, TcpClientExtensions.MessageLoopAsync: NotifyDataAvailable remoteEndPoint: 127.0.0.1:53303 localEndPoint: 127.0.0.1:53302
TpTrace Verbose: 0 : 34376, 7, 2024/04/25, 12:56:05.989, 5247608401012, vstest.console.dll, TestRequestSender.OnExecutionMessageReceived: Received message: {"Version":7,"MessageType":"TestExecution.Completed","Payload":{"TestRunCompleteArgs":{"TestRunStatistics":{"ExecutedTests":7,"Stats":{"Passed":7}},"IsCanceled":false,"IsAborted":false,"Error":null,"AttachmentSets":[],"InvokedDataCollectors":[],"ElapsedTimeInRunningTests":"00:00:00.2740315","Metrics":{},"DiscoveredExtensions":{"TestDiscoverers":["NUnit.VisualStudio.TestAdapter.NUnit3TestDiscoverer, NUnit3.TestAdapter, Version=4.5.0.0, Culture=neutral, PublicKeyToken=4cb40d35494691ac"],"TestExecutors":["executor://NUnit3TestExecutor"],"TestExecutors2":[],"TestSettingsProviders":[]}},"LastRunTests":{"NewTestResults":[{"TestCase":{"Id":"284dc271-1e99-fc17-cdce-e6a37bd06e71","FullyQualifiedName":"CustomerBLTests.CustomerCreationTests.CustomerCreationTest","DisplayName":"CustomerCreationTest","ExecutorUri":"executor://NUnit3TestExecutor","Source":"C:\\Users\\VC\\Documents\\Projects\\Intern100\\day 11\\ShoppingSLN\\CustomerBLTests\\bin\\Debug\\net8.0\\fine-code-coverage\\build-output\\CustomerBLTests.dll","CodeFilePath":null,"LineNumber":0,"Properties":[{"Key":{"Id":"NUnit.Seed","Label":"Seed","Category":"","Description":"","Attributes":0,"ValueType":"System.String"},"Value":"1046789321"}]},"Attachments":[],"Outcome":1,"ErrorMessage":null,"ErrorStackTrace":null,"DisplayName":"CustomerCreationTest","Messages":[],"ComputerName":"C0RBBX3","Duration":"00:00:00.0203449","StartTime":"2024-04-25T07:26:05.8440851+00:00","EndTime":"2024-04-25T07:26:05.8643697+00:00","Properties":[{"Key":{"Id":"NUnit.Seed","Label":"Seed","Category":"","Description":"","Attributes":0,"ValueType":"System.String"},"Value":"1046789321"}]},{"TestCase":{"Id":"13d4d2b0-6883-6512-f8b6-a9c30c829bea","FullyQualifiedName":"CustomerBLTests.CustomerDeletionTests.DeleteCustomer","DisplayName":"DeleteCustomer","ExecutorUri":"executor://NUnit3TestExecutor","Source":"C:\\Users\\VC\\Documents\\Projects\\Intern100\\day 11\\ShoppingSLN\\CustomerBLTests\\bin\\Debug\\net8.0\\fine-code-coverage\\build-output\\CustomerBLTests.dll","CodeFilePath":null,"LineNumber":0,"Properties":[{"Key":{"Id":"NUnit.Seed","Label":"Seed","Category":"","Description":"","Attributes":0,"ValueType":"System.String"},"Value":"615373694"}]},"Attachments":[],"Outcome":1,"ErrorMessage":null,"ErrorStackTrace":null,"DisplayName":"DeleteCustomer","Messages":[],"ComputerName":"C0RBBX3","Duration":"00:00:00.0054560","StartTime":"2024-04-25T07:26:05.8676166+00:00","EndTime":"2024-04-25T07:26:05.8730726+00:00","Properties":[{"Key":{"Id":"NUnit.Seed","Label":"Seed","Category":"","Description":"","Attributes":0,"ValueType":"System.String"},"Value":"615373694"}]},{"TestCase":{"Id":"04e7b49a-a900-7304-2d2e-7a916565c1df","FullyQualifiedName":"CustomerBLTests.CustomerDeletionTests.DeleteCustomerFails","DisplayName":"DeleteCustomerFails","ExecutorUri":"executor://NUnit3TestExecutor","Source":"C:\\Users\\VC\\Documents\\Projects\\Intern100\\day 11\\ShoppingSLN\\CustomerBLTests\\bin\\Debug\\net8.0\\fine-code-coverage\\build-output\\CustomerBLTests.dll","CodeFilePath":null,"LineNumber":0,"Properties":[{"Key":{"Id":"NUnit.Seed","Label":"Seed","Category":"","Description":"","Attributes":0,"ValueType":"System.String"},"Value":"141309437"}]},"Attachments":[],"Outcome":1,"ErrorMessage":null,"ErrorStackTrace":null,"DisplayName":"DeleteCustomerFails","Messages":[],"ComputerName":"C0RBBX3","Duration":"00:00:00.0003910","StartTime":"2024-04-25T07:26:05.8731143+00:00","EndTime":"2024-04-25T07:26:05.8735045+00:00","Properties":[{"Key":{"Id":"NUnit.Seed","Label":"Seed","Category":"","Description":"","Attributes":0,"ValueType":"System.String"},"Value":"141309437"}]},{"TestCase":{"Id":"48846c1f-b0ed-5063-8bb0-54dde1984f51","FullyQualifiedName":"CustomerBLTests.CustomerRetrivalTests.GetCustomer","DisplayName":"GetCustomer","ExecutorUri":"executor://NUnit3TestExecutor","Source":"C:\\Users\\VC\\Documents\\Projects\\Intern100\\day 11\\ShoppingSLN\\CustomerBLTests\\bin\\Debug\\net8.0\\fine-code-coverage\\build-output\\CustomerBLTests.dll","CodeFilePath":null,"LineNumber":0,"Properties":[{"Key":{"Id":"NUnit.Seed","Label":"Seed","Category":"","Description":"","Attributes":0,"ValueType":"System.String"},"Value":"2137212836"}]},"Attachments":[],"Outcome":1,"ErrorMessage":null,"ErrorStackTrace":null,"DisplayName":"GetCustomer","Messages":[],"ComputerName":"C0RBBX3","Duration":"00:00:00.0009080","StartTime":"2024-04-25T07:26:05.8736587+00:00","EndTime":"2024-04-25T07:26:05.8745661+00:00","Properties":[{"Key":{"Id":"NUnit.Seed","Label":"Seed","Category":"","Description":"","Attributes":0,"ValueType":"System.String"},"Value":"2137212836"}]},{"TestCase":{"Id":"b98d70dc-f0ec-9943-ac44-cf30a09a0651","FullyQualifiedName":"CustomerBLTests.CustomerRetrivalTests.GetCustomerFails","DisplayName":"GetCustomerFails","ExecutorUri":"executor://NUnit3TestExecutor","Source":"C:\\Users\\VC\\Documents\\Projects\\Intern100\\day 11\\ShoppingSLN\\CustomerBLTests\\bin\\Debug\\net8.0\\fine-code-coverage\\build-output\\CustomerBLTests.dll","CodeFilePath":null,"LineNumber":0,"Properties":[{"Key":{"Id":"NUnit.Seed","Label":"Seed","Category":"","Description":"","Attributes":0,"ValueType":"System.String"},"Value":"4958595"}]},"Attachments":[],"Outcome":1,"ErrorMessage":null,"ErrorStackTrace":null,"DisplayName":"GetCustomerFails","Messages":[],"ComputerName":"C0RBBX3","Duration":"00:00:00.0002480","StartTime":"2024-04-25T07:26:05.8745816+00:00","EndTime":"2024-04-25T07:26:05.8748294+00:00","Properties":[{"Key":{"Id":"NUnit.Seed","Label":"Seed","Category":"","Description":"","Attributes":0,"ValueType":"System.String"},"Value":"4958595"}]},{"TestCase":{"Id":"f8153699-8722-09fb-ac41-7f9bfe9e4c6a","FullyQualifiedName":"CustomerBLTests.CustomerUpdationTests.UpdateCustomer","DisplayName":"UpdateCustomer","ExecutorUri":"executor://NUnit3TestExecutor","Source":"C:\\Users\\VC\\Documents\\Projects\\Intern100\\day 11\\ShoppingSLN\\CustomerBLTests\\bin\\Debug\\net8.0\\fine-code-coverage\\build-output\\CustomerBLTests.dll","CodeFilePath":null,"LineNumber":0,"Properties":[{"Key":{"Id":"NUnit.Seed","Label":"Seed","Category":"","Description":"","Attributes":0,"ValueType":"System.String"},"Value":"432008832"}]},"Attachments":[],"Outcome":1,"ErrorMessage":null,"ErrorStackTrace":null,"DisplayName":"UpdateCustomer","Messages":[],"ComputerName":"C0RBBX3","Duration":"00:00:00.0003940","StartTime":"2024-04-25T07:26:05.8749221+00:00","EndTime":"2024-04-25T07:26:05.8753154+00:00","Properties":[{"Key":{"Id":"NUnit.Seed","Label":"Seed","Category":"","Description":"","Attributes":0,"ValueType":"System.String"},"Value":"432008832"}]},{"TestCase":{"Id":"e72ee3da-996b-92bc-7ae3-1268c7606483","FullyQualifiedName":"CustomerBLTests.CustomerUpdationTests.UpdateCustomerFails","DisplayName":"UpdateCustomerFails","ExecutorUri":"executor://NUnit3TestExecutor","Source":"C:\\Users\\VC\\Documents\\Projects\\Intern100\\day 11\\ShoppingSLN\\CustomerBLTests\\bin\\Debug\\net8.0\\fine-code-coverage\\build-output\\CustomerBLTests.dll","CodeFilePath":null,"LineNumber":0,"Properties":[{"Key":{"Id":"NUnit.Seed","Label":"Seed","Category":"","Description":"","Attributes":0,"ValueType":"System.String"},"Value":"1776346325"}]},"Attachments":[],"Outcome":1,"ErrorMessage":null,"ErrorStackTrace":null,"DisplayName":"UpdateCustomerFails","Messages":[],"ComputerName":"C0RBBX3","Duration":"00:00:00.0002670","StartTime":"2024-04-25T07:26:05.8753316+00:00","EndTime":"2024-04-25T07:26:05.8755977+00:00","Properties":[{"Key":{"Id":"NUnit.Seed","Label":"Seed","Category":"","Description":"","Attributes":0,"ValueType":"System.String"},"Value":"1776346325"}]}],"TestRunStatistics":{"ExecutedTests":7,"Stats":{"Passed":7}},"ActiveTests":[]},"RunAttachments":[],"ExecutorUris":["executor://nunit3testexecutor/"]}}
TpTrace Verbose: 0 : 34376, 7, 2024/04/25, 12:56:05.989, 5247608402502, vstest.console.dll, TestRequestSender.EndSession: Sending end session.
TpTrace Verbose: 0 : 34376, 7, 2024/04/25, 12:56:05.989, 5247608404236, vstest.console.dll, ProxyOperationManager.Close: waiting for test host to exit for 100 ms
TpTrace Verbose: 0 : 34376, 11, 2024/04/25, 12:56:06.003, 5247608539724, vstest.console.dll, TestHostManagerCallbacks.ctor: Experimental forwarding output is disabled.
TpTrace Warning: 0 : 34376, 11, 2024/04/25, 12:56:06.003, 5247608541215, vstest.console.dll, TestHostManagerCallbacks.ErrorReceivedCallback Test host standard error line: 
TpTrace Verbose: 0 : 34376, 11, 2024/04/25, 12:56:06.011, 5247608626549, vstest.console.dll, TestHostProvider.ExitCallBack: Host exited starting callback.
TpTrace Information: 0 : 34376, 11, 2024/04/25, 12:56:06.011, 5247608628230, vstest.console.dll, TestHostManagerCallbacks.ExitCallBack: Testhost processId: 18204 exited with exitcode: 0 error: ''
TpTrace Verbose: 0 : 34376, 11, 2024/04/25, 12:56:06.012, 5247608628582, vstest.console.dll, DotnetTestHostManager.OnHostExited: invoking OnHostExited callback
TpTrace Verbose: 0 : 34376, 11, 2024/04/25, 12:56:06.012, 5247608629082, vstest.console.dll, CrossPlatEngine.TestHostManagerHostExited: calling on client process exit callback.
TpTrace Information: 0 : 34376, 11, 2024/04/25, 12:56:06.012, 5247608629544, vstest.console.dll, TestRequestSender.OnClientProcessExit: Test host process exited. Standard error: 
TpTrace Information: 0 : 34376, 11, 2024/04/25, 12:56:06.012, 5247608629892, vstest.console.dll, SocketServer.Stop: Stop server endPoint: 127.0.0.1:53302
TpTrace Information: 0 : 34376, 11, 2024/04/25, 12:56:06.012, 5247608630178, vstest.console.dll, SocketServer.Stop: Cancellation requested. Stopping message loop.
TpTrace Information: 0 : 34376, 7, 2024/04/25, 12:56:06.012, 5247608629894, vstest.console.dll, SocketServer.Stop: Stop server endPoint: 127.0.0.1:53302
TpTrace Verbose: 0 : 34376, 11, 2024/04/25, 12:56:06.012, 5247608631196, vstest.console.dll, MulticastDelegateUtilities.SafeInvoke: HostProviderEvents.OnHostExited: Invoking callback 1/1 for Microsoft.VisualStudio.TestPlatform.CrossPlatEngine.Client.ProxyOperationManager., took 0 ms.
TpTrace Information: 0 : 34376, 7, 2024/04/25, 12:56:06.012, 5247608631253, vstest.console.dll, SocketServer.Stop: Cancellation requested. Stopping message loop.
TpTrace Information: 0 : 34376, 7, 2024/04/25, 12:56:06.012, 5247608632192, vstest.console.dll, Closing the connection
TpTrace Verbose: 0 : 34376, 7, 2024/04/25, 12:56:06.012, 5247608634163, vstest.console.dll, ProxyDataCollectionManager.InvokeDataCollectionServiceAction: Starting.
TpTrace Information: 0 : 34376, 7, 2024/04/25, 12:56:06.012, 5247608634599, vstest.console.dll, ProxyDataCollectionManager.AfterTestRunEnd: Get attachment set and invoked data collectors processId: 21976 port: 53299
TpTrace Verbose: 0 : 34376, 7, 2024/04/25, 12:56:06.012, 5247608635043, vstest.console.dll, DataCollectionRequestSender.SendAfterTestRunStartAndGetResult: Send AfterTestRunEnd message with isCancelled: False
TpTrace Verbose: 0 : 34376, 7, 2024/04/25, 12:56:06.018, 5247608691280, vstest.console.dll, DataCollectionRequestSender.SendAfterTestRunStartAndGetResult: Received message: (DataCollection.AfterTestRunEndResult) -> {"MessageType":"DataCollection.AfterTestRunEndResult","Payload":{"AttachmentSets":[],"InvokedDataCollectors":[{"Uri":"datacollector://Microsoft/TestPlatform/Extensions/Blame/v1","FriendlyName":"Blame","AssemblyQualifiedName":"Microsoft.TestPlatform.Extensions.BlameDataCollector.BlameCollector, Microsoft.TestPlatform.Extensions.BlameDataCollector, Version=15.0.0.0, Culture=neutral, PublicKeyToken=b03f5f7f11d50a3a","FilePath":"C:\\Program Files\\dotnet\\sdk\\8.0.204\\Extensions\\Microsoft.TestPlatform.Extensions.BlameDataCollector.dll","HasAttachmentProcessor":false}],"Metrics":{}}}
TpTrace Warning: 0 : 34376, 10, 2024/04/25, 12:56:06.025, 5247608759174, vstest.console.dll, DataCollectionLauncher.ErrorReceivedCallback datacollector standard error line: 
TpTrace Information: 0 : 34376, 7, 2024/04/25, 12:56:06.027, 5247608783302, vstest.console.dll, ProxyDataCollectionManager.InvokeDataCollectionServiceAction: Completed.
TpTrace Information: 0 : 34376, 10, 2024/04/25, 12:56:06.031, 5247608823875, vstest.console.dll, DataCollectionLauncher.ExitCallBack: Data collector exited with exitcode: 0 error: ''
TpTrace Verbose: 0 : 34376, 7, 2024/04/25, 12:56:06.089, 5247609401179, vstest.console.dll, TestRunRequest:SendTestRunStatsChange: Starting.
TpTrace Verbose: 0 : 34376, 7, 2024/04/25, 12:56:06.089, 5247609404051, vstest.console.dll, MulticastDelegateUtilities.SafeInvoke: TestRun.RunStatsChanged: Invoking callbacks was skipped because there are no subscribers.
TpTrace Information: 0 : 34376, 7, 2024/04/25, 12:56:06.089, 5247609404497, vstest.console.dll, TestRunRequest:SendTestRunStatsChange: Completed.
TpTrace Verbose: 0 : 34376, 7, 2024/04/25, 12:56:06.089, 5247609407570, vstest.console.dll, ParallelProxyExecutionManager: HandlePartialRunComplete: Total workloads = 1, Total started clients = 1 Total completed clients = 1, Run complete = True, Run canceled: False.
TpTrace Verbose: 0 : 34376, 7, 2024/04/25, 12:56:06.089, 5247609408033, vstest.console.dll, ParallelProxyExecutionManager: HandlePartialRunComplete: All runs completed stopping all managers.
TpTrace Verbose: 0 : 34376, 7, 2024/04/25, 12:56:06.089, 5247609408359, vstest.console.dll, ParallelOperationManager.StopAllManagers: Stopping all managers.
TpTrace Verbose: 0 : 34376, 7, 2024/04/25, 12:56:06.090, 5247609408636, vstest.console.dll, ParallelOperationManager.ClearSlots: Clearing all slots. Slots should accept more work: False
TpTrace Verbose: 0 : 34376, 7, 2024/04/25, 12:56:06.090, 5247609409001, vstest.console.dll, ParallelOperationManager.SetOccupiedSlotCount: Setting slot counts AvailableSlotCount = 1, OccupiedSlotCount = 0.
TpTrace Verbose: 0 : 34376, 7, 2024/04/25, 12:56:06.090, 5247609409451, vstest.console.dll, Occupied slots:

TpTrace Verbose: 0 : 34376, 4, 2024/04/25, 12:56:06.090, 5247609417366, vstest.console.dll, MulticastDelegateUtilities.SafeInvoke: InternalTestLoggerEvents.SendTestResult: Invoking callback 1/1 for Microsoft.VisualStudio.TestPlatform.CommandLine.Internal.ConsoleLogger., took 1 ms.
TpTrace Verbose: 0 : 34376, 4, 2024/04/25, 12:56:06.091, 5247609421001, vstest.console.dll, MulticastDelegateUtilities.SafeInvoke: InternalTestLoggerEvents.SendTestResult: Invoking callback 1/1 for Microsoft.VisualStudio.TestPlatform.CommandLine.Internal.ConsoleLogger., took 0 ms.
TpTrace Verbose: 0 : 34376, 4, 2024/04/25, 12:56:06.091, 5247609422092, vstest.console.dll, MulticastDelegateUtilities.SafeInvoke: InternalTestLoggerEvents.SendTestResult: Invoking callback 1/1 for Microsoft.VisualStudio.TestPlatform.CommandLine.Internal.ConsoleLogger., took 0 ms.
TpTrace Verbose: 0 : 34376, 4, 2024/04/25, 12:56:06.091, 5247609422642, vstest.console.dll, MulticastDelegateUtilities.SafeInvoke: InternalTestLoggerEvents.SendTestResult: Invoking callback 1/1 for Microsoft.VisualStudio.TestPlatform.CommandLine.Internal.ConsoleLogger., took 0 ms.
TpTrace Verbose: 0 : 34376, 4, 2024/04/25, 12:56:06.091, 5247609423130, vstest.console.dll, MulticastDelegateUtilities.SafeInvoke: InternalTestLoggerEvents.SendTestResult: Invoking callback 1/1 for Microsoft.VisualStudio.TestPlatform.CommandLine.Internal.ConsoleLogger., took 0 ms.
TpTrace Verbose: 0 : 34376, 4, 2024/04/25, 12:56:06.091, 5247609423594, vstest.console.dll, MulticastDelegateUtilities.SafeInvoke: InternalTestLoggerEvents.SendTestResult: Invoking callback 1/1 for Microsoft.VisualStudio.TestPlatform.CommandLine.Internal.ConsoleLogger., took 0 ms.
TpTrace Verbose: 0 : 34376, 4, 2024/04/25, 12:56:06.091, 5247609424081, vstest.console.dll, MulticastDelegateUtilities.SafeInvoke: InternalTestLoggerEvents.SendTestResult: Invoking callback 1/1 for Microsoft.VisualStudio.TestPlatform.CommandLine.Internal.ConsoleLogger., took 0 ms.
TpTrace Verbose: 0 : 34376, 4, 2024/04/25, 12:56:06.099, 5247609502720, vstest.console.dll, MulticastDelegateUtilities.SafeInvoke: InternalTestLoggerEvents.SendTestRunComplete: Invoking callback 1/2 for Microsoft.TestPlatform.Extensions.BlameDataCollector.BlameLogger., took 0 ms.
TpTrace Verbose: 0 : 34376, 4, 2024/04/25, 12:56:06.104, 5247609554310, vstest.console.dll, MulticastDelegateUtilities.SafeInvoke: InternalTestLoggerEvents.SendTestRunComplete: Invoking callback 2/2 for Microsoft.VisualStudio.TestPlatform.CommandLine.Internal.ConsoleLogger., took 5 ms.
TpTrace Verbose: 0 : 34376, 7, 2024/04/25, 12:56:06.104, 5247609558088, vstest.console.dll, TestRunRequest:TestRunComplete: Starting. IsAborted:False IsCanceled:False.
TpTrace Verbose: 0 : 34376, 7, 2024/04/25, 12:56:06.105, 5247609560189, vstest.console.dll, ParallelOperationManager.DoActionOnAllManagers: Calling an action on all managers.
TpTrace Verbose: 0 : 34376, 7, 2024/04/25, 12:56:06.106, 5247609570399, vstest.console.dll, TestLoggerManager.HandleTestRunComplete: Ignoring as the object is disposed.
TpTrace Verbose: 0 : 34376, 7, 2024/04/25, 12:56:06.106, 5247609572647, vstest.console.dll, MulticastDelegateUtilities.SafeInvoke: TestRun.TestRunComplete: Invoking callback 1/2 for Microsoft.VisualStudio.TestPlatform.CommandLine.TestRunResultAggregator., took 0 ms.
TpTrace Verbose: 0 : 34376, 7, 2024/04/25, 12:56:06.106, 5247609573736, vstest.console.dll, MulticastDelegateUtilities.SafeInvoke: TestRun.TestRunComplete: Invoking callback 2/2 for Microsoft.VisualStudio.TestPlatform.CommandLine.Processors.RunTestsArgumentExecutor+TestRunRequestEventsRegistrar., took 0 ms.
TpTrace Information: 0 : 34376, 7, 2024/04/25, 12:56:06.106, 5247609574813, vstest.console.dll, TestRunRequest:TestRunComplete: Completed.
TpTrace Verbose: 0 : 34376, 7, 2024/04/25, 12:56:06.106, 5247609575306, vstest.console.dll, TestRequestSender.SetOperationComplete: Setting operation complete.
TpTrace Information: 0 : 34376, 7, 2024/04/25, 12:56:06.106, 5247609575615, vstest.console.dll, SocketServer.Stop: Stop server endPoint: 127.0.0.1:53302
TpTrace Verbose: 0 : 34376, 1, 2024/04/25, 12:56:06.106, 5247609575606, vstest.console.dll, TestRunRequest.Dispose: Starting.
TpTrace Information: 0 : 34376, 7, 2024/04/25, 12:56:06.106, 5247609575938, vstest.console.dll, SocketServer.Stop: Cancellation requested. Stopping message loop.
TpTrace Information: 0 : 34376, 1, 2024/04/25, 12:56:06.106, 5247609576909, vstest.console.dll, TestRunRequest.Dispose: Completed.
TpTrace Verbose: 0 : 34376, 7, 2024/04/25, 12:56:06.106, 5247609577597, vstest.console.dll, MulticastDelegateUtilities.SafeInvoke: LengthPrefixCommunicationChannel: MessageReceived: Invoking callback 1/1 for Microsoft.VisualStudio.TestPlatform.CommunicationUtilities.TestRequestSender+<>c__DisplayClass34_0., took 117 ms.
TpTrace Information: 0 : 34376, 1, 2024/04/25, 12:56:06.106, 5247609577645, vstest.console.dll, TestRequestManager.RunTests: run tests completed.
TpTrace Information: 0 : 34376, 7, 2024/04/25, 12:56:06.106, 5247609578227, vstest.console.dll, SocketServer.PrivateStop: Stopping server endPoint: 127.0.0.1:53302 error: 
TpTrace Information: 0 : 34376, 1, 2024/04/25, 12:56:06.107, 5247609579045, vstest.console.dll, RunTestsArgumentProcessor:Execute: Test run is completed.
TpTrace Verbose: 0 : 34376, 1, 2024/04/25, 12:56:06.107, 5247609582315, vstest.console.dll, Executor.Execute: Exiting with exit code of 0
TpTrace Verbose: 0 : 34376, 7, 2024/04/25, 12:56:06.107, 5247609583619, vstest.console.dll, LengthPrefixCommunicationChannel.Dispose: Dispose reader and writer.
TpTrace Information: 0 : 34376, 7, 2024/04/25, 12:56:06.107, 5247609584553, vstest.console.dll, SocketServer.Stop: Raise disconnected event endPoint: 127.0.0.1:53302 error: 
TpTrace Verbose: 0 : 34376, 7, 2024/04/25, 12:56:06.107, 5247609586389, vstest.console.dll, TestRequestSender: OnTestRunAbort: Operation is already complete. Skip error message.
TpTrace Verbose: 0 : 34376, 7, 2024/04/25, 12:56:06.107, 5247609586920, vstest.console.dll, MulticastDelegateUtilities.SafeInvoke: SocketServer: ClientDisconnected: Invoking callback 1/1 for Microsoft.VisualStudio.TestPlatform.CommunicationUtilities.TestRequestSender., took 0 ms.
TpTrace Verbose: 0 : 34376, 7, 2024/04/25, 12:56:06.107, 5247609587323, vstest.console.dll, TcpClientExtensions.MessageLoopAsync: exiting MessageLoopAsync remoteEndPoint: 127.0.0.1:53303 localEndPoint: 127.0.0.1:53302
