<?xml version="1.0" encoding="utf-8"?>
<!DOCTYPE coverage SYSTEM "http://cobertura.sourceforge.net/xml/coverage-04.dtd">
<coverage line-rate="0.891338582677165" branch-rate="0.67741935483871" lines-covered="566" lines-valid="635" branches-covered="42" branches-valid="62" complexity="170" version="0" timestamp="1714049775">
  <sources>
    <source>C:\Users\VC\</source>
  </sources>
  <packages>
    <package name="CartBLTests" line-rate="0.991071428571429" branch-rate="1" complexity="14">
      <classes>
        <class name="AutoGeneratedProgram" filename="C:\Users\VC\.nuget\packages\microsoft.net.test.sdk\17.8.0\build\netcoreapp3.1\Microsoft.NET.Test.Sdk.Program.cs" line-rate="0" branch-rate="1" complexity="1">
          <methods>
            <method name="Main" signature="(...)" line-rate="0" branch-rate="1" complexity="1">
              <lines>
                <line number="4" hits="0" branch="false" />
              </lines>
            </method>
          </methods>
          <lines>
            <line number="4" hits="0" branch="false" />
          </lines>
        </class>
        <class name="CartBLTests.CartCheckoutTests" filename="C:\Users\VC\Documents\Projects\Intern100\day 11\ShoppingSLN\CartBLTests\CartCheckoutTests.cs" line-rate="1" branch-rate="1" complexity="2">
          <methods>
            <method name="Setup" signature="()" line-rate="1" branch-rate="1" complexity="1">
              <lines>
                <line number="15" hits="1" branch="false" />
                <line number="16" hits="1" branch="false" />
                <line number="17" hits="1" branch="false" />
                <line number="18" hits="1" branch="false" />
                <line number="19" hits="1" branch="false" />
                <line number="21" hits="1" branch="false" />
                <line number="22" hits="1" branch="false" />
                <line number="23" hits="1" branch="false" />
                <line number="25" hits="1" branch="false" />
                <line number="26" hits="1" branch="false" />
                <line number="27" hits="1" branch="false" />
                <line number="29" hits="1" branch="false" />
                <line number="30" hits="1" branch="false" />
                <line number="31" hits="1" branch="false" />
                <line number="33" hits="1" branch="false" />
                <line number="34" hits="1" branch="false" />
                <line number="37" hits="1" branch="false" />
                <line number="38" hits="1" branch="false" />
              </lines>
            </method>
            <method name="CartCheckoutTest" signature="()" line-rate="1" branch-rate="1" complexity="1">
              <lines>
                <line number="43" hits="1" branch="false" />
                <line number="44" hits="1" branch="false" />
                <line number="46" hits="1" branch="false" />
                <line number="47" hits="1" branch="false" />
                <line number="48" hits="1" branch="false" />
              </lines>
            </method>
          </methods>
          <lines>
            <line number="15" hits="1" branch="false" />
            <line number="16" hits="1" branch="false" />
            <line number="17" hits="1" branch="false" />
            <line number="18" hits="1" branch="false" />
            <line number="19" hits="1" branch="false" />
            <line number="21" hits="1" branch="false" />
            <line number="22" hits="1" branch="false" />
            <line number="23" hits="1" branch="false" />
            <line number="25" hits="1" branch="false" />
            <line number="26" hits="1" branch="false" />
            <line number="27" hits="1" branch="false" />
            <line number="29" hits="1" branch="false" />
            <line number="30" hits="1" branch="false" />
            <line number="31" hits="1" branch="false" />
            <line number="33" hits="1" branch="false" />
            <line number="34" hits="1" branch="false" />
            <line number="37" hits="1" branch="false" />
            <line number="38" hits="1" branch="false" />
            <line number="43" hits="1" branch="false" />
            <line number="44" hits="1" branch="false" />
            <line number="46" hits="1" branch="false" />
            <line number="47" hits="1" branch="false" />
            <line number="48" hits="1" branch="false" />
          </lines>
        </class>
        <class name="CartBLTests.CartCreationTests" filename="C:\Users\VC\Documents\Projects\Intern100\day 11\ShoppingSLN\CartBLTests\CartCreationTests.cs" line-rate="1" branch-rate="1" complexity="3">
          <methods>
            <method name="Setup" signature="()" line-rate="1" branch-rate="1" complexity="1">
              <lines>
                <line number="16" hits="2" branch="false" />
                <line number="17" hits="2" branch="false" />
                <line number="18" hits="2" branch="false" />
                <line number="19" hits="2" branch="false" />
                <line number="20" hits="2" branch="false" />
                <line number="21" hits="2" branch="false" />
              </lines>
            </method>
            <method name="CreateCart" signature="()" line-rate="1" branch-rate="1" complexity="1">
              <lines>
                <line number="25" hits="1" branch="false" />
                <line number="28" hits="1" branch="false" />
                <line number="29" hits="1" branch="false" />
                <line number="32" hits="1" branch="false" />
                <line number="35" hits="1" branch="false" />
                <line number="36" hits="1" branch="false" />
                <line number="37" hits="1" branch="false" />
              </lines>
            </method>
            <method name="CreateCartFail" signature="()" line-rate="1" branch-rate="1" complexity="1">
              <lines>
                <line number="41" hits="1" branch="false" />
                <line number="42" hits="1" branch="false" />
                <line number="43" hits="1" branch="false" />
                <line number="45" hits="1" branch="false" />
                <line number="46" hits="1" branch="false" />
                <line number="48" hits="2" branch="false" />
                <line number="49" hits="1" branch="false" />
              </lines>
            </method>
          </methods>
          <lines>
            <line number="16" hits="2" branch="false" />
            <line number="17" hits="2" branch="false" />
            <line number="18" hits="2" branch="false" />
            <line number="19" hits="2" branch="false" />
            <line number="20" hits="2" branch="false" />
            <line number="21" hits="2" branch="false" />
            <line number="25" hits="1" branch="false" />
            <line number="28" hits="1" branch="false" />
            <line number="29" hits="1" branch="false" />
            <line number="32" hits="1" branch="false" />
            <line number="35" hits="1" branch="false" />
            <line number="36" hits="1" branch="false" />
            <line number="37" hits="1" branch="false" />
            <line number="41" hits="1" branch="false" />
            <line number="42" hits="1" branch="false" />
            <line number="43" hits="1" branch="false" />
            <line number="45" hits="1" branch="false" />
            <line number="46" hits="1" branch="false" />
            <line number="48" hits="2" branch="false" />
            <line number="49" hits="1" branch="false" />
          </lines>
        </class>
        <class name="CartBLTests.CartDeletionTests" filename="C:\Users\VC\Documents\Projects\Intern100\day 11\ShoppingSLN\CartBLTests\CartDeletionTests.cs" line-rate="1" branch-rate="1" complexity="3">
          <methods>
            <method name="Setup" signature="()" line-rate="1" branch-rate="1" complexity="1">
              <lines>
                <line number="16" hits="2" branch="false" />
                <line number="17" hits="2" branch="false" />
                <line number="18" hits="2" branch="false" />
                <line number="19" hits="2" branch="false" />
                <line number="20" hits="2" branch="false" />
                <line number="24" hits="2" branch="false" />
                <line number="25" hits="2" branch="false" />
                <line number="27" hits="2" branch="false" />
                <line number="28" hits="2" branch="false" />
                <line number="30" hits="2" branch="false" />
                <line number="31" hits="2" branch="false" />
                <line number="33" hits="2" branch="false" />
                <line number="34" hits="2" branch="false" />
                <line number="35" hits="2" branch="false" />
                <line number="39" hits="2" branch="false" />
              </lines>
            </method>
            <method name="DeleteCartSuccess" signature="()" line-rate="1" branch-rate="1" complexity="1">
              <lines>
                <line number="43" hits="1" branch="false" />
                <line number="45" hits="1" branch="false" />
                <line number="48" hits="1" branch="false" />
                <line number="49" hits="1" branch="false" />
                <line number="50" hits="1" branch="false" />
              </lines>
            </method>
            <method name="DeleteCartFailure" signature="()" line-rate="1" branch-rate="1" complexity="1">
              <lines>
                <line number="54" hits="1" branch="false" />
                <line number="56" hits="2" branch="false" />
                <line number="57" hits="1" branch="false" />
                <line number="58" hits="1" branch="false" />
              </lines>
            </method>
          </methods>
          <lines>
            <line number="16" hits="2" branch="false" />
            <line number="17" hits="2" branch="false" />
            <line number="18" hits="2" branch="false" />
            <line number="19" hits="2" branch="false" />
            <line number="20" hits="2" branch="false" />
            <line number="24" hits="2" branch="false" />
            <line number="25" hits="2" branch="false" />
            <line number="27" hits="2" branch="false" />
            <line number="28" hits="2" branch="false" />
            <line number="30" hits="2" branch="false" />
            <line number="31" hits="2" branch="false" />
            <line number="33" hits="2" branch="false" />
            <line number="34" hits="2" branch="false" />
            <line number="35" hits="2" branch="false" />
            <line number="39" hits="2" branch="false" />
            <line number="43" hits="1" branch="false" />
            <line number="45" hits="1" branch="false" />
            <line number="48" hits="1" branch="false" />
            <line number="49" hits="1" branch="false" />
            <line number="50" hits="1" branch="false" />
            <line number="54" hits="1" branch="false" />
            <line number="56" hits="2" branch="false" />
            <line number="57" hits="1" branch="false" />
            <line number="58" hits="1" branch="false" />
          </lines>
        </class>
        <class name="CartBLTests.CartItemsTests" filename="C:\Users\VC\Documents\Projects\Intern100\day 11\ShoppingSLN\CartBLTests\CartItemsTest.cs" line-rate="1" branch-rate="1" complexity="3">
          <methods>
            <method name="Setup" signature="()" line-rate="1" branch-rate="1" complexity="1">
              <lines>
                <line number="15" hits="2" branch="false" />
                <line number="16" hits="2" branch="false" />
                <line number="17" hits="2" branch="false" />
                <line number="18" hits="2" branch="false" />
                <line number="19" hits="2" branch="false" />
                <line number="21" hits="2" branch="false" />
                <line number="22" hits="2" branch="false" />
                <line number="24" hits="2" branch="false" />
                <line number="26" hits="2" branch="false" />
                <line number="27" hits="2" branch="false" />
                <line number="30" hits="2" branch="false" />
                <line number="31" hits="2" branch="false" />
              </lines>
            </method>
            <method name="TestAddItemsToCart" signature="()" line-rate="1" branch-rate="1" complexity="1">
              <lines>
                <line number="36" hits="1" branch="false" />
                <line number="38" hits="1" branch="false" />
                <line number="39" hits="1" branch="false" />
                <line number="40" hits="1" branch="false" />
                <line number="41" hits="1" branch="false" />
                <line number="44" hits="1" branch="false" />
                <line number="47" hits="1" branch="false" />
                <line number="48" hits="1" branch="false" />
                <line number="49" hits="1" branch="false" />
              </lines>
            </method>
            <method name="RemoveItemsFromCart" signature="()" line-rate="1" branch-rate="1" complexity="1">
              <lines>
                <line number="53" hits="1" branch="false" />
                <line number="54" hits="1" branch="false" />
                <line number="56" hits="1" branch="false" />
                <line number="57" hits="1" branch="false" />
              </lines>
            </method>
          </methods>
          <lines>
            <line number="15" hits="2" branch="false" />
            <line number="16" hits="2" branch="false" />
            <line number="17" hits="2" branch="false" />
            <line number="18" hits="2" branch="false" />
            <line number="19" hits="2" branch="false" />
            <line number="21" hits="2" branch="false" />
            <line number="22" hits="2" branch="false" />
            <line number="24" hits="2" branch="false" />
            <line number="26" hits="2" branch="false" />
            <line number="27" hits="2" branch="false" />
            <line number="30" hits="2" branch="false" />
            <line number="31" hits="2" branch="false" />
            <line number="36" hits="1" branch="false" />
            <line number="38" hits="1" branch="false" />
            <line number="39" hits="1" branch="false" />
            <line number="40" hits="1" branch="false" />
            <line number="41" hits="1" branch="false" />
            <line number="44" hits="1" branch="false" />
            <line number="47" hits="1" branch="false" />
            <line number="48" hits="1" branch="false" />
            <line number="49" hits="1" branch="false" />
            <line number="53" hits="1" branch="false" />
            <line number="54" hits="1" branch="false" />
            <line number="56" hits="1" branch="false" />
            <line number="57" hits="1" branch="false" />
          </lines>
        </class>
        <class name="CartBLTests.CartUpdationTests" filename="C:\Users\VC\Documents\Projects\Intern100\day 11\ShoppingSLN\CartBLTests\CartUpdationTests.cs" line-rate="1" branch-rate="1" complexity="2">
          <methods>
            <method name="Setup" signature="()" line-rate="1" branch-rate="1" complexity="1">
              <lines>
                <line number="15" hits="1" branch="false" />
                <line number="16" hits="1" branch="false" />
                <line number="17" hits="1" branch="false" />
                <line number="18" hits="1" branch="false" />
                <line number="19" hits="1" branch="false" />
                <line number="21" hits="1" branch="false" />
                <line number="22" hits="1" branch="false" />
                <line number="24" hits="1" branch="false" />
                <line number="26" hits="1" branch="false" />
                <line number="27" hits="1" branch="false" />
                <line number="30" hits="1" branch="false" />
                <line number="31" hits="1" branch="false" />
              </lines>
            </method>
            <method name="CartUpdationTest" signature="()" line-rate="1" branch-rate="1" complexity="1">
              <lines>
                <line number="36" hits="1" branch="false" />
                <line number="37" hits="1" branch="false" />
                <line number="38" hits="1" branch="false" />
                <line number="39" hits="1" branch="false" />
                <line number="41" hits="1" branch="false" />
                <line number="42" hits="1" branch="false" />
                <line number="43" hits="1" branch="false" />
              </lines>
            </method>
          </methods>
          <lines>
            <line number="15" hits="1" branch="false" />
            <line number="16" hits="1" branch="false" />
            <line number="17" hits="1" branch="false" />
            <line number="18" hits="1" branch="false" />
            <line number="19" hits="1" branch="false" />
            <line number="21" hits="1" branch="false" />
            <line number="22" hits="1" branch="false" />
            <line number="24" hits="1" branch="false" />
            <line number="26" hits="1" branch="false" />
            <line number="27" hits="1" branch="false" />
            <line number="30" hits="1" branch="false" />
            <line number="31" hits="1" branch="false" />
            <line number="36" hits="1" branch="false" />
            <line number="37" hits="1" branch="false" />
            <line number="38" hits="1" branch="false" />
            <line number="39" hits="1" branch="false" />
            <line number="41" hits="1" branch="false" />
            <line number="42" hits="1" branch="false" />
            <line number="43" hits="1" branch="false" />
          </lines>
        </class>
      </classes>
    </package>
    <package name="CartRepoTests" line-rate="0.976744186046512" branch-rate="1" complexity="10">
      <classes>
        <class name="AutoGeneratedProgram" filename="C:\Users\VC\.nuget\packages\microsoft.net.test.sdk\17.8.0\build\netcoreapp3.1\Microsoft.NET.Test.Sdk.Program.cs" line-rate="0" branch-rate="1" complexity="1">
          <methods>
            <method name="Main" signature="(...)" line-rate="0" branch-rate="1" complexity="1">
              <lines>
                <line number="4" hits="0" branch="false" />
              </lines>
            </method>
          </methods>
          <lines>
            <line number="4" hits="0" branch="false" />
          </lines>
        </class>
        <class name="CartRepoTests.CartDeletionTests" filename="C:\Users\VC\Documents\Projects\Intern100\day 11\ShoppingSLN\CartRepoTests\CustomerDeletionTests.cs" line-rate="1" branch-rate="1" complexity="3">
          <methods>
            <method name="Setup" signature="()" line-rate="1" branch-rate="1" complexity="1">
              <lines>
                <line number="13" hits="2" branch="false" />
                <line number="14" hits="2" branch="false" />
                <line number="15" hits="2" branch="false" />
                <line number="17" hits="2" branch="false" />
              </lines>
            </method>
            <method name="DeleteCartSuccess" signature="()" line-rate="1" branch-rate="1" complexity="1">
              <lines>
                <line number="21" hits="1" branch="false" />
                <line number="23" hits="1" branch="false" />
                <line number="25" hits="1" branch="false" />
                <line number="26" hits="1" branch="false" />
                <line number="27" hits="2" branch="false" />
                <line number="28" hits="1" branch="false" />
              </lines>
            </method>
            <method name="DeleteCartFail" signature="()" line-rate="1" branch-rate="1" complexity="1">
              <lines>
                <line number="32" hits="1" branch="false" />
                <line number="33" hits="2" branch="false" />
                <line number="35" hits="1" branch="false" />
                <line number="36" hits="1" branch="false" />
              </lines>
            </method>
          </methods>
          <lines>
            <line number="13" hits="2" branch="false" />
            <line number="14" hits="2" branch="false" />
            <line number="15" hits="2" branch="false" />
            <line number="17" hits="2" branch="false" />
            <line number="21" hits="1" branch="false" />
            <line number="23" hits="1" branch="false" />
            <line number="25" hits="1" branch="false" />
            <line number="26" hits="1" branch="false" />
            <line number="27" hits="2" branch="false" />
            <line number="28" hits="1" branch="false" />
            <line number="32" hits="1" branch="false" />
            <line number="33" hits="2" branch="false" />
            <line number="35" hits="1" branch="false" />
            <line number="36" hits="1" branch="false" />
          </lines>
        </class>
        <class name="CartRepoTests.CartRetrieval" filename="C:\Users\VC\Documents\Projects\Intern100\day 11\ShoppingSLN\CartRepoTests\CartRetrivalTest.cs" line-rate="1" branch-rate="1" complexity="3">
          <methods>
            <method name="Setup" signature="()" line-rate="1" branch-rate="1" complexity="1">
              <lines>
                <line number="13" hits="2" branch="false" />
                <line number="14" hits="2" branch="false" />
                <line number="15" hits="2" branch="false" />
                <line number="16" hits="2" branch="false" />
              </lines>
            </method>
            <method name="GetCartSuccess" signature="()" line-rate="1" branch-rate="1" complexity="1">
              <lines>
                <line number="20" hits="1" branch="false" />
                <line number="21" hits="1" branch="false" />
                <line number="23" hits="1" branch="false" />
                <line number="24" hits="1" branch="false" />
                <line number="27" hits="1" branch="false" />
              </lines>
            </method>
            <method name="GetCartFail" signature="()" line-rate="1" branch-rate="1" complexity="1">
              <lines>
                <line number="31" hits="1" branch="false" />
                <line number="32" hits="2" branch="false" />
                <line number="34" hits="1" branch="false" />
                <line number="35" hits="1" branch="false" />
              </lines>
            </method>
          </methods>
          <lines>
            <line number="13" hits="2" branch="false" />
            <line number="14" hits="2" branch="false" />
            <line number="15" hits="2" branch="false" />
            <line number="16" hits="2" branch="false" />
            <line number="20" hits="1" branch="false" />
            <line number="21" hits="1" branch="false" />
            <line number="23" hits="1" branch="false" />
            <line number="24" hits="1" branch="false" />
            <line number="27" hits="1" branch="false" />
            <line number="31" hits="1" branch="false" />
            <line number="32" hits="2" branch="false" />
            <line number="34" hits="1" branch="false" />
            <line number="35" hits="1" branch="false" />
          </lines>
        </class>
        <class name="CartRepoTests.CartUpdation" filename="C:\Users\VC\Documents\Projects\Intern100\day 11\ShoppingSLN\CartRepoTests\CartUpdation.cs" line-rate="1" branch-rate="1" complexity="3">
          <methods>
            <method name="Setup" signature="()" line-rate="1" branch-rate="1" complexity="1">
              <lines>
                <line number="13" hits="2" branch="false" />
                <line number="14" hits="2" branch="false" />
                <line number="15" hits="2" branch="false" />
                <line number="16" hits="2" branch="false" />
              </lines>
            </method>
            <method name="UpdateCartSuccess" signature="()" line-rate="1" branch-rate="1" complexity="1">
              <lines>
                <line number="20" hits="1" branch="false" />
                <line number="21" hits="1" branch="false" />
                <line number="23" hits="1" branch="false" />
                <line number="25" hits="1" branch="false" />
                <line number="27" hits="1" branch="false" />
                <line number="28" hits="1" branch="false" />
                <line number="30" hits="1" branch="false" />
              </lines>
            </method>
            <method name="UpdateCartFail" signature="()" line-rate="1" branch-rate="1" complexity="1">
              <lines>
                <line number="34" hits="1" branch="false" />
                <line number="35" hits="2" branch="false" />
                <line number="37" hits="1" branch="false" />
                <line number="38" hits="1" branch="false" />
              </lines>
            </method>
          </methods>
          <lines>
            <line number="13" hits="2" branch="false" />
            <line number="14" hits="2" branch="false" />
            <line number="15" hits="2" branch="false" />
            <line number="16" hits="2" branch="false" />
            <line number="20" hits="1" branch="false" />
            <line number="21" hits="1" branch="false" />
            <line number="23" hits="1" branch="false" />
            <line number="25" hits="1" branch="false" />
            <line number="27" hits="1" branch="false" />
            <line number="28" hits="1" branch="false" />
            <line number="30" hits="1" branch="false" />
            <line number="34" hits="1" branch="false" />
            <line number="35" hits="2" branch="false" />
            <line number="37" hits="1" branch="false" />
            <line number="38" hits="1" branch="false" />
          </lines>
        </class>
      </classes>
    </package>
    <package name="CustomerBLTests" line-rate="0.98" branch-rate="1" complexity="12">
      <classes>
        <class name="AutoGeneratedProgram" filename="C:\Users\VC\.nuget\packages\microsoft.net.test.sdk\17.8.0\build\netcoreapp3.1\Microsoft.NET.Test.Sdk.Program.cs" line-rate="0" branch-rate="1" complexity="1">
          <methods>
            <method name="Main" signature="(...)" line-rate="0" branch-rate="1" complexity="1">
              <lines>
                <line number="4" hits="0" branch="false" />
              </lines>
            </method>
          </methods>
          <lines>
            <line number="4" hits="0" branch="false" />
          </lines>
        </class>
        <class name="CustomerBLTests.CustomerCreationTests" filename="C:\Users\VC\Documents\Projects\Intern100\day 11\ShoppingSLN\CustomerBLTests\CustomerCreationTests .cs" line-rate="1" branch-rate="1" complexity="2">
          <methods>
            <method name="Setup" signature="()" line-rate="1" branch-rate="1" complexity="1">
              <lines>
                <line number="12" hits="1" branch="false" />
                <line number="13" hits="1" branch="false" />
                <line number="15" hits="1" branch="false" />
              </lines>
            </method>
            <method name="CustomerCreationTest" signature="()" line-rate="1" branch-rate="1" complexity="1">
              <lines>
                <line number="19" hits="1" branch="false" />
                <line number="20" hits="1" branch="false" />
                <line number="21" hits="1" branch="false" />
                <line number="22" hits="1" branch="false" />
                <line number="24" hits="1" branch="false" />
              </lines>
            </method>
          </methods>
          <lines>
            <line number="12" hits="1" branch="false" />
            <line number="13" hits="1" branch="false" />
            <line number="15" hits="1" branch="false" />
            <line number="19" hits="1" branch="false" />
            <line number="20" hits="1" branch="false" />
            <line number="21" hits="1" branch="false" />
            <line number="22" hits="1" branch="false" />
            <line number="24" hits="1" branch="false" />
          </lines>
        </class>
        <class name="CustomerBLTests.CustomerDeletionTests" filename="C:\Users\VC\Documents\Projects\Intern100\day 11\ShoppingSLN\CustomerBLTests\CustomerDeletionTests.cs" line-rate="1" branch-rate="1" complexity="3">
          <methods>
            <method name="Setup" signature="()" line-rate="1" branch-rate="1" complexity="1">
              <lines>
                <line number="13" hits="2" branch="false" />
                <line number="14" hits="2" branch="false" />
                <line number="15" hits="2" branch="false" />
                <line number="16" hits="2" branch="false" />
              </lines>
            </method>
            <method name="DeleteCustomer" signature="()" line-rate="1" branch-rate="1" complexity="1">
              <lines>
                <line number="20" hits="1" branch="false" />
                <line number="21" hits="1" branch="false" />
                <line number="23" hits="1" branch="false" />
                <line number="24" hits="1" branch="false" />
                <line number="25" hits="2" branch="false" />
                <line number="27" hits="1" branch="false" />
              </lines>
            </method>
            <method name="DeleteCustomerFails" signature="()" line-rate="1" branch-rate="1" complexity="1">
              <lines>
                <line number="31" hits="1" branch="false" />
                <line number="32" hits="2" branch="false" />
                <line number="34" hits="1" branch="false" />
              </lines>
            </method>
          </methods>
          <lines>
            <line number="13" hits="2" branch="false" />
            <line number="14" hits="2" branch="false" />
            <line number="15" hits="2" branch="false" />
            <line number="16" hits="2" branch="false" />
            <line number="20" hits="1" branch="false" />
            <line number="21" hits="1" branch="false" />
            <line number="23" hits="1" branch="false" />
            <line number="24" hits="1" branch="false" />
            <line number="25" hits="2" branch="false" />
            <line number="27" hits="1" branch="false" />
            <line number="31" hits="1" branch="false" />
            <line number="32" hits="2" branch="false" />
            <line number="34" hits="1" branch="false" />
          </lines>
        </class>
        <class name="CustomerBLTests.CustomerRetrivalTests" filename="C:\Users\VC\Documents\Projects\Intern100\day 11\ShoppingSLN\CustomerBLTests\CustomerRetrivalTests.cs" line-rate="1" branch-rate="1" complexity="3">
          <methods>
            <method name="Setup" signature="()" line-rate="1" branch-rate="1" complexity="1">
              <lines>
                <line number="13" hits="2" branch="false" />
                <line number="14" hits="2" branch="false" />
                <line number="15" hits="2" branch="false" />
                <line number="16" hits="2" branch="false" />
              </lines>
            </method>
            <method name="GetCustomer" signature="()" line-rate="1" branch-rate="1" complexity="1">
              <lines>
                <line number="20" hits="1" branch="false" />
                <line number="21" hits="1" branch="false" />
                <line number="23" hits="1" branch="false" />
                <line number="25" hits="1" branch="false" />
                <line number="26" hits="1" branch="false" />
                <line number="27" hits="1" branch="false" />
                <line number="28" hits="1" branch="false" />
                <line number="29" hits="2" branch="false" />
                <line number="31" hits="1" branch="false" />
              </lines>
            </method>
            <method name="GetCustomerFails" signature="()" line-rate="1" branch-rate="1" complexity="1">
              <lines>
                <line number="35" hits="1" branch="false" />
                <line number="36" hits="2" branch="false" />
                <line number="38" hits="1" branch="false" />
              </lines>
            </method>
          </methods>
          <lines>
            <line number="13" hits="2" branch="false" />
            <line number="14" hits="2" branch="false" />
            <line number="15" hits="2" branch="false" />
            <line number="16" hits="2" branch="false" />
            <line number="20" hits="1" branch="false" />
            <line number="21" hits="1" branch="false" />
            <line number="23" hits="1" branch="false" />
            <line number="25" hits="1" branch="false" />
            <line number="26" hits="1" branch="false" />
            <line number="27" hits="1" branch="false" />
            <line number="28" hits="1" branch="false" />
            <line number="29" hits="2" branch="false" />
            <line number="31" hits="1" branch="false" />
            <line number="35" hits="1" branch="false" />
            <line number="36" hits="2" branch="false" />
            <line number="38" hits="1" branch="false" />
          </lines>
        </class>
        <class name="CustomerBLTests.CustomerUpdationTests" filename="C:\Users\VC\Documents\Projects\Intern100\day 11\ShoppingSLN\CustomerBLTests\CustomerUpdationTests.cs" line-rate="1" branch-rate="1" complexity="3">
          <methods>
            <method name="Setup" signature="()" line-rate="1" branch-rate="1" complexity="1">
              <lines>
                <line number="13" hits="2" branch="false" />
                <line number="14" hits="2" branch="false" />
                <line number="15" hits="2" branch="false" />
                <line number="16" hits="2" branch="false" />
              </lines>
            </method>
            <method name="UpdateCustomer" signature="()" line-rate="1" branch-rate="1" complexity="1">
              <lines>
                <line number="20" hits="1" branch="false" />
                <line number="21" hits="1" branch="false" />
                <line number="23" hits="1" branch="false" />
                <line number="24" hits="2" branch="false" />
                <line number="26" hits="1" branch="false" />
              </lines>
            </method>
            <method name="UpdateCustomerFails" signature="()" line-rate="1" branch-rate="1" complexity="1">
              <lines>
                <line number="30" hits="1" branch="false" />
                <line number="31" hits="2" branch="false" />
                <line number="33" hits="1" branch="false" />
              </lines>
            </method>
          </methods>
          <lines>
            <line number="13" hits="2" branch="false" />
            <line number="14" hits="2" branch="false" />
            <line number="15" hits="2" branch="false" />
            <line number="16" hits="2" branch="false" />
            <line number="20" hits="1" branch="false" />
            <line number="21" hits="1" branch="false" />
            <line number="23" hits="1" branch="false" />
            <line number="24" hits="2" branch="false" />
            <line number="26" hits="1" branch="false" />
            <line number="30" hits="1" branch="false" />
            <line number="31" hits="2" branch="false" />
            <line number="33" hits="1" branch="false" />
          </lines>
        </class>
      </classes>
    </package>
    <package name="CustomerRepoTests" line-rate="0.978723404255319" branch-rate="1" complexity="10">
      <classes>
        <class name="AutoGeneratedProgram" filename="C:\Users\VC\.nuget\packages\microsoft.net.test.sdk\17.8.0\build\netcoreapp3.1\Microsoft.NET.Test.Sdk.Program.cs" line-rate="0" branch-rate="1" complexity="1">
          <methods>
            <method name="Main" signature="(...)" line-rate="0" branch-rate="1" complexity="1">
              <lines>
                <line number="4" hits="0" branch="false" />
              </lines>
            </method>
          </methods>
          <lines>
            <line number="4" hits="0" branch="false" />
          </lines>
        </class>
        <class name="CustomerRepoTests.CustomerDeletionTests" filename="C:\Users\VC\Documents\Projects\Intern100\day 11\ShoppingSLN\CustomerRepoTests\CustomerDeletionTests.cs" line-rate="1" branch-rate="1" complexity="3">
          <methods>
            <method name="Setup" signature="()" line-rate="1" branch-rate="1" complexity="1">
              <lines>
                <line number="13" hits="2" branch="false" />
                <line number="14" hits="2" branch="false" />
                <line number="16" hits="2" branch="false" />
              </lines>
            </method>
            <method name="DeleteCustomeruccess" signature="()" line-rate="1" branch-rate="1" complexity="1">
              <lines>
                <line number="20" hits="1" branch="false" />
                <line number="22" hits="1" branch="false" />
                <line number="24" hits="1" branch="false" />
                <line number="26" hits="1" branch="false" />
                <line number="27" hits="1" branch="false" />
                <line number="28" hits="2" branch="false" />
                <line number="29" hits="1" branch="false" />
              </lines>
            </method>
            <method name="DeleteCustomerFail" signature="()" line-rate="1" branch-rate="1" complexity="1">
              <lines>
                <line number="33" hits="1" branch="false" />
                <line number="34" hits="2" branch="false" />
                <line number="36" hits="1" branch="false" />
                <line number="37" hits="1" branch="false" />
              </lines>
            </method>
          </methods>
          <lines>
            <line number="13" hits="2" branch="false" />
            <line number="14" hits="2" branch="false" />
            <line number="16" hits="2" branch="false" />
            <line number="20" hits="1" branch="false" />
            <line number="22" hits="1" branch="false" />
            <line number="24" hits="1" branch="false" />
            <line number="26" hits="1" branch="false" />
            <line number="27" hits="1" branch="false" />
            <line number="28" hits="2" branch="false" />
            <line number="29" hits="1" branch="false" />
            <line number="33" hits="1" branch="false" />
            <line number="34" hits="2" branch="false" />
            <line number="36" hits="1" branch="false" />
            <line number="37" hits="1" branch="false" />
          </lines>
        </class>
        <class name="CustomerRepoTests.CustomerRetrieval" filename="C:\Users\VC\Documents\Projects\Intern100\day 11\ShoppingSLN\CustomerRepoTests\CustomerRetrieval.cs" line-rate="1" branch-rate="1" complexity="3">
          <methods>
            <method name="Setup" signature="()" line-rate="1" branch-rate="1" complexity="1">
              <lines>
                <line number="13" hits="2" branch="false" />
                <line number="14" hits="2" branch="false" />
                <line number="15" hits="2" branch="false" />
                <line number="16" hits="2" branch="false" />
              </lines>
            </method>
            <method name="GetCustomerSuccess" signature="()" line-rate="1" branch-rate="1" complexity="1">
              <lines>
                <line number="20" hits="1" branch="false" />
                <line number="21" hits="1" branch="false" />
                <line number="23" hits="1" branch="false" />
                <line number="24" hits="1" branch="false" />
                <line number="27" hits="1" branch="false" />
              </lines>
            </method>
            <method name="GetCustomerFail" signature="()" line-rate="1" branch-rate="1" complexity="1">
              <lines>
                <line number="31" hits="1" branch="false" />
                <line number="32" hits="2" branch="false" />
                <line number="34" hits="1" branch="false" />
                <line number="35" hits="1" branch="false" />
              </lines>
            </method>
          </methods>
          <lines>
            <line number="13" hits="2" branch="false" />
            <line number="14" hits="2" branch="false" />
            <line number="15" hits="2" branch="false" />
            <line number="16" hits="2" branch="false" />
            <line number="20" hits="1" branch="false" />
            <line number="21" hits="1" branch="false" />
            <line number="23" hits="1" branch="false" />
            <line number="24" hits="1" branch="false" />
            <line number="27" hits="1" branch="false" />
            <line number="31" hits="1" branch="false" />
            <line number="32" hits="2" branch="false" />
            <line number="34" hits="1" branch="false" />
            <line number="35" hits="1" branch="false" />
          </lines>
        </class>
        <class name="CustomerRepoTests.CustomerUpdationTests" filename="C:\Users\VC\Documents\Projects\Intern100\day 11\ShoppingSLN\CustomerRepoTests\CustomerUpdationTests.cs" line-rate="1" branch-rate="1" complexity="3">
          <methods>
            <method name="Setup" signature="()" line-rate="1" branch-rate="1" complexity="1">
              <lines>
                <line number="13" hits="2" branch="false" />
                <line number="14" hits="2" branch="false" />
                <line number="15" hits="2" branch="false" />
                <line number="16" hits="2" branch="false" />
              </lines>
            </method>
            <method name="UpdateCustomerSuccess" signature="()" line-rate="1" branch-rate="1" complexity="1">
              <lines>
                <line number="20" hits="1" branch="false" />
                <line number="21" hits="1" branch="false" />
                <line number="23" hits="1" branch="false" />
                <line number="25" hits="1" branch="false" />
                <line number="27" hits="1" branch="false" />
                <line number="28" hits="1" branch="false" />
                <line number="29" hits="1" branch="false" />
                <line number="30" hits="1" branch="false" />
                <line number="31" hits="1" branch="false" />
                <line number="32" hits="2" branch="false" />
                <line number="34" hits="1" branch="false" />
              </lines>
            </method>
            <method name="UpdateCustomerFail" signature="()" line-rate="1" branch-rate="1" complexity="1">
              <lines>
                <line number="38" hits="1" branch="false" />
                <line number="39" hits="2" branch="false" />
                <line number="41" hits="1" branch="false" />
                <line number="42" hits="1" branch="false" />
              </lines>
            </method>
          </methods>
          <lines>
            <line number="13" hits="2" branch="false" />
            <line number="14" hits="2" branch="false" />
            <line number="15" hits="2" branch="false" />
            <line number="16" hits="2" branch="false" />
            <line number="20" hits="1" branch="false" />
            <line number="21" hits="1" branch="false" />
            <line number="23" hits="1" branch="false" />
            <line number="25" hits="1" branch="false" />
            <line number="27" hits="1" branch="false" />
            <line number="28" hits="1" branch="false" />
            <line number="29" hits="1" branch="false" />
            <line number="30" hits="1" branch="false" />
            <line number="31" hits="1" branch="false" />
            <line number="32" hits="2" branch="false" />
            <line number="34" hits="1" branch="false" />
            <line number="38" hits="1" branch="false" />
            <line number="39" hits="2" branch="false" />
            <line number="41" hits="1" branch="false" />
            <line number="42" hits="1" branch="false" />
          </lines>
        </class>
      </classes>
    </package>
    <package name="ProductBLTests" line-rate="0.96969696969697" branch-rate="1" complexity="7">
      <classes>
        <class name="AutoGeneratedProgram" filename="C:\Users\VC\.nuget\packages\microsoft.net.test.sdk\17.8.0\build\netcoreapp3.1\Microsoft.NET.Test.Sdk.Program.cs" line-rate="0" branch-rate="1" complexity="1">
          <methods>
            <method name="Main" signature="(...)" line-rate="0" branch-rate="1" complexity="1">
              <lines>
                <line number="4" hits="0" branch="false" />
              </lines>
            </method>
          </methods>
          <lines>
            <line number="4" hits="0" branch="false" />
          </lines>
        </class>
        <class name="ProductBLTests.ProductDeletionTests" filename="C:\Users\VC\Documents\Projects\Intern100\day 11\ShoppingSLN\ProductBLTests\ProductDeleteTests.cs" line-rate="1" branch-rate="1" complexity="3">
          <methods>
            <method name="Setup" signature="()" line-rate="1" branch-rate="1" complexity="1">
              <lines>
                <line number="12" hits="2" branch="false" />
                <line number="13" hits="2" branch="false" />
                <line number="15" hits="2" branch="false" />
                <line number="17" hits="2" branch="false" />
                <line number="18" hits="2" branch="false" />
              </lines>
            </method>
            <method name="DeleteProductSuccess" signature="()" line-rate="1" branch-rate="1" complexity="1">
              <lines>
                <line number="22" hits="1" branch="false" />
                <line number="23" hits="1" branch="false" />
                <line number="25" hits="1" branch="false" />
                <line number="26" hits="2" branch="false" />
                <line number="28" hits="1" branch="false" />
              </lines>
            </method>
            <method name="DeleteProductFails" signature="()" line-rate="1" branch-rate="1" complexity="1">
              <lines>
                <line number="32" hits="1" branch="false" />
                <line number="34" hits="2" branch="false" />
                <line number="35" hits="1" branch="false" />
                <line number="37" hits="1" branch="false" />
              </lines>
            </method>
          </methods>
          <lines>
            <line number="12" hits="2" branch="false" />
            <line number="13" hits="2" branch="false" />
            <line number="15" hits="2" branch="false" />
            <line number="17" hits="2" branch="false" />
            <line number="18" hits="2" branch="false" />
            <line number="22" hits="1" branch="false" />
            <line number="23" hits="1" branch="false" />
            <line number="25" hits="1" branch="false" />
            <line number="26" hits="2" branch="false" />
            <line number="28" hits="1" branch="false" />
            <line number="32" hits="1" branch="false" />
            <line number="34" hits="2" branch="false" />
            <line number="35" hits="1" branch="false" />
            <line number="37" hits="1" branch="false" />
          </lines>
        </class>
        <class name="ProductBLTests.Tests" filename="C:\Users\VC\Documents\Projects\Intern100\day 11\ShoppingSLN\ProductBLTests\ProductRetrivalTests.cs" line-rate="1" branch-rate="1" complexity="3">
          <methods>
            <method name="Setup" signature="()" line-rate="1" branch-rate="1" complexity="1">
              <lines>
                <line number="12" hits="2" branch="false" />
                <line number="13" hits="2" branch="false" />
                <line number="15" hits="2" branch="false" />
                <line number="17" hits="2" branch="false" />
                <line number="18" hits="2" branch="false" />
              </lines>
            </method>
            <method name="GetProductTests" signature="()" line-rate="1" branch-rate="1" complexity="1">
              <lines>
                <line number="22" hits="1" branch="false" />
                <line number="23" hits="1" branch="false" />
                <line number="25" hits="1" branch="false" />
                <line number="26" hits="1" branch="false" />
                <line number="27" hits="1" branch="false" />
                <line number="28" hits="1" branch="false" />
                <line number="29" hits="1" branch="false" />
                <line number="30" hits="2" branch="false" />
                <line number="32" hits="1" branch="false" />
              </lines>
            </method>
            <method name="GetProductFails" signature="()" line-rate="1" branch-rate="1" complexity="1">
              <lines>
                <line number="36" hits="1" branch="false" />
                <line number="38" hits="2" branch="false" />
                <line number="39" hits="1" branch="false" />
                <line number="41" hits="1" branch="false" />
              </lines>
            </method>
          </methods>
          <lines>
            <line number="12" hits="2" branch="false" />
            <line number="13" hits="2" branch="false" />
            <line number="15" hits="2" branch="false" />
            <line number="17" hits="2" branch="false" />
            <line number="18" hits="2" branch="false" />
            <line number="22" hits="1" branch="false" />
            <line number="23" hits="1" branch="false" />
            <line number="25" hits="1" branch="false" />
            <line number="26" hits="1" branch="false" />
            <line number="27" hits="1" branch="false" />
            <line number="28" hits="1" branch="false" />
            <line number="29" hits="1" branch="false" />
            <line number="30" hits="2" branch="false" />
            <line number="32" hits="1" branch="false" />
            <line number="36" hits="1" branch="false" />
            <line number="38" hits="2" branch="false" />
            <line number="39" hits="1" branch="false" />
            <line number="41" hits="1" branch="false" />
          </lines>
        </class>
      </classes>
    </package>
    <package name="ProductRepoTests" line-rate="0.978260869565217" branch-rate="1" complexity="10">
      <classes>
        <class name="AutoGeneratedProgram" filename="C:\Users\VC\.nuget\packages\microsoft.net.test.sdk\17.8.0\build\netcoreapp3.1\Microsoft.NET.Test.Sdk.Program.cs" line-rate="0" branch-rate="1" complexity="1">
          <methods>
            <method name="Main" signature="(...)" line-rate="0" branch-rate="1" complexity="1">
              <lines>
                <line number="4" hits="0" branch="false" />
              </lines>
            </method>
          </methods>
          <lines>
            <line number="4" hits="0" branch="false" />
          </lines>
        </class>
        <class name="ProductRepoTests.ProductDeletionTests" filename="C:\Users\VC\Documents\Projects\Intern100\day 11\ShoppingSLN\ProductRepoTests\ProductDeletionTest.cs" line-rate="1" branch-rate="1" complexity="3">
          <methods>
            <method name="Setup" signature="()" line-rate="1" branch-rate="1" complexity="1">
              <lines>
                <line number="12" hits="2" branch="false" />
                <line number="13" hits="2" branch="false" />
                <line number="15" hits="2" branch="false" />
                <line number="17" hits="2" branch="false" />
                <line number="19" hits="2" branch="false" />
              </lines>
            </method>
            <method name="DeleteProductSuccess" signature="()" line-rate="1" branch-rate="1" complexity="1">
              <lines>
                <line number="23" hits="1" branch="false" />
                <line number="24" hits="1" branch="false" />
                <line number="26" hits="1" branch="false" />
                <line number="27" hits="1" branch="false" />
                <line number="29" hits="1" branch="false" />
              </lines>
            </method>
            <method name="DeleteProductFail" signature="()" line-rate="1" branch-rate="1" complexity="1">
              <lines>
                <line number="33" hits="1" branch="false" />
                <line number="34" hits="2" branch="false" />
                <line number="36" hits="1" branch="false" />
                <line number="37" hits="1" branch="false" />
              </lines>
            </method>
          </methods>
          <lines>
            <line number="12" hits="2" branch="false" />
            <line number="13" hits="2" branch="false" />
            <line number="15" hits="2" branch="false" />
            <line number="17" hits="2" branch="false" />
            <line number="19" hits="2" branch="false" />
            <line number="23" hits="1" branch="false" />
            <line number="24" hits="1" branch="false" />
            <line number="26" hits="1" branch="false" />
            <line number="27" hits="1" branch="false" />
            <line number="29" hits="1" branch="false" />
            <line number="33" hits="1" branch="false" />
            <line number="34" hits="2" branch="false" />
            <line number="36" hits="1" branch="false" />
            <line number="37" hits="1" branch="false" />
          </lines>
        </class>
        <class name="ProductRepoTests.ProductRetrivalTests" filename="C:\Users\VC\Documents\Projects\Intern100\day 11\ShoppingSLN\ProductRepoTests\ProductRetrivalTest - Copy.cs" line-rate="1" branch-rate="1" complexity="3">
          <methods>
            <method name="Setup" signature="()" line-rate="1" branch-rate="1" complexity="1">
              <lines>
                <line number="12" hits="2" branch="false" />
                <line number="13" hits="2" branch="false" />
                <line number="15" hits="2" branch="false" />
                <line number="17" hits="2" branch="false" />
                <line number="19" hits="2" branch="false" />
              </lines>
            </method>
            <method name="GetProductSuccess" signature="()" line-rate="1" branch-rate="1" complexity="1">
              <lines>
                <line number="23" hits="1" branch="false" />
                <line number="24" hits="1" branch="false" />
                <line number="26" hits="1" branch="false" />
                <line number="27" hits="1" branch="false" />
                <line number="29" hits="1" branch="false" />
              </lines>
            </method>
            <method name="GetProductFail" signature="()" line-rate="1" branch-rate="1" complexity="1">
              <lines>
                <line number="33" hits="1" branch="false" />
                <line number="34" hits="2" branch="false" />
                <line number="36" hits="1" branch="false" />
                <line number="37" hits="1" branch="false" />
              </lines>
            </method>
          </methods>
          <lines>
            <line number="12" hits="2" branch="false" />
            <line number="13" hits="2" branch="false" />
            <line number="15" hits="2" branch="false" />
            <line number="17" hits="2" branch="false" />
            <line number="19" hits="2" branch="false" />
            <line number="23" hits="1" branch="false" />
            <line number="24" hits="1" branch="false" />
            <line number="26" hits="1" branch="false" />
            <line number="27" hits="1" branch="false" />
            <line number="29" hits="1" branch="false" />
            <line number="33" hits="1" branch="false" />
            <line number="34" hits="2" branch="false" />
            <line number="36" hits="1" branch="false" />
            <line number="37" hits="1" branch="false" />
          </lines>
        </class>
        <class name="ProductRepoTests.ProductUpdationTests" filename="C:\Users\VC\Documents\Projects\Intern100\day 11\ShoppingSLN\ProductRepoTests\ProductUpdationTests.cs" line-rate="1" branch-rate="1" complexity="3">
          <methods>
            <method name="Setup" signature="()" line-rate="1" branch-rate="1" complexity="1">
              <lines>
                <line number="12" hits="2" branch="false" />
                <line number="13" hits="2" branch="false" />
                <line number="15" hits="2" branch="false" />
                <line number="17" hits="2" branch="false" />
                <line number="19" hits="2" branch="false" />
              </lines>
            </method>
            <method name="UpdateProductSucess" signature="()" line-rate="1" branch-rate="1" complexity="1">
              <lines>
                <line number="23" hits="1" branch="false" />
                <line number="24" hits="1" branch="false" />
                <line number="26" hits="1" branch="false" />
                <line number="28" hits="1" branch="false" />
                <line number="31" hits="1" branch="false" />
                <line number="32" hits="1" branch="false" />
                <line number="33" hits="1" branch="false" />
                <line number="35" hits="1" branch="false" />
              </lines>
            </method>
            <method name="UpdateProductFailure" signature="()" line-rate="1" branch-rate="1" complexity="1">
              <lines>
                <line number="39" hits="1" branch="false" />
                <line number="40" hits="2" branch="false" />
                <line number="42" hits="1" branch="false" />
                <line number="43" hits="1" branch="false" />
              </lines>
            </method>
          </methods>
          <lines>
            <line number="12" hits="2" branch="false" />
            <line number="13" hits="2" branch="false" />
            <line number="15" hits="2" branch="false" />
            <line number="17" hits="2" branch="false" />
            <line number="19" hits="2" branch="false" />
            <line number="23" hits="1" branch="false" />
            <line number="24" hits="1" branch="false" />
            <line number="26" hits="1" branch="false" />
            <line number="28" hits="1" branch="false" />
            <line number="31" hits="1" branch="false" />
            <line number="32" hits="1" branch="false" />
            <line number="33" hits="1" branch="false" />
            <line number="35" hits="1" branch="false" />
            <line number="39" hits="1" branch="false" />
            <line number="40" hits="2" branch="false" />
            <line number="42" hits="1" branch="false" />
            <line number="43" hits="1" branch="false" />
          </lines>
        </class>
      </classes>
    </package>
    <package name="ShoppingBLLib" line-rate="0.837037037037037" branch-rate="0.638888888888889" complexity="40">
      <classes>
        <class name="ShoppingBLLib.CartService" filename="C:\Users\VC\Documents\Projects\Intern100\day 11\ShoppingSLN\ShoppingBLLib\CartService.cs" line-rate="0.930555555555556" branch-rate="0.772727272727273" complexity="23">
          <methods>
            <method name="AddItemstoCart" signature="(...)" line-rate="0.8" branch-rate="0.5" complexity="2">
              <lines>
                <line number="18" hits="1" branch="false" />
                <line number="19" hits="1" branch="false" />
                <line number="20" hits="1" branch="true" condition-coverage="50% (1/2)" />
                <line number="21" hits="1" branch="false" />
                <line number="22" hits="1" branch="false" />
                <line number="23" hits="1" branch="false" />
                <line number="25" hits="0" branch="false" />
                <line number="26" hits="0" branch="false" />
                <line number="29" hits="1" branch="false" />
                <line number="30" hits="1" branch="false" />
              </lines>
            </method>
            <method name="CreateCart" signature="(...)" line-rate="0.857142857142857" branch-rate="0.5" complexity="2">
              <lines>
                <line number="33" hits="3" branch="false" />
                <line number="34" hits="3" branch="false" />
                <line number="36" hits="2" branch="true" condition-coverage="50% (1/2)" />
                <line number="37" hits="2" branch="false" />
                <line number="38" hits="2" branch="false" />
                <line number="41" hits="0" branch="false" />
                <line number="42" hits="2" branch="false" />
              </lines>
            </method>
            <method name="DeleteCart" signature="(...)" line-rate="0.857142857142857" branch-rate="0.5" complexity="2">
              <lines>
                <line number="45" hits="2" branch="false" />
                <line number="46" hits="2" branch="false" />
                <line number="48" hits="1" branch="true" condition-coverage="50% (1/2)" />
                <line number="49" hits="1" branch="false" />
                <line number="50" hits="1" branch="false" />
                <line number="53" hits="0" branch="false" />
                <line number="54" hits="1" branch="false" />
              </lines>
            </method>
            <method name="GetCartTotal" signature="(...)" line-rate="1" branch-rate="0.875" complexity="8">
              <lines>
                <line number="57" hits="1" branch="false" />
                <line number="58" hits="1" branch="false" />
                <line number="59" hits="1" branch="false" />
                <line number="60" hits="1" branch="false" />
                <line number="62" hits="9" branch="true" condition-coverage="100% (2/2)" />
                <line number="63" hits="3" branch="false" />
                <line number="64" hits="3" branch="false" />
                <line number="65" hits="3" branch="true" condition-coverage="100% (2/2)" />
                <line number="66" hits="1" branch="false" />
                <line number="67" hits="1" branch="false" />
                <line number="68" hits="1" branch="false" />
                <line number="69" hits="1" branch="false" />
                <line number="71" hits="2" branch="false" />
                <line number="72" hits="2" branch="false" />
                <line number="73" hits="2" branch="false" />
                <line number="74" hits="3" branch="false" />
                <line number="76" hits="1" branch="true" condition-coverage="75% (3/4)" />
                <line number="77" hits="1" branch="false" />
                <line number="78" hits="1" branch="false" />
                <line number="79" hits="1" branch="false" />
                <line number="80" hits="1" branch="false" />
                <line number="82" hits="1" branch="false" />
                <line number="85" hits="1" branch="false" />
                <line number="87" hits="1" branch="false" />
              </lines>
            </method>
            <method name="RemoveItemsFromCart" signature="(...)" line-rate="1" branch-rate="1" complexity="6">
              <lines>
                <line number="90" hits="1" branch="false" />
                <line number="91" hits="1" branch="false" />
                <line number="93" hits="5" branch="true" condition-coverage="100% (2/2)" />
                <line number="94" hits="1" branch="false" />
                <line number="95" hits="4" branch="true" condition-coverage="100% (2/2)" />
                <line number="96" hits="1" branch="false" />
                <line number="97" hits="1" branch="true" condition-coverage="100% (2/2)" />
                <line number="98" hits="1" branch="false" />
                <line number="99" hits="1" branch="false" />
                <line number="100" hits="1" branch="false" />
                <line number="101" hits="1" branch="false" />
                <line number="102" hits="1" branch="false" />
                <line number="104" hits="1" branch="false" />
                <line number="105" hits="1" branch="false" />
              </lines>
            </method>
            <method name="UpdateCart" signature="(...)" line-rate="0.833333333333333" branch-rate="0.5" complexity="2">
              <lines>
                <line number="108" hits="1" branch="false" />
                <line number="110" hits="1" branch="true" condition-coverage="50% (1/2)" />
                <line number="111" hits="1" branch="false" />
                <line number="112" hits="1" branch="false" />
                <line number="114" hits="0" branch="false" />
                <line number="115" hits="1" branch="false" />
              </lines>
            </method>
            <method name=".ctor" signature="(...)" line-rate="1" branch-rate="1" complexity="1">
              <lines>
                <line number="12" hits="8" branch="false" />
                <line number="13" hits="8" branch="false" />
                <line number="14" hits="8" branch="false" />
                <line number="15" hits="8" branch="false" />
              </lines>
            </method>
          </methods>
          <lines>
            <line number="12" hits="8" branch="false" />
            <line number="13" hits="8" branch="false" />
            <line number="14" hits="8" branch="false" />
            <line number="15" hits="8" branch="false" />
            <line number="18" hits="1" branch="false" />
            <line number="19" hits="1" branch="false" />
            <line number="20" hits="1" branch="true" condition-coverage="50% (1/2)" />
            <line number="21" hits="1" branch="false" />
            <line number="22" hits="1" branch="false" />
            <line number="23" hits="1" branch="false" />
            <line number="25" hits="0" branch="false" />
            <line number="26" hits="0" branch="false" />
            <line number="29" hits="1" branch="false" />
            <line number="30" hits="1" branch="false" />
            <line number="33" hits="3" branch="false" />
            <line number="34" hits="3" branch="false" />
            <line number="36" hits="2" branch="true" condition-coverage="50% (1/2)" />
            <line number="37" hits="2" branch="false" />
            <line number="38" hits="2" branch="false" />
            <line number="41" hits="0" branch="false" />
            <line number="42" hits="2" branch="false" />
            <line number="45" hits="2" branch="false" />
            <line number="46" hits="2" branch="false" />
            <line number="48" hits="1" branch="true" condition-coverage="50% (1/2)" />
            <line number="49" hits="1" branch="false" />
            <line number="50" hits="1" branch="false" />
            <line number="53" hits="0" branch="false" />
            <line number="54" hits="1" branch="false" />
            <line number="57" hits="1" branch="false" />
            <line number="58" hits="1" branch="false" />
            <line number="59" hits="1" branch="false" />
            <line number="60" hits="1" branch="false" />
            <line number="62" hits="9" branch="true" condition-coverage="100% (2/2)" />
            <line number="63" hits="3" branch="false" />
            <line number="64" hits="3" branch="false" />
            <line number="65" hits="3" branch="true" condition-coverage="100% (2/2)" />
            <line number="66" hits="1" branch="false" />
            <line number="67" hits="1" branch="false" />
            <line number="68" hits="1" branch="false" />
            <line number="69" hits="1" branch="false" />
            <line number="71" hits="2" branch="false" />
            <line number="72" hits="2" branch="false" />
            <line number="73" hits="2" branch="false" />
            <line number="74" hits="3" branch="false" />
            <line number="76" hits="1" branch="true" condition-coverage="75% (3/4)" />
            <line number="77" hits="1" branch="false" />
            <line number="78" hits="1" branch="false" />
            <line number="79" hits="1" branch="false" />
            <line number="80" hits="1" branch="false" />
            <line number="82" hits="1" branch="false" />
            <line number="85" hits="1" branch="false" />
            <line number="87" hits="1" branch="false" />
            <line number="90" hits="1" branch="false" />
            <line number="91" hits="1" branch="false" />
            <line number="93" hits="5" branch="true" condition-coverage="100% (2/2)" />
            <line number="94" hits="1" branch="false" />
            <line number="95" hits="4" branch="true" condition-coverage="100% (2/2)" />
            <line number="96" hits="1" branch="false" />
            <line number="97" hits="1" branch="true" condition-coverage="100% (2/2)" />
            <line number="98" hits="1" branch="false" />
            <line number="99" hits="1" branch="false" />
            <line number="100" hits="1" branch="false" />
            <line number="101" hits="1" branch="false" />
            <line number="102" hits="1" branch="false" />
            <line number="104" hits="1" branch="false" />
            <line number="105" hits="1" branch="false" />
            <line number="108" hits="1" branch="false" />
            <line number="110" hits="1" branch="true" condition-coverage="50% (1/2)" />
            <line number="111" hits="1" branch="false" />
            <line number="112" hits="1" branch="false" />
            <line number="114" hits="0" branch="false" />
            <line number="115" hits="1" branch="false" />
          </lines>
        </class>
        <class name="ShoppingBLLib.CustomerService" filename="C:\Users\VC\Documents\Projects\Intern100\day 11\ShoppingSLN\ShoppingBLLib\CustomerService.cs" line-rate="0.9" branch-rate="0.5" complexity="8">
          <methods>
            <method name="CreateCustomer" signature="(...)" line-rate="0.857142857142857" branch-rate="0.5" complexity="2">
              <lines>
                <line number="18" hits="7" branch="false" />
                <line number="19" hits="7" branch="false" />
                <line number="21" hits="7" branch="true" condition-coverage="50% (1/2)" />
                <line number="22" hits="7" branch="false" />
                <line number="23" hits="7" branch="false" />
                <line number="26" hits="0" branch="false" />
                <line number="27" hits="7" branch="false" />
              </lines>
            </method>
            <method name="DeleteCustomer" signature="(...)" line-rate="0.857142857142857" branch-rate="0.5" complexity="2">
              <lines>
                <line number="30" hits="3" branch="false" />
                <line number="31" hits="3" branch="false" />
                <line number="33" hits="1" branch="true" condition-coverage="50% (1/2)" />
                <line number="34" hits="1" branch="false" />
                <line number="35" hits="1" branch="false" />
                <line number="38" hits="0" branch="false" />
                <line number="39" hits="1" branch="false" />
              </lines>
            </method>
            <method name="GetCustomer" signature="(...)" line-rate="0.857142857142857" branch-rate="0.5" complexity="2">
              <lines>
                <line number="42" hits="2" branch="false" />
                <line number="43" hits="2" branch="false" />
                <line number="45" hits="1" branch="true" condition-coverage="50% (1/2)" />
                <line number="46" hits="1" branch="false" />
                <line number="47" hits="1" branch="false" />
                <line number="50" hits="0" branch="false" />
                <line number="51" hits="1" branch="false" />
              </lines>
            </method>
            <method name="UpdateCustomer" signature="(...)" line-rate="1" branch-rate="1" complexity="1">
              <lines>
                <line number="54" hits="2" branch="false" />
                <line number="55" hits="2" branch="false" />
                <line number="57" hits="1" branch="false" />
                <line number="58" hits="1" branch="false" />
              </lines>
            </method>
            <method name=".ctor" signature="()" line-rate="1" branch-rate="1" complexity="1">
              <lines>
                <line number="10" hits="7" branch="false" />
                <line number="12" hits="7" branch="false" />
                <line number="13" hits="7" branch="false" />
                <line number="14" hits="7" branch="false" />
                <line number="15" hits="7" branch="false" />
              </lines>
            </method>
          </methods>
          <lines>
            <line number="10" hits="7" branch="false" />
            <line number="12" hits="7" branch="false" />
            <line number="13" hits="7" branch="false" />
            <line number="14" hits="7" branch="false" />
            <line number="15" hits="7" branch="false" />
            <line number="18" hits="7" branch="false" />
            <line number="19" hits="7" branch="false" />
            <line number="21" hits="7" branch="true" condition-coverage="50% (1/2)" />
            <line number="22" hits="7" branch="false" />
            <line number="23" hits="7" branch="false" />
            <line number="26" hits="0" branch="false" />
            <line number="27" hits="7" branch="false" />
            <line number="30" hits="3" branch="false" />
            <line number="31" hits="3" branch="false" />
            <line number="33" hits="1" branch="true" condition-coverage="50% (1/2)" />
            <line number="34" hits="1" branch="false" />
            <line number="35" hits="1" branch="false" />
            <line number="38" hits="0" branch="false" />
            <line number="39" hits="1" branch="false" />
            <line number="42" hits="2" branch="false" />
            <line number="43" hits="2" branch="false" />
            <line number="45" hits="1" branch="true" condition-coverage="50% (1/2)" />
            <line number="46" hits="1" branch="false" />
            <line number="47" hits="1" branch="false" />
            <line number="50" hits="0" branch="false" />
            <line number="51" hits="1" branch="false" />
            <line number="54" hits="2" branch="false" />
            <line number="55" hits="2" branch="false" />
            <line number="57" hits="1" branch="false" />
            <line number="58" hits="1" branch="false" />
          </lines>
        </class>
        <class name="ShoppingBLLib.ProductService" filename="C:\Users\VC\Documents\Projects\Intern100\day 11\ShoppingSLN\ShoppingBLLib\ProductService.cs" line-rate="0.575757575757576" branch-rate="0.375" complexity="9">
          <methods>
            <method name="CreateProduct" signature="(...)" line-rate="0.714285714285714" branch-rate="0.5" complexity="2">
              <lines>
                <line number="18" hits="4" branch="false" />
                <line number="19" hits="4" branch="false" />
                <line number="21" hits="4" branch="true" condition-coverage="50% (1/2)" />
                <line number="22" hits="0" branch="false" />
                <line number="23" hits="0" branch="false" />
                <line number="26" hits="4" branch="false" />
                <line number="27" hits="4" branch="false" />
              </lines>
            </method>
            <method name="DeleteProduct" signature="(...)" line-rate="0.714285714285714" branch-rate="0.5" complexity="2">
              <lines>
                <line number="30" hits="1" branch="false" />
                <line number="31" hits="1" branch="false" />
                <line number="33" hits="1" branch="true" condition-coverage="50% (1/2)" />
                <line number="34" hits="0" branch="false" />
                <line number="35" hits="0" branch="false" />
                <line number="38" hits="1" branch="false" />
                <line number="39" hits="1" branch="false" />
              </lines>
            </method>
            <method name="GetProductById" signature="(...)" line-rate="0.714285714285714" branch-rate="0.5" complexity="2">
              <lines>
                <line number="42" hits="4" branch="false" />
                <line number="43" hits="4" branch="false" />
                <line number="45" hits="1" branch="true" condition-coverage="50% (1/2)" />
                <line number="46" hits="0" branch="false" />
                <line number="47" hits="0" branch="false" />
                <line number="50" hits="1" branch="false" />
                <line number="52" hits="1" branch="false" />
              </lines>
            </method>
            <method name="UpdateProduct" signature="(...)" line-rate="0" branch-rate="0" complexity="2">
              <lines>
                <line number="55" hits="0" branch="false" />
                <line number="56" hits="0" branch="false" />
                <line number="58" hits="0" branch="true" condition-coverage="0% (0/2)" />
                <line number="59" hits="0" branch="false" />
                <line number="60" hits="0" branch="false" />
                <line number="64" hits="0" branch="false" />
                <line number="66" hits="0" branch="false" />
                <line number="68" hits="0" branch="false" />
              </lines>
            </method>
            <method name=".ctor" signature="()" line-rate="1" branch-rate="1" complexity="1">
              <lines>
                <line number="12" hits="4" branch="false" />
                <line number="13" hits="4" branch="false" />
                <line number="14" hits="4" branch="false" />
                <line number="15" hits="4" branch="false" />
              </lines>
            </method>
          </methods>
          <lines>
            <line number="12" hits="4" branch="false" />
            <line number="13" hits="4" branch="false" />
            <line number="14" hits="4" branch="false" />
            <line number="15" hits="4" branch="false" />
            <line number="18" hits="4" branch="false" />
            <line number="19" hits="4" branch="false" />
            <line number="21" hits="4" branch="true" condition-coverage="50% (1/2)" />
            <line number="22" hits="0" branch="false" />
            <line number="23" hits="0" branch="false" />
            <line number="26" hits="4" branch="false" />
            <line number="27" hits="4" branch="false" />
            <line number="30" hits="1" branch="false" />
            <line number="31" hits="1" branch="false" />
            <line number="33" hits="1" branch="true" condition-coverage="50% (1/2)" />
            <line number="34" hits="0" branch="false" />
            <line number="35" hits="0" branch="false" />
            <line number="38" hits="1" branch="false" />
            <line number="39" hits="1" branch="false" />
            <line number="42" hits="4" branch="false" />
            <line number="43" hits="4" branch="false" />
            <line number="45" hits="1" branch="true" condition-coverage="50% (1/2)" />
            <line number="46" hits="0" branch="false" />
            <line number="47" hits="0" branch="false" />
            <line number="50" hits="1" branch="false" />
            <line number="52" hits="1" branch="false" />
            <line number="55" hits="0" branch="false" />
            <line number="56" hits="0" branch="false" />
            <line number="58" hits="0" branch="true" condition-coverage="0% (0/2)" />
            <line number="59" hits="0" branch="false" />
            <line number="60" hits="0" branch="false" />
            <line number="64" hits="0" branch="false" />
            <line number="66" hits="0" branch="false" />
            <line number="68" hits="0" branch="false" />
          </lines>
        </class>
      </classes>
    </package>
[...]
            <line number="11" hits="3" branch="false" />
            <line number="12" hits="2" branch="false" />
            <line number="13" hits="2" branch="false" />
            <line number="14" hits="2" branch="false" />
            <line number="17" hits="12" branch="false" />
            <line number="18" hits="23" branch="false" />
            <line number="20" hits="12" branch="true" condition-coverage="100% (2/2)" />
            <line number="21" hits="6" branch="false" />
            <line number="24" hits="1" branch="false" />
            <line number="25" hits="1" branch="false" />
            <line number="27" hits="1" branch="false" />
            <line number="28" hits="1" branch="false" />
            <line number="29" hits="1" branch="false" />
            <line number="30" hits="1" branch="false" />
            <line number="32" hits="1" branch="false" />
            <line number="33" hits="1" branch="false" />
          </lines>
        </class>
      </classes>
    </package>
    <package name="SolutionModelLib" line-rate="0.623529411764706" branch-rate="0.5" complexity="40">
      <classes>
        <class name="SolutionModelLib.Cart" filename="C:\Users\VC\Documents\Projects\Intern100\day 11\ShoppingSLN\SolutionModelLib\Cart.cs" line-rate="1" branch-rate="0.5" complexity="9">
          <methods>
            <method name="get_Id" signature="()" line-rate="1" branch-rate="1" complexity="1">
              <lines>
                <line number="5" hits="40" branch="false" />
              </lines>
            </method>
            <method name="get_CustomerId" signature="()" line-rate="1" branch-rate="1" complexity="1">
              <lines>
                <line number="6" hits="19" branch="false" />
              </lines>
            </method>
            <method name="get_Customer" signature="()" line-rate="1" branch-rate="1" complexity="1">
              <lines>
                <line number="7" hits="15" branch="false" />
              </lines>
            </method>
            <method name="get_CartItems" signature="()" line-rate="1" branch-rate="1" complexity="1">
              <lines>
                <line number="9" hits="29" branch="false" />
              </lines>
            </method>
            <method name="Equals" signature="(...)" line-rate="1" branch-rate="0.5" complexity="4">
              <lines>
                <line number="12" hits="2" branch="false" />
                <line number="13" hits="2" branch="true" condition-coverage="50% (2/4)" />
                <line number="14" hits="2" branch="false" />
                <line number="15" hits="2" branch="false" />
                <line number="16" hits="2" branch="false" />
              </lines>
            </method>
            <method name=".ctor" signature="(...)" line-rate="1" branch-rate="1" complexity="1">
              <lines>
                <line number="3" hits="15" branch="false" />
              </lines>
            </method>
          </methods>
          <lines>
            <line number="3" hits="15" branch="false" />
            <line number="5" hits="40" branch="false" />
            <line number="6" hits="19" branch="false" />
            <line number="7" hits="15" branch="false" />
            <line number="9" hits="29" branch="false" />
            <line number="12" hits="2" branch="false" />
            <line number="13" hits="2" branch="true" condition-coverage="50% (2/4)" />
            <line number="14" hits="2" branch="false" />
            <line number="15" hits="2" branch="false" />
            <line number="16" hits="2" branch="false" />
          </lines>
        </class>
        <class name="SolutionModelLib.CartItem" filename="C:\Users\VC\Documents\Projects\Intern100\day 11\ShoppingSLN\SolutionModelLib\CartItem.cs" line-rate="0.9375" branch-rate="1" complexity="8">
          <methods>
            <method name="get_CartId" signature="()" line-rate="1" branch-rate="1" complexity="1">
              <lines>
                <line number="5" hits="14" branch="false" />
              </lines>
            </method>
            <method name="get_ProductId" signature="()" line-rate="1" branch-rate="1" complexity="1">
              <lines>
                <line number="6" hits="12" branch="false" />
              </lines>
            </method>
            <method name="get_Product" signature="()" line-rate="1" branch-rate="1" complexity="1">
              <lines>
                <line number="7" hits="15" branch="false" />
              </lines>
            </method>
            <method name="get_Quantity" signature="()" line-rate="1" branch-rate="1" complexity="1">
              <lines>
                <line number="8" hits="19" branch="false" />
              </lines>
            </method>
            <method name="get_Price" signature="()" line-rate="1" branch-rate="1" complexity="1">
              <lines>
                <line number="9" hits="21" branch="false" />
              </lines>
            </method>
            <method name="get_Discount" signature="()" line-rate="0" branch-rate="1" complexity="1">
              <lines>
                <line number="10" hits="0" branch="false" />
              </lines>
            </method>
            <method name="get_PriceExpiryDate" signature="()" line-rate="1" branch-rate="1" complexity="1">
              <lines>
                <line number="11" hits="12" branch="false" />
              </lines>
            </method>
            <method name=".ctor" signature="(...)" line-rate="1" branch-rate="1" complexity="1">
              <lines>
                <line number="13" hits="12" branch="false" />
                <line number="14" hits="12" branch="false" />
                <line number="15" hits="12" branch="false" />
                <line number="16" hits="12" branch="false" />
                <line number="17" hits="12" branch="false" />
                <line number="18" hits="12" branch="false" />
                <line number="19" hits="12" branch="false" />
                <line number="20" hits="12" branch="false" />
                <line number="21" hits="12" branch="false" />
              </lines>
            </method>
          </methods>
          <lines>
            <line number="5" hits="14" branch="false" />
            <line number="6" hits="12" branch="false" />
            <line number="7" hits="15" branch="false" />
            <line number="8" hits="19" branch="false" />
            <line number="9" hits="21" branch="false" />
            <line number="10" hits="0" branch="false" />
            <line number="11" hits="12" branch="false" />
            <line number="13" hits="12" branch="false" />
            <line number="14" hits="12" branch="false" />
            <line number="15" hits="12" branch="false" />
            <line number="16" hits="12" branch="false" />
            <line number="17" hits="12" branch="false" />
            <line number="18" hits="12" branch="false" />
            <line number="19" hits="12" branch="false" />
            <line number="20" hits="12" branch="false" />
            <line number="21" hits="12" branch="false" />
          </lines>
        </class>
        <class name="SolutionModelLib.Customer" filename="C:\Users\VC\Documents\Projects\Intern100\day 11\ShoppingSLN\SolutionModelLib\Product.cs" line-rate="0.571428571428571" branch-rate="1" complexity="5">
          <methods>
            <method name="get_Id" signature="()" line-rate="1" branch-rate="1" complexity="1">
              <lines>
                <line number="5" hits="41" branch="false" />
              </lines>
            </method>
            <method name="get_Phone" signature="()" line-rate="1" branch-rate="1" complexity="1">
              <lines>
                <line number="6" hits="29" branch="false" />
              </lines>
            </method>
            <method name="get_Age" signature="()" line-rate="1" branch-rate="1" complexity="1">
              <lines>
                <line number="7" hits="33" branch="false" />
              </lines>
            </method>
            <method name="CompareTo" signature="(...)" line-rate="0" branch-rate="1" complexity="1">
              <lines>
                <line number="10" hits="0" branch="false" />
                <line number="11" hits="0" branch="false" />
                <line number="12" hits="0" branch="false" />
              </lines>
            </method>
            <method name=".ctor" signature="(...)" line-rate="1" branch-rate="1" complexity="1">
              <lines>
                <line number="3" hits="23" branch="false" />
              </lines>
            </method>
          </methods>
          <lines>
            <line number="3" hits="23" branch="false" />
            <line number="5" hits="41" branch="false" />
            <line number="6" hits="29" branch="false" />
            <line number="7" hits="33" branch="false" />
            <line number="10" hits="0" branch="false" />
            <line number="11" hits="0" branch="false" />
            <line number="12" hits="0" branch="false" />
          </lines>
        </class>
        <class name="SolutionModelLib.Exceptions.CartFullException" filename="C:\Users\VC\Documents\Projects\Intern100\day 11\ShoppingSLN\SolutionModelLib\Exceptions\CartFullException.cs" line-rate="0" branch-rate="1" complexity="2">
          <methods>
            <method name="get_Message" signature="()" line-rate="0" branch-rate="1" complexity="1">
              <lines>
                <line number="12" hits="0" branch="false" />
              </lines>
            </method>
            <method name=".ctor" signature="()" line-rate="0" branch-rate="1" complexity="1">
              <lines>
                <line number="7" hits="0" branch="false" />
                <line number="8" hits="0" branch="false" />
                <line number="9" hits="0" branch="false" />
                <line number="10" hits="0" branch="false" />
              </lines>
            </method>
          </methods>
          <lines>
            <line number="7" hits="0" branch="false" />
            <line number="8" hits="0" branch="false" />
            <line number="9" hits="0" branch="false" />
            <line number="10" hits="0" branch="false" />
            <line number="12" hits="0" branch="false" />
          </lines>
        </class>
        <class name="SolutionModelLib.Exceptions.DuplicateEntityException" filename="C:\Users\VC\Documents\Projects\Intern100\day 11\ShoppingSLN\SolutionModelLib\Exceptions\DuplicateEntityException.cs" line-rate="0.8" branch-rate="1" complexity="2">
          <methods>
            <method name="get_Message" signature="()" line-rate="0" branch-rate="1" complexity="1">
              <lines>
                <line number="14" hits="0" branch="false" />
              </lines>
            </method>
            <method name=".ctor" signature="(...)" line-rate="1" branch-rate="1" complexity="1">
              <lines>
                <line number="9" hits="1" branch="false" />
                <line number="10" hits="1" branch="false" />
                <line number="11" hits="1" branch="false" />
                <line number="12" hits="1" branch="false" />
              </lines>
            </method>
          </methods>
          <lines>
            <line number="9" hits="1" branch="false" />
            <line number="10" hits="1" branch="false" />
            <line number="11" hits="1" branch="false" />
            <line number="12" hits="1" branch="false" />
            <line number="14" hits="0" branch="false" />
          </lines>
        </class>
        <class name="SolutionModelLib.Exceptions.EntityNotFoundException" filename="C:\Users\VC\Documents\Projects\Intern100\day 11\ShoppingSLN\SolutionModelLib\Exceptions\EntityNotFoundException.cs" line-rate="1" branch-rate="1" complexity="2">
          <methods>
            <method name="get_Message" signature="()" line-rate="1" branch-rate="1" complexity="1">
              <lines>
                <line number="14" hits="12" branch="false" />
              </lines>
            </method>
            <method name=".ctor" signature="(...)" line-rate="1" branch-rate="1" complexity="1">
              <lines>
                <line number="9" hits="19" branch="false" />
                <line number="10" hits="19" branch="false" />
                <line number="11" hits="19" branch="false" />
                <line number="12" hits="19" branch="false" />
              </lines>
            </method>
          </methods>
          <lines>
            <line number="9" hits="19" branch="false" />
            <line number="10" hits="19" branch="false" />
            <line number="11" hits="19" branch="false" />
            <line number="12" hits="19" branch="false" />
            <line number="14" hits="12" branch="false" />
          </lines>
        </class>
        <class name="SolutionModelLib.Exceptions.NoCustomerWithGiveIdException" filename="C:\Users\VC\Documents\Projects\Intern100\day 11\ShoppingSLN\SolutionModelLib\Exceptions\NoCustomerWithGiveIdException.cs" line-rate="0" branch-rate="1" complexity="2">
          <methods>
            <method name="get_Message" signature="()" line-rate="0" branch-rate="1" complexity="1">
              <lines>
                <line number="10" hits="0" branch="false" />
              </lines>
            </method>
            <method name=".ctor" signature="()" line-rate="0" branch-rate="1" complexity="1">
              <lines>
                <line number="6" hits="0" branch="false" />
                <line number="7" hits="0" branch="false" />
                <line number="8" hits="0" branch="false" />
                <line number="9" hits="0" branch="false" />
              </lines>
            </method>
          </methods>
          <lines>
            <line number="6" hits="0" branch="false" />
            <line number="7" hits="0" branch="false" />
            <line number="8" hits="0" branch="false" />
            <line number="9" hits="0" branch="false" />
            <line number="10" hits="0" branch="false" />
          </lines>
        </class>
        <class name="SolutionModelLib.Product" filename="C:\Users\VC\Documents\Projects\Intern100\day 11\ShoppingSLN\SolutionModelLib\Customer.cs" line-rate="0.46875" branch-rate="1" complexity="10">
          <methods>
            <method name="get_Id" signature="()" line-rate="1" branch-rate="1" complexity="1">
              <lines>
                <line number="5" hits="41" branch="false" />
              </lines>
            </method>
            <method name="get_Price" signature="()" line-rate="1" branch-rate="1" complexity="1">
              <lines>
                <line number="6" hits="26" branch="false" />
              </lines>
            </method>
            <method name="get_Name" signature="()" line-rate="1" branch-rate="1" complexity="1">
              <lines>
                <line number="7" hits="49" branch="false" />
              </lines>
            </method>
            <method name="get_Image" signature="()" line-rate="1" branch-rate="1" complexity="1">
              <lines>
                <line number="8" hits="2" branch="false" />
              </lines>
            </method>
            <method name="get_QuantityInHand" signature="()" line-rate="1" branch-rate="1" complexity="1">
              <lines>
                <line number="9" hits="24" branch="false" />
              </lines>
            </method>
            <method name="ToString" signature="()" line-rate="0" branch-rate="1" complexity="1">
              <lines>
                <line number="11" hits="0" branch="false" />
                <line number="12" hits="0" branch="false" />
                <line number="13" hits="0" branch="false" />
                <line number="14" hits="0" branch="false" />
                <line number="15" hits="0" branch="false" />
                <line number="16" hits="0" branch="false" />
              </lines>
            </method>
            <method name="Equals" signature="(...)" line-rate="1" branch-rate="1" complexity="1">
              <lines>
                <line number="39" hits="2" branch="false" />
                <line number="40" hits="2" branch="false" />
                <line number="41" hits="2" branch="false" />
              </lines>
            </method>
            <method name=".ctor" signature="()" line-rate="0" branch-rate="1" complexity="1">
              <lines>
                <line number="18" hits="0" branch="false" />
                <line number="19" hits="0" branch="false" />
                <line number="21" hits="0" branch="false" />
              </lines>
            </method>
            <method name=".ctor" signature="(...)" line-rate="1" branch-rate="1" complexity="1">
              <lines>
                <line number="22" hits="21" branch="false" />
                <line number="23" hits="21" branch="false" />
                <line number="24" hits="21" branch="false" />
                <line number="25" hits="21" branch="false" />
                <line number="26" hits="21" branch="false" />
                <line number="27" hits="21" branch="false" />
                <line number="28" hits="21" branch="false" />
              </lines>
            </method>
            <method name=".ctor" signature="(...)" line-rate="0" branch-rate="1" complexity="1">
              <lines>
                <line number="29" hits="0" branch="false" />
                <line number="30" hits="0" branch="false" />
                <line number="31" hits="0" branch="false" />
                <line number="32" hits="0" branch="false" />
                <line number="33" hits="0" branch="false" />
                <line number="34" hits="0" branch="false" />
                <line number="35" hits="0" branch="false" />
                <line number="36" hits="0" branch="false" />
              </lines>
            </method>
          </methods>
          <lines>
            <line number="5" hits="41" branch="false" />
            <line number="6" hits="26" branch="false" />
            <line number="7" hits="49" branch="false" />
            <line number="8" hits="2" branch="false" />
            <line number="9" hits="24" branch="false" />
            <line number="11" hits="0" branch="false" />
            <line number="12" hits="0" branch="false" />
            <line number="13" hits="0" branch="false" />
            <line number="14" hits="0" branch="false" />
            <line number="15" hits="0" branch="false" />
            <line number="16" hits="0" branch="false" />
            <line number="18" hits="0" branch="false" />
            <line number="19" hits="0" branch="false" />
            <line number="21" hits="0" branch="false" />
            <line number="22" hits="21" branch="false" />
            <line number="23" hits="21" branch="false" />
            <line number="24" hits="21" branch="false" />
            <line number="25" hits="21" branch="false" />
            <line number="26" hits="21" branch="false" />
            <line number="27" hits="21" branch="false" />
            <line number="28" hits="21" branch="false" />
            <line number="29" hits="0" branch="false" />
            <line number="30" hits="0" branch="false" />
            <line number="31" hits="0" branch="false" />
            <line number="32" hits="0" branch="false" />
            <line number="33" hits="0" branch="false" />
            <line number="34" hits="0" branch="false" />
            <line number="35" hits="0" branch="false" />
            <line number="36" hits="0" branch="false" />
            <line number="39" hits="2" branch="false" />
            <line number="40" hits="2" branch="false" />
            <line number="41" hits="2" branch="false" />
          </lines>
        </class>
      </classes>
    </package>
  </packages>
</coverage>